GENERAL INFORMATION SECTION
-------------------------------------------------------------------------------
Tuning Task Name   : staName64622
Tuning Task Owner  : ALPOOR
Tuning Task ID     : 705828
Workload Type      : Single SQL Statement
Execution Count    : 1
Current Execution  : EXEC_696601
Execution Type     : TUNE SQL
Scope              : COMPREHENSIVE
Time Limit(seconds): 1800
Completion Status  : COMPLETED
Started at         : 07/23/2021 15:28:54
Completed at       : 07/23/2021 15:33:04

-------------------------------------------------------------------------------
Schema Name: ALPOOR
SQL ID     : f57rsb00ugkvq
SQL Text   : select * from sysadm.ps_gm_ey_eopfqlfyv

-------------------------------------------------------------------------------
FINDINGS SECTION (3 findings)
-------------------------------------------------------------------------------

1- SQL Profile Finding (see explain plans section below)
--------------------------------------------------------
  2 potentially better execution plans were found for this statement. Choose
  one of the following SQL profiles to implement.

  Recommendation (estimated benefit: 99.99%)
  ------------------------------------------
  - Consider accepting the recommended SQL profile.
    execute dbms_sqltune.accept_sql_profile(task_name => 'staName64622',
            task_owner => 'ALPOOR', replace => TRUE);

  Recommendation (estimated benefit: 99.99%)
  ------------------------------------------
  - Consider accepting the recommended SQL profile to use parallel execution
    for this statement.
    execute dbms_sqltune.accept_sql_profile(task_name => 'staName64622',
            task_owner => 'ALPOOR', replace => TRUE, profile_type =>
            DBMS_SQLTUNE.PX_PROFILE);

  Executing this query parallel with DOP 2 will improve its response time
  99.59% over the SQL profile plan. However, this will increase the
  statement's resource consumption by an estimated 99.19% which may result in
  a reduction of system throughput. Also, because these resources are consumed
  over a much smaller duration, the response time of concurrent statements
  might be negatively impacted.

  The following data shows some sampled statistics for this SQL from the past
  week and projected weekly values when parallel execution is enabled.

                                 Past week sampled statistics for this SQL
                                 -----------------------------------------
  Number of executions                                                   0 
  Percent of total activity                                              0 
  Percent of samples with #Active Sessions > 2*CPU                       0 
  Weekly DB time (in sec)                                                0 

                              Projected statistics with Parallel Execution
                              --------------------------------------------
  Weekly DB time (in sec)                                                0 

2- Index Finding (see explain plans section below)
--------------------------------------------------
  The execution plan of this statement can be improved by creating one or more
  indices.

  Recommendation (estimated benefit: 99.6%)
  -----------------------------------------
  - Consider running the Access Advisor to improve the physical schema design
    or creating the recommended index.
    create index SYSADM.IDX$$_AC5240001 on
    SYSADM.PS_GM_EOPF_HEADER("GM_EY_APPRAISAL_ID","GM_EOPF_SOURCE");

  - Consider running the Access Advisor to improve the physical schema design
    or creating the recommended index.
    create index SYSADM.IDX$$_AC5240002 on
    SYSADM.PS_GM_EOPF_HEADER("GM_EOPF_SOURCE","RUN_CNTL_ID","GM_EY_APPRAISAL_ID
    ");

  - Consider running the Access Advisor to improve the physical schema design
    or creating the recommended index.
    create index SYSADM.IDX$$_AC5240003 on
    SYSADM.PS_GM_EY_MAIN("GM_EY_REVIEWSTATUS","GM_EY_TEMPLATE_ID");

  - Consider running the Access Advisor to improve the physical schema design
    or creating the recommended index.
    create index SYSADM.IDX$$_AC5240005 on
    SYSADM.PS_GM_EY_SECTION("GM_EY_APPRAISAL_ID","GM_EY_SECTION_TYPE");

  Rationale
  ---------
    Creating the recommended indices significantly improves the execution plan
    of this statement. However, it might be preferable to run "Access Advisor"
    using a representative SQL workload as opposed to a single statement. This
    will allow to get comprehensive index recommendations which takes into
    account index maintenance overhead and additional space consumption.

3- Alternative Plan Finding
---------------------------
  Some alternative execution plans for this statement were found by searching
  the system's real-time and historical performance data.

  The following table lists these plans ranked by their average elapsed time.
  See section "ALTERNATIVE PLANS SECTION" for detailed information on each
  plan.

  id plan hash  last seen            elapsed (s)  origin          note            
  -- ---------- -------------------- ------------ --------------- ----------------
   1  755003069  2021-07-23/14:12:18       93.031 Cursor Cache                    

  Information
  -----------
  - Because no execution history for the Original Plan was found, the SQL
    Tuning Advisor could not determine if any of these execution plans are
    superior to it.  However, if you know that one alternative plan is better
    than the Original Plan, you can create a SQL plan baseline for it. This
    will instruct the Oracle optimizer to pick it over any other choices in
    the future. 
    execute dbms_sqltune.create_sql_plan_baseline(task_name =>
            'staName64622', owner_name => 'ALPOOR', plan_hash_value =>
            xxxxxxxx);

-------------------------------------------------------------------------------
EXPLAIN PLANS SECTION
-------------------------------------------------------------------------------

1- Original
-----------
Plan hash value: 3419316876

 
-----------------------------------------------------------------------------------------------------------------------
| Id  | Operation                                | Name               | Rows  | Bytes |TempSpc| Cost (%CPU)| Time     |
-----------------------------------------------------------------------------------------------------------------------
|   0 | SELECT STATEMENT                         |                    |     5 |  1240 |       |  3549K  (1)| 00:02:19 |
|   1 |  VIEW                                    | PS_GM_EY_EOPFQLFYV |     5 |  1240 |       |  3549K  (1)| 00:02:19 |
|   2 |   SORT UNIQUE                            |                    |     5 |  1660 |       |  3549K  (1)| 00:02:19 |
|   3 |    UNION-ALL                             |                    |       |       |       |            |          |
|   4 |     NESTED LOOPS                         |                    |     1 |   166 |       |   705K  (1)| 00:00:28 |
|   5 |      NESTED LOOPS                        |                    |   425 | 54400 |       |   704K  (1)| 00:00:28 |
|*  6 |       HASH JOIN RIGHT OUTER              |                    |  1271 |   142K|       |   700K  (1)| 00:00:28 |
|   7 |        VIEW                              | PS_GM_EOPF_H_D_VW  |     1 |    58 |       |   353K  (1)| 00:00:14 |
|*  8 |         FILTER                           |                    |       |       |       |            |          |
|*  9 |          HASH JOIN                       |                    |   117K|  9408K|  5768K|  6931   (1)| 00:00:01 |
|* 10 |           TABLE ACCESS FULL              | PS_GM_EOPF_HEADER  |   111K|  4460K|       |  1348   (1)| 00:00:01 |
|  11 |           TABLE ACCESS FULL              | PS_GM_EOPF_DETAIL  |   352K|    13M|       |  4416   (1)| 00:00:01 |
|  12 |          SORT AGGREGATE                  |                    |     1 |    32 |       |            |          |
|  13 |           FIRST ROW                      |                    |     1 |    32 |       |     3   (0)| 00:00:01 |
|* 14 |            INDEX RANGE SCAN (MIN/MAX)    | PS_GM_EOPF_DETAIL  |     1 |    32 |       |     3   (0)| 00:00:01 |
|* 15 |        HASH JOIN RIGHT ANTI              |                    |  1271 | 72447 |       |   347K  (1)| 00:00:14 |
|  16 |         VIEW                             | VW_NSO_1           |     1 |    13 |       |   344K  (1)| 00:00:14 |
|* 17 |          FILTER                          |                    |       |       |       |            |          |
|* 18 |           HASH JOIN                      |                    |   114K|  8387K|  5120K|  6641   (1)| 00:00:01 |
|* 19 |            TABLE ACCESS FULL             | PS_GM_EOPF_HEADER  |   111K|  3807K|       |  1348   (1)| 00:00:01 |
|* 20 |            TABLE ACCESS FULL             | PS_GM_EOPF_DETAIL  |   254K|  9944K|       |  4416   (1)| 00:00:01 |
|  21 |           SORT AGGREGATE                 |                    |     1 |    32 |       |            |          |
|  22 |            FIRST ROW                     |                    |     1 |    32 |       |     3   (0)| 00:00:01 |
|* 23 |             INDEX RANGE SCAN (MIN/MAX)   | PS_GM_EOPF_DETAIL  |     1 |    32 |       |     3   (0)| 00:00:01 |
|  24 |           SORT AGGREGATE                 |                    |     1 |    16 |       |            |          |
|  25 |            FIRST ROW                     |                    |     1 |    16 |       |     3   (0)| 00:00:01 |
|* 26 |             INDEX RANGE SCAN (MIN/MAX)   | PS_GM_EY_TRACKING  |     1 |    16 |       |     3   (0)| 00:00:01 |
|* 27 |         TABLE ACCESS FULL                | PS_GM_EY_MAIN      |  1272 | 55968 |       |  3051   (1)| 00:00:01 |
|  28 |       TABLE ACCESS BY INDEX ROWID BATCHED| PS_GM_EY_SECTION   |     1 |    13 |       |     3   (0)| 00:00:01 |
|* 29 |        INDEX RANGE SCAN                  | PS_GM_EY_SECTION   |     1 |       |       |     2   (0)| 00:00:01 |
|  30 |      TABLE ACCESS BY INDEX ROWID BATCHED | PS_NAMES           |     1 |    38 |       |     3   (0)| 00:00:01 |
|* 31 |       INDEX RANGE SCAN                   | PS_NAMES           |     1 |       |       |     2   (0)| 00:00:01 |
|  32 |        SORT AGGREGATE                    |                    |     1 |    20 |       |            |          |
|* 33 |         INDEX RANGE SCAN                 | PS_NAMES           |     2 |    40 |       |     3   (0)| 00:00:01 |
|  34 |     NESTED LOOPS                         |                    |     1 |   166 |       |   705K  (1)| 00:00:28 |
|  35 |      NESTED LOOPS                        |                    |   455 | 58240 |       |   704K  (1)| 00:00:28 |
|* 36 |       HASH JOIN RIGHT OUTER              |                    |  1271 |   142K|       |   700K  (1)| 00:00:28 |
|  37 |        VIEW                              | PS_GM_EOPF_H_D_VW  |     1 |    58 |       |   353K  (1)| 00:00:14 |
|* 38 |         FILTER                           |                    |       |       |       |            |          |
|* 39 |          HASH JOIN                       |                    |   117K|  9408K|  5768K|  6931   (1)| 00:00:01 |
|* 40 |           TABLE ACCESS FULL              | PS_GM_EOPF_HEADER  |   111K|  4460K|       |  1348   (1)| 00:00:01 |
|  41 |           TABLE ACCESS FULL              | PS_GM_EOPF_DETAIL  |   352K|    13M|       |  4416   (1)| 00:00:01 |
|  42 |          SORT AGGREGATE                  |                    |     1 |    32 |       |            |          |
|  43 |           FIRST ROW                      |                    |     1 |    32 |       |     3   (0)| 00:00:01 |
|* 44 |            INDEX RANGE SCAN (MIN/MAX)    | PS_GM_EOPF_DETAIL  |     1 |    32 |       |     3   (0)| 00:00:01 |
|* 45 |        HASH JOIN RIGHT ANTI              |                    |  1271 | 72447 |       |   347K  (1)| 00:00:14 |
|  46 |         VIEW                             | VW_NSO_2           |     1 |    13 |       |   344K  (1)| 00:00:14 |
|* 47 |          FILTER                          |                    |       |       |       |            |          |
|* 48 |           HASH JOIN                      |                    |   114K|  8387K|  5120K|  6641   (1)| 00:00:01 |
|* 49 |            TABLE ACCESS FULL             | PS_GM_EOPF_HEADER  |   111K|  3807K|       |  1348   (1)| 00:00:01 |
|* 50 |            TABLE ACCESS FULL             | PS_GM_EOPF_DETAIL  |   254K|  9944K|       |  4416   (1)| 00:00:01 |
|  51 |           SORT AGGREGATE                 |                    |     1 |    32 |       |            |          |
|  52 |            FIRST ROW                     |                    |     1 |    32 |       |     3   (0)| 00:00:01 |
|* 53 |             INDEX RANGE SCAN (MIN/MAX)   | PS_GM_EOPF_DETAIL  |     1 |    32 |       |     3   (0)| 00:00:01 |
|  54 |           SORT AGGREGATE                 |                    |     1 |    16 |       |            |          |
|  55 |            FIRST ROW                     |                    |     1 |    16 |       |     3   (0)| 00:00:01 |
|* 56 |             INDEX RANGE SCAN (MIN/MAX)   | PS_GM_EY_TRACKING  |     1 |    16 |       |     3   (0)| 00:00:01 |
|* 57 |         TABLE ACCESS FULL                | PS_GM_EY_MAIN      |  1272 | 55968 |       |  3051   (1)| 00:00:01 |
|  58 |       TABLE ACCESS BY INDEX ROWID BATCHED| PS_GM_EY_SECTION   |     1 |    13 |       |     3   (0)| 00:00:01 |
|* 59 |        INDEX RANGE SCAN                  | PS_GM_EY_SECTION   |     1 |       |       |     2   (0)| 00:00:01 |
|  60 |      TABLE ACCESS BY INDEX ROWID BATCHED | PS_NAMES           |     1 |    38 |       |     3   (0)| 00:00:01 |
|* 61 |       INDEX RANGE SCAN                   | PS_NAMES           |     1 |       |       |     2   (0)| 00:00:01 |
|  62 |        SORT AGGREGATE                    |                    |     1 |    20 |       |            |          |
|* 63 |         INDEX RANGE SCAN                 | PS_NAMES           |     2 |    40 |       |     3   (0)| 00:00:01 |
|  64 |     NESTED LOOPS                         |                    |     1 |   166 |       |   705K  (1)| 00:00:28 |
|  65 |      NESTED LOOPS                        |                    |   455 | 58240 |       |   704K  (1)| 00:00:28 |
|* 66 |       HASH JOIN RIGHT OUTER              |                    |  1271 |   142K|       |   700K  (1)| 00:00:28 |
|  67 |        VIEW                              | PS_GM_EOPF_H_D_VW  |     1 |    58 |       |   353K  (1)| 00:00:14 |
|* 68 |         FILTER                           |                    |       |       |       |            |          |
|* 69 |          HASH JOIN                       |                    |   117K|  9408K|  5768K|  6931   (1)| 00:00:01 |
|* 70 |           TABLE ACCESS FULL              | PS_GM_EOPF_HEADER  |   111K|  4460K|       |  1348   (1)| 00:00:01 |
|  71 |           TABLE ACCESS FULL              | PS_GM_EOPF_DETAIL  |   352K|    13M|       |  4416   (1)| 00:00:01 |
|  72 |          SORT AGGREGATE                  |                    |     1 |    32 |       |            |          |
|  73 |           FIRST ROW                      |                    |     1 |    32 |       |     3   (0)| 00:00:01 |
|* 74 |            INDEX RANGE SCAN (MIN/MAX)    | PS_GM_EOPF_DETAIL  |     1 |    32 |       |     3   (0)| 00:00:01 |
|* 75 |        HASH JOIN RIGHT ANTI              |                    |  1271 | 72447 |       |   347K  (1)| 00:00:14 |
|  76 |         VIEW                             | VW_NSO_3           |     1 |    13 |       |   344K  (1)| 00:00:14 |
|* 77 |          FILTER                          |                    |       |       |       |            |          |
|* 78 |           HASH JOIN                      |                    |   114K|  8387K|  5120K|  6641   (1)| 00:00:01 |
|* 79 |            TABLE ACCESS FULL             | PS_GM_EOPF_HEADER  |   111K|  3807K|       |  1348   (1)| 00:00:01 |
|* 80 |            TABLE ACCESS FULL             | PS_GM_EOPF_DETAIL  |   254K|  9944K|       |  4416   (1)| 00:00:01 |
|  81 |           SORT AGGREGATE                 |                    |     1 |    32 |       |            |          |
|  82 |            FIRST ROW                     |                    |     1 |    32 |       |     3   (0)| 00:00:01 |
|* 83 |             INDEX RANGE SCAN (MIN/MAX)   | PS_GM_EOPF_DETAIL  |     1 |    32 |       |     3   (0)| 00:00:01 |
|  84 |           SORT AGGREGATE                 |                    |     1 |    16 |       |            |          |
|  85 |            FIRST ROW                     |                    |     1 |    16 |       |     3   (0)| 00:00:01 |
|* 86 |             INDEX RANGE SCAN (MIN/MAX)   | PS_GM_EY_TRACKING  |     1 |    16 |       |     3   (0)| 00:00:01 |
|* 87 |         TABLE ACCESS FULL                | PS_GM_EY_MAIN      |  1272 | 55968 |       |  3051   (1)| 00:00:01 |
|  88 |       TABLE ACCESS BY INDEX ROWID BATCHED| PS_GM_EY_SECTION   |     1 |    13 |       |     3   (0)| 00:00:01 |
|* 89 |        INDEX RANGE SCAN                  | PS_GM_EY_SECTION   |     1 |       |       |     2   (0)| 00:00:01 |
|  90 |      TABLE ACCESS BY INDEX ROWID BATCHED | PS_NAMES           |     1 |    38 |       |     3   (0)| 00:00:01 |
|* 91 |       INDEX RANGE SCAN                   | PS_NAMES           |     1 |       |       |     2   (0)| 00:00:01 |
|  92 |        SORT AGGREGATE                    |                    |     1 |    20 |       |            |          |
|* 93 |         INDEX RANGE SCAN                 | PS_NAMES           |     2 |    40 |       |     3   (0)| 00:00:01 |
|  94 |     NESTED LOOPS                         |                    |     1 |   166 |       |   704K  (1)| 00:00:28 |
|  95 |      NESTED LOOPS                        |                    |     7 |   896 |       |   704K  (1)| 00:00:28 |
|* 96 |       HASH JOIN RIGHT OUTER              |                    |  1271 |   142K|       |   700K  (1)| 00:00:28 |
|  97 |        VIEW                              | PS_GM_EOPF_H_D_VW  |     1 |    58 |       |   353K  (1)| 00:00:14 |
|* 98 |         FILTER                           |                    |       |       |       |            |          |
|* 99 |          HASH JOIN                       |                    |   117K|  9408K|  5768K|  6931   (1)| 00:00:01 |
|*100 |           TABLE ACCESS FULL              | PS_GM_EOPF_HEADER  |   111K|  4460K|       |  1348   (1)| 00:00:01 |
| 101 |           TABLE ACCESS FULL              | PS_GM_EOPF_DETAIL  |   352K|    13M|       |  4416   (1)| 00:00:01 |
| 102 |          SORT AGGREGATE                  |                    |     1 |    32 |       |            |          |
| 103 |           FIRST ROW                      |                    |     1 |    32 |       |     3   (0)| 00:00:01 |
|*104 |            INDEX RANGE SCAN (MIN/MAX)    | PS_GM_EOPF_DETAIL  |     1 |    32 |       |     3   (0)| 00:00:01 |
|*105 |        HASH JOIN RIGHT ANTI              |                    |  1271 | 72447 |       |   347K  (1)| 00:00:14 |
| 106 |         VIEW                             | VW_NSO_4           |     1 |    13 |       |   344K  (1)| 00:00:14 |
|*107 |          FILTER                          |                    |       |       |       |            |          |
|*108 |           HASH JOIN                      |                    |   114K|  8387K|  5120K|  6641   (1)| 00:00:01 |
|*109 |            TABLE ACCESS FULL             | PS_GM_EOPF_HEADER  |   111K|  3807K|       |  1348   (1)| 00:00:01 |
|*110 |            TABLE ACCESS FULL             | PS_GM_EOPF_DETAIL  |   254K|  9944K|       |  4416   (1)| 00:00:01 |
| 111 |           SORT AGGREGATE                 |                    |     1 |    32 |       |            |          |
| 112 |            FIRST ROW                     |                    |     1 |    32 |       |     3   (0)| 00:00:01 |
|*113 |             INDEX RANGE SCAN (MIN/MAX)   | PS_GM_EOPF_DETAIL  |     1 |    32 |       |     3   (0)| 00:00:01 |
| 114 |           SORT AGGREGATE                 |                    |     1 |    16 |       |            |          |
| 115 |            FIRST ROW                     |                    |     1 |    16 |       |     3   (0)| 00:00:01 |
|*116 |             INDEX RANGE SCAN (MIN/MAX)   | PS_GM_EY_TRACKING  |     1 |    16 |       |     3   (0)| 00:00:01 |
|*117 |         TABLE ACCESS FULL                | PS_GM_EY_MAIN      |  1272 | 55968 |       |  3051   (1)| 00:00:01 |
| 118 |       TABLE ACCESS BY INDEX ROWID BATCHED| PS_GM_EY_SECTION   |     1 |    13 |       |     3   (0)| 00:00:01 |
|*119 |        INDEX RANGE SCAN                  | PS_GM_EY_SECTION   |     1 |       |       |     2   (0)| 00:00:01 |
| 120 |      TABLE ACCESS BY INDEX ROWID BATCHED | PS_NAMES           |     1 |    38 |       |     3   (0)| 00:00:01 |
|*121 |       INDEX RANGE SCAN                   | PS_NAMES           |     1 |       |       |     2   (0)| 00:00:01 |
| 122 |        SORT AGGREGATE                    |                    |     1 |    20 |       |            |          |
|*123 |         INDEX RANGE SCAN                 | PS_NAMES           |     2 |    40 |       |     3   (0)| 00:00:01 |
| 124 |     TABLE ACCESS BY INDEX ROWID BATCHED  | PS_GM_EY_SECTION   |     1 |    13 |       |     4   (0)| 00:00:01 |
|*125 |      INDEX RANGE SCAN                    | PS_GM_EY_SECTION   |     1 |       |       |     3   (0)| 00:00:01 |
| 126 |     NESTED LOOPS                         |                    |     1 |   166 |       |   704K  (1)| 00:00:28 |
| 127 |      NESTED LOOPS                        |                    |     7 |   896 |       |   704K  (1)| 00:00:28 |
|*128 |       HASH JOIN RIGHT OUTER              |                    |  1271 |   142K|       |   700K  (1)| 00:00:28 |
| 129 |        VIEW                              | PS_GM_EOPF_H_D_VW  |     1 |    58 |       |   353K  (1)| 00:00:14 |
|*130 |         FILTER                           |                    |       |       |       |            |          |
|*131 |          HASH JOIN                       |                    |   117K|  9408K|  5768K|  6931   (1)| 00:00:01 |
|*132 |           TABLE ACCESS FULL              | PS_GM_EOPF_HEADER  |   111K|  4460K|       |  1348   (1)| 00:00:01 |
| 133 |           TABLE ACCESS FULL              | PS_GM_EOPF_DETAIL  |   352K|    13M|       |  4416   (1)| 00:00:01 |
| 134 |          SORT AGGREGATE                  |                    |     1 |    32 |       |            |          |
| 135 |           FIRST ROW                      |                    |     1 |    32 |       |     3   (0)| 00:00:01 |
|*136 |            INDEX RANGE SCAN (MIN/MAX)    | PS_GM_EOPF_DETAIL  |     1 |    32 |       |     3   (0)| 00:00:01 |
|*137 |        HASH JOIN RIGHT ANTI              |                    |  1271 | 72447 |       |   347K  (1)| 00:00:14 |
| 138 |         VIEW                             | VW_NSO_5           |     1 |    13 |       |   344K  (1)| 00:00:14 |
|*139 |          FILTER                          |                    |       |       |       |            |          |
|*140 |           HASH JOIN                      |                    |   114K|  8387K|  5120K|  6641   (1)| 00:00:01 |
|*141 |            TABLE ACCESS FULL             | PS_GM_EOPF_HEADER  |   111K|  3807K|       |  1348   (1)| 00:00:01 |
|*142 |            TABLE ACCESS FULL             | PS_GM_EOPF_DETAIL  |   254K|  9944K|       |  4416   (1)| 00:00:01 |
| 143 |           SORT AGGREGATE                 |                    |     1 |    32 |       |            |          |
| 144 |            FIRST ROW                     |                    |     1 |    32 |       |     3   (0)| 00:00:01 |
|*145 |             INDEX RANGE SCAN (MIN/MAX)   | PS_GM_EOPF_DETAIL  |     1 |    32 |       |     3   (0)| 00:00:01 |
| 146 |           SORT AGGREGATE                 |                    |     1 |    16 |       |            |          |
| 147 |            FIRST ROW                     |                    |     1 |    16 |       |     3   (0)| 00:00:01 |
|*148 |             INDEX RANGE SCAN (MIN/MAX)   | PS_GM_EY_TRACKING  |     1 |    16 |       |     3   (0)| 00:00:01 |
|*149 |         TABLE ACCESS FULL                | PS_GM_EY_MAIN      |  1272 | 55968 |       |  3051   (1)| 00:00:01 |
| 150 |       TABLE ACCESS BY INDEX ROWID BATCHED| PS_GM_EY_SECTION   |     1 |    13 |       |     3   (0)| 00:00:01 |
|*151 |        INDEX RANGE SCAN                  | PS_GM_EY_SECTION   |     1 |       |       |     2   (0)| 00:00:01 |
| 152 |      TABLE ACCESS BY INDEX ROWID BATCHED | PS_NAMES           |     1 |    38 |       |     3   (0)| 00:00:01 |
|*153 |       INDEX RANGE SCAN                   | PS_NAMES           |     1 |       |       |     2   (0)| 00:00:01 |
| 154 |        SORT AGGREGATE                    |                    |     1 |    20 |       |            |          |
|*155 |         INDEX RANGE SCAN                 | PS_NAMES           |     2 |    40 |       |     3   (0)| 00:00:01 |
-----------------------------------------------------------------------------------------------------------------------
 
Query Block Name / Object Alias (identified by operation id):
-------------------------------------------------------------
 
   1 - SET$1        / PS_GM_EY_EOPFQLFYV@SEL$1
   2 - SET$1       
   4 - SEL$E6413A4A
   7 - SEL$3        / X@SEL$2
   8 - SEL$3       
  10 - SEL$3        / H@SEL$3
  11 - SEL$3        / D@SEL$3
  12 - SEL$4       
  14 - SEL$4        / D1@SEL$4
  16 - SEL$3C459230 / VW_NSO_1@SEL$E6413A4A
  17 - SEL$3C459230
  19 - SEL$3C459230 / EOH@SEL$7
  20 - SEL$3C459230 / EOD@SEL$7
  21 - SEL$8       
  23 - SEL$8        / EOD1@SEL$8
  24 - SEL$9       
  26 - SEL$9        / T1@SEL$9
  27 - SEL$E6413A4A / R@SEL$2
  28 - SEL$E6413A4A / Y@SEL$2
  29 - SEL$E6413A4A / Y@SEL$2
  30 - SEL$E6413A4A / A@SEL$5
  31 - SEL$E6413A4A / A@SEL$5
  32 - SEL$6       
  33 - SEL$6        / B@SEL$6
  34 - SEL$C1C3F767
  37 - SEL$11       / X@SEL$10
  38 - SEL$11      
  40 - SEL$11       / H@SEL$11
  41 - SEL$11       / D@SEL$11
  42 - SEL$12      
  44 - SEL$12       / D1@SEL$12
  46 - SEL$3696862B / VW_NSO_2@SEL$C1C3F767
  47 - SEL$3696862B
  49 - SEL$3696862B / EOH@SEL$15
  50 - SEL$3696862B / EOD@SEL$15
  51 - SEL$16      
  53 - SEL$16       / EOD1@SEL$16
  54 - SEL$17      
  56 - SEL$17       / T1@SEL$17
  57 - SEL$C1C3F767 / R@SEL$10
  58 - SEL$C1C3F767 / Y@SEL$10
  59 - SEL$C1C3F767 / Y@SEL$10
  60 - SEL$C1C3F767 / A@SEL$13
  61 - SEL$C1C3F767 / A@SEL$13
  62 - SEL$14      
  63 - SEL$14       / B@SEL$14
  64 - SEL$B8AE80F2
  67 - SEL$19       / X@SEL$18
  68 - SEL$19      
  70 - SEL$19       / H@SEL$19
  71 - SEL$19       / D@SEL$19
  72 - SEL$20      
  74 - SEL$20       / D1@SEL$20
  76 - SEL$85F5D741 / VW_NSO_3@SEL$B8AE80F2
  77 - SEL$85F5D741
  79 - SEL$85F5D741 / EOH@SEL$23
  80 - SEL$85F5D741 / EOD@SEL$23
  81 - SEL$24      
  83 - SEL$24       / EOD1@SEL$24
  84 - SEL$25      
  86 - SEL$25       / T1@SEL$25
  87 - SEL$B8AE80F2 / R@SEL$18
  88 - SEL$B8AE80F2 / Y@SEL$18
  89 - SEL$B8AE80F2 / Y@SEL$18
  90 - SEL$B8AE80F2 / A@SEL$21
  91 - SEL$B8AE80F2 / A@SEL$21
  92 - SEL$22      
  93 - SEL$22       / B@SEL$22
  94 - SEL$891703B5
  97 - SEL$27       / X@SEL$26
  98 - SEL$27      
 100 - SEL$27       / H@SEL$27
 101 - SEL$27       / D@SEL$27
 102 - SEL$28      
 104 - SEL$28       / D1@SEL$28
 106 - SEL$6BE15233 / VW_NSO_4@SEL$891703B5
 107 - SEL$6BE15233
 109 - SEL$6BE15233 / EOH@SEL$31
 110 - SEL$6BE15233 / EOD@SEL$31
 111 - SEL$32      
 113 - SEL$32       / EOD1@SEL$32
 114 - SEL$33      
 116 - SEL$33       / T1@SEL$33
 117 - SEL$891703B5 / R@SEL$26
 118 - SEL$891703B5 / Y@SEL$26
 119 - SEL$891703B5 / Y@SEL$26
 120 - SEL$891703B5 / A@SEL$29
 121 - SEL$891703B5 / A@SEL$29
 122 - SEL$30      
 123 - SEL$30       / B@SEL$30
 124 - SEL$35       / XX@SEL$35
 125 - SEL$35       / XX@SEL$35
 126 - SEL$3D8D8DED
 129 - SEL$36       / X@SEL$34
 130 - SEL$36      
 132 - SEL$36       / H@SEL$36
 133 - SEL$36       / D@SEL$36
 134 - SEL$37      
 136 - SEL$37       / D1@SEL$37
 138 - SEL$E4BE5340 / VW_NSO_5@SEL$3D8D8DED
 139 - SEL$E4BE5340
 141 - SEL$E4BE5340 / EOH@SEL$40
 142 - SEL$E4BE5340 / EOD@SEL$40
 143 - SEL$41      
 145 - SEL$41       / EOD1@SEL$41
 146 - SEL$42      
 148 - SEL$42       / T1@SEL$42
 149 - SEL$3D8D8DED / R@SEL$34
 150 - SEL$3D8D8DED / Y@SEL$34
 151 - SEL$3D8D8DED / Y@SEL$34
 152 - SEL$3D8D8DED / A@SEL$38
 153 - SEL$3D8D8DED / A@SEL$38
 154 - SEL$39      
 155 - SEL$39       / B@SEL$39
 
Predicate Information (identified by operation id):
---------------------------------------------------
 
   6 - access("X"."EMPLID"(+)="R"."EMPLID" AND "X"."GM_EY_APPRAISAL_ID"(+)="R"."GM_EY_APPRAISAL_ID")
   8 - filter("D"."SEQNUM"= (SELECT MAX("D1"."SEQNUM") FROM "SYSADM"."PS_GM_EOPF_DETAIL" "D1" WHERE 
              "D1"."RUN_CNTL_ID"=:B1))
   9 - access("H"."RUN_CNTL_ID"="D"."RUN_CNTL_ID")
  10 - filter("H"."GM_EOPF_SOURCE"='E')
  14 - access("D1"."RUN_CNTL_ID"=:B1)
  15 - access("R"."GM_EY_APPRAISAL_ID"="GM_EY_APPRAISAL_ID")
  17 - filter("EOD"."SEQNUM"= (SELECT MAX("EOD1"."SEQNUM") FROM "SYSADM"."PS_GM_EOPF_DETAIL" "EOD1" WHERE 
              "EOD1"."RUN_CNTL_ID"=:B1) AND "EOD"."RUN_DTTM"> (SELECT MAX("T1"."DATETIME_STAMP") FROM 
              "SYSADM"."PS_GM_EY_TRACKING" "T1" WHERE "T1"."GM_EY_APPRAISAL_ID"=:B2))
  18 - access("EOH"."RUN_CNTL_ID"="EOD"."RUN_CNTL_ID")
  19 - filter("EOH"."GM_EOPF_SOURCE"='E')
  20 - filter("EOD"."RUN_STATUS_CD"='C' OR "EOD"."RUN_STATUS_CD"='I' OR "EOD"."RUN_STATUS_CD"='N')
  23 - access("EOD1"."RUN_CNTL_ID"=:B1)
  26 - access("T1"."GM_EY_APPRAISAL_ID"=:B1)
  27 - filter("R"."GM_EY_REVIEWSTATUS"='PYEA' AND "R"."GM_EY_TEMPLATE_ID" LIKE 'DS-7644%')
  29 - access("Y"."GM_EY_APPRAISAL_ID"="R"."GM_EY_APPRAISAL_ID" AND "Y"."GM_EY_SECTION_TYPE"='C118')
       filter("Y"."GM_EY_SECTION_TYPE"='C118')
  31 - access("R"."EMPLID"="A"."EMPLID" AND "A"."NAME_TYPE"='PRI')
       filter(SYS_OP_UNDESCEND(SYS_OP_DESCEND("EFFDT"))= (SELECT 
              MAX(SYS_OP_UNDESCEND(SYS_OP_DESCEND("EFFDT"))) FROM "SYSADM"."PS_NAMES" "B" WHERE SYS_OP_DESCEND("EFFDT") IS 
              NOT NULL AND SYS_OP_DESCEND("EFFDT")>=SYS_OP_DESCEND(TO_DATE(TO_CHAR(SYSDATE@!,'YYYY-MM-DD'),'YYYY-MM-DD')) 
              AND "B"."NAME_TYPE"=:B1 AND "B"."EMPLID"=:B2 AND SYS_OP_UNDESCEND(SYS_OP_DESCEND("EFFDT"))<=TO_DATE(TO_CHAR(SYS
              DATE@!,'YYYY-MM-DD'),'YYYY-MM-DD')))
  33 - access("B"."EMPLID"=:B1 AND "B"."NAME_TYPE"=:B2 AND 
              SYS_OP_DESCEND("EFFDT")>=SYS_OP_DESCEND(TO_DATE(TO_CHAR(SYSDATE@!,'YYYY-MM-DD'),'YYYY-MM-DD')) AND 
              SYS_OP_DESCEND("EFFDT") IS NOT NULL)
       filter(SYS_OP_UNDESCEND(SYS_OP_DESCEND("EFFDT"))<=TO_DATE(TO_CHAR(SYSDATE@!,'YYYY-MM-DD'),'YYYY-MM-DD'))
  36 - access("X"."EMPLID"(+)="R"."EMPLID" AND "X"."GM_EY_APPRAISAL_ID"(+)="R"."GM_EY_APPRAISAL_ID")
  38 - filter("D"."SEQNUM"= (SELECT MAX("D1"."SEQNUM") FROM "SYSADM"."PS_GM_EOPF_DETAIL" "D1" WHERE 
              "D1"."RUN_CNTL_ID"=:B1))
  39 - access("H"."RUN_CNTL_ID"="D"."RUN_CNTL_ID")
  40 - filter("H"."GM_EOPF_SOURCE"='E')
  44 - access("D1"."RUN_CNTL_ID"=:B1)
  45 - access("R"."GM_EY_APPRAISAL_ID"="GM_EY_APPRAISAL_ID")
  47 - filter("EOD"."SEQNUM"= (SELECT MAX("EOD1"."SEQNUM") FROM "SYSADM"."PS_GM_EOPF_DETAIL" "EOD1" WHERE 
              "EOD1"."RUN_CNTL_ID"=:B1) AND "EOD"."RUN_DTTM"> (SELECT MAX("T1"."DATETIME_STAMP") FROM 
              "SYSADM"."PS_GM_EY_TRACKING" "T1" WHERE "T1"."GM_EY_APPRAISAL_ID"=:B2))
  48 - access("EOH"."RUN_CNTL_ID"="EOD"."RUN_CNTL_ID")
  49 - filter("EOH"."GM_EOPF_SOURCE"='E')
  50 - filter("EOD"."RUN_STATUS_CD"='C' OR "EOD"."RUN_STATUS_CD"='I' OR "EOD"."RUN_STATUS_CD"='N')
  53 - access("EOD1"."RUN_CNTL_ID"=:B1)
  56 - access("T1"."GM_EY_APPRAISAL_ID"=:B1)
  57 - filter("R"."GM_EY_REVIEWSTATUS"='PYEA' AND "R"."GM_EY_TEMPLATE_ID"='DS-5055')
  59 - access("Y"."GM_EY_APPRAISAL_ID"="R"."GM_EY_APPRAISAL_ID" AND "Y"."GM_EY_SECTION_TYPE"='FS109')
       filter("Y"."GM_EY_SECTION_TYPE"='FS109')
  61 - access("R"."EMPLID"="A"."EMPLID" AND "A"."NAME_TYPE"='PRI')
       filter(SYS_OP_UNDESCEND(SYS_OP_DESCEND("EFFDT"))= (SELECT 
              MAX(SYS_OP_UNDESCEND(SYS_OP_DESCEND("EFFDT"))) FROM "SYSADM"."PS_NAMES" "B" WHERE SYS_OP_DESCEND("EFFDT") IS 
              NOT NULL AND SYS_OP_DESCEND("EFFDT")>=SYS_OP_DESCEND(TO_DATE(TO_CHAR(SYSDATE@!,'YYYY-MM-DD'),'YYYY-MM-DD')) 
              AND "B"."NAME_TYPE"=:B1 AND "B"."EMPLID"=:B2 AND SYS_OP_UNDESCEND(SYS_OP_DESCEND("EFFDT"))<=TO_DATE(TO_CHAR(SYS
              DATE@!,'YYYY-MM-DD'),'YYYY-MM-DD')))
  63 - access("B"."EMPLID"=:B1 AND "B"."NAME_TYPE"=:B2 AND 
              SYS_OP_DESCEND("EFFDT")>=SYS_OP_DESCEND(TO_DATE(TO_CHAR(SYSDATE@!,'YYYY-MM-DD'),'YYYY-MM-DD')) AND 
              SYS_OP_DESCEND("EFFDT") IS NOT NULL)
       filter(SYS_OP_UNDESCEND(SYS_OP_DESCEND("EFFDT"))<=TO_DATE(TO_CHAR(SYSDATE@!,'YYYY-MM-DD'),'YYYY-MM-DD'))
  66 - access("X"."EMPLID"(+)="R"."EMPLID" AND "X"."GM_EY_APPRAISAL_ID"(+)="R"."GM_EY_APPRAISAL_ID")
  68 - filter("D"."SEQNUM"= (SELECT MAX("D1"."SEQNUM") FROM "SYSADM"."PS_GM_EOPF_DETAIL" "D1" WHERE 
              "D1"."RUN_CNTL_ID"=:B1))
  69 - access("H"."RUN_CNTL_ID"="D"."RUN_CNTL_ID")
  70 - filter("H"."GM_EOPF_SOURCE"='E')
  74 - access("D1"."RUN_CNTL_ID"=:B1)
  75 - access("R"."GM_EY_APPRAISAL_ID"="GM_EY_APPRAISAL_ID")
  77 - filter("EOD"."SEQNUM"= (SELECT MAX("EOD1"."SEQNUM") FROM "SYSADM"."PS_GM_EOPF_DETAIL" "EOD1" WHERE 
              "EOD1"."RUN_CNTL_ID"=:B1) AND "EOD"."RUN_DTTM"> (SELECT MAX("T1"."DATETIME_STAMP") FROM 
              "SYSADM"."PS_GM_EY_TRACKING" "T1" WHERE "T1"."GM_EY_APPRAISAL_ID"=:B2))
  78 - access("EOH"."RUN_CNTL_ID"="EOD"."RUN_CNTL_ID")
  79 - filter("EOH"."GM_EOPF_SOURCE"='E')
  80 - filter("EOD"."RUN_STATUS_CD"='C' OR "EOD"."RUN_STATUS_CD"='I' OR "EOD"."RUN_STATUS_CD"='N')
  83 - access("EOD1"."RUN_CNTL_ID"=:B1)
  86 - access("T1"."GM_EY_APPRAISAL_ID"=:B1)
  87 - filter("R"."GM_EY_REVIEWSTATUS"='PYEA' AND "R"."GM_EY_TEMPLATE_ID"='DS-1829')
  89 - access("Y"."GM_EY_APPRAISAL_ID"="R"."GM_EY_APPRAISAL_ID" AND "Y"."GM_EY_SECTION_TYPE"='FS109')
       filter("Y"."GM_EY_SECTION_TYPE"='FS109')
  91 - access("R"."EMPLID"="A"."EMPLID" AND "A"."NAME_TYPE"='PRI')
       filter(SYS_OP_UNDESCEND(SYS_OP_DESCEND("EFFDT"))= (SELECT 
              MAX(SYS_OP_UNDESCEND(SYS_OP_DESCEND("EFFDT"))) FROM "SYSADM"."PS_NAMES" "B" WHERE SYS_OP_DESCEND("EFFDT") IS 
              NOT NULL AND SYS_OP_DESCEND("EFFDT")>=SYS_OP_DESCEND(TO_DATE(TO_CHAR(SYSDATE@!,'YYYY-MM-DD'),'YYYY-MM-DD')) 
              AND "B"."NAME_TYPE"=:B1 AND "B"."EMPLID"=:B2 AND SYS_OP_UNDESCEND(SYS_OP_DESCEND("EFFDT"))<=TO_DATE(TO_CHAR(SYS
              DATE@!,'YYYY-MM-DD'),'YYYY-MM-DD')))
  93 - access("B"."EMPLID"=:B1 AND "B"."NAME_TYPE"=:B2 AND 
              SYS_OP_DESCEND("EFFDT")>=SYS_OP_DESCEND(TO_DATE(TO_CHAR(SYSDATE@!,'YYYY-MM-DD'),'YYYY-MM-DD')) AND 
              SYS_OP_DESCEND("EFFDT") IS NOT NULL)
       filter(SYS_OP_UNDESCEND(SYS_OP_DESCEND("EFFDT"))<=TO_DATE(TO_CHAR(SYSDATE@!,'YYYY-MM-DD'),'YYYY-MM-DD'))
  96 - access("X"."EMPLID"(+)="R"."EMPLID" AND "X"."GM_EY_APPRAISAL_ID"(+)="R"."GM_EY_APPRAISAL_ID")
  98 - filter("D"."SEQNUM"= (SELECT MAX("D1"."SEQNUM") FROM "SYSADM"."PS_GM_EOPF_DETAIL" "D1" WHERE 
              "D1"."RUN_CNTL_ID"=:B1))
  99 - access("H"."RUN_CNTL_ID"="D"."RUN_CNTL_ID")
 100 - filter("H"."GM_EOPF_SOURCE"='E')
 104 - access("D1"."RUN_CNTL_ID"=:B1)
 105 - access("R"."GM_EY_APPRAISAL_ID"="GM_EY_APPRAISAL_ID")
 107 - filter("EOD"."SEQNUM"= (SELECT MAX("EOD1"."SEQNUM") FROM "SYSADM"."PS_GM_EOPF_DETAIL" "EOD1" WHERE 
              "EOD1"."RUN_CNTL_ID"=:B1) AND "EOD"."RUN_DTTM"> (SELECT MAX("T1"."DATETIME_STAMP") FROM 
              "SYSADM"."PS_GM_EY_TRACKING" "T1" WHERE "T1"."GM_EY_APPRAISAL_ID"=:B2))
 108 - access("EOH"."RUN_CNTL_ID"="EOD"."RUN_CNTL_ID")
 109 - filter("EOH"."GM_EOPF_SOURCE"='E')
 110 - filter("EOD"."RUN_STATUS_CD"='C' OR "EOD"."RUN_STATUS_CD"='I' OR "EOD"."RUN_STATUS_CD"='N')
 113 - access("EOD1"."RUN_CNTL_ID"=:B1)
 116 - access("T1"."GM_EY_APPRAISAL_ID"=:B1)
 117 - filter("R"."GM_EY_REVIEWSTATUS"='PYEA' AND "R"."GM_EY_TEMPLATE_ID"='DS-1811')
 119 - access("Y"."GM_EY_APPRAISAL_ID"="R"."GM_EY_APPRAISAL_ID" AND "Y"."GM_EY_SECTION_TYPE"='S102')
       filter("Y"."GM_EY_SECTION_TYPE"='S102')
 121 - access("R"."EMPLID"="A"."EMPLID" AND "A"."NAME_TYPE"='PRI')
       filter(SYS_OP_UNDESCEND(SYS_OP_DESCEND("EFFDT"))= (SELECT 
              MAX(SYS_OP_UNDESCEND(SYS_OP_DESCEND("EFFDT"))) FROM "SYSADM"."PS_NAMES" "B" WHERE SYS_OP_DESCEND("EFFDT") IS 
              NOT NULL AND SYS_OP_DESCEND("EFFDT")>=SYS_OP_DESCEND(TO_DATE(TO_CHAR(SYSDATE@!,'YYYY-MM-DD'),'YYYY-MM-DD')) 
              AND "B"."NAME_TYPE"=:B1 AND "B"."EMPLID"=:B2 AND SYS_OP_UNDESCEND(SYS_OP_DESCEND("EFFDT"))<=TO_DATE(TO_CHAR(SYS
              DATE@!,'YYYY-MM-DD'),'YYYY-MM-DD')))
 123 - access("B"."EMPLID"=:B1 AND "B"."NAME_TYPE"=:B2 AND 
              SYS_OP_DESCEND("EFFDT")>=SYS_OP_DESCEND(TO_DATE(TO_CHAR(SYSDATE@!,'YYYY-MM-DD'),'YYYY-MM-DD')) AND 
              SYS_OP_DESCEND("EFFDT") IS NOT NULL)
       filter(SYS_OP_UNDESCEND(SYS_OP_DESCEND("EFFDT"))<=TO_DATE(TO_CHAR(SYSDATE@!,'YYYY-MM-DD'),'YYYY-MM-DD'))
 125 - access("XX"."GM_EY_APPRAISAL_ID"=:B1 AND "XX"."GM_EY_SECTION_TYPE"='S102')
       filter("XX"."GM_EY_SECTION_TYPE"='S102')
 128 - access("X"."EMPLID"(+)="R"."EMPLID" AND "X"."GM_EY_APPRAISAL_ID"(+)="R"."GM_EY_APPRAISAL_ID")
 130 - filter("D"."SEQNUM"= (SELECT MAX("D1"."SEQNUM") FROM "SYSADM"."PS_GM_EOPF_DETAIL" "D1" WHERE 
              "D1"."RUN_CNTL_ID"=:B1))
 131 - access("H"."RUN_CNTL_ID"="D"."RUN_CNTL_ID")
 132 - filter("H"."GM_EOPF_SOURCE"='E')
 136 - access("D1"."RUN_CNTL_ID"=:B1)
 137 - access("R"."GM_EY_APPRAISAL_ID"="GM_EY_APPRAISAL_ID")
 139 - filter("EOD"."SEQNUM"= (SELECT MAX("EOD1"."SEQNUM") FROM "SYSADM"."PS_GM_EOPF_DETAIL" "EOD1" WHERE 
              "EOD1"."RUN_CNTL_ID"=:B1) AND "EOD"."RUN_DTTM"> (SELECT MAX("T1"."DATETIME_STAMP") FROM 
              "SYSADM"."PS_GM_EY_TRACKING" "T1" WHERE "T1"."GM_EY_APPRAISAL_ID"=:B2))
 140 - access("EOH"."RUN_CNTL_ID"="EOD"."RUN_CNTL_ID")
 141 - filter("EOH"."GM_EOPF_SOURCE"='E')
 142 - filter("EOD"."RUN_STATUS_CD"='C' OR "EOD"."RUN_STATUS_CD"='I' OR "EOD"."RUN_STATUS_CD"='N')
 145 - access("EOD1"."RUN_CNTL_ID"=:B1)
 148 - access("T1"."GM_EY_APPRAISAL_ID"=:B1)
 149 - filter("R"."GM_EY_REVIEWSTATUS"='PYEA' AND "R"."GM_EY_TEMPLATE_ID"='DS-5121')
 151 - access("Y"."GM_EY_APPRAISAL_ID"="R"."GM_EY_APPRAISAL_ID" AND "Y"."GM_EY_SECTION_TYPE"='S130')
       filter("Y"."GM_EY_SECTION_TYPE"='S130')
 153 - access("R"."EMPLID"="A"."EMPLID" AND "A"."NAME_TYPE"='PRI')
       filter(SYS_OP_UNDESCEND(SYS_OP_DESCEND("EFFDT"))= (SELECT 
              MAX(SYS_OP_UNDESCEND(SYS_OP_DESCEND("EFFDT"))) FROM "SYSADM"."PS_NAMES" "B" WHERE SYS_OP_DESCEND("EFFDT") IS 
              NOT NULL AND SYS_OP_DESCEND("EFFDT")>=SYS_OP_DESCEND(TO_DATE(TO_CHAR(SYSDATE@!,'YYYY-MM-DD'),'YYYY-MM-DD')) 
              AND "B"."NAME_TYPE"=:B1 AND "B"."EMPLID"=:B2 AND SYS_OP_UNDESCEND(SYS_OP_DESCEND("EFFDT"))<=TO_DATE(TO_CHAR(SYS
              DATE@!,'YYYY-MM-DD'),'YYYY-MM-DD')))
 155 - access("B"."EMPLID"=:B1 AND "B"."NAME_TYPE"=:B2 AND 
              SYS_OP_DESCEND("EFFDT")>=SYS_OP_DESCEND(TO_DATE(TO_CHAR(SYSDATE@!,'YYYY-MM-DD'),'YYYY-MM-DD')) AND 
              SYS_OP_DESCEND("EFFDT") IS NOT NULL)
       filter(SYS_OP_UNDESCEND(SYS_OP_DESCEND("EFFDT"))<=TO_DATE(TO_CHAR(SYSDATE@!,'YYYY-MM-DD'),'YYYY-MM-DD'))
 
Column Projection Information (identified by operation id):
-----------------------------------------------------------
 
   1 - "PS_GM_EY_EOPFQLFYV"."GM_EY_APPRAISAL_ID"[NUMBER,22], "PS_GM_EY_EOPFQLFYV"."EMPLID"[VARCHAR2,44], 
       "PS_GM_EY_EOPFQLFYV"."EMPL_RCD"[NUMBER,22], "PS_GM_EY_EOPFQLFYV"."NAME"[VARCHAR2,200], 
       "PS_GM_EY_EOPFQLFYV"."GM_EY_REVIEWSTATUS"[VARCHAR2,16], "PS_GM_EY_EOPFQLFYV"."DATETIME_STAMP"[VARCHAR2,0], 
       "PS_GM_EY_EOPFQLFYV"."GM_EY_REVIEW_TYPE"[VARCHAR2,32], "PS_GM_EY_EOPFQLFYV"."GM_EY_TEMPLATE_ID"[VARCHAR2,32], 
       "PS_GM_EY_EOPFQLFYV"."PERIOD_BEGIN_DT"[DATE,7], "PS_GM_EY_EOPFQLFYV"."PERIOD_END_DT"[DATE,7], 
       "PS_GM_EY_EOPFQLFYV"."GM_EOPF_STATUS"[VARCHAR2,4], "PS_GM_EY_EOPFQLFYV"."RUN_STATUS_CD"[VARCHAR2,4], 
       "PS_GM_EY_EOPFQLFYV"."RUN_DTTM"[TIMESTAMP,11], "PS_GM_EY_EOPFQLFYV"."REVIEW_RATING"[VARCHAR2,4], 
       "PS_GM_EY_EOPFQLFYV"."DESCR10"[VARCHAR2,7]
   2 - (#keys=15) STRDEF[22], STRDEF[44], STRDEF[22], STRDEF[200], STRDEF[16], STRDEF[0], STRDEF[32], 
       STRDEF[32], STRDEF[7], STRDEF[7], STRDEF[4], STRDEF[4], STRDEF[11], STRDEF[4], STRDEF[7]
   3 - STRDEF[22], STRDEF[44], STRDEF[22], STRDEF[200], STRDEF[16], STRDEF[0], STRDEF[32], STRDEF[32], 
       STRDEF[7], STRDEF[7], STRDEF[4], STRDEF[4], STRDEF[11], STRDEF[4], STRDEF[7]
   4 - (#keys=0) "R"."EMPLID"[VARCHAR2,44], "R"."GM_EY_APPRAISAL_ID"[NUMBER,22], 
       "X"."RUN_STATUS_CD"[VARCHAR2,4], "X"."GM_EOPF_STATUS"[VARCHAR2,4], "X"."RUN_DTTM"[TIMESTAMP,11], 
       "R"."GM_EY_REVIEW_TYPE"[VARCHAR2,32], "R"."GM_EY_REVIEWSTATUS"[VARCHAR2,16], 
       "R"."GM_EY_TEMPLATE_ID"[VARCHAR2,32], "R"."EMPL_RCD"[NUMBER,22], "R"."PERIOD_BEGIN_DT"[DATE,7], 
       "R"."PERIOD_END_DT"[DATE,7], "Y"."REVIEW_RATING"[VARCHAR2,4], "A"."NAME"[VARCHAR2,200]
   5 - (#keys=0) "R"."EMPLID"[VARCHAR2,44], "R"."GM_EY_APPRAISAL_ID"[NUMBER,22], 
       "X"."RUN_STATUS_CD"[VARCHAR2,4], "X"."GM_EOPF_STATUS"[VARCHAR2,4], "X"."RUN_DTTM"[TIMESTAMP,11], 
       "R"."GM_EY_REVIEW_TYPE"[VARCHAR2,32], "R"."GM_EY_REVIEWSTATUS"[VARCHAR2,16], 
       "R"."GM_EY_TEMPLATE_ID"[VARCHAR2,32], "R"."EMPL_RCD"[NUMBER,22], "R"."PERIOD_BEGIN_DT"[DATE,7], 
       "R"."PERIOD_END_DT"[DATE,7], "Y"."REVIEW_RATING"[VARCHAR2,4]
   6 - (#keys=2) "R"."EMPLID"[VARCHAR2,44], "R"."GM_EY_APPRAISAL_ID"[NUMBER,22], 
       "X"."RUN_STATUS_CD"[VARCHAR2,4], "X"."GM_EOPF_STATUS"[VARCHAR2,4], "X"."RUN_DTTM"[TIMESTAMP,11], 
       "R"."GM_EY_REVIEW_TYPE"[VARCHAR2,32], "R"."GM_EY_REVIEWSTATUS"[VARCHAR2,16], 
       "R"."GM_EY_TEMPLATE_ID"[VARCHAR2,32], "R"."EMPL_RCD"[NUMBER,22], "R"."PERIOD_BEGIN_DT"[DATE,7], 
       "R"."PERIOD_END_DT"[DATE,7]
   7 - "X"."EMPLID"[VARCHAR2,44], "X"."GM_EY_APPRAISAL_ID"[NUMBER,22], "X"."RUN_DTTM"[TIMESTAMP,11], 
       "X"."GM_EOPF_STATUS"[VARCHAR2,4], "X"."RUN_STATUS_CD"[VARCHAR2,4]
   8 - "H"."GM_EY_APPRAISAL_ID"[NUMBER,22], "H"."EMPLID"[VARCHAR2,44], "D"."RUN_STATUS_CD"[VARCHAR2,4], 
       "D"."RUN_DTTM"[TIMESTAMP,11], "D"."GM_EOPF_STATUS"[VARCHAR2,4]
   9 - (#keys=1) "D"."RUN_CNTL_ID"[VARCHAR2,120], "H"."GM_EY_APPRAISAL_ID"[NUMBER,22], 
       "H"."EMPLID"[VARCHAR2,44], "D"."RUN_STATUS_CD"[VARCHAR2,4], "D"."SEQNUM"[NUMBER,22], 
       "D"."RUN_DTTM"[TIMESTAMP,11], "D"."GM_EOPF_STATUS"[VARCHAR2,4]
  10 - (rowset=256) "H"."RUN_CNTL_ID"[VARCHAR2,120], "H"."EMPLID"[VARCHAR2,44], 
       "H"."GM_EY_APPRAISAL_ID"[NUMBER,22]
  11 - "D"."RUN_CNTL_ID"[VARCHAR2,120], "D"."SEQNUM"[NUMBER,22], "D"."RUN_DTTM"[TIMESTAMP,11], 
       "D"."GM_EOPF_STATUS"[VARCHAR2,4], "D"."RUN_STATUS_CD"[VARCHAR2,4]
  12 - (#keys=0) MAX("D1"."SEQNUM")[22]
  13 - "D1"."SEQNUM"[NUMBER,22]
  14 - "D1"."SEQNUM"[NUMBER,22]
  15 - (#keys=1) "R"."GM_EY_APPRAISAL_ID"[NUMBER,22], "R"."GM_EY_REVIEWSTATUS"[VARCHAR2,16], 
       "R"."EMPLID"[VARCHAR2,44], "R"."EMPL_RCD"[NUMBER,22], "R"."PERIOD_BEGIN_DT"[DATE,7], 
       "R"."PERIOD_END_DT"[DATE,7], "R"."GM_EY_REVIEW_TYPE"[VARCHAR2,32], "R"."GM_EY_TEMPLATE_ID"[VARCHAR2,32]
  16 - "GM_EY_APPRAISAL_ID"[NUMBER,22]
  17 - "EOH"."GM_EY_APPRAISAL_ID"[NUMBER,22]
  18 - (#keys=1) "EOD"."RUN_CNTL_ID"[VARCHAR2,120], "EOH"."GM_EY_APPRAISAL_ID"[NUMBER,22], 
       "EOD"."SEQNUM"[NUMBER,22], "EOD"."RUN_DTTM"[TIMESTAMP,11]
  19 - (rowset=256) "EOH"."RUN_CNTL_ID"[VARCHAR2,120], "EOH"."GM_EY_APPRAISAL_ID"[NUMBER,22]
  20 - "EOD"."RUN_CNTL_ID"[VARCHAR2,120], "EOD"."SEQNUM"[NUMBER,22], "EOD"."RUN_DTTM"[TIMESTAMP,11]
  21 - (#keys=0) MAX("EOD1"."SEQNUM")[22]
  22 - "EOD1"."SEQNUM"[NUMBER,22]
  23 - "EOD1"."SEQNUM"[NUMBER,22]
  24 - (#keys=0) MAX("T1"."DATETIME_STAMP")[11]
  25 - "T1"."DATETIME_STAMP"[TIMESTAMP,11]
  26 - "T1"."DATETIME_STAMP"[TIMESTAMP,11]
  27 - "R"."GM_EY_APPRAISAL_ID"[NUMBER,22], "R"."EMPLID"[VARCHAR2,44], "R"."EMPL_RCD"[NUMBER,22], 
       "R"."PERIOD_BEGIN_DT"[DATE,7], "R"."PERIOD_END_DT"[DATE,7], "R"."GM_EY_REVIEW_TYPE"[VARCHAR2,32], 
       "R"."GM_EY_TEMPLATE_ID"[VARCHAR2,32], "R"."GM_EY_REVIEWSTATUS"[VARCHAR2,16]
  28 - "Y"."REVIEW_RATING"[VARCHAR2,4]
  29 - "Y".ROWID[ROWID,10]
  30 - "A"."NAME"[VARCHAR2,200]
  31 - "A".ROWID[ROWID,10], SYS_OP_DESCEND("EFFDT")[RAW,12]
  32 - (#keys=0) MAX(SYS_OP_UNDESCEND(SYS_OP_DESCEND("EFFDT")))[7]
  33 - SYS_OP_DESCEND("EFFDT")[RAW,12]
  34 - (#keys=0) "R"."EMPLID"[VARCHAR2,44], "R"."GM_EY_APPRAISAL_ID"[NUMBER,22], 
       "X"."RUN_STATUS_CD"[VARCHAR2,4], "X"."GM_EOPF_STATUS"[VARCHAR2,4], "X"."RUN_DTTM"[TIMESTAMP,11], 
       "R"."GM_EY_REVIEW_TYPE"[VARCHAR2,32], "R"."GM_EY_REVIEWSTATUS"[VARCHAR2,16], 
       "R"."GM_EY_TEMPLATE_ID"[VARCHAR2,32], "R"."EMPL_RCD"[NUMBER,22], "R"."PERIOD_BEGIN_DT"[DATE,7], 
       "R"."PERIOD_END_DT"[DATE,7], "Y"."REVIEW_RATING"[VARCHAR2,4], "A"."NAME"[VARCHAR2,200]
  35 - (#keys=0) "R"."EMPLID"[VARCHAR2,44], "R"."GM_EY_APPRAISAL_ID"[NUMBER,22], 
       "X"."RUN_STATUS_CD"[VARCHAR2,4], "X"."GM_EOPF_STATUS"[VARCHAR2,4], "X"."RUN_DTTM"[TIMESTAMP,11], 
       "R"."GM_EY_REVIEW_TYPE"[VARCHAR2,32], "R"."GM_EY_REVIEWSTATUS"[VARCHAR2,16], 
       "R"."GM_EY_TEMPLATE_ID"[VARCHAR2,32], "R"."EMPL_RCD"[NUMBER,22], "R"."PERIOD_BEGIN_DT"[DATE,7], 
       "R"."PERIOD_END_DT"[DATE,7], "Y"."REVIEW_RATING"[VARCHAR2,4]
  36 - (#keys=2) "R"."EMPLID"[VARCHAR2,44], "R"."GM_EY_APPRAISAL_ID"[NUMBER,22], 
       "X"."RUN_STATUS_CD"[VARCHAR2,4], "X"."GM_EOPF_STATUS"[VARCHAR2,4], "X"."RUN_DTTM"[TIMESTAMP,11], 
       "R"."GM_EY_REVIEW_TYPE"[VARCHAR2,32], "R"."GM_EY_REVIEWSTATUS"[VARCHAR2,16], 
       "R"."GM_EY_TEMPLATE_ID"[VARCHAR2,32], "R"."EMPL_RCD"[NUMBER,22], "R"."PERIOD_BEGIN_DT"[DATE,7], 
       "R"."PERIOD_END_DT"[DATE,7]
  37 - "X"."EMPLID"[VARCHAR2,44], "X"."GM_EY_APPRAISAL_ID"[NUMBER,22], "X"."RUN_DTTM"[TIMESTAMP,11], 
       "X"."GM_EOPF_STATUS"[VARCHAR2,4], "X"."RUN_STATUS_CD"[VARCHAR2,4]
  38 - "H"."GM_EY_APPRAISAL_ID"[NUMBER,22], "H"."EMPLID"[VARCHAR2,44], "D"."RUN_STATUS_CD"[VARCHAR2,4], 
       "D"."RUN_DTTM"[TIMESTAMP,11], "D"."GM_EOPF_STATUS"[VARCHAR2,4]
  39 - (#keys=1) "D"."RUN_CNTL_ID"[VARCHAR2,120], "H"."GM_EY_APPRAISAL_ID"[NUMBER,22], 
       "H"."EMPLID"[VARCHAR2,44], "D"."RUN_STATUS_CD"[VARCHAR2,4], "D"."SEQNUM"[NUMBER,22], 
       "D"."RUN_DTTM"[TIMESTAMP,11], "D"."GM_EOPF_STATUS"[VARCHAR2,4]
  40 - (rowset=256) "H"."RUN_CNTL_ID"[VARCHAR2,120], "H"."EMPLID"[VARCHAR2,44], 
       "H"."GM_EY_APPRAISAL_ID"[NUMBER,22]
  41 - "D"."RUN_CNTL_ID"[VARCHAR2,120], "D"."SEQNUM"[NUMBER,22], "D"."RUN_DTTM"[TIMESTAMP,11], 
       "D"."GM_EOPF_STATUS"[VARCHAR2,4], "D"."RUN_STATUS_CD"[VARCHAR2,4]
  42 - (#keys=0) MAX("D1"."SEQNUM")[22]
  43 - "D1"."SEQNUM"[NUMBER,22]
  44 - "D1"."SEQNUM"[NUMBER,22]
  45 - (#keys=1) "R"."GM_EY_APPRAISAL_ID"[NUMBER,22], "R"."GM_EY_REVIEWSTATUS"[VARCHAR2,16], 
       "R"."EMPLID"[VARCHAR2,44], "R"."EMPL_RCD"[NUMBER,22], "R"."PERIOD_BEGIN_DT"[DATE,7], 
       "R"."PERIOD_END_DT"[DATE,7], "R"."GM_EY_REVIEW_TYPE"[VARCHAR2,32], "R"."GM_EY_TEMPLATE_ID"[VARCHAR2,32]
  46 - "GM_EY_APPRAISAL_ID"[NUMBER,22]
  47 - "EOH"."GM_EY_APPRAISAL_ID"[NUMBER,22]
  48 - (#keys=1) "EOD"."RUN_CNTL_ID"[VARCHAR2,120], "EOH"."GM_EY_APPRAISAL_ID"[NUMBER,22], 
       "EOD"."SEQNUM"[NUMBER,22], "EOD"."RUN_DTTM"[TIMESTAMP,11]
  49 - (rowset=256) "EOH"."RUN_CNTL_ID"[VARCHAR2,120], "EOH"."GM_EY_APPRAISAL_ID"[NUMBER,22]
  50 - "EOD"."RUN_CNTL_ID"[VARCHAR2,120], "EOD"."SEQNUM"[NUMBER,22], "EOD"."RUN_DTTM"[TIMESTAMP,11]
  51 - (#keys=0) MAX("EOD1"."SEQNUM")[22]
  52 - "EOD1"."SEQNUM"[NUMBER,22]
  53 - "EOD1"."SEQNUM"[NUMBER,22]
  54 - (#keys=0) MAX("T1"."DATETIME_STAMP")[11]
  55 - "T1"."DATETIME_STAMP"[TIMESTAMP,11]
  56 - "T1"."DATETIME_STAMP"[TIMESTAMP,11]
  57 - "R"."GM_EY_APPRAISAL_ID"[NUMBER,22], "R"."EMPLID"[VARCHAR2,44], "R"."EMPL_RCD"[NUMBER,22], 
       "R"."PERIOD_BEGIN_DT"[DATE,7], "R"."PERIOD_END_DT"[DATE,7], "R"."GM_EY_REVIEW_TYPE"[VARCHAR2,32], 
       "R"."GM_EY_TEMPLATE_ID"[VARCHAR2,32], "R"."GM_EY_REVIEWSTATUS"[VARCHAR2,16]
  58 - "Y"."REVIEW_RATING"[VARCHAR2,4]
  59 - "Y".ROWID[ROWID,10]
  60 - "A"."NAME"[VARCHAR2,200]
  61 - "A".ROWID[ROWID,10], SYS_OP_DESCEND("EFFDT")[RAW,12]
  62 - (#keys=0) MAX(SYS_OP_UNDESCEND(SYS_OP_DESCEND("EFFDT")))[7]
  63 - SYS_OP_DESCEND("EFFDT")[RAW,12]
  64 - (#keys=0) "R"."EMPLID"[VARCHAR2,44], "R"."GM_EY_APPRAISAL_ID"[NUMBER,22], 
       "X"."RUN_STATUS_CD"[VARCHAR2,4], "X"."GM_EOPF_STATUS"[VARCHAR2,4], "X"."RUN_DTTM"[TIMESTAMP,11], 
       "R"."GM_EY_REVIEW_TYPE"[VARCHAR2,32], "R"."GM_EY_REVIEWSTATUS"[VARCHAR2,16], 
       "R"."GM_EY_TEMPLATE_ID"[VARCHAR2,32], "R"."EMPL_RCD"[NUMBER,22], "R"."PERIOD_BEGIN_DT"[DATE,7], 
       "R"."PERIOD_END_DT"[DATE,7], "Y"."REVIEW_RATING"[VARCHAR2,4], "A"."NAME"[VARCHAR2,200]
  65 - (#keys=0) "R"."EMPLID"[VARCHAR2,44], "R"."GM_EY_APPRAISAL_ID"[NUMBER,22], 
       "X"."RUN_STATUS_CD"[VARCHAR2,4], "X"."GM_EOPF_STATUS"[VARCHAR2,4], "X"."RUN_DTTM"[TIMESTAMP,11], 
       "R"."GM_EY_REVIEW_TYPE"[VARCHAR2,32], "R"."GM_EY_REVIEWSTATUS"[VARCHAR2,16], 
       "R"."GM_EY_TEMPLATE_ID"[VARCHAR2,32], "R"."EMPL_RCD"[NUMBER,22], "R"."PERIOD_BEGIN_DT"[DATE,7], 
       "R"."PERIOD_END_DT"[DATE,7], "Y"."REVIEW_RATING"[VARCHAR2,4]
  66 - (#keys=2) "R"."EMPLID"[VARCHAR2,44], "R"."GM_EY_APPRAISAL_ID"[NUMBER,22], 
       "X"."RUN_STATUS_CD"[VARCHAR2,4], "X"."GM_EOPF_STATUS"[VARCHAR2,4], "X"."RUN_DTTM"[TIMESTAMP,11], 
       "R"."GM_EY_REVIEW_TYPE"[VARCHAR2,32], "R"."GM_EY_REVIEWSTATUS"[VARCHAR2,16], 
       "R"."GM_EY_TEMPLATE_ID"[VARCHAR2,32], "R"."EMPL_RCD"[NUMBER,22], "R"."PERIOD_BEGIN_DT"[DATE,7], 
       "R"."PERIOD_END_DT"[DATE,7]
  67 - "X"."EMPLID"[VARCHAR2,44], "X"."GM_EY_APPRAISAL_ID"[NUMBER,22], "X"."RUN_DTTM"[TIMESTAMP,11], 
       "X"."GM_EOPF_STATUS"[VARCHAR2,4], "X"."RUN_STATUS_CD"[VARCHAR2,4]
  68 - "H"."GM_EY_APPRAISAL_ID"[NUMBER,22], "H"."EMPLID"[VARCHAR2,44], "D"."RUN_STATUS_CD"[VARCHAR2,4], 
       "D"."RUN_DTTM"[TIMESTAMP,11], "D"."GM_EOPF_STATUS"[VARCHAR2,4]
  69 - (#keys=1) "D"."RUN_CNTL_ID"[VARCHAR2,120], "H"."GM_EY_APPRAISAL_ID"[NUMBER,22], 
       "H"."EMPLID"[VARCHAR2,44], "D"."RUN_STATUS_CD"[VARCHAR2,4], "D"."SEQNUM"[NUMBER,22], 
       "D"."RUN_DTTM"[TIMESTAMP,11], "D"."GM_EOPF_STATUS"[VARCHAR2,4]
  70 - (rowset=256) "H"."RUN_CNTL_ID"[VARCHAR2,120], "H"."EMPLID"[VARCHAR2,44], 
       "H"."GM_EY_APPRAISAL_ID"[NUMBER,22]
  71 - "D"."RUN_CNTL_ID"[VARCHAR2,120], "D"."SEQNUM"[NUMBER,22], "D"."RUN_DTTM"[TIMESTAMP,11], 
       "D"."GM_EOPF_STATUS"[VARCHAR2,4], "D"."RUN_STATUS_CD"[VARCHAR2,4]
  72 - (#keys=0) MAX("D1"."SEQNUM")[22]
  73 - "D1"."SEQNUM"[NUMBER,22]
  74 - "D1"."SEQNUM"[NUMBER,22]
  75 - (#keys=1) "R"."GM_EY_APPRAISAL_ID"[NUMBER,22], "R"."GM_EY_REVIEWSTATUS"[VARCHAR2,16], 
       "R"."EMPLID"[VARCHAR2,44], "R"."EMPL_RCD"[NUMBER,22], "R"."PERIOD_BEGIN_DT"[DATE,7], 
       "R"."PERIOD_END_DT"[DATE,7], "R"."GM_EY_REVIEW_TYPE"[VARCHAR2,32], "R"."GM_EY_TEMPLATE_ID"[VARCHAR2,32]
  76 - "GM_EY_APPRAISAL_ID"[NUMBER,22]
  77 - "EOH"."GM_EY_APPRAISAL_ID"[NUMBER,22]
  78 - (#keys=1) "EOD"."RUN_CNTL_ID"[VARCHAR2,120], "EOH"."GM_EY_APPRAISAL_ID"[NUMBER,22], 
       "EOD"."SEQNUM"[NUMBER,22], "EOD"."RUN_DTTM"[TIMESTAMP,11]
  79 - (rowset=256) "EOH"."RUN_CNTL_ID"[VARCHAR2,120], "EOH"."GM_EY_APPRAISAL_ID"[NUMBER,22]
  80 - "EOD"."RUN_CNTL_ID"[VARCHAR2,120], "EOD"."SEQNUM"[NUMBER,22], "EOD"."RUN_DTTM"[TIMESTAMP,11]
  81 - (#keys=0) MAX("EOD1"."SEQNUM")[22]
  82 - "EOD1"."SEQNUM"[NUMBER,22]
  83 - "EOD1"."SEQNUM"[NUMBER,22]
  84 - (#keys=0) MAX("T1"."DATETIME_STAMP")[11]
  85 - "T1"."DATETIME_STAMP"[TIMESTAMP,11]
  86 - "T1"."DATETIME_STAMP"[TIMESTAMP,11]
  87 - "R"."GM_EY_APPRAISAL_ID"[NUMBER,22], "R"."EMPLID"[VARCHAR2,44], "R"."EMPL_RCD"[NUMBER,22], 
       "R"."PERIOD_BEGIN_DT"[DATE,7], "R"."PERIOD_END_DT"[DATE,7], "R"."GM_EY_REVIEW_TYPE"[VARCHAR2,32], 
       "R"."GM_EY_TEMPLATE_ID"[VARCHAR2,32], "R"."GM_EY_REVIEWSTATUS"[VARCHAR2,16]
  88 - "Y"."REVIEW_RATING"[VARCHAR2,4]
  89 - "Y".ROWID[ROWID,10]
  90 - "A"."NAME"[VARCHAR2,200]
  91 - "A".ROWID[ROWID,10], SYS_OP_DESCEND("EFFDT")[RAW,12]
  92 - (#keys=0) MAX(SYS_OP_UNDESCEND(SYS_OP_DESCEND("EFFDT")))[7]
  93 - SYS_OP_DESCEND("EFFDT")[RAW,12]
  94 - (#keys=0) "R"."GM_EY_APPRAISAL_ID"[NUMBER,22], "R"."EMPLID"[VARCHAR2,44], 
       "Y"."REVIEW_RATING"[VARCHAR2,4], "X"."RUN_STATUS_CD"[VARCHAR2,4], "X"."GM_EOPF_STATUS"[VARCHAR2,4], 
       "X"."RUN_DTTM"[TIMESTAMP,11], "R"."GM_EY_REVIEW_TYPE"[VARCHAR2,32], "R"."GM_EY_REVIEWSTATUS"[VARCHAR2,16], 
       "R"."GM_EY_TEMPLATE_ID"[VARCHAR2,32], "R"."EMPL_RCD"[NUMBER,22], "R"."PERIOD_BEGIN_DT"[DATE,7], 
       "R"."PERIOD_END_DT"[DATE,7], "Y"."REVIEW_RATING"[VARCHAR2,4], "A"."NAME"[VARCHAR2,200]
  95 - (#keys=0) "R"."EMPLID"[VARCHAR2,44], "R"."GM_EY_APPRAISAL_ID"[NUMBER,22], 
       "X"."RUN_STATUS_CD"[VARCHAR2,4], "X"."GM_EOPF_STATUS"[VARCHAR2,4], "X"."RUN_DTTM"[TIMESTAMP,11], 
       "R"."GM_EY_REVIEW_TYPE"[VARCHAR2,32], "R"."GM_EY_REVIEWSTATUS"[VARCHAR2,16], 
       "R"."GM_EY_TEMPLATE_ID"[VARCHAR2,32], "R"."EMPL_RCD"[NUMBER,22], "R"."PERIOD_BEGIN_DT"[DATE,7], 
       "R"."PERIOD_END_DT"[DATE,7], "Y"."REVIEW_RATING"[VARCHAR2,4]
  96 - (#keys=2) "R"."EMPLID"[VARCHAR2,44], "R"."GM_EY_APPRAISAL_ID"[NUMBER,22], 
       "X"."RUN_STATUS_CD"[VARCHAR2,4], "X"."GM_EOPF_STATUS"[VARCHAR2,4], "X"."RUN_DTTM"[TIMESTAMP,11], 
       "R"."GM_EY_REVIEW_TYPE"[VARCHAR2,32], "R"."GM_EY_REVIEWSTATUS"[VARCHAR2,16], 
       "R"."GM_EY_TEMPLATE_ID"[VARCHAR2,32], "R"."EMPL_RCD"[NUMBER,22], "R"."PERIOD_BEGIN_DT"[DATE,7], 
       "R"."PERIOD_END_DT"[DATE,7]
  97 - "X"."EMPLID"[VARCHAR2,44], "X"."GM_EY_APPRAISAL_ID"[NUMBER,22], "X"."RUN_DTTM"[TIMESTAMP,11], 
       "X"."GM_EOPF_STATUS"[VARCHAR2,4], "X"."RUN_STATUS_CD"[VARCHAR2,4]
  98 - "H"."GM_EY_APPRAISAL_ID"[NUMBER,22], "H"."EMPLID"[VARCHAR2,44], "D"."RUN_STATUS_CD"[VARCHAR2,4], 
       "D"."RUN_DTTM"[TIMESTAMP,11], "D"."GM_EOPF_STATUS"[VARCHAR2,4]
  99 - (#keys=1) "D"."RUN_CNTL_ID"[VARCHAR2,120], "H"."GM_EY_APPRAISAL_ID"[NUMBER,22], 
       "H"."EMPLID"[VARCHAR2,44], "D"."RUN_STATUS_CD"[VARCHAR2,4], "D"."SEQNUM"[NUMBER,22], 
       "D"."RUN_DTTM"[TIMESTAMP,11], "D"."GM_EOPF_STATUS"[VARCHAR2,4]
 100 - (rowset=256) "H"."RUN_CNTL_ID"[VARCHAR2,120], "H"."EMPLID"[VARCHAR2,44], 
       "H"."GM_EY_APPRAISAL_ID"[NUMBER,22]
 101 - "D"."RUN_CNTL_ID"[VARCHAR2,120], "D"."SEQNUM"[NUMBER,22], "D"."RUN_DTTM"[TIMESTAMP,11], 
       "D"."GM_EOPF_STATUS"[VARCHAR2,4], "D"."RUN_STATUS_CD"[VARCHAR2,4]
 102 - (#keys=0) MAX("D1"."SEQNUM")[22]
 103 - "D1"."SEQNUM"[NUMBER,22]
 104 - "D1"."SEQNUM"[NUMBER,22]
 105 - (#keys=1) "R"."GM_EY_APPRAISAL_ID"[NUMBER,22], "R"."GM_EY_REVIEWSTATUS"[VARCHAR2,16], 
       "R"."EMPLID"[VARCHAR2,44], "R"."EMPL_RCD"[NUMBER,22], "R"."PERIOD_BEGIN_DT"[DATE,7], 
       "R"."PERIOD_END_DT"[DATE,7], "R"."GM_EY_REVIEW_TYPE"[VARCHAR2,32], "R"."GM_EY_TEMPLATE_ID"[VARCHAR2,32]
 106 - "GM_EY_APPRAISAL_ID"[NUMBER,22]
 107 - "EOH"."GM_EY_APPRAISAL_ID"[NUMBER,22]
 108 - (#keys=1) "EOD"."RUN_CNTL_ID"[VARCHAR2,120], "EOH"."GM_EY_APPRAISAL_ID"[NUMBER,22], 
       "EOD"."SEQNUM"[NUMBER,22], "EOD"."RUN_DTTM"[TIMESTAMP,11]
 109 - (rowset=256) "EOH"."RUN_CNTL_ID"[VARCHAR2,120], "EOH"."GM_EY_APPRAISAL_ID"[NUMBER,22]
 110 - "EOD"."RUN_CNTL_ID"[VARCHAR2,120], "EOD"."SEQNUM"[NUMBER,22], "EOD"."RUN_DTTM"[TIMESTAMP,11]
 111 - (#keys=0) MAX("EOD1"."SEQNUM")[22]
 112 - "EOD1"."SEQNUM"[NUMBER,22]
 113 - "EOD1"."SEQNUM"[NUMBER,22]
 114 - (#keys=0) MAX("T1"."DATETIME_STAMP")[11]
 115 - "T1"."DATETIME_STAMP"[TIMESTAMP,11]
 116 - "T1"."DATETIME_STAMP"[TIMESTAMP,11]
 117 - "R"."GM_EY_APPRAISAL_ID"[NUMBER,22], "R"."EMPLID"[VARCHAR2,44], "R"."EMPL_RCD"[NUMBER,22], 
       "R"."PERIOD_BEGIN_DT"[DATE,7], "R"."PERIOD_END_DT"[DATE,7], "R"."GM_EY_REVIEW_TYPE"[VARCHAR2,32], 
       "R"."GM_EY_TEMPLATE_ID"[VARCHAR2,32], "R"."GM_EY_REVIEWSTATUS"[VARCHAR2,16]
 118 - "Y"."REVIEW_RATING"[VARCHAR2,4]
 119 - "Y".ROWID[ROWID,10]
 120 - "A"."NAME"[VARCHAR2,200]
 121 - "A".ROWID[ROWID,10], SYS_OP_DESCEND("EFFDT")[RAW,12]
 122 - (#keys=0) MAX(SYS_OP_UNDESCEND(SYS_OP_DESCEND("EFFDT")))[7]
 123 - SYS_OP_DESCEND("EFFDT")[RAW,12]
 124 - "XX"."REVIEW_RATING"[VARCHAR2,4]
 125 - "XX".ROWID[ROWID,10]
 126 - (#keys=0) "R"."GM_EY_APPRAISAL_ID"[NUMBER,22], "R"."EMPLID"[VARCHAR2,44], 
       "Y"."REVIEW_RATING"[VARCHAR2,4], "X"."RUN_STATUS_CD"[VARCHAR2,4], "X"."GM_EOPF_STATUS"[VARCHAR2,4], 
       "X"."RUN_DTTM"[TIMESTAMP,11], "R"."GM_EY_REVIEW_TYPE"[VARCHAR2,32], "R"."GM_EY_REVIEWSTATUS"[VARCHAR2,16], 
       "R"."GM_EY_TEMPLATE_ID"[VARCHAR2,32], "R"."EMPL_RCD"[NUMBER,22], "R"."PERIOD_BEGIN_DT"[DATE,7], 
       "R"."PERIOD_END_DT"[DATE,7], "Y"."REVIEW_RATING"[VARCHAR2,4], "A"."NAME"[VARCHAR2,200]
 127 - (#keys=0) "R"."EMPLID"[VARCHAR2,44], "R"."GM_EY_APPRAISAL_ID"[NUMBER,22], 
       "X"."RUN_STATUS_CD"[VARCHAR2,4], "X"."GM_EOPF_STATUS"[VARCHAR2,4], "X"."RUN_DTTM"[TIMESTAMP,11], 
       "R"."GM_EY_REVIEW_TYPE"[VARCHAR2,32], "R"."GM_EY_REVIEWSTATUS"[VARCHAR2,16], 
       "R"."GM_EY_TEMPLATE_ID"[VARCHAR2,32], "R"."EMPL_RCD"[NUMBER,22], "R"."PERIOD_BEGIN_DT"[DATE,7], 
       "R"."PERIOD_END_DT"[DATE,7], "Y"."REVIEW_RATING"[VARCHAR2,4]
 128 - (#keys=2) "R"."EMPLID"[VARCHAR2,44], "R"."GM_EY_APPRAISAL_ID"[NUMBER,22], 
       "X"."RUN_STATUS_CD"[VARCHAR2,4], "X"."GM_EOPF_STATUS"[VARCHAR2,4], "X"."RUN_DTTM"[TIMESTAMP,11], 
       "R"."GM_EY_REVIEW_TYPE"[VARCHAR2,32], "R"."GM_EY_REVIEWSTATUS"[VARCHAR2,16], 
       "R"."GM_EY_TEMPLATE_ID"[VARCHAR2,32], "R"."EMPL_RCD"[NUMBER,22], "R"."PERIOD_BEGIN_DT"[DATE,7], 
       "R"."PERIOD_END_DT"[DATE,7]
 129 - "X"."EMPLID"[VARCHAR2,44], "X"."GM_EY_APPRAISAL_ID"[NUMBER,22], "X"."RUN_DTTM"[TIMESTAMP,11], 
       "X"."GM_EOPF_STATUS"[VARCHAR2,4], "X"."RUN_STATUS_CD"[VARCHAR2,4]
 130 - "H"."GM_EY_APPRAISAL_ID"[NUMBER,22], "H"."EMPLID"[VARCHAR2,44], "D"."RUN_STATUS_CD"[VARCHAR2,4], 
       "D"."RUN_DTTM"[TIMESTAMP,11], "D"."GM_EOPF_STATUS"[VARCHAR2,4]
 131 - (#keys=1) "D"."RUN_CNTL_ID"[VARCHAR2,120], "H"."GM_EY_APPRAISAL_ID"[NUMBER,22], 
       "H"."EMPLID"[VARCHAR2,44], "D"."RUN_STATUS_CD"[VARCHAR2,4], "D"."SEQNUM"[NUMBER,22], 
       "D"."RUN_DTTM"[TIMESTAMP,11], "D"."GM_EOPF_STATUS"[VARCHAR2,4]
 132 - (rowset=256) "H"."RUN_CNTL_ID"[VARCHAR2,120], "H"."EMPLID"[VARCHAR2,44], 
       "H"."GM_EY_APPRAISAL_ID"[NUMBER,22]
 133 - "D"."RUN_CNTL_ID"[VARCHAR2,120], "D"."SEQNUM"[NUMBER,22], "D"."RUN_DTTM"[TIMESTAMP,11], 
       "D"."GM_EOPF_STATUS"[VARCHAR2,4], "D"."RUN_STATUS_CD"[VARCHAR2,4]
 134 - (#keys=0) MAX("D1"."SEQNUM")[22]
 135 - "D1"."SEQNUM"[NUMBER,22]
 136 - "D1"."SEQNUM"[NUMBER,22]
 137 - (#keys=1) "R"."GM_EY_APPRAISAL_ID"[NUMBER,22], "R"."GM_EY_REVIEWSTATUS"[VARCHAR2,16], 
       "R"."EMPLID"[VARCHAR2,44], "R"."EMPL_RCD"[NUMBER,22], "R"."PERIOD_BEGIN_DT"[DATE,7], 
       "R"."PERIOD_END_DT"[DATE,7], "R"."GM_EY_REVIEW_TYPE"[VARCHAR2,32], "R"."GM_EY_TEMPLATE_ID"[VARCHAR2,32]
 138 - "GM_EY_APPRAISAL_ID"[NUMBER,22]
 139 - "EOH"."GM_EY_APPRAISAL_ID"[NUMBER,22]
 140 - (#keys=1) "EOD"."RUN_CNTL_ID"[VARCHAR2,120], "EOH"."GM_EY_APPRAISAL_ID"[NUMBER,22], 
       "EOD"."SEQNUM"[NUMBER,22], "EOD"."RUN_DTTM"[TIMESTAMP,11]
 141 - (rowset=256) "EOH"."RUN_CNTL_ID"[VARCHAR2,120], "EOH"."GM_EY_APPRAISAL_ID"[NUMBER,22]
 142 - "EOD"."RUN_CNTL_ID"[VARCHAR2,120], "EOD"."SEQNUM"[NUMBER,22], "EOD"."RUN_DTTM"[TIMESTAMP,11]
 143 - (#keys=0) MAX("EOD1"."SEQNUM")[22]
 144 - "EOD1"."SEQNUM"[NUMBER,22]
 145 - "EOD1"."SEQNUM"[NUMBER,22]
 146 - (#keys=0) MAX("T1"."DATETIME_STAMP")[11]
 147 - "T1"."DATETIME_STAMP"[TIMESTAMP,11]
 148 - "T1"."DATETIME_STAMP"[TIMESTAMP,11]
 149 - "R"."GM_EY_APPRAISAL_ID"[NUMBER,22], "R"."EMPLID"[VARCHAR2,44], "R"."EMPL_RCD"[NUMBER,22], 
       "R"."PERIOD_BEGIN_DT"[DATE,7], "R"."PERIOD_END_DT"[DATE,7], "R"."GM_EY_REVIEW_TYPE"[VARCHAR2,32], 
       "R"."GM_EY_TEMPLATE_ID"[VARCHAR2,32], "R"."GM_EY_REVIEWSTATUS"[VARCHAR2,16]
 150 - "Y"."REVIEW_RATING"[VARCHAR2,4]
 151 - "Y".ROWID[ROWID,10]
 152 - "A"."NAME"[VARCHAR2,200]
 153 - "A".ROWID[ROWID,10], SYS_OP_DESCEND("EFFDT")[RAW,12]
 154 - (#keys=0) MAX(SYS_OP_UNDESCEND(SYS_OP_DESCEND("EFFDT")))[7]
 155 - SYS_OP_DESCEND("EFFDT")[RAW,12]
 
Note
-----
   - this is an adaptive plan

2- Original With Adjusted Cost
------------------------------
Plan hash value: 3419316876

 
-----------------------------------------------------------------------------------------------------------------------
| Id  | Operation                                | Name               | Rows  | Bytes |TempSpc| Cost (%CPU)| Time     |
-----------------------------------------------------------------------------------------------------------------------
|   0 | SELECT STATEMENT                         |                    | 99814 |    23M|       |  1036G  (1)|999:59:59 |
|   1 |  VIEW                                    | PS_GM_EY_EOPFQLFYV | 99814 |    23M|       |  1036G  (1)|999:59:59 |
|   2 |   SORT UNIQUE                            |                    | 99814 |    31M|    34M|  1036G  (1)|999:59:59 |
|   3 |    UNION-ALL                             |                    |       |       |       |            |          |
|   4 |     NESTED LOOPS                         |                    | 37292 |  6045K|       |   207G  (1)|999:59:59 |
|   5 |      NESTED LOOPS                        |                    |   113K|    13M|       |   207G  (1)|999:59:59 |
|*  6 |       HASH JOIN RIGHT OUTER              |                    | 97086 |    10M|       |   207G  (1)|999:59:59 |
|   7 |        VIEW                              | PS_GM_EOPF_H_D_VW  |     1 |    58 |       |   770K  (1)| 00:00:31 |
|*  8 |         FILTER                           |                    |       |       |       |            |          |
|*  9 |          HASH JOIN                       |                    |   256K|    20M|    12M|  7264   (1)| 00:00:01 |
|* 10 |           TABLE ACCESS FULL              | PS_GM_EOPF_HEADER  |   242K|  9729K|       |  1349   (1)| 00:00:01 |
|  11 |           TABLE ACCESS FULL              | PS_GM_EOPF_DETAIL  |   352K|    13M|       |  4416   (1)| 00:00:01 |
|  12 |          SORT AGGREGATE                  |                    |     1 |    32 |       |            |          |
|  13 |           FIRST ROW                      |                    |     1 |    32 |       |     3   (0)| 00:00:01 |
|* 14 |            INDEX RANGE SCAN (MIN/MAX)    | PS_GM_EOPF_DETAIL  |     1 |    32 |       |     3   (0)| 00:00:01 |
|* 15 |        HASH JOIN RIGHT ANTI              |                    | 97086 |  5404K|       |   207G  (1)|999:59:59 |
|  16 |         VIEW                             | VW_NSO_1           |     1 |    13 |       |   207G  (1)|999:59:59 |
|* 17 |          FILTER                          |                    |       |       |       |            |          |
|* 18 |           HASH JOIN                      |                    |    69G|  4852G|    10M|   337K (98)| 00:00:14 |
|* 19 |            TABLE ACCESS FULL             | PS_GM_EOPF_HEADER  |   242K|  8305K|       |  1349   (1)| 00:00:01 |
|* 20 |            TABLE ACCESS FULL             | PS_GM_EOPF_DETAIL  |   254K|  9944K|       |  4416   (1)| 00:00:01 |
|  21 |           SORT AGGREGATE                 |                    |     1 |    32 |       |            |          |
|  22 |            FIRST ROW                     |                    |     1 |    32 |       |     3   (0)| 00:00:01 |
|* 23 |             INDEX RANGE SCAN (MIN/MAX)   | PS_GM_EOPF_DETAIL  |     1 |    32 |       |     3   (0)| 00:00:01 |
|  24 |           SORT AGGREGATE                 |                    |     1 |    16 |       |            |          |
|  25 |            FIRST ROW                     |                    |     1 |    16 |       |     3   (0)| 00:00:01 |
|* 26 |             INDEX RANGE SCAN (MIN/MAX)   | PS_GM_EY_TRACKING  |     1 |    16 |       |     3   (0)| 00:00:01 |
|* 27 |         TABLE ACCESS FULL                | PS_GM_EY_MAIN      | 97087 |  4171K|       |  3051   (1)| 00:00:01 |
|  28 |       TABLE ACCESS BY INDEX ROWID BATCHED| PS_GM_EY_SECTION   |     1 |    13 |       |     3   (0)| 00:00:01 |
|* 29 |        INDEX RANGE SCAN                  | PS_GM_EY_SECTION   |     1 |       |       |     2   (0)| 00:00:01 |
|  30 |      TABLE ACCESS BY INDEX ROWID BATCHED | PS_NAMES           |     1 |    38 |       |     3   (0)| 00:00:01 |
|* 31 |       INDEX RANGE SCAN                   | PS_NAMES           |     1 |       |       |     2   (0)| 00:00:01 |
|  32 |        SORT AGGREGATE                    |                    |     1 |    20 |       |            |          |
|* 33 |         INDEX RANGE SCAN                 | PS_NAMES           |     2 |    40 |       |     3   (0)| 00:00:01 |
|  34 |     NESTED LOOPS                         |                    | 37769 |  6122K|       |   207G  (1)|999:59:59 |
|  35 |      NESTED LOOPS                        |                    |   132K|    16M|       |   207G  (1)|999:59:59 |
|* 36 |       HASH JOIN RIGHT OUTER              |                    |   112K|    12M|       |   207G  (1)|999:59:59 |
|  37 |        VIEW                              | PS_GM_EOPF_H_D_VW  |     1 |    58 |       |   770K  (1)| 00:00:31 |
|* 38 |         FILTER                           |                    |       |       |       |            |          |
|* 39 |          HASH JOIN                       |                    |   256K|    20M|    12M|  7264   (1)| 00:00:01 |
|* 40 |           TABLE ACCESS FULL              | PS_GM_EOPF_HEADER  |   242K|  9729K|       |  1349   (1)| 00:00:01 |
|  41 |           TABLE ACCESS FULL              | PS_GM_EOPF_DETAIL  |   352K|    13M|       |  4416   (1)| 00:00:01 |
|  42 |          SORT AGGREGATE                  |                    |     1 |    32 |       |            |          |
|  43 |           FIRST ROW                      |                    |     1 |    32 |       |     3   (0)| 00:00:01 |
|* 44 |            INDEX RANGE SCAN (MIN/MAX)    | PS_GM_EOPF_DETAIL  |     1 |    32 |       |     3   (0)| 00:00:01 |
|* 45 |        HASH JOIN RIGHT ANTI              |                    |   112K|  6254K|       |   207G  (1)|999:59:59 |
|  46 |         VIEW                             | VW_NSO_2           |     1 |    13 |       |   207G  (1)|999:59:59 |
|* 47 |          FILTER                          |                    |       |       |       |            |          |
|* 48 |           HASH JOIN                      |                    |    69G|  4852G|    10M|   337K (98)| 00:00:14 |
|* 49 |            TABLE ACCESS FULL             | PS_GM_EOPF_HEADER  |   242K|  8305K|       |  1349   (1)| 00:00:01 |
|* 50 |            TABLE ACCESS FULL             | PS_GM_EOPF_DETAIL  |   254K|  9944K|       |  4416   (1)| 00:00:01 |
|  51 |           SORT AGGREGATE                 |                    |     1 |    32 |       |            |          |
|  52 |            FIRST ROW                     |                    |     1 |    32 |       |     3   (0)| 00:00:01 |
|* 53 |             INDEX RANGE SCAN (MIN/MAX)   | PS_GM_EOPF_DETAIL  |     1 |    32 |       |     3   (0)| 00:00:01 |
|  54 |           SORT AGGREGATE                 |                    |     1 |    16 |       |            |          |
|  55 |            FIRST ROW                     |                    |     1 |    16 |       |     3   (0)| 00:00:01 |
|* 56 |             INDEX RANGE SCAN (MIN/MAX)   | PS_GM_EY_TRACKING  |     1 |    16 |       |     3   (0)| 00:00:01 |
|* 57 |         TABLE ACCESS FULL                | PS_GM_EY_MAIN      |   112K|  4827K|       |  3051   (1)| 00:00:01 |
|  58 |       TABLE ACCESS BY INDEX ROWID BATCHED| PS_GM_EY_SECTION   |     1 |    13 |       |     3   (0)| 00:00:01 |
|* 59 |        INDEX RANGE SCAN                  | PS_GM_EY_SECTION   |     1 |       |       |     2   (0)| 00:00:01 |
|  60 |      TABLE ACCESS BY INDEX ROWID BATCHED | PS_NAMES           |     1 |    38 |       |     3   (0)| 00:00:01 |
|* 61 |       INDEX RANGE SCAN                   | PS_NAMES           |     1 |       |       |     2   (0)| 00:00:01 |
|  62 |        SORT AGGREGATE                    |                    |     1 |    20 |       |            |          |
|* 63 |         INDEX RANGE SCAN                 | PS_NAMES           |     2 |    40 |       |     3   (0)| 00:00:01 |
|  64 |     NESTED LOOPS                         |                    | 23036 |  3734K|       |   207G  (1)|999:59:59 |
|  65 |      NESTED LOOPS                        |                    | 23112 |  2889K|       |   207G  (1)|999:59:59 |
|* 66 |       HASH JOIN RIGHT OUTER              |                    | 19556 |  2196K|       |   207G  (1)|999:59:59 |
|  67 |        VIEW                              | PS_GM_EOPF_H_D_VW  |     1 |    58 |       |   770K  (1)| 00:00:31 |
|* 68 |         FILTER                           |                    |       |       |       |            |          |
|* 69 |          HASH JOIN                       |                    |   256K|    20M|    12M|  7264   (1)| 00:00:01 |
|* 70 |           TABLE ACCESS FULL              | PS_GM_EOPF_HEADER  |   242K|  9729K|       |  1349   (1)| 00:00:01 |
|  71 |           TABLE ACCESS FULL              | PS_GM_EOPF_DETAIL  |   352K|    13M|       |  4416   (1)| 00:00:01 |
|  72 |          SORT AGGREGATE                  |                    |     1 |    32 |       |            |          |
|  73 |           FIRST ROW                      |                    |     1 |    32 |       |     3   (0)| 00:00:01 |
|* 74 |            INDEX RANGE SCAN (MIN/MAX)    | PS_GM_EOPF_DETAIL  |     1 |    32 |       |     3   (0)| 00:00:01 |
|* 75 |        HASH JOIN RIGHT ANTI              |                    | 19556 |  1088K|       |   207G  (1)|999:59:59 |
|  76 |         VIEW                             | VW_NSO_3           |     1 |    13 |       |   207G  (1)|999:59:59 |
|* 77 |          FILTER                          |                    |       |       |       |            |          |
|* 78 |           HASH JOIN                      |                    |    69G|  4852G|    10M|   337K (98)| 00:00:14 |
|* 79 |            TABLE ACCESS FULL             | PS_GM_EOPF_HEADER  |   242K|  8305K|       |  1349   (1)| 00:00:01 |
|* 80 |            TABLE ACCESS FULL             | PS_GM_EOPF_DETAIL  |   254K|  9944K|       |  4416   (1)| 00:00:01 |
|  81 |           SORT AGGREGATE                 |                    |     1 |    32 |       |            |          |
|  82 |            FIRST ROW                     |                    |     1 |    32 |       |     3   (0)| 00:00:01 |
|* 83 |             INDEX RANGE SCAN (MIN/MAX)   | PS_GM_EOPF_DETAIL  |     1 |    32 |       |     3   (0)| 00:00:01 |
|  84 |           SORT AGGREGATE                 |                    |     1 |    16 |       |            |          |
|  85 |            FIRST ROW                     |                    |     1 |    16 |       |     3   (0)| 00:00:01 |
|* 86 |             INDEX RANGE SCAN (MIN/MAX)   | PS_GM_EY_TRACKING  |     1 |    16 |       |     3   (0)| 00:00:01 |
|* 87 |         TABLE ACCESS FULL                | PS_GM_EY_MAIN      | 19557 |   840K|       |  3051   (1)| 00:00:01 |
|  88 |       TABLE ACCESS BY INDEX ROWID BATCHED| PS_GM_EY_SECTION   |     1 |    13 |       |     3   (0)| 00:00:01 |
|* 89 |        INDEX RANGE SCAN                  | PS_GM_EY_SECTION   |     1 |       |       |     2   (0)| 00:00:01 |
|  90 |      TABLE ACCESS BY INDEX ROWID BATCHED | PS_NAMES           |     1 |    38 |       |     3   (0)| 00:00:01 |
|* 91 |       INDEX RANGE SCAN                   | PS_NAMES           |     1 |       |       |     2   (0)| 00:00:01 |
|  92 |        SORT AGGREGATE                    |                    |     1 |    20 |       |            |          |
|* 93 |         INDEX RANGE SCAN                 | PS_NAMES           |     2 |    40 |       |     3   (0)| 00:00:01 |
|  94 |     NESTED LOOPS                         |                    |   447 | 74202 |       |   207G  (1)|999:59:59 |
|  95 |      NESTED LOOPS                        |                    |   448 | 57344 |       |   207G  (1)|999:59:59 |
|* 96 |       HASH JOIN RIGHT OUTER              |                    |   447 | 51405 |       |   207G  (1)|999:59:59 |
|  97 |        VIEW                              | PS_GM_EOPF_H_D_VW  |     1 |    58 |       |   770K  (1)| 00:00:31 |
|* 98 |         FILTER                           |                    |       |       |       |            |          |
|* 99 |          HASH JOIN                       |                    |   256K|    20M|    12M|  7264   (1)| 00:00:01 |
|*100 |           TABLE ACCESS FULL              | PS_GM_EOPF_HEADER  |   242K|  9729K|       |  1349   (1)| 00:00:01 |
| 101 |           TABLE ACCESS FULL              | PS_GM_EOPF_DETAIL  |   352K|    13M|       |  4416   (1)| 00:00:01 |
| 102 |          SORT AGGREGATE                  |                    |     1 |    32 |       |            |          |
| 103 |           FIRST ROW                      |                    |     1 |    32 |       |     3   (0)| 00:00:01 |
|*104 |            INDEX RANGE SCAN (MIN/MAX)    | PS_GM_EOPF_DETAIL  |     1 |    32 |       |     3   (0)| 00:00:01 |
|*105 |        HASH JOIN RIGHT ANTI              |                    |   447 | 25479 |       |   207G  (1)|999:59:59 |
| 106 |         VIEW                             | VW_NSO_4           |     1 |    13 |       |   207G  (1)|999:59:59 |
|*107 |          FILTER                          |                    |       |       |       |            |          |
|*108 |           HASH JOIN                      |                    |    69G|  4852G|    10M|   337K (98)| 00:00:14 |
|*109 |            TABLE ACCESS FULL             | PS_GM_EOPF_HEADER  |   242K|  8305K|       |  1349   (1)| 00:00:01 |
|*110 |            TABLE ACCESS FULL             | PS_GM_EOPF_DETAIL  |   254K|  9944K|       |  4416   (1)| 00:00:01 |
| 111 |           SORT AGGREGATE                 |                    |     1 |    32 |       |            |          |
| 112 |            FIRST ROW                     |                    |     1 |    32 |       |     3   (0)| 00:00:01 |
|*113 |             INDEX RANGE SCAN (MIN/MAX)   | PS_GM_EOPF_DETAIL  |     1 |    32 |       |     3   (0)| 00:00:01 |
| 114 |           SORT AGGREGATE                 |                    |     1 |    16 |       |            |          |
| 115 |            FIRST ROW                     |                    |     1 |    16 |       |     3   (0)| 00:00:01 |
|*116 |             INDEX RANGE SCAN (MIN/MAX)   | PS_GM_EY_TRACKING  |     1 |    16 |       |     3   (0)| 00:00:01 |
|*117 |         TABLE ACCESS FULL                | PS_GM_EY_MAIN      |   448 | 19712 |       |  3051   (1)| 00:00:01 |
| 118 |       TABLE ACCESS BY INDEX ROWID BATCHED| PS_GM_EY_SECTION   |     1 |    13 |       |     3   (0)| 00:00:01 |
|*119 |        INDEX RANGE SCAN                  | PS_GM_EY_SECTION   |     1 |       |       |     2   (0)| 00:00:01 |
| 120 |      TABLE ACCESS BY INDEX ROWID BATCHED | PS_NAMES           |     1 |    38 |       |     3   (0)| 00:00:01 |
|*121 |       INDEX RANGE SCAN                   | PS_NAMES           |     1 |       |       |     2   (0)| 00:00:01 |
| 122 |        SORT AGGREGATE                    |                    |     1 |    20 |       |            |          |
|*123 |         INDEX RANGE SCAN                 | PS_NAMES           |     2 |    40 |       |     3   (0)| 00:00:01 |
| 124 |     TABLE ACCESS BY INDEX ROWID BATCHED  | PS_GM_EY_SECTION   |     1 |    13 |       |     4   (0)| 00:00:01 |
|*125 |      INDEX RANGE SCAN                    | PS_GM_EY_SECTION   |     1 |       |       |     3   (0)| 00:00:01 |
| 126 |     NESTED LOOPS                         |                    |  1270 |   205K|       |   207G  (1)|999:59:59 |
| 127 |      NESTED LOOPS                        |                    |  1274 |   159K|       |   207G  (1)|999:59:59 |
|*128 |       HASH JOIN RIGHT OUTER              |                    |  1271 |   142K|       |   207G  (1)|999:59:59 |
| 129 |        VIEW                              | PS_GM_EOPF_H_D_VW  |     1 |    58 |       |   770K  (1)| 00:00:31 |
|*130 |         FILTER                           |                    |       |       |       |            |          |
|*131 |          HASH JOIN                       |                    |   256K|    20M|    12M|  7264   (1)| 00:00:01 |
|*132 |           TABLE ACCESS FULL              | PS_GM_EOPF_HEADER  |   242K|  9729K|       |  1349   (1)| 00:00:01 |
| 133 |           TABLE ACCESS FULL              | PS_GM_EOPF_DETAIL  |   352K|    13M|       |  4416   (1)| 00:00:01 |
| 134 |          SORT AGGREGATE                  |                    |     1 |    32 |       |            |          |
| 135 |           FIRST ROW                      |                    |     1 |    32 |       |     3   (0)| 00:00:01 |
|*136 |            INDEX RANGE SCAN (MIN/MAX)    | PS_GM_EOPF_DETAIL  |     1 |    32 |       |     3   (0)| 00:00:01 |
|*137 |        HASH JOIN RIGHT ANTI              |                    |  1271 | 72447 |       |   207G  (1)|999:59:59 |
| 138 |         VIEW                             | VW_NSO_5           |     1 |    13 |       |   207G  (1)|999:59:59 |
|*139 |          FILTER                          |                    |       |       |       |            |          |
|*140 |           HASH JOIN                      |                    |    69G|  4852G|    10M|   337K (98)| 00:00:14 |
|*141 |            TABLE ACCESS FULL             | PS_GM_EOPF_HEADER  |   242K|  8305K|       |  1349   (1)| 00:00:01 |
|*142 |            TABLE ACCESS FULL             | PS_GM_EOPF_DETAIL  |   254K|  9944K|       |  4416   (1)| 00:00:01 |
| 143 |           SORT AGGREGATE                 |                    |     1 |    32 |       |            |          |
| 144 |            FIRST ROW                     |                    |     1 |    32 |       |     3   (0)| 00:00:01 |
|*145 |             INDEX RANGE SCAN (MIN/MAX)   | PS_GM_EOPF_DETAIL  |     1 |    32 |       |     3   (0)| 00:00:01 |
| 146 |           SORT AGGREGATE                 |                    |     1 |    16 |       |            |          |
| 147 |            FIRST ROW                     |                    |     1 |    16 |       |     3   (0)| 00:00:01 |
|*148 |             INDEX RANGE SCAN (MIN/MAX)   | PS_GM_EY_TRACKING  |     1 |    16 |       |     3   (0)| 00:00:01 |
|*149 |         TABLE ACCESS FULL                | PS_GM_EY_MAIN      |  1272 | 55968 |       |  3051   (1)| 00:00:01 |
| 150 |       TABLE ACCESS BY INDEX ROWID BATCHED| PS_GM_EY_SECTION   |     1 |    13 |       |     3   (0)| 00:00:01 |
|*151 |        INDEX RANGE SCAN                  | PS_GM_EY_SECTION   |     1 |       |       |     2   (0)| 00:00:01 |
| 152 |      TABLE ACCESS BY INDEX ROWID BATCHED | PS_NAMES           |     1 |    38 |       |     3   (0)| 00:00:01 |
|*153 |       INDEX RANGE SCAN                   | PS_NAMES           |     1 |       |       |     2   (0)| 00:00:01 |
| 154 |        SORT AGGREGATE                    |                    |     1 |    20 |       |            |          |
|*155 |         INDEX RANGE SCAN                 | PS_NAMES           |     2 |    40 |       |     3   (0)| 00:00:01 |
-----------------------------------------------------------------------------------------------------------------------
 
Query Block Name / Object Alias (identified by operation id):
-------------------------------------------------------------
 
   1 - SET$1        / PS_GM_EY_EOPFQLFYV@SEL$1
   2 - SET$1       
   4 - SEL$E6413A4A
   7 - SEL$3        / X@SEL$2
   8 - SEL$3       
  10 - SEL$3        / H@SEL$3
  11 - SEL$3        / D@SEL$3
  12 - SEL$4       
  14 - SEL$4        / D1@SEL$4
  16 - SEL$3C459230 / VW_NSO_1@SEL$E6413A4A
  17 - SEL$3C459230
  19 - SEL$3C459230 / EOH@SEL$7
  20 - SEL$3C459230 / EOD@SEL$7
  21 - SEL$8       
  23 - SEL$8        / EOD1@SEL$8
  24 - SEL$9       
  26 - SEL$9        / T1@SEL$9
  27 - SEL$E6413A4A / R@SEL$2
  28 - SEL$E6413A4A / Y@SEL$2
  29 - SEL$E6413A4A / Y@SEL$2
  30 - SEL$E6413A4A / A@SEL$5
  31 - SEL$E6413A4A / A@SEL$5
  32 - SEL$6       
  33 - SEL$6        / B@SEL$6
  34 - SEL$C1C3F767
  37 - SEL$11       / X@SEL$10
  38 - SEL$11      
  40 - SEL$11       / H@SEL$11
  41 - SEL$11       / D@SEL$11
  42 - SEL$12      
  44 - SEL$12       / D1@SEL$12
  46 - SEL$3696862B / VW_NSO_2@SEL$C1C3F767
  47 - SEL$3696862B
  49 - SEL$3696862B / EOH@SEL$15
  50 - SEL$3696862B / EOD@SEL$15
  51 - SEL$16      
  53 - SEL$16       / EOD1@SEL$16
  54 - SEL$17      
  56 - SEL$17       / T1@SEL$17
  57 - SEL$C1C3F767 / R@SEL$10
  58 - SEL$C1C3F767 / Y@SEL$10
  59 - SEL$C1C3F767 / Y@SEL$10
  60 - SEL$C1C3F767 / A@SEL$13
  61 - SEL$C1C3F767 / A@SEL$13
  62 - SEL$14      
  63 - SEL$14       / B@SEL$14
  64 - SEL$B8AE80F2
  67 - SEL$19       / X@SEL$18
  68 - SEL$19      
  70 - SEL$19       / H@SEL$19
  71 - SEL$19       / D@SEL$19
  72 - SEL$20      
  74 - SEL$20       / D1@SEL$20
  76 - SEL$85F5D741 / VW_NSO_3@SEL$B8AE80F2
  77 - SEL$85F5D741
  79 - SEL$85F5D741 / EOH@SEL$23
  80 - SEL$85F5D741 / EOD@SEL$23
  81 - SEL$24      
  83 - SEL$24       / EOD1@SEL$24
  84 - SEL$25      
  86 - SEL$25       / T1@SEL$25
  87 - SEL$B8AE80F2 / R@SEL$18
  88 - SEL$B8AE80F2 / Y@SEL$18
  89 - SEL$B8AE80F2 / Y@SEL$18
  90 - SEL$B8AE80F2 / A@SEL$21
  91 - SEL$B8AE80F2 / A@SEL$21
  92 - SEL$22      
  93 - SEL$22       / B@SEL$22
  94 - SEL$891703B5
  97 - SEL$27       / X@SEL$26
  98 - SEL$27      
 100 - SEL$27       / H@SEL$27
 101 - SEL$27       / D@SEL$27
 102 - SEL$28      
 104 - SEL$28       / D1@SEL$28
 106 - SEL$6BE15233 / VW_NSO_4@SEL$891703B5
 107 - SEL$6BE15233
 109 - SEL$6BE15233 / EOH@SEL$31
 110 - SEL$6BE15233 / EOD@SEL$31
 111 - SEL$32      
 113 - SEL$32       / EOD1@SEL$32
 114 - SEL$33      
 116 - SEL$33       / T1@SEL$33
 117 - SEL$891703B5 / R@SEL$26
 118 - SEL$891703B5 / Y@SEL$26
 119 - SEL$891703B5 / Y@SEL$26
 120 - SEL$891703B5 / A@SEL$29
 121 - SEL$891703B5 / A@SEL$29
 122 - SEL$30      
 123 - SEL$30       / B@SEL$30
 124 - SEL$35       / XX@SEL$35
 125 - SEL$35       / XX@SEL$35
 126 - SEL$3D8D8DED
 129 - SEL$36       / X@SEL$34
 130 - SEL$36      
 132 - SEL$36       / H@SEL$36
 133 - SEL$36       / D@SEL$36
 134 - SEL$37      
 136 - SEL$37       / D1@SEL$37
 138 - SEL$E4BE5340 / VW_NSO_5@SEL$3D8D8DED
 139 - SEL$E4BE5340
 141 - SEL$E4BE5340 / EOH@SEL$40
 142 - SEL$E4BE5340 / EOD@SEL$40
 143 - SEL$41      
 145 - SEL$41       / EOD1@SEL$41
 146 - SEL$42      
 148 - SEL$42       / T1@SEL$42
 149 - SEL$3D8D8DED / R@SEL$34
 150 - SEL$3D8D8DED / Y@SEL$34
 151 - SEL$3D8D8DED / Y@SEL$34
 152 - SEL$3D8D8DED / A@SEL$38
 153 - SEL$3D8D8DED / A@SEL$38
 154 - SEL$39      
 155 - SEL$39       / B@SEL$39
 
Predicate Information (identified by operation id):
---------------------------------------------------
 
   6 - access("X"."EMPLID"(+)="R"."EMPLID" AND "X"."GM_EY_APPRAISAL_ID"(+)="R"."GM_EY_APPRAISAL_ID")
   8 - filter("D"."SEQNUM"= (SELECT /*+ INDEX ("D1" "PS_GM_EOPF_DETAIL") */ MAX("D1"."SEQNUM") FROM 
              "SYSADM"."PS_GM_EOPF_DETAIL" "D1" WHERE "D1"."RUN_CNTL_ID"=:B1))
   9 - access("H"."RUN_CNTL_ID"="D"."RUN_CNTL_ID")
  10 - filter("H"."GM_EOPF_SOURCE"='E')
  14 - access("D1"."RUN_CNTL_ID"=:B1)
  15 - access("R"."GM_EY_APPRAISAL_ID"="GM_EY_APPRAISAL_ID")
  17 - filter("EOD"."SEQNUM"= (SELECT /*+ INDEX ("EOD1" "PS_GM_EOPF_DETAIL") */ MAX("EOD1"."SEQNUM") FROM 
              "SYSADM"."PS_GM_EOPF_DETAIL" "EOD1" WHERE "EOD1"."RUN_CNTL_ID"=:B1) AND "EOD"."RUN_DTTM"> (SELECT /*+ INDEX 
              ("T1" "PS_GM_EY_TRACKING") */ MAX("T1"."DATETIME_STAMP") FROM "SYSADM"."PS_GM_EY_TRACKING" "T1" WHERE 
              "T1"."GM_EY_APPRAISAL_ID"=:B2))
  18 - access("EOH"."RUN_CNTL_ID"="EOD"."RUN_CNTL_ID")
  19 - filter("EOH"."GM_EOPF_SOURCE"='E')
  20 - filter("EOD"."RUN_STATUS_CD"='C' OR "EOD"."RUN_STATUS_CD"='I' OR "EOD"."RUN_STATUS_CD"='N')
  23 - access("EOD1"."RUN_CNTL_ID"=:B1)
  26 - access("T1"."GM_EY_APPRAISAL_ID"=:B1)
  27 - filter("R"."GM_EY_REVIEWSTATUS"='PYEA' AND "R"."GM_EY_TEMPLATE_ID" LIKE 'DS-7644%')
  29 - access("Y"."GM_EY_APPRAISAL_ID"="R"."GM_EY_APPRAISAL_ID" AND "Y"."GM_EY_SECTION_TYPE"='C118')
       filter("Y"."GM_EY_SECTION_TYPE"='C118')
  31 - access("R"."EMPLID"="A"."EMPLID" AND "A"."NAME_TYPE"='PRI')
       filter(SYS_OP_UNDESCEND(SYS_OP_DESCEND("EFFDT"))= (SELECT /*+ PUSH_SUBQ INDEX ("B" "PS_NAMES") */ 
              MAX(SYS_OP_UNDESCEND(SYS_OP_DESCEND("EFFDT"))) FROM "SYSADM"."PS_NAMES" "B" WHERE SYS_OP_DESCEND("EFFDT") IS 
              NOT NULL AND SYS_OP_DESCEND("EFFDT")>=SYS_OP_DESCEND(TO_DATE(TO_CHAR(SYSDATE@!,'YYYY-MM-DD'),'YYYY-MM-DD')) 
              AND "B"."NAME_TYPE"=:B1 AND "B"."EMPLID"=:B2 AND SYS_OP_UNDESCEND(SYS_OP_DESCEND("EFFDT"))<=TO_DATE(TO_CHAR(SYS
              DATE@!,'YYYY-MM-DD'),'YYYY-MM-DD')))
  33 - access("B"."EMPLID"=:B1 AND "B"."NAME_TYPE"=:B2 AND 
              SYS_OP_DESCEND("EFFDT")>=SYS_OP_DESCEND(TO_DATE(TO_CHAR(SYSDATE@!,'YYYY-MM-DD'),'YYYY-MM-DD')) AND 
              SYS_OP_DESCEND("EFFDT") IS NOT NULL)
       filter(SYS_OP_UNDESCEND(SYS_OP_DESCEND("EFFDT"))<=TO_DATE(TO_CHAR(SYSDATE@!,'YYYY-MM-DD'),'YYYY-MM-DD'))
  36 - access("X"."EMPLID"(+)="R"."EMPLID" AND "X"."GM_EY_APPRAISAL_ID"(+)="R"."GM_EY_APPRAISAL_ID")
  38 - filter("D"."SEQNUM"= (SELECT /*+ INDEX ("D1" "PS_GM_EOPF_DETAIL") */ MAX("D1"."SEQNUM") FROM 
              "SYSADM"."PS_GM_EOPF_DETAIL" "D1" WHERE "D1"."RUN_CNTL_ID"=:B1))
  39 - access("H"."RUN_CNTL_ID"="D"."RUN_CNTL_ID")
  40 - filter("H"."GM_EOPF_SOURCE"='E')
  44 - access("D1"."RUN_CNTL_ID"=:B1)
  45 - access("R"."GM_EY_APPRAISAL_ID"="GM_EY_APPRAISAL_ID")
  47 - filter("EOD"."SEQNUM"= (SELECT /*+ INDEX ("EOD1" "PS_GM_EOPF_DETAIL") */ MAX("EOD1"."SEQNUM") FROM 
              "SYSADM"."PS_GM_EOPF_DETAIL" "EOD1" WHERE "EOD1"."RUN_CNTL_ID"=:B1) AND "EOD"."RUN_DTTM"> (SELECT /*+ INDEX 
              ("T1" "PS_GM_EY_TRACKING") */ MAX("T1"."DATETIME_STAMP") FROM "SYSADM"."PS_GM_EY_TRACKING" "T1" WHERE 
              "T1"."GM_EY_APPRAISAL_ID"=:B2))
  48 - access("EOH"."RUN_CNTL_ID"="EOD"."RUN_CNTL_ID")
  49 - filter("EOH"."GM_EOPF_SOURCE"='E')
  50 - filter("EOD"."RUN_STATUS_CD"='C' OR "EOD"."RUN_STATUS_CD"='I' OR "EOD"."RUN_STATUS_CD"='N')
  53 - access("EOD1"."RUN_CNTL_ID"=:B1)
  56 - access("T1"."GM_EY_APPRAISAL_ID"=:B1)
  57 - filter("R"."GM_EY_REVIEWSTATUS"='PYEA' AND "R"."GM_EY_TEMPLATE_ID"='DS-5055')
  59 - access("Y"."GM_EY_APPRAISAL_ID"="R"."GM_EY_APPRAISAL_ID" AND "Y"."GM_EY_SECTION_TYPE"='FS109')
       filter("Y"."GM_EY_SECTION_TYPE"='FS109')
  61 - access("R"."EMPLID"="A"."EMPLID" AND "A"."NAME_TYPE"='PRI')
       filter(SYS_OP_UNDESCEND(SYS_OP_DESCEND("EFFDT"))= (SELECT /*+ PUSH_SUBQ INDEX ("B" "PS_NAMES") */ 
              MAX(SYS_OP_UNDESCEND(SYS_OP_DESCEND("EFFDT"))) FROM "SYSADM"."PS_NAMES" "B" WHERE SYS_OP_DESCEND("EFFDT") IS 
              NOT NULL AND SYS_OP_DESCEND("EFFDT")>=SYS_OP_DESCEND(TO_DATE(TO_CHAR(SYSDATE@!,'YYYY-MM-DD'),'YYYY-MM-DD')) 
              AND "B"."NAME_TYPE"=:B1 AND "B"."EMPLID"=:B2 AND SYS_OP_UNDESCEND(SYS_OP_DESCEND("EFFDT"))<=TO_DATE(TO_CHAR(SYS
              DATE@!,'YYYY-MM-DD'),'YYYY-MM-DD')))
  63 - access("B"."EMPLID"=:B1 AND "B"."NAME_TYPE"=:B2 AND 
              SYS_OP_DESCEND("EFFDT")>=SYS_OP_DESCEND(TO_DATE(TO_CHAR(SYSDATE@!,'YYYY-MM-DD'),'YYYY-MM-DD')) AND 
              SYS_OP_DESCEND("EFFDT") IS NOT NULL)
       filter(SYS_OP_UNDESCEND(SYS_OP_DESCEND("EFFDT"))<=TO_DATE(TO_CHAR(SYSDATE@!,'YYYY-MM-DD'),'YYYY-MM-DD'))
  66 - access("X"."EMPLID"(+)="R"."EMPLID" AND "X"."GM_EY_APPRAISAL_ID"(+)="R"."GM_EY_APPRAISAL_ID")
  68 - filter("D"."SEQNUM"= (SELECT /*+ INDEX ("D1" "PS_GM_EOPF_DETAIL") */ MAX("D1"."SEQNUM") FROM 
              "SYSADM"."PS_GM_EOPF_DETAIL" "D1" WHERE "D1"."RUN_CNTL_ID"=:B1))
  69 - access("H"."RUN_CNTL_ID"="D"."RUN_CNTL_ID")
  70 - filter("H"."GM_EOPF_SOURCE"='E')
  74 - access("D1"."RUN_CNTL_ID"=:B1)
  75 - access("R"."GM_EY_APPRAISAL_ID"="GM_EY_APPRAISAL_ID")
  77 - filter("EOD"."SEQNUM"= (SELECT /*+ INDEX ("EOD1" "PS_GM_EOPF_DETAIL") */ MAX("EOD1"."SEQNUM") FROM 
              "SYSADM"."PS_GM_EOPF_DETAIL" "EOD1" WHERE "EOD1"."RUN_CNTL_ID"=:B1) AND "EOD"."RUN_DTTM"> (SELECT /*+ INDEX 
              ("T1" "PS_GM_EY_TRACKING") */ MAX("T1"."DATETIME_STAMP") FROM "SYSADM"."PS_GM_EY_TRACKING" "T1" WHERE 
              "T1"."GM_EY_APPRAISAL_ID"=:B2))
  78 - access("EOH"."RUN_CNTL_ID"="EOD"."RUN_CNTL_ID")
  79 - filter("EOH"."GM_EOPF_SOURCE"='E')
  80 - filter("EOD"."RUN_STATUS_CD"='C' OR "EOD"."RUN_STATUS_CD"='I' OR "EOD"."RUN_STATUS_CD"='N')
  83 - access("EOD1"."RUN_CNTL_ID"=:B1)
  86 - access("T1"."GM_EY_APPRAISAL_ID"=:B1)
  87 - filter("R"."GM_EY_REVIEWSTATUS"='PYEA' AND "R"."GM_EY_TEMPLATE_ID"='DS-1829')
  89 - access("Y"."GM_EY_APPRAISAL_ID"="R"."GM_EY_APPRAISAL_ID" AND "Y"."GM_EY_SECTION_TYPE"='FS109')
       filter("Y"."GM_EY_SECTION_TYPE"='FS109')
  91 - access("R"."EMPLID"="A"."EMPLID" AND "A"."NAME_TYPE"='PRI')
       filter(SYS_OP_UNDESCEND(SYS_OP_DESCEND("EFFDT"))= (SELECT /*+ PUSH_SUBQ INDEX ("B" "PS_NAMES") */ 
              MAX(SYS_OP_UNDESCEND(SYS_OP_DESCEND("EFFDT"))) FROM "SYSADM"."PS_NAMES" "B" WHERE SYS_OP_DESCEND("EFFDT") IS 
              NOT NULL AND SYS_OP_DESCEND("EFFDT")>=SYS_OP_DESCEND(TO_DATE(TO_CHAR(SYSDATE@!,'YYYY-MM-DD'),'YYYY-MM-DD')) 
              AND "B"."NAME_TYPE"=:B1 AND "B"."EMPLID"=:B2 AND SYS_OP_UNDESCEND(SYS_OP_DESCEND("EFFDT"))<=TO_DATE(TO_CHAR(SYS
              DATE@!,'YYYY-MM-DD'),'YYYY-MM-DD')))
  93 - access("B"."EMPLID"=:B1 AND "B"."NAME_TYPE"=:B2 AND 
              SYS_OP_DESCEND("EFFDT")>=SYS_OP_DESCEND(TO_DATE(TO_CHAR(SYSDATE@!,'YYYY-MM-DD'),'YYYY-MM-DD')) AND 
              SYS_OP_DESCEND("EFFDT") IS NOT NULL)
       filter(SYS_OP_UNDESCEND(SYS_OP_DESCEND("EFFDT"))<=TO_DATE(TO_CHAR(SYSDATE@!,'YYYY-MM-DD'),'YYYY-MM-DD'))
  96 - access("X"."EMPLID"(+)="R"."EMPLID" AND "X"."GM_EY_APPRAISAL_ID"(+)="R"."GM_EY_APPRAISAL_ID")
  98 - filter("D"."SEQNUM"= (SELECT /*+ INDEX ("D1" "PS_GM_EOPF_DETAIL") */ MAX("D1"."SEQNUM") FROM 
              "SYSADM"."PS_GM_EOPF_DETAIL" "D1" WHERE "D1"."RUN_CNTL_ID"=:B1))
  99 - access("H"."RUN_CNTL_ID"="D"."RUN_CNTL_ID")
 100 - filter("H"."GM_EOPF_SOURCE"='E')
 104 - access("D1"."RUN_CNTL_ID"=:B1)
 105 - access("R"."GM_EY_APPRAISAL_ID"="GM_EY_APPRAISAL_ID")
 107 - filter("EOD"."SEQNUM"= (SELECT /*+ INDEX ("EOD1" "PS_GM_EOPF_DETAIL") */ MAX("EOD1"."SEQNUM") FROM 
              "SYSADM"."PS_GM_EOPF_DETAIL" "EOD1" WHERE "EOD1"."RUN_CNTL_ID"=:B1) AND "EOD"."RUN_DTTM"> (SELECT /*+ INDEX 
              ("T1" "PS_GM_EY_TRACKING") */ MAX("T1"."DATETIME_STAMP") FROM "SYSADM"."PS_GM_EY_TRACKING" "T1" WHERE 
              "T1"."GM_EY_APPRAISAL_ID"=:B2))
 108 - access("EOH"."RUN_CNTL_ID"="EOD"."RUN_CNTL_ID")
 109 - filter("EOH"."GM_EOPF_SOURCE"='E')
 110 - filter("EOD"."RUN_STATUS_CD"='C' OR "EOD"."RUN_STATUS_CD"='I' OR "EOD"."RUN_STATUS_CD"='N')
 113 - access("EOD1"."RUN_CNTL_ID"=:B1)
 116 - access("T1"."GM_EY_APPRAISAL_ID"=:B1)
 117 - filter("R"."GM_EY_REVIEWSTATUS"='PYEA' AND "R"."GM_EY_TEMPLATE_ID"='DS-1811')
 119 - access("Y"."GM_EY_APPRAISAL_ID"="R"."GM_EY_APPRAISAL_ID" AND "Y"."GM_EY_SECTION_TYPE"='S102')
       filter("Y"."GM_EY_SECTION_TYPE"='S102')
 121 - access("R"."EMPLID"="A"."EMPLID" AND "A"."NAME_TYPE"='PRI')
       filter(SYS_OP_UNDESCEND(SYS_OP_DESCEND("EFFDT"))= (SELECT /*+ PUSH_SUBQ INDEX ("B" "PS_NAMES") */ 
              MAX(SYS_OP_UNDESCEND(SYS_OP_DESCEND("EFFDT"))) FROM "SYSADM"."PS_NAMES" "B" WHERE SYS_OP_DESCEND("EFFDT") IS 
              NOT NULL AND SYS_OP_DESCEND("EFFDT")>=SYS_OP_DESCEND(TO_DATE(TO_CHAR(SYSDATE@!,'YYYY-MM-DD'),'YYYY-MM-DD')) 
              AND "B"."NAME_TYPE"=:B1 AND "B"."EMPLID"=:B2 AND SYS_OP_UNDESCEND(SYS_OP_DESCEND("EFFDT"))<=TO_DATE(TO_CHAR(SYS
              DATE@!,'YYYY-MM-DD'),'YYYY-MM-DD')))
 123 - access("B"."EMPLID"=:B1 AND "B"."NAME_TYPE"=:B2 AND 
              SYS_OP_DESCEND("EFFDT")>=SYS_OP_DESCEND(TO_DATE(TO_CHAR(SYSDATE@!,'YYYY-MM-DD'),'YYYY-MM-DD')) AND 
              SYS_OP_DESCEND("EFFDT") IS NOT NULL)
       filter(SYS_OP_UNDESCEND(SYS_OP_DESCEND("EFFDT"))<=TO_DATE(TO_CHAR(SYSDATE@!,'YYYY-MM-DD'),'YYYY-MM-DD'))
 125 - access("XX"."GM_EY_APPRAISAL_ID"=:B1 AND "XX"."GM_EY_SECTION_TYPE"='S102')
       filter("XX"."GM_EY_SECTION_TYPE"='S102')
 128 - access("X"."EMPLID"(+)="R"."EMPLID" AND "X"."GM_EY_APPRAISAL_ID"(+)="R"."GM_EY_APPRAISAL_ID")
 130 - filter("D"."SEQNUM"= (SELECT /*+ INDEX ("D1" "PS_GM_EOPF_DETAIL") */ MAX("D1"."SEQNUM") FROM 
              "SYSADM"."PS_GM_EOPF_DETAIL" "D1" WHERE "D1"."RUN_CNTL_ID"=:B1))
 131 - access("H"."RUN_CNTL_ID"="D"."RUN_CNTL_ID")
 132 - filter("H"."GM_EOPF_SOURCE"='E')
 136 - access("D1"."RUN_CNTL_ID"=:B1)
 137 - access("R"."GM_EY_APPRAISAL_ID"="GM_EY_APPRAISAL_ID")
 139 - filter("EOD"."SEQNUM"= (SELECT /*+ INDEX ("EOD1" "PS_GM_EOPF_DETAIL") */ MAX("EOD1"."SEQNUM") FROM 
              "SYSADM"."PS_GM_EOPF_DETAIL" "EOD1" WHERE "EOD1"."RUN_CNTL_ID"=:B1) AND "EOD"."RUN_DTTM"> (SELECT /*+ INDEX 
              ("T1" "PS_GM_EY_TRACKING") */ MAX("T1"."DATETIME_STAMP") FROM "SYSADM"."PS_GM_EY_TRACKING" "T1" WHERE 
              "T1"."GM_EY_APPRAISAL_ID"=:B2))
 140 - access("EOH"."RUN_CNTL_ID"="EOD"."RUN_CNTL_ID")
 141 - filter("EOH"."GM_EOPF_SOURCE"='E')
 142 - filter("EOD"."RUN_STATUS_CD"='C' OR "EOD"."RUN_STATUS_CD"='I' OR "EOD"."RUN_STATUS_CD"='N')
 145 - access("EOD1"."RUN_CNTL_ID"=:B1)
 148 - access("T1"."GM_EY_APPRAISAL_ID"=:B1)
 149 - filter("R"."GM_EY_REVIEWSTATUS"='PYEA' AND "R"."GM_EY_TEMPLATE_ID"='DS-5121')
 151 - access("Y"."GM_EY_APPRAISAL_ID"="R"."GM_EY_APPRAISAL_ID" AND "Y"."GM_EY_SECTION_TYPE"='S130')
       filter("Y"."GM_EY_SECTION_TYPE"='S130')
 153 - access("R"."EMPLID"="A"."EMPLID" AND "A"."NAME_TYPE"='PRI')
       filter(SYS_OP_UNDESCEND(SYS_OP_DESCEND("EFFDT"))= (SELECT /*+ PUSH_SUBQ INDEX ("B" "PS_NAMES") */ 
              MAX(SYS_OP_UNDESCEND(SYS_OP_DESCEND("EFFDT"))) FROM "SYSADM"."PS_NAMES" "B" WHERE SYS_OP_DESCEND("EFFDT") IS 
              NOT NULL AND SYS_OP_DESCEND("EFFDT")>=SYS_OP_DESCEND(TO_DATE(TO_CHAR(SYSDATE@!,'YYYY-MM-DD'),'YYYY-MM-DD')) 
              AND "B"."NAME_TYPE"=:B1 AND "B"."EMPLID"=:B2 AND SYS_OP_UNDESCEND(SYS_OP_DESCEND("EFFDT"))<=TO_DATE(TO_CHAR(SYS
              DATE@!,'YYYY-MM-DD'),'YYYY-MM-DD')))
 155 - access("B"."EMPLID"=:B1 AND "B"."NAME_TYPE"=:B2 AND 
              SYS_OP_DESCEND("EFFDT")>=SYS_OP_DESCEND(TO_DATE(TO_CHAR(SYSDATE@!,'YYYY-MM-DD'),'YYYY-MM-DD')) AND 
              SYS_OP_DESCEND("EFFDT") IS NOT NULL)
       filter(SYS_OP_UNDESCEND(SYS_OP_DESCEND("EFFDT"))<=TO_DATE(TO_CHAR(SYSDATE@!,'YYYY-MM-DD'),'YYYY-MM-DD'))
 
Column Projection Information (identified by operation id):
-----------------------------------------------------------
 
   1 - "PS_GM_EY_EOPFQLFYV"."GM_EY_APPRAISAL_ID"[NUMBER,22], "PS_GM_EY_EOPFQLFYV"."EMPLID"[VARCHAR2,44], 
       "PS_GM_EY_EOPFQLFYV"."EMPL_RCD"[NUMBER,22], "PS_GM_EY_EOPFQLFYV"."NAME"[VARCHAR2,200], 
       "PS_GM_EY_EOPFQLFYV"."GM_EY_REVIEWSTATUS"[VARCHAR2,16], "PS_GM_EY_EOPFQLFYV"."DATETIME_STAMP"[VARCHAR2,0], 
       "PS_GM_EY_EOPFQLFYV"."GM_EY_REVIEW_TYPE"[VARCHAR2,32], "PS_GM_EY_EOPFQLFYV"."GM_EY_TEMPLATE_ID"[VARCHAR2,32], 
       "PS_GM_EY_EOPFQLFYV"."PERIOD_BEGIN_DT"[DATE,7], "PS_GM_EY_EOPFQLFYV"."PERIOD_END_DT"[DATE,7], 
       "PS_GM_EY_EOPFQLFYV"."GM_EOPF_STATUS"[VARCHAR2,4], "PS_GM_EY_EOPFQLFYV"."RUN_STATUS_CD"[VARCHAR2,4], 
       "PS_GM_EY_EOPFQLFYV"."RUN_DTTM"[TIMESTAMP,11], "PS_GM_EY_EOPFQLFYV"."REVIEW_RATING"[VARCHAR2,4], 
       "PS_GM_EY_EOPFQLFYV"."DESCR10"[VARCHAR2,7]
   2 - (#keys=15) STRDEF[22], STRDEF[44], STRDEF[22], STRDEF[200], STRDEF[16], STRDEF[0], STRDEF[32], 
       STRDEF[32], STRDEF[7], STRDEF[7], STRDEF[4], STRDEF[4], STRDEF[11], STRDEF[4], STRDEF[7]
   3 - STRDEF[22], STRDEF[44], STRDEF[22], STRDEF[200], STRDEF[16], STRDEF[0], STRDEF[32], STRDEF[32], 
       STRDEF[7], STRDEF[7], STRDEF[4], STRDEF[4], STRDEF[11], STRDEF[4], STRDEF[7]
   4 - (#keys=0) "R"."EMPLID"[VARCHAR2,44], "R"."GM_EY_APPRAISAL_ID"[NUMBER,22], 
       "X"."RUN_STATUS_CD"[VARCHAR2,4], "X"."GM_EOPF_STATUS"[VARCHAR2,4], "X"."RUN_DTTM"[TIMESTAMP,11], 
       "R"."GM_EY_REVIEW_TYPE"[VARCHAR2,32], "R"."GM_EY_REVIEWSTATUS"[VARCHAR2,16], 
       "R"."GM_EY_TEMPLATE_ID"[VARCHAR2,32], "R"."EMPL_RCD"[NUMBER,22], "R"."PERIOD_BEGIN_DT"[DATE,7], 
       "R"."PERIOD_END_DT"[DATE,7], "Y"."REVIEW_RATING"[VARCHAR2,4], "A"."NAME"[VARCHAR2,200]
   5 - (#keys=0) "R"."EMPLID"[VARCHAR2,44], "R"."GM_EY_APPRAISAL_ID"[NUMBER,22], 
       "X"."RUN_STATUS_CD"[VARCHAR2,4], "X"."GM_EOPF_STATUS"[VARCHAR2,4], "X"."RUN_DTTM"[TIMESTAMP,11], 
       "R"."GM_EY_REVIEW_TYPE"[VARCHAR2,32], "R"."GM_EY_REVIEWSTATUS"[VARCHAR2,16], 
       "R"."GM_EY_TEMPLATE_ID"[VARCHAR2,32], "R"."EMPL_RCD"[NUMBER,22], "R"."PERIOD_BEGIN_DT"[DATE,7], 
       "R"."PERIOD_END_DT"[DATE,7], "Y"."REVIEW_RATING"[VARCHAR2,4]
   6 - (#keys=2) "R"."EMPLID"[VARCHAR2,44], "R"."GM_EY_APPRAISAL_ID"[NUMBER,22], 
       "X"."RUN_STATUS_CD"[VARCHAR2,4], "X"."GM_EOPF_STATUS"[VARCHAR2,4], "X"."RUN_DTTM"[TIMESTAMP,11], 
       "R"."GM_EY_REVIEW_TYPE"[VARCHAR2,32], "R"."GM_EY_REVIEWSTATUS"[VARCHAR2,16], 
       "R"."GM_EY_TEMPLATE_ID"[VARCHAR2,32], "R"."EMPL_RCD"[NUMBER,22], "R"."PERIOD_BEGIN_DT"[DATE,7], 
       "R"."PERIOD_END_DT"[DATE,7]
   7 - "X"."EMPLID"[VARCHAR2,44], "X"."GM_EY_APPRAISAL_ID"[NUMBER,22], "X"."RUN_DTTM"[TIMESTAMP,11], 
       "X"."GM_EOPF_STATUS"[VARCHAR2,4], "X"."RUN_STATUS_CD"[VARCHAR2,4]
   8 - "H"."GM_EY_APPRAISAL_ID"[NUMBER,22], "H"."EMPLID"[VARCHAR2,44], "D"."RUN_STATUS_CD"[VARCHAR2,4], 
       "D"."RUN_DTTM"[TIMESTAMP,11], "D"."GM_EOPF_STATUS"[VARCHAR2,4]
   9 - (#keys=1) "D"."RUN_CNTL_ID"[VARCHAR2,120], "H"."GM_EY_APPRAISAL_ID"[NUMBER,22], 
       "H"."EMPLID"[VARCHAR2,44], "D"."RUN_STATUS_CD"[VARCHAR2,4], "D"."SEQNUM"[NUMBER,22], 
       "D"."RUN_DTTM"[TIMESTAMP,11], "D"."GM_EOPF_STATUS"[VARCHAR2,4]
  10 - (rowset=256) "H"."RUN_CNTL_ID"[VARCHAR2,120], "H"."EMPLID"[VARCHAR2,44], 
       "H"."GM_EY_APPRAISAL_ID"[NUMBER,22]
  11 - "D"."RUN_CNTL_ID"[VARCHAR2,120], "D"."SEQNUM"[NUMBER,22], "D"."RUN_DTTM"[TIMESTAMP,11], 
       "D"."GM_EOPF_STATUS"[VARCHAR2,4], "D"."RUN_STATUS_CD"[VARCHAR2,4]
  12 - (#keys=0) MAX("D1"."SEQNUM")[22]
  13 - "D1"."SEQNUM"[NUMBER,22]
  14 - "D1"."SEQNUM"[NUMBER,22]
  15 - (#keys=1) "R"."GM_EY_APPRAISAL_ID"[NUMBER,22], "R"."GM_EY_REVIEWSTATUS"[VARCHAR2,16], 
       "R"."EMPLID"[VARCHAR2,44], "R"."EMPL_RCD"[NUMBER,22], "R"."PERIOD_BEGIN_DT"[DATE,7], 
       "R"."PERIOD_END_DT"[DATE,7], "R"."GM_EY_REVIEW_TYPE"[VARCHAR2,32], "R"."GM_EY_TEMPLATE_ID"[VARCHAR2,32]
  16 - "GM_EY_APPRAISAL_ID"[NUMBER,22]
  17 - "EOH"."GM_EY_APPRAISAL_ID"[NUMBER,22]
  18 - (#keys=1) "EOD"."RUN_CNTL_ID"[VARCHAR2,120], "EOH"."GM_EY_APPRAISAL_ID"[NUMBER,22], 
       "EOD"."SEQNUM"[NUMBER,22], "EOD"."RUN_DTTM"[TIMESTAMP,11]
  19 - (rowset=256) "EOH"."RUN_CNTL_ID"[VARCHAR2,120], "EOH"."GM_EY_APPRAISAL_ID"[NUMBER,22]
  20 - "EOD"."RUN_CNTL_ID"[VARCHAR2,120], "EOD"."SEQNUM"[NUMBER,22], "EOD"."RUN_DTTM"[TIMESTAMP,11]
  21 - (#keys=0) MAX("EOD1"."SEQNUM")[22]
  22 - "EOD1"."SEQNUM"[NUMBER,22]
  23 - "EOD1"."SEQNUM"[NUMBER,22]
  24 - (#keys=0) MAX("T1"."DATETIME_STAMP")[11]
  25 - "T1"."DATETIME_STAMP"[TIMESTAMP,11]
  26 - "T1"."DATETIME_STAMP"[TIMESTAMP,11]
  27 - "R"."GM_EY_APPRAISAL_ID"[NUMBER,22], "R"."EMPLID"[VARCHAR2,44], "R"."EMPL_RCD"[NUMBER,22], 
       "R"."PERIOD_BEGIN_DT"[DATE,7], "R"."PERIOD_END_DT"[DATE,7], "R"."GM_EY_REVIEW_TYPE"[VARCHAR2,32], 
       "R"."GM_EY_TEMPLATE_ID"[VARCHAR2,32], "R"."GM_EY_REVIEWSTATUS"[VARCHAR2,16]
  28 - "Y"."REVIEW_RATING"[VARCHAR2,4]
  29 - "Y".ROWID[ROWID,10]
  30 - "A"."NAME"[VARCHAR2,200]
  31 - "A".ROWID[ROWID,10], SYS_OP_DESCEND("EFFDT")[RAW,12]
  32 - (#keys=0) MAX(SYS_OP_UNDESCEND(SYS_OP_DESCEND("EFFDT")))[7]
  33 - SYS_OP_DESCEND("EFFDT")[RAW,12]
  34 - (#keys=0) "R"."EMPLID"[VARCHAR2,44], "R"."GM_EY_APPRAISAL_ID"[NUMBER,22], 
       "X"."RUN_STATUS_CD"[VARCHAR2,4], "X"."GM_EOPF_STATUS"[VARCHAR2,4], "X"."RUN_DTTM"[TIMESTAMP,11], 
       "R"."GM_EY_REVIEW_TYPE"[VARCHAR2,32], "R"."GM_EY_REVIEWSTATUS"[VARCHAR2,16], 
       "R"."GM_EY_TEMPLATE_ID"[VARCHAR2,32], "R"."EMPL_RCD"[NUMBER,22], "R"."PERIOD_BEGIN_DT"[DATE,7], 
       "R"."PERIOD_END_DT"[DATE,7], "Y"."REVIEW_RATING"[VARCHAR2,4], "A"."NAME"[VARCHAR2,200]
  35 - (#keys=0) "R"."EMPLID"[VARCHAR2,44], "R"."GM_EY_APPRAISAL_ID"[NUMBER,22], 
       "X"."RUN_STATUS_CD"[VARCHAR2,4], "X"."GM_EOPF_STATUS"[VARCHAR2,4], "X"."RUN_DTTM"[TIMESTAMP,11], 
       "R"."GM_EY_REVIEW_TYPE"[VARCHAR2,32], "R"."GM_EY_REVIEWSTATUS"[VARCHAR2,16], 
       "R"."GM_EY_TEMPLATE_ID"[VARCHAR2,32], "R"."EMPL_RCD"[NUMBER,22], "R"."PERIOD_BEGIN_DT"[DATE,7], 
       "R"."PERIOD_END_DT"[DATE,7], "Y"."REVIEW_RATING"[VARCHAR2,4]
  36 - (#keys=2) "R"."EMPLID"[VARCHAR2,44], "R"."GM_EY_APPRAISAL_ID"[NUMBER,22], 
       "X"."RUN_STATUS_CD"[VARCHAR2,4], "X"."GM_EOPF_STATUS"[VARCHAR2,4], "X"."RUN_DTTM"[TIMESTAMP,11], 
       "R"."GM_EY_REVIEW_TYPE"[VARCHAR2,32], "R"."GM_EY_REVIEWSTATUS"[VARCHAR2,16], 
       "R"."GM_EY_TEMPLATE_ID"[VARCHAR2,32], "R"."EMPL_RCD"[NUMBER,22], "R"."PERIOD_BEGIN_DT"[DATE,7], 
       "R"."PERIOD_END_DT"[DATE,7]
  37 - "X"."EMPLID"[VARCHAR2,44], "X"."GM_EY_APPRAISAL_ID"[NUMBER,22], "X"."RUN_DTTM"[TIMESTAMP,11], 
       "X"."GM_EOPF_STATUS"[VARCHAR2,4], "X"."RUN_STATUS_CD"[VARCHAR2,4]
  38 - "H"."GM_EY_APPRAISAL_ID"[NUMBER,22], "H"."EMPLID"[VARCHAR2,44], "D"."RUN_STATUS_CD"[VARCHAR2,4], 
       "D"."RUN_DTTM"[TIMESTAMP,11], "D"."GM_EOPF_STATUS"[VARCHAR2,4]
  39 - (#keys=1) "D"."RUN_CNTL_ID"[VARCHAR2,120], "H"."GM_EY_APPRAISAL_ID"[NUMBER,22], 
       "H"."EMPLID"[VARCHAR2,44], "D"."RUN_STATUS_CD"[VARCHAR2,4], "D"."SEQNUM"[NUMBER,22], 
       "D"."RUN_DTTM"[TIMESTAMP,11], "D"."GM_EOPF_STATUS"[VARCHAR2,4]
  40 - (rowset=256) "H"."RUN_CNTL_ID"[VARCHAR2,120], "H"."EMPLID"[VARCHAR2,44], 
       "H"."GM_EY_APPRAISAL_ID"[NUMBER,22]
  41 - "D"."RUN_CNTL_ID"[VARCHAR2,120], "D"."SEQNUM"[NUMBER,22], "D"."RUN_DTTM"[TIMESTAMP,11], 
       "D"."GM_EOPF_STATUS"[VARCHAR2,4], "D"."RUN_STATUS_CD"[VARCHAR2,4]
  42 - (#keys=0) MAX("D1"."SEQNUM")[22]
  43 - "D1"."SEQNUM"[NUMBER,22]
  44 - "D1"."SEQNUM"[NUMBER,22]
  45 - (#keys=1) "R"."GM_EY_APPRAISAL_ID"[NUMBER,22], "R"."GM_EY_REVIEWSTATUS"[VARCHAR2,16], 
       "R"."EMPLID"[VARCHAR2,44], "R"."EMPL_RCD"[NUMBER,22], "R"."PERIOD_BEGIN_DT"[DATE,7], 
       "R"."PERIOD_END_DT"[DATE,7], "R"."GM_EY_REVIEW_TYPE"[VARCHAR2,32], "R"."GM_EY_TEMPLATE_ID"[VARCHAR2,32]
  46 - "GM_EY_APPRAISAL_ID"[NUMBER,22]
  47 - "EOH"."GM_EY_APPRAISAL_ID"[NUMBER,22]
  48 - (#keys=1) "EOD"."RUN_CNTL_ID"[VARCHAR2,120], "EOH"."GM_EY_APPRAISAL_ID"[NUMBER,22], 
       "EOD"."SEQNUM"[NUMBER,22], "EOD"."RUN_DTTM"[TIMESTAMP,11]
  49 - (rowset=256) "EOH"."RUN_CNTL_ID"[VARCHAR2,120], "EOH"."GM_EY_APPRAISAL_ID"[NUMBER,22]
  50 - "EOD"."RUN_CNTL_ID"[VARCHAR2,120], "EOD"."SEQNUM"[NUMBER,22], "EOD"."RUN_DTTM"[TIMESTAMP,11]
  51 - (#keys=0) MAX("EOD1"."SEQNUM")[22]
  52 - "EOD1"."SEQNUM"[NUMBER,22]
  53 - "EOD1"."SEQNUM"[NUMBER,22]
  54 - (#keys=0) MAX("T1"."DATETIME_STAMP")[11]
  55 - "T1"."DATETIME_STAMP"[TIMESTAMP,11]
  56 - "T1"."DATETIME_STAMP"[TIMESTAMP,11]
  57 - "R"."GM_EY_APPRAISAL_ID"[NUMBER,22], "R"."EMPLID"[VARCHAR2,44], "R"."EMPL_RCD"[NUMBER,22], 
       "R"."PERIOD_BEGIN_DT"[DATE,7], "R"."PERIOD_END_DT"[DATE,7], "R"."GM_EY_REVIEW_TYPE"[VARCHAR2,32], 
       "R"."GM_EY_TEMPLATE_ID"[VARCHAR2,32], "R"."GM_EY_REVIEWSTATUS"[VARCHAR2,16]
  58 - "Y"."REVIEW_RATING"[VARCHAR2,4]
  59 - "Y".ROWID[ROWID,10]
  60 - "A"."NAME"[VARCHAR2,200]
  61 - "A".ROWID[ROWID,10], SYS_OP_DESCEND("EFFDT")[RAW,12]
  62 - (#keys=0) MAX(SYS_OP_UNDESCEND(SYS_OP_DESCEND("EFFDT")))[7]
  63 - SYS_OP_DESCEND("EFFDT")[RAW,12]
  64 - (#keys=0) "R"."EMPLID"[VARCHAR2,44], "R"."GM_EY_APPRAISAL_ID"[NUMBER,22], 
       "X"."RUN_STATUS_CD"[VARCHAR2,4], "X"."GM_EOPF_STATUS"[VARCHAR2,4], "X"."RUN_DTTM"[TIMESTAMP,11], 
       "R"."GM_EY_REVIEW_TYPE"[VARCHAR2,32], "R"."GM_EY_REVIEWSTATUS"[VARCHAR2,16], 
       "R"."GM_EY_TEMPLATE_ID"[VARCHAR2,32], "R"."EMPL_RCD"[NUMBER,22], "R"."PERIOD_BEGIN_DT"[DATE,7], 
       "R"."PERIOD_END_DT"[DATE,7], "Y"."REVIEW_RATING"[VARCHAR2,4], "A"."NAME"[VARCHAR2,200]
  65 - (#keys=0) "R"."EMPLID"[VARCHAR2,44], "R"."GM_EY_APPRAISAL_ID"[NUMBER,22], 
       "X"."RUN_STATUS_CD"[VARCHAR2,4], "X"."GM_EOPF_STATUS"[VARCHAR2,4], "X"."RUN_DTTM"[TIMESTAMP,11], 
       "R"."GM_EY_REVIEW_TYPE"[VARCHAR2,32], "R"."GM_EY_REVIEWSTATUS"[VARCHAR2,16], 
       "R"."GM_EY_TEMPLATE_ID"[VARCHAR2,32], "R"."EMPL_RCD"[NUMBER,22], "R"."PERIOD_BEGIN_DT"[DATE,7], 
       "R"."PERIOD_END_DT"[DATE,7], "Y"."REVIEW_RATING"[VARCHAR2,4]
  66 - (#keys=2) "R"."EMPLID"[VARCHAR2,44], "R"."GM_EY_APPRAISAL_ID"[NUMBER,22], 
       "X"."RUN_STATUS_CD"[VARCHAR2,4], "X"."GM_EOPF_STATUS"[VARCHAR2,4], "X"."RUN_DTTM"[TIMESTAMP,11], 
       "R"."GM_EY_REVIEW_TYPE"[VARCHAR2,32], "R"."GM_EY_REVIEWSTATUS"[VARCHAR2,16], 
       "R"."GM_EY_TEMPLATE_ID"[VARCHAR2,32], "R"."EMPL_RCD"[NUMBER,22], "R"."PERIOD_BEGIN_DT"[DATE,7], 
       "R"."PERIOD_END_DT"[DATE,7]
  67 - "X"."EMPLID"[VARCHAR2,44], "X"."GM_EY_APPRAISAL_ID"[NUMBER,22], "X"."RUN_DTTM"[TIMESTAMP,11], 
       "X"."GM_EOPF_STATUS"[VARCHAR2,4], "X"."RUN_STATUS_CD"[VARCHAR2,4]
  68 - "H"."GM_EY_APPRAISAL_ID"[NUMBER,22], "H"."EMPLID"[VARCHAR2,44], "D"."RUN_STATUS_CD"[VARCHAR2,4], 
       "D"."RUN_DTTM"[TIMESTAMP,11], "D"."GM_EOPF_STATUS"[VARCHAR2,4]
  69 - (#keys=1) "D"."RUN_CNTL_ID"[VARCHAR2,120], "H"."GM_EY_APPRAISAL_ID"[NUMBER,22], 
       "H"."EMPLID"[VARCHAR2,44], "D"."RUN_STATUS_CD"[VARCHAR2,4], "D"."SEQNUM"[NUMBER,22], 
       "D"."RUN_DTTM"[TIMESTAMP,11], "D"."GM_EOPF_STATUS"[VARCHAR2,4]
  70 - (rowset=256) "H"."RUN_CNTL_ID"[VARCHAR2,120], "H"."EMPLID"[VARCHAR2,44], 
       "H"."GM_EY_APPRAISAL_ID"[NUMBER,22]
  71 - "D"."RUN_CNTL_ID"[VARCHAR2,120], "D"."SEQNUM"[NUMBER,22], "D"."RUN_DTTM"[TIMESTAMP,11], 
       "D"."GM_EOPF_STATUS"[VARCHAR2,4], "D"."RUN_STATUS_CD"[VARCHAR2,4]
  72 - (#keys=0) MAX("D1"."SEQNUM")[22]
  73 - "D1"."SEQNUM"[NUMBER,22]
  74 - "D1"."SEQNUM"[NUMBER,22]
  75 - (#keys=1) "R"."GM_EY_APPRAISAL_ID"[NUMBER,22], "R"."GM_EY_REVIEWSTATUS"[VARCHAR2,16], 
       "R"."EMPLID"[VARCHAR2,44], "R"."EMPL_RCD"[NUMBER,22], "R"."PERIOD_BEGIN_DT"[DATE,7], 
       "R"."PERIOD_END_DT"[DATE,7], "R"."GM_EY_REVIEW_TYPE"[VARCHAR2,32], "R"."GM_EY_TEMPLATE_ID"[VARCHAR2,32]
  76 - "GM_EY_APPRAISAL_ID"[NUMBER,22]
  77 - "EOH"."GM_EY_APPRAISAL_ID"[NUMBER,22]
  78 - (#keys=1) "EOD"."RUN_CNTL_ID"[VARCHAR2,120], "EOH"."GM_EY_APPRAISAL_ID"[NUMBER,22], 
       "EOD"."SEQNUM"[NUMBER,22], "EOD"."RUN_DTTM"[TIMESTAMP,11]
  79 - (rowset=256) "EOH"."RUN_CNTL_ID"[VARCHAR2,120], "EOH"."GM_EY_APPRAISAL_ID"[NUMBER,22]
  80 - "EOD"."RUN_CNTL_ID"[VARCHAR2,120], "EOD"."SEQNUM"[NUMBER,22], "EOD"."RUN_DTTM"[TIMESTAMP,11]
  81 - (#keys=0) MAX("EOD1"."SEQNUM")[22]
  82 - "EOD1"."SEQNUM"[NUMBER,22]
  83 - "EOD1"."SEQNUM"[NUMBER,22]
  84 - (#keys=0) MAX("T1"."DATETIME_STAMP")[11]
  85 - "T1"."DATETIME_STAMP"[TIMESTAMP,11]
  86 - "T1"."DATETIME_STAMP"[TIMESTAMP,11]
  87 - "R"."GM_EY_APPRAISAL_ID"[NUMBER,22], "R"."EMPLID"[VARCHAR2,44], "R"."EMPL_RCD"[NUMBER,22], 
       "R"."PERIOD_BEGIN_DT"[DATE,7], "R"."PERIOD_END_DT"[DATE,7], "R"."GM_EY_REVIEW_TYPE"[VARCHAR2,32], 
       "R"."GM_EY_TEMPLATE_ID"[VARCHAR2,32], "R"."GM_EY_REVIEWSTATUS"[VARCHAR2,16]
  88 - "Y"."REVIEW_RATING"[VARCHAR2,4]
  89 - "Y".ROWID[ROWID,10]
  90 - "A"."NAME"[VARCHAR2,200]
  91 - "A".ROWID[ROWID,10], SYS_OP_DESCEND("EFFDT")[RAW,12]
  92 - (#keys=0) MAX(SYS_OP_UNDESCEND(SYS_OP_DESCEND("EFFDT")))[7]
  93 - SYS_OP_DESCEND("EFFDT")[RAW,12]
  94 - (#keys=0) "R"."EMPLID"[VARCHAR2,44], "R"."GM_EY_APPRAISAL_ID"[NUMBER,22], 
       "X"."RUN_STATUS_CD"[VARCHAR2,4], "X"."GM_EOPF_STATUS"[VARCHAR2,4], "X"."RUN_DTTM"[TIMESTAMP,11], 
       "R"."GM_EY_REVIEW_TYPE"[VARCHAR2,32], "R"."GM_EY_REVIEWSTATUS"[VARCHAR2,16], 
       "R"."GM_EY_TEMPLATE_ID"[VARCHAR2,32], "R"."EMPL_RCD"[NUMBER,22], "R"."PERIOD_BEGIN_DT"[DATE,7], 
       "R"."PERIOD_END_DT"[DATE,7], "Y"."REVIEW_RATING"[VARCHAR2,4], "A"."NAME"[VARCHAR2,200]
  95 - (#keys=0) "R"."EMPLID"[VARCHAR2,44], "R"."GM_EY_APPRAISAL_ID"[NUMBER,22], 
       "X"."RUN_STATUS_CD"[VARCHAR2,4], "X"."GM_EOPF_STATUS"[VARCHAR2,4], "X"."RUN_DTTM"[TIMESTAMP,11], 
       "R"."GM_EY_REVIEW_TYPE"[VARCHAR2,32], "R"."GM_EY_REVIEWSTATUS"[VARCHAR2,16], 
       "R"."GM_EY_TEMPLATE_ID"[VARCHAR2,32], "R"."EMPL_RCD"[NUMBER,22], "R"."PERIOD_BEGIN_DT"[DATE,7], 
       "R"."PERIOD_END_DT"[DATE,7], "Y"."REVIEW_RATING"[VARCHAR2,4]
  96 - (#keys=2) "R"."EMPLID"[VARCHAR2,44], "R"."GM_EY_APPRAISAL_ID"[NUMBER,22], 
       "X"."RUN_STATUS_CD"[VARCHAR2,4], "X"."GM_EOPF_STATUS"[VARCHAR2,4], "X"."RUN_DTTM"[TIMESTAMP,11], 
       "R"."GM_EY_REVIEW_TYPE"[VARCHAR2,32], "R"."GM_EY_REVIEWSTATUS"[VARCHAR2,16], 
       "R"."GM_EY_TEMPLATE_ID"[VARCHAR2,32], "R"."EMPL_RCD"[NUMBER,22], "R"."PERIOD_BEGIN_DT"[DATE,7], 
       "R"."PERIOD_END_DT"[DATE,7]
  97 - "X"."EMPLID"[VARCHAR2,44], "X"."GM_EY_APPRAISAL_ID"[NUMBER,22], "X"."RUN_DTTM"[TIMESTAMP,11], 
       "X"."GM_EOPF_STATUS"[VARCHAR2,4], "X"."RUN_STATUS_CD"[VARCHAR2,4]
  98 - "H"."GM_EY_APPRAISAL_ID"[NUMBER,22], "H"."EMPLID"[VARCHAR2,44], "D"."RUN_STATUS_CD"[VARCHAR2,4], 
       "D"."RUN_DTTM"[TIMESTAMP,11], "D"."GM_EOPF_STATUS"[VARCHAR2,4]
  99 - (#keys=1) "D"."RUN_CNTL_ID"[VARCHAR2,120], "H"."GM_EY_APPRAISAL_ID"[NUMBER,22], 
       "H"."EMPLID"[VARCHAR2,44], "D"."RUN_STATUS_CD"[VARCHAR2,4], "D"."SEQNUM"[NUMBER,22], 
       "D"."RUN_DTTM"[TIMESTAMP,11], "D"."GM_EOPF_STATUS"[VARCHAR2,4]
 100 - (rowset=256) "H"."RUN_CNTL_ID"[VARCHAR2,120], "H"."EMPLID"[VARCHAR2,44], 
       "H"."GM_EY_APPRAISAL_ID"[NUMBER,22]
 101 - "D"."RUN_CNTL_ID"[VARCHAR2,120], "D"."SEQNUM"[NUMBER,22], "D"."RUN_DTTM"[TIMESTAMP,11], 
       "D"."GM_EOPF_STATUS"[VARCHAR2,4], "D"."RUN_STATUS_CD"[VARCHAR2,4]
 102 - (#keys=0) MAX("D1"."SEQNUM")[22]
 103 - "D1"."SEQNUM"[NUMBER,22]
 104 - "D1"."SEQNUM"[NUMBER,22]
 105 - (#keys=1) "R"."GM_EY_APPRAISAL_ID"[NUMBER,22], "R"."GM_EY_REVIEWSTATUS"[VARCHAR2,16], 
       "R"."EMPLID"[VARCHAR2,44], "R"."EMPL_RCD"[NUMBER,22], "R"."PERIOD_BEGIN_DT"[DATE,7], 
       "R"."PERIOD_END_DT"[DATE,7], "R"."GM_EY_REVIEW_TYPE"[VARCHAR2,32], "R"."GM_EY_TEMPLATE_ID"[VARCHAR2,32]
 106 - "GM_EY_APPRAISAL_ID"[NUMBER,22]
 107 - "EOH"."GM_EY_APPRAISAL_ID"[NUMBER,22]
 108 - (#keys=1) "EOD"."RUN_CNTL_ID"[VARCHAR2,120], "EOH"."GM_EY_APPRAISAL_ID"[NUMBER,22], 
       "EOD"."SEQNUM"[NUMBER,22], "EOD"."RUN_DTTM"[TIMESTAMP,11]
 109 - (rowset=256) "EOH"."RUN_CNTL_ID"[VARCHAR2,120], "EOH"."GM_EY_APPRAISAL_ID"[NUMBER,22]
 110 - "EOD"."RUN_CNTL_ID"[VARCHAR2,120], "EOD"."SEQNUM"[NUMBER,22], "EOD"."RUN_DTTM"[TIMESTAMP,11]
 111 - (#keys=0) MAX("EOD1"."SEQNUM")[22]
 112 - "EOD1"."SEQNUM"[NUMBER,22]
 113 - "EOD1"."SEQNUM"[NUMBER,22]
 114 - (#keys=0) MAX("T1"."DATETIME_STAMP")[11]
 115 - "T1"."DATETIME_STAMP"[TIMESTAMP,11]
 116 - "T1"."DATETIME_STAMP"[TIMESTAMP,11]
 117 - "R"."GM_EY_APPRAISAL_ID"[NUMBER,22], "R"."EMPLID"[VARCHAR2,44], "R"."EMPL_RCD"[NUMBER,22], 
       "R"."PERIOD_BEGIN_DT"[DATE,7], "R"."PERIOD_END_DT"[DATE,7], "R"."GM_EY_REVIEW_TYPE"[VARCHAR2,32], 
       "R"."GM_EY_TEMPLATE_ID"[VARCHAR2,32], "R"."GM_EY_REVIEWSTATUS"[VARCHAR2,16]
 118 - "Y"."REVIEW_RATING"[VARCHAR2,4]
 119 - "Y".ROWID[ROWID,10]
 120 - "A"."NAME"[VARCHAR2,200]
 121 - "A".ROWID[ROWID,10], SYS_OP_DESCEND("EFFDT")[RAW,12]
 122 - (#keys=0) MAX(SYS_OP_UNDESCEND(SYS_OP_DESCEND("EFFDT")))[7]
 123 - SYS_OP_DESCEND("EFFDT")[RAW,12]
 124 - "XX"."REVIEW_RATING"[VARCHAR2,4]
 125 - "XX".ROWID[ROWID,10]
 126 - (#keys=0) "R"."EMPLID"[VARCHAR2,44], "R"."GM_EY_APPRAISAL_ID"[NUMBER,22], 
       "X"."RUN_STATUS_CD"[VARCHAR2,4], "X"."GM_EOPF_STATUS"[VARCHAR2,4], "X"."RUN_DTTM"[TIMESTAMP,11], 
       "R"."GM_EY_REVIEW_TYPE"[VARCHAR2,32], "R"."GM_EY_REVIEWSTATUS"[VARCHAR2,16], 
       "R"."GM_EY_TEMPLATE_ID"[VARCHAR2,32], "R"."EMPL_RCD"[NUMBER,22], "R"."PERIOD_BEGIN_DT"[DATE,7], 
       "R"."PERIOD_END_DT"[DATE,7], "Y"."REVIEW_RATING"[VARCHAR2,4], "A"."NAME"[VARCHAR2,200]
 127 - (#keys=0) "R"."EMPLID"[VARCHAR2,44], "R"."GM_EY_APPRAISAL_ID"[NUMBER,22], 
       "X"."RUN_STATUS_CD"[VARCHAR2,4], "X"."GM_EOPF_STATUS"[VARCHAR2,4], "X"."RUN_DTTM"[TIMESTAMP,11], 
       "R"."GM_EY_REVIEW_TYPE"[VARCHAR2,32], "R"."GM_EY_REVIEWSTATUS"[VARCHAR2,16], 
       "R"."GM_EY_TEMPLATE_ID"[VARCHAR2,32], "R"."EMPL_RCD"[NUMBER,22], "R"."PERIOD_BEGIN_DT"[DATE,7], 
       "R"."PERIOD_END_DT"[DATE,7], "Y"."REVIEW_RATING"[VARCHAR2,4]
 128 - (#keys=2) "R"."EMPLID"[VARCHAR2,44], "R"."GM_EY_APPRAISAL_ID"[NUMBER,22], 
       "X"."RUN_STATUS_CD"[VARCHAR2,4], "X"."GM_EOPF_STATUS"[VARCHAR2,4], "X"."RUN_DTTM"[TIMESTAMP,11], 
       "R"."GM_EY_REVIEW_TYPE"[VARCHAR2,32], "R"."GM_EY_REVIEWSTATUS"[VARCHAR2,16], 
       "R"."GM_EY_TEMPLATE_ID"[VARCHAR2,32], "R"."EMPL_RCD"[NUMBER,22], "R"."PERIOD_BEGIN_DT"[DATE,7], 
       "R"."PERIOD_END_DT"[DATE,7]
 129 - "X"."EMPLID"[VARCHAR2,44], "X"."GM_EY_APPRAISAL_ID"[NUMBER,22], "X"."RUN_DTTM"[TIMESTAMP,11], 
       "X"."GM_EOPF_STATUS"[VARCHAR2,4], "X"."RUN_STATUS_CD"[VARCHAR2,4]
 130 - "H"."GM_EY_APPRAISAL_ID"[NUMBER,22], "H"."EMPLID"[VARCHAR2,44], "D"."RUN_STATUS_CD"[VARCHAR2,4], 
       "D"."RUN_DTTM"[TIMESTAMP,11], "D"."GM_EOPF_STATUS"[VARCHAR2,4]
 131 - (#keys=1) "D"."RUN_CNTL_ID"[VARCHAR2,120], "H"."GM_EY_APPRAISAL_ID"[NUMBER,22], 
       "H"."EMPLID"[VARCHAR2,44], "D"."RUN_STATUS_CD"[VARCHAR2,4], "D"."SEQNUM"[NUMBER,22], 
       "D"."RUN_DTTM"[TIMESTAMP,11], "D"."GM_EOPF_STATUS"[VARCHAR2,4]
 132 - (rowset=256) "H"."RUN_CNTL_ID"[VARCHAR2,120], "H"."EMPLID"[VARCHAR2,44], 
       "H"."GM_EY_APPRAISAL_ID"[NUMBER,22]
 133 - "D"."RUN_CNTL_ID"[VARCHAR2,120], "D"."SEQNUM"[NUMBER,22], "D"."RUN_DTTM"[TIMESTAMP,11], 
       "D"."GM_EOPF_STATUS"[VARCHAR2,4], "D"."RUN_STATUS_CD"[VARCHAR2,4]
 134 - (#keys=0) MAX("D1"."SEQNUM")[22]
 135 - "D1"."SEQNUM"[NUMBER,22]
 136 - "D1"."SEQNUM"[NUMBER,22]
 137 - (#keys=1) "R"."GM_EY_APPRAISAL_ID"[NUMBER,22], "R"."GM_EY_REVIEWSTATUS"[VARCHAR2,16], 
       "R"."EMPLID"[VARCHAR2,44], "R"."EMPL_RCD"[NUMBER,22], "R"."PERIOD_BEGIN_DT"[DATE,7], 
       "R"."PERIOD_END_DT"[DATE,7], "R"."GM_EY_REVIEW_TYPE"[VARCHAR2,32], "R"."GM_EY_TEMPLATE_ID"[VARCHAR2,32]
 138 - "GM_EY_APPRAISAL_ID"[NUMBER,22]
 139 - "EOH"."GM_EY_APPRAISAL_ID"[NUMBER,22]
 140 - (#keys=1) "EOD"."RUN_CNTL_ID"[VARCHAR2,120], "EOH"."GM_EY_APPRAISAL_ID"[NUMBER,22], 
       "EOD"."SEQNUM"[NUMBER,22], "EOD"."RUN_DTTM"[TIMESTAMP,11]
 141 - (rowset=256) "EOH"."RUN_CNTL_ID"[VARCHAR2,120], "EOH"."GM_EY_APPRAISAL_ID"[NUMBER,22]
 142 - "EOD"."RUN_CNTL_ID"[VARCHAR2,120], "EOD"."SEQNUM"[NUMBER,22], "EOD"."RUN_DTTM"[TIMESTAMP,11]
 143 - (#keys=0) MAX("EOD1"."SEQNUM")[22]
 144 - "EOD1"."SEQNUM"[NUMBER,22]
 145 - "EOD1"."SEQNUM"[NUMBER,22]
 146 - (#keys=0) MAX("T1"."DATETIME_STAMP")[11]
 147 - "T1"."DATETIME_STAMP"[TIMESTAMP,11]
 148 - "T1"."DATETIME_STAMP"[TIMESTAMP,11]
 149 - "R"."GM_EY_APPRAISAL_ID"[NUMBER,22], "R"."EMPLID"[VARCHAR2,44], "R"."EMPL_RCD"[NUMBER,22], 
       "R"."PERIOD_BEGIN_DT"[DATE,7], "R"."PERIOD_END_DT"[DATE,7], "R"."GM_EY_REVIEW_TYPE"[VARCHAR2,32], 
       "R"."GM_EY_TEMPLATE_ID"[VARCHAR2,32], "R"."GM_EY_REVIEWSTATUS"[VARCHAR2,16]
 150 - "Y"."REVIEW_RATING"[VARCHAR2,4]
 151 - "Y".ROWID[ROWID,10]
 152 - "A"."NAME"[VARCHAR2,200]
 153 - "A".ROWID[ROWID,10], SYS_OP_DESCEND("EFFDT")[RAW,12]
 154 - (#keys=0) MAX(SYS_OP_UNDESCEND(SYS_OP_DESCEND("EFFDT")))[7]
 155 - SYS_OP_DESCEND("EFFDT")[RAW,12]
 
Hint Report (identified by operation id / Query Block Name / Object Alias):
Total hints for statement: 147 (U - Unused (6))
---------------------------------------------------------------------------
 
   0 -  STATEMENT
         U -  OPTIMIZER_FEATURES_ENABLE(default) / hint overridden by another in parent query block
           -  ALL_ROWS
           -  DB_VERSION('19.1.0')
           -  IGNORE_OPTIM_EMBEDDED_HINTS
           -  OPTIMIZER_FEATURES_ENABLE('19.1.0')
 
   0 -  SEL$13
           -  MERGE(@"SEL$13" >"SEL$10")
 
   0 -  SEL$21
           -  MERGE(@"SEL$21" >"SEL$18")
 
   0 -  SEL$29
           -  MERGE(@"SEL$29" >"SEL$26")
 
   0 -  SEL$38
           -  MERGE(@"SEL$38" >"SEL$34")
 
   0 -  SEL$5
           -  MERGE(@"SEL$5" >"SEL$2")
 
   4 -  SEL$E6413A4A
           -  LEADING(@"SEL$E6413A4A" "R"@"SEL$2" "VW_NSO_1"@"SEL$E6413A4A" "X"@"SEL$2" "Y"@"SEL$2" "A"@"SEL$5")
 
   4 -  SEL$E6413A4A / VW_NSO_1@SEL$E6413A4A
           -  SWAP_JOIN_INPUTS(@"SEL$E6413A4A" "VW_NSO_1"@"SEL$E6413A4A")
           -  USE_HASH(@"SEL$E6413A4A" "VW_NSO_1"@"SEL$E6413A4A")
 
   4 -  SEL$E6413A4A / X@SEL$2
           -  SWAP_JOIN_INPUTS(@"SEL$E6413A4A" "X"@"SEL$2")
           -  USE_HASH(@"SEL$E6413A4A" "X"@"SEL$2")
 
   8 -  SEL$3
           -  LEADING(@"SEL$3" "H"@"SEL$3" "D"@"SEL$3")
 
  10 -  SEL$3 / H@SEL$3
           -  FULL(@"SEL$3" "H"@"SEL$3")
 
  11 -  SEL$3 / D@SEL$3
           -  FULL(@"SEL$3" "D"@"SEL$3")
           -  USE_HASH(@"SEL$3" "D"@"SEL$3")
 
  14 -  SEL$4 / D1@SEL$4
           -  INDEX(@"SEL$4" "D1"@"SEL$4" ("PS_GM_EOPF_DETAIL"."RUN_CNTL_ID" "PS_GM_EOPF_DETAIL"."SEQNUM"))
 
  17 -  SEL$3C459230
         U -  ORDER_SUBQ(@"SEL$3C459230" "SEL$8" "SEL$9") / ORDER_SUBQ referenced query block name, which cannot be found
           -  LEADING(@"SEL$3C459230" "EOH"@"SEL$7" "EOD"@"SEL$7")
           -  UNNEST(@"SEL$7")
 
  19 -  SEL$3C459230 / EOH@SEL$7
           -  FULL(@"SEL$3C459230" "EOH"@"SEL$7")
 
  20 -  SEL$3C459230 / EOD@SEL$7
           -  FULL(@"SEL$3C459230" "EOD"@"SEL$7")
           -  USE_HASH(@"SEL$3C459230" "EOD"@"SEL$7")
 
  23 -  SEL$8 / EOD1@SEL$8
           -  INDEX(@"SEL$8" "EOD1"@"SEL$8" ("PS_GM_EOPF_DETAIL"."RUN_CNTL_ID" "PS_GM_EOPF_DETAIL"."SEQNUM"))
 
  26 -  SEL$9 / T1@SEL$9
           -  INDEX(@"SEL$9" "T1"@"SEL$9" ("PS_GM_EY_TRACKING"."GM_EY_APPRAISAL_ID" "PS_GM_EY_TRACKING"."DATETIME_STAMP" "PS_GM_EY_TRACKING"."STEP" "PS_GM_EY_TRACKING"."GM_EY_SECTION_TYPE"))
 
  27 -  SEL$E6413A4A / R@SEL$2
           -  FULL(@"SEL$E6413A4A" "R"@"SEL$2")
 
  28 -  SEL$E6413A4A / Y@SEL$2
           -  BATCH_TABLE_ACCESS_BY_ROWID(@"SEL$E6413A4A" "Y"@"SEL$2")
           -  INDEX_RS_ASC(@"SEL$E6413A4A" "Y"@"SEL$2" ("PS_GM_EY_SECTION"."GM_EY_APPRAISAL_ID" "PS_GM_EY_SECTION"."GM_EY_ROLE" "PS_GM_EY_SECTION"."GM_EY_REVIEWER_ID" "PS_GM_EY_SECTION"."GM_EY_SECTION_TYPE"))
           -  USE_NL(@"SEL$E6413A4A" "Y"@"SEL$2")
 
  30 -  SEL$E6413A4A / A@SEL$5
           -  BATCH_TABLE_ACCESS_BY_ROWID(@"SEL$E6413A4A" "A"@"SEL$5")
           -  INDEX_RS_ASC(@"SEL$E6413A4A" "A"@"SEL$5" "PS_NAMES")
           -  USE_NL(@"SEL$E6413A4A" "A"@"SEL$5")
 
  32 -  SEL$6
           -  PUSH_SUBQ(@"SEL$6")
 
  33 -  SEL$6 / B@SEL$6
           -  INDEX(@"SEL$6" "B"@"SEL$6" "PS_NAMES")
 
  34 -  SEL$C1C3F767
           -  LEADING(@"SEL$C1C3F767" "R"@"SEL$10" "VW_NSO_2"@"SEL$C1C3F767" "X"@"SEL$10" "Y"@"SEL$10" "A"@"SEL$13")
 
  34 -  SEL$C1C3F767 / VW_NSO_2@SEL$C1C3F767
           -  SWAP_JOIN_INPUTS(@"SEL$C1C3F767" "VW_NSO_2"@"SEL$C1C3F767")
           -  USE_HASH(@"SEL$C1C3F767" "VW_NSO_2"@"SEL$C1C3F767")
 
  34 -  SEL$C1C3F767 / X@SEL$10
           -  SWAP_JOIN_INPUTS(@"SEL$C1C3F767" "X"@"SEL$10")
           -  USE_HASH(@"SEL$C1C3F767" "X"@"SEL$10")
 
  38 -  SEL$11
           -  LEADING(@"SEL$11" "H"@"SEL$11" "D"@"SEL$11")
 
  40 -  SEL$11 / H@SEL$11
           -  FULL(@"SEL$11" "H"@"SEL$11")
 
  41 -  SEL$11 / D@SEL$11
           -  FULL(@"SEL$11" "D"@"SEL$11")
           -  USE_HASH(@"SEL$11" "D"@"SEL$11")
 
  44 -  SEL$12 / D1@SEL$12
           -  INDEX(@"SEL$12" "D1"@"SEL$12" ("PS_GM_EOPF_DETAIL"."RUN_CNTL_ID" "PS_GM_EOPF_DETAIL"."SEQNUM"))
 
  47 -  SEL$3696862B
         U -  ORDER_SUBQ(@"SEL$3696862B" "SEL$16" "SEL$17") / ORDER_SUBQ referenced query block name, which cannot be found
           -  LEADING(@"SEL$3696862B" "EOH"@"SEL$15" "EOD"@"SEL$15")
           -  UNNEST(@"SEL$15")
 
  49 -  SEL$3696862B / EOH@SEL$15
           -  FULL(@"SEL$3696862B" "EOH"@"SEL$15")
 
  50 -  SEL$3696862B / EOD@SEL$15
           -  FULL(@"SEL$3696862B" "EOD"@"SEL$15")
           -  USE_HASH(@"SEL$3696862B" "EOD"@"SEL$15")
 
  53 -  SEL$16 / EOD1@SEL$16
           -  INDEX(@"SEL$16" "EOD1"@"SEL$16" ("PS_GM_EOPF_DETAIL"."RUN_CNTL_ID" "PS_GM_EOPF_DETAIL"."SEQNUM"))
 
  56 -  SEL$17 / T1@SEL$17
           -  INDEX(@"SEL$17" "T1"@"SEL$17" ("PS_GM_EY_TRACKING"."GM_EY_APPRAISAL_ID" "PS_GM_EY_TRACKING"."DATETIME_STAMP" "PS_GM_EY_TRACKING"."STEP" "PS_GM_EY_TRACKING"."GM_EY_SECTION_TYPE"))
 
  57 -  SEL$C1C3F767 / R@SEL$10
           -  FULL(@"SEL$C1C3F767" "R"@"SEL$10")
 
  58 -  SEL$C1C3F767 / Y@SEL$10
           -  BATCH_TABLE_ACCESS_BY_ROWID(@"SEL$C1C3F767" "Y"@"SEL$10")
           -  INDEX_RS_ASC(@"SEL$C1C3F767" "Y"@"SEL$10" ("PS_GM_EY_SECTION"."GM_EY_APPRAISAL_ID" "PS_GM_EY_SECTION"."GM_EY_ROLE" "PS_GM_EY_SECTION"."GM_EY_REVIEWER_ID" "PS_GM_EY_SECTION"."GM_EY_SECTION_TYPE"))
           -  USE_NL(@"SEL$C1C3F767" "Y"@"SEL$10")
 
  60 -  SEL$C1C3F767 / A@SEL$13
           -  BATCH_TABLE_ACCESS_BY_ROWID(@"SEL$C1C3F767" "A"@"SEL$13")
           -  INDEX_RS_ASC(@"SEL$C1C3F767" "A"@"SEL$13" "PS_NAMES")
           -  USE_NL(@"SEL$C1C3F767" "A"@"SEL$13")
 
  62 -  SEL$14
           -  PUSH_SUBQ(@"SEL$14")
 
  63 -  SEL$14 / B@SEL$14
           -  INDEX(@"SEL$14" "B"@"SEL$14" "PS_NAMES")
 
  64 -  SEL$B8AE80F2
           -  LEADING(@"SEL$B8AE80F2" "R"@"SEL$18" "VW_NSO_3"@"SEL$B8AE80F2" "X"@"SEL$18" "Y"@"SEL$18" "A"@"SEL$21")
 
  64 -  SEL$B8AE80F2 / VW_NSO_3@SEL$B8AE80F2
           -  SWAP_JOIN_INPUTS(@"SEL$B8AE80F2" "VW_NSO_3"@"SEL$B8AE80F2")
           -  USE_HASH(@"SEL$B8AE80F2" "VW_NSO_3"@"SEL$B8AE80F2")
 
  64 -  SEL$B8AE80F2 / X@SEL$18
           -  SWAP_JOIN_INPUTS(@"SEL$B8AE80F2" "X"@"SEL$18")
           -  USE_HASH(@"SEL$B8AE80F2" "X"@"SEL$18")
 
  68 -  SEL$19
           -  LEADING(@"SEL$19" "H"@"SEL$19" "D"@"SEL$19")
 
  70 -  SEL$19 / H@SEL$19
           -  FULL(@"SEL$19" "H"@"SEL$19")
 
  71 -  SEL$19 / D@SEL$19
           -  FULL(@"SEL$19" "D"@"SEL$19")
           -  USE_HASH(@"SEL$19" "D"@"SEL$19")
 
  74 -  SEL$20 / D1@SEL$20
           -  INDEX(@"SEL$20" "D1"@"SEL$20" ("PS_GM_EOPF_DETAIL"."RUN_CNTL_ID" "PS_GM_EOPF_DETAIL"."SEQNUM"))
 
  77 -  SEL$85F5D741
         U -  ORDER_SUBQ(@"SEL$85F5D741" "SEL$24" "SEL$25") / ORDER_SUBQ referenced query block name, which cannot be found
           -  LEADING(@"SEL$85F5D741" "EOH"@"SEL$23" "EOD"@"SEL$23")
           -  UNNEST(@"SEL$23")
 
  79 -  SEL$85F5D741 / EOH@SEL$23
           -  FULL(@"SEL$85F5D741" "EOH"@"SEL$23")
 
  80 -  SEL$85F5D741 / EOD@SEL$23
           -  FULL(@"SEL$85F5D741" "EOD"@"SEL$23")
           -  USE_HASH(@"SEL$85F5D741" "EOD"@"SEL$23")
 
  83 -  SEL$24 / EOD1@SEL$24
           -  INDEX(@"SEL$24" "EOD1"@"SEL$24" ("PS_GM_EOPF_DETAIL"."RUN_CNTL_ID" "PS_GM_EOPF_DETAIL"."SEQNUM"))
 
  86 -  SEL$25 / T1@SEL$25
           -  INDEX(@"SEL$25" "T1"@"SEL$25" ("PS_GM_EY_TRACKING"."GM_EY_APPRAISAL_ID" "PS_GM_EY_TRACKING"."DATETIME_STAMP" "PS_GM_EY_TRACKING"."STEP" "PS_GM_EY_TRACKING"."GM_EY_SECTION_TYPE"))
 
  87 -  SEL$B8AE80F2 / R@SEL$18
           -  FULL(@"SEL$B8AE80F2" "R"@"SEL$18")
 
  88 -  SEL$B8AE80F2 / Y@SEL$18
           -  BATCH_TABLE_ACCESS_BY_ROWID(@"SEL$B8AE80F2" "Y"@"SEL$18")
           -  INDEX_RS_ASC(@"SEL$B8AE80F2" "Y"@"SEL$18" ("PS_GM_EY_SECTION"."GM_EY_APPRAISAL_ID" "PS_GM_EY_SECTION"."GM_EY_ROLE" "PS_GM_EY_SECTION"."GM_EY_REVIEWER_ID" "PS_GM_EY_SECTION"."GM_EY_SECTION_TYPE"))
           -  USE_NL(@"SEL$B8AE80F2" "Y"@"SEL$18")
 
  90 -  SEL$B8AE80F2 / A@SEL$21
           -  BATCH_TABLE_ACCESS_BY_ROWID(@"SEL$B8AE80F2" "A"@"SEL$21")
           -  INDEX_RS_ASC(@"SEL$B8AE80F2" "A"@"SEL$21" "PS_NAMES")
           -  USE_NL(@"SEL$B8AE80F2" "A"@"SEL$21")
 
  92 -  SEL$22
           -  PUSH_SUBQ(@"SEL$22")
 
  93 -  SEL$22 / B@SEL$22
           -  INDEX(@"SEL$22" "B"@"SEL$22" "PS_NAMES")
 
  94 -  SEL$891703B5
           -  LEADING(@"SEL$891703B5" "R"@"SEL$26" "VW_NSO_4"@"SEL$891703B5" "X"@"SEL$26" "Y"@"SEL$26" "A"@"SEL$29")
 
  94 -  SEL$891703B5 / VW_NSO_4@SEL$891703B5
           -  SWAP_JOIN_INPUTS(@"SEL$891703B5" "VW_NSO_4"@"SEL$891703B5")
           -  USE_HASH(@"SEL$891703B5" "VW_NSO_4"@"SEL$891703B5")
 
  94 -  SEL$891703B5 / X@SEL$26
           -  SWAP_JOIN_INPUTS(@"SEL$891703B5" "X"@"SEL$26")
           -  USE_HASH(@"SEL$891703B5" "X"@"SEL$26")
 
  98 -  SEL$27
           -  LEADING(@"SEL$27" "H"@"SEL$27" "D"@"SEL$27")
 
 100 -  SEL$27 / H@SEL$27
           -  FULL(@"SEL$27" "H"@"SEL$27")
 
 101 -  SEL$27 / D@SEL$27
           -  FULL(@"SEL$27" "D"@"SEL$27")
           -  USE_HASH(@"SEL$27" "D"@"SEL$27")
 
 104 -  SEL$28 / D1@SEL$28
           -  INDEX(@"SEL$28" "D1"@"SEL$28" ("PS_GM_EOPF_DETAIL"."RUN_CNTL_ID" "PS_GM_EOPF_DETAIL"."SEQNUM"))
 
 107 -  SEL$6BE15233
         U -  ORDER_SUBQ(@"SEL$6BE15233" "SEL$32" "SEL$33") / ORDER_SUBQ referenced query block name, which cannot be found
           -  LEADING(@"SEL$6BE15233" "EOH"@"SEL$31" "EOD"@"SEL$31")
           -  UNNEST(@"SEL$31")
 
 109 -  SEL$6BE15233 / EOH@SEL$31
           -  FULL(@"SEL$6BE15233" "EOH"@"SEL$31")
 
 110 -  SEL$6BE15233 / EOD@SEL$31
           -  FULL(@"SEL$6BE15233" "EOD"@"SEL$31")
           -  USE_HASH(@"SEL$6BE15233" "EOD"@"SEL$31")
 
 113 -  SEL$32 / EOD1@SEL$32
           -  INDEX(@"SEL$32" "EOD1"@"SEL$32" ("PS_GM_EOPF_DETAIL"."RUN_CNTL_ID" "PS_GM_EOPF_DETAIL"."SEQNUM"))
 
 116 -  SEL$33 / T1@SEL$33
           -  INDEX(@"SEL$33" "T1"@"SEL$33" ("PS_GM_EY_TRACKING"."GM_EY_APPRAISAL_ID" "PS_GM_EY_TRACKING"."DATETIME_STAMP" "PS_GM_EY_TRACKING"."STEP" "PS_GM_EY_TRACKING"."GM_EY_SECTION_TYPE"))
 
 117 -  SEL$891703B5 / R@SEL$26
           -  FULL(@"SEL$891703B5" "R"@"SEL$26")
 
 118 -  SEL$891703B5 / Y@SEL$26
           -  BATCH_TABLE_ACCESS_BY_ROWID(@"SEL$891703B5" "Y"@"SEL$26")
           -  INDEX_RS_ASC(@"SEL$891703B5" "Y"@"SEL$26" ("PS_GM_EY_SECTION"."GM_EY_APPRAISAL_ID" "PS_GM_EY_SECTION"."GM_EY_ROLE" "PS_GM_EY_SECTION"."GM_EY_REVIEWER_ID" "PS_GM_EY_SECTION"."GM_EY_SECTION_TYPE"))
           -  USE_NL(@"SEL$891703B5" "Y"@"SEL$26")
 
 120 -  SEL$891703B5 / A@SEL$29
           -  BATCH_TABLE_ACCESS_BY_ROWID(@"SEL$891703B5" "A"@"SEL$29")
           -  INDEX_RS_ASC(@"SEL$891703B5" "A"@"SEL$29" "PS_NAMES")
           -  USE_NL(@"SEL$891703B5" "A"@"SEL$29")
 
 122 -  SEL$30
           -  PUSH_SUBQ(@"SEL$30")
 
 123 -  SEL$30 / B@SEL$30
           -  INDEX(@"SEL$30" "B"@"SEL$30" "PS_NAMES")
 
 124 -  SEL$35 / XX@SEL$35
           -  BATCH_TABLE_ACCESS_BY_ROWID(@"SEL$35" "XX"@"SEL$35")
           -  INDEX_RS_ASC(@"SEL$35" "XX"@"SEL$35" ("PS_GM_EY_SECTION"."GM_EY_APPRAISAL_ID" "PS_GM_EY_SECTION"."GM_EY_ROLE" "PS_GM_EY_SECTION"."GM_EY_REVIEWER_ID" "PS_GM_EY_SECTION"."GM_EY_SECTION_TYPE"))
 
 126 -  SEL$3D8D8DED
           -  LEADING(@"SEL$3D8D8DED" "R"@"SEL$34" "VW_NSO_5"@"SEL$3D8D8DED" "X"@"SEL$34" "Y"@"SEL$34" "A"@"SEL$38")
 
 126 -  SEL$3D8D8DED / VW_NSO_5@SEL$3D8D8DED
           -  SWAP_JOIN_INPUTS(@"SEL$3D8D8DED" "VW_NSO_5"@"SEL$3D8D8DED")
           -  USE_HASH(@"SEL$3D8D8DED" "VW_NSO_5"@"SEL$3D8D8DED")
 
 126 -  SEL$3D8D8DED / X@SEL$34
           -  SWAP_JOIN_INPUTS(@"SEL$3D8D8DED" "X"@"SEL$34")
           -  USE_HASH(@"SEL$3D8D8DED" "X"@"SEL$34")
 
 130 -  SEL$36
           -  LEADING(@"SEL$36" "H"@"SEL$36" "D"@"SEL$36")
 
 132 -  SEL$36 / H@SEL$36
           -  FULL(@"SEL$36" "H"@"SEL$36")
 
 133 -  SEL$36 / D@SEL$36
           -  FULL(@"SEL$36" "D"@"SEL$36")
           -  USE_HASH(@"SEL$36" "D"@"SEL$36")
 
 136 -  SEL$37 / D1@SEL$37
           -  INDEX(@"SEL$37" "D1"@"SEL$37" ("PS_GM_EOPF_DETAIL"."RUN_CNTL_ID" "PS_GM_EOPF_DETAIL"."SEQNUM"))
 
 139 -  SEL$E4BE5340
         U -  ORDER_SUBQ(@"SEL$E4BE5340" "SEL$41" "SEL$42") / ORDER_SUBQ referenced query block name, which cannot be found
           -  LEADING(@"SEL$E4BE5340" "EOH"@"SEL$40" "EOD"@"SEL$40")
           -  UNNEST(@"SEL$40")
 
 141 -  SEL$E4BE5340 / EOH@SEL$40
           -  FULL(@"SEL$E4BE5340" "EOH"@"SEL$40")
 
 142 -  SEL$E4BE5340 / EOD@SEL$40
           -  FULL(@"SEL$E4BE5340" "EOD"@"SEL$40")
           -  USE_HASH(@"SEL$E4BE5340" "EOD"@"SEL$40")
 
 145 -  SEL$41 / EOD1@SEL$41
           -  INDEX(@"SEL$41" "EOD1"@"SEL$41" ("PS_GM_EOPF_DETAIL"."RUN_CNTL_ID" "PS_GM_EOPF_DETAIL"."SEQNUM"))
 
 148 -  SEL$42 / T1@SEL$42
           -  INDEX(@"SEL$42" "T1"@"SEL$42" ("PS_GM_EY_TRACKING"."GM_EY_APPRAISAL_ID" "PS_GM_EY_TRACKING"."DATETIME_STAMP" "PS_GM_EY_TRACKING"."STEP" "PS_GM_EY_TRACKING"."GM_EY_SECTION_TYPE"))
 
 149 -  SEL$3D8D8DED / R@SEL$34
           -  FULL(@"SEL$3D8D8DED" "R"@"SEL$34")
 
 150 -  SEL$3D8D8DED / Y@SEL$34
           -  BATCH_TABLE_ACCESS_BY_ROWID(@"SEL$3D8D8DED" "Y"@"SEL$34")
           -  INDEX_RS_ASC(@"SEL$3D8D8DED" "Y"@"SEL$34" ("PS_GM_EY_SECTION"."GM_EY_APPRAISAL_ID" "PS_GM_EY_SECTION"."GM_EY_ROLE" "PS_GM_EY_SECTION"."GM_EY_REVIEWER_ID" "PS_GM_EY_SECTION"."GM_EY_SECTION_TYPE"))
           -  USE_NL(@"SEL$3D8D8DED" "Y"@"SEL$34")
 
 152 -  SEL$3D8D8DED / A@SEL$38
           -  BATCH_TABLE_ACCESS_BY_ROWID(@"SEL$3D8D8DED" "A"@"SEL$38")
           -  INDEX_RS_ASC(@"SEL$3D8D8DED" "A"@"SEL$38" "PS_NAMES")
           -  USE_NL(@"SEL$3D8D8DED" "A"@"SEL$38")
 
 154 -  SEL$39
           -  PUSH_SUBQ(@"SEL$39")
 
 155 -  SEL$39 / B@SEL$39
           -  INDEX(@"SEL$39" "B"@"SEL$39" "PS_NAMES")

3- Using SQL Profile
--------------------
Plan hash value: 3580132121

 
--------------------------------------------------------------------------------------------------------------------------
| Id  | Operation                                   | Name               | Rows  | Bytes |TempSpc| Cost (%CPU)| Time     |
--------------------------------------------------------------------------------------------------------------------------
|   0 | SELECT STATEMENT                            |                    |  1300 |   314K|       |    26M  (1)| 00:17:32 |
|   1 |  VIEW                                       | PS_GM_EY_EOPFQLFYV |  1300 |   314K|       |    26M  (1)| 00:17:32 |
|   2 |   SORT UNIQUE                               |                    |  1300 |    15M|    15M|    26M  (1)| 00:17:32 |
|   3 |    UNION-ALL                                |                    |       |       |       |            |          |
|*  4 |     HASH JOIN ANTI                          |                    |    33 |  6831 |       |  8681K  (1)| 00:05:40 |
|   5 |      NESTED LOOPS                           |                    |    33 |  6402 |       | 18611   (1)| 00:00:01 |
|   6 |       NESTED LOOPS                          |                    |    99 |  6402 |       | 18611   (1)| 00:00:01 |
|*  7 |        HASH JOIN RIGHT OUTER                |                    |    99 | 17919 |       | 18314   (1)| 00:00:01 |
|   8 |         VIEW                                | PS_GM_EOPF_H_D_VW  |     1 |    58 |       | 10083   (1)| 00:00:01 |
|   9 |          NESTED LOOPS                       |                    |     1 |   157 |       | 10083   (1)| 00:00:01 |
|  10 |           NESTED LOOPS                      |                    |     1 |   157 |       | 10083   (1)| 00:00:01 |
|* 11 |            HASH JOIN SEMI                   |                    |     1 |   116 |    17M| 10081   (1)| 00:00:01 |
|  12 |             TABLE ACCESS FULL               | PS_GM_EOPF_DETAIL  |   352K|    13M|       |  4415   (1)| 00:00:01 |
|  13 |             VIEW                            | VW_SQ_1            |   334K|    23M|       |  3402   (1)| 00:00:01 |
|  14 |              HASH GROUP BY                  |                    |   334K|    10M|    13M|  3402   (1)| 00:00:01 |
|  15 |               INDEX FULL SCAN               | PS_GM_EOPF_DETAIL  |   352K|    10M|       |  3402   (1)| 00:00:01 |
|* 16 |            INDEX UNIQUE SCAN                | PS_GM_EOPF_HEADER  |     1 |       |       |     1   (0)| 00:00:01 |
|* 17 |           TABLE ACCESS BY INDEX ROWID       | PS_GM_EOPF_HEADER  |     1 |    41 |       |     2   (0)| 00:00:01 |
|  18 |         NESTED LOOPS                        |                    |    99 | 12177 |       |  8230   (2)| 00:00:01 |
|  19 |          NESTED LOOPS                       |                    |  1066 | 12177 |       |  8230   (2)| 00:00:01 |
|* 20 |           HASH JOIN RIGHT SEMI              |                    |    82 |  6478 |  2952K|  7537   (3)| 00:00:01 |
|  21 |            VIEW                             | VW_SQ_4            | 56978 |  2281K|       |  3446   (5)| 00:00:01 |
|  22 |             HASH GROUP BY                   |                    | 56978 |  1112K|    28M|  3446   (5)| 00:00:01 |
|* 23 |              INDEX FAST FULL SCAN           | PS_NAMES           |   929K|    17M|       |  1203   (9)| 00:00:01 |
|* 24 |            INDEX FAST FULL SCAN             | PS0NAMES           |   929K|    33M|       |  1741   (1)| 00:00:01 |
|* 25 |           INDEX RANGE SCAN                  | PS0GM_EY_MAIN      |    13 |       |       |     2   (0)| 00:00:01 |
|* 26 |          TABLE ACCESS BY INDEX ROWID        | PS_GM_EY_MAIN      |     1 |    44 |       |    15   (0)| 00:00:01 |
|* 27 |        INDEX RANGE SCAN                     | PS_GM_EY_SECTION   |     1 |       |       |     2   (0)| 00:00:01 |
|  28 |       TABLE ACCESS BY INDEX ROWID           | PS_GM_EY_SECTION   |     1 |    13 |       |     3   (0)| 00:00:01 |
|  29 |      VIEW                                   | VW_NSO_3           |     1 |    13 |       |  8662K  (1)| 00:05:39 |
|* 30 |       FILTER                                |                    |       |       |       |            |          |
|  31 |        HASH GROUP BY                        |                    |     1 |   115 |   369M|  8662K  (1)| 00:05:39 |
|* 32 |         FILTER                              |                    |       |       |       |            |          |
|* 33 |          HASH JOIN                          |                    |  2881K|   316M|    15M| 32861   (1)| 00:00:02 |
|* 34 |           TABLE ACCESS FULL                 | PS_GM_EOPF_DETAIL  |   254K|    12M|       |  4416   (1)| 00:00:01 |
|* 35 |           HASH JOIN                         |                    |  2803K|   168M|    13M| 17704   (1)| 00:00:01 |
|* 36 |            TABLE ACCESS FULL                | PS_GM_EOPF_HEADER  |   242K|    10M|       |  1349   (1)| 00:00:01 |
|  37 |            INDEX FAST FULL SCAN             | PS_GM_EY_TRACKING  |  5918K|    90M|       |  7783   (1)| 00:00:01 |
|  38 |          SORT AGGREGATE                     |                    |     1 |    32 |       |            |          |
|  39 |           FIRST ROW                         |                    |     1 |    32 |       |     3   (0)| 00:00:01 |
|* 40 |            INDEX RANGE SCAN (MIN/MAX)       | PS_GM_EOPF_DETAIL  |     1 |    32 |       |     3   (0)| 00:00:01 |
|* 41 |     HASH JOIN RIGHT ANTI                    |                    |    41 |  8487 |       |  8681K  (1)| 00:05:40 |
|  42 |      VIEW                                   | VW_NSO_7           |     1 |    13 |       |  8662K  (1)| 00:05:39 |
|* 43 |       FILTER                                |                    |       |       |       |            |          |
|  44 |        HASH GROUP BY                        |                    |     1 |   115 |   369M|  8662K  (1)| 00:05:39 |
|* 45 |         FILTER                              |                    |       |       |       |            |          |
|* 46 |          HASH JOIN                          |                    |  2881K|   316M|    15M| 32861   (1)| 00:00:02 |
|* 47 |           TABLE ACCESS FULL                 | PS_GM_EOPF_DETAIL  |   254K|    12M|       |  4416   (1)| 00:00:01 |
|* 48 |           HASH JOIN                         |                    |  2803K|   168M|    13M| 17704   (1)| 00:00:01 |
|* 49 |            TABLE ACCESS FULL                | PS_GM_EOPF_HEADER  |   242K|    10M|       |  1349   (1)| 00:00:01 |
|  50 |            INDEX FAST FULL SCAN             | PS_GM_EY_TRACKING  |  5918K|    90M|       |  7783   (1)| 00:00:01 |
|  51 |          SORT AGGREGATE                     |                    |     1 |    32 |       |            |          |
|  52 |           FIRST ROW                         |                    |     1 |    32 |       |     3   (0)| 00:00:01 |
|* 53 |            INDEX RANGE SCAN (MIN/MAX)       | PS_GM_EOPF_DETAIL  |     1 |    32 |       |     3   (0)| 00:00:01 |
|  54 |      NESTED LOOPS                           |                    |    41 |  7954 |       | 18659   (1)| 00:00:01 |
|  55 |       NESTED LOOPS                          |                    |   115 |  7954 |       | 18659   (1)| 00:00:01 |
|* 56 |        HASH JOIN RIGHT OUTER                |                    |   115 | 20815 |       | 18314   (1)| 00:00:01 |
|  57 |         VIEW                                | PS_GM_EOPF_H_D_VW  |     1 |    58 |       | 10083   (1)| 00:00:01 |
|  58 |          NESTED LOOPS                       |                    |     1 |   157 |       | 10083   (1)| 00:00:01 |
|  59 |           NESTED LOOPS                      |                    |     1 |   157 |       | 10083   (1)| 00:00:01 |
|* 60 |            HASH JOIN SEMI                   |                    |     1 |   116 |    17M| 10081   (1)| 00:00:01 |
|  61 |             TABLE ACCESS FULL               | PS_GM_EOPF_DETAIL  |   352K|    13M|       |  4415   (1)| 00:00:01 |
|  62 |             VIEW                            | VW_SQ_5            |   334K|    23M|       |  3402   (1)| 00:00:01 |
|  63 |              HASH GROUP BY                  |                    |   334K|    10M|    13M|  3402   (1)| 00:00:01 |
|  64 |               INDEX FULL SCAN               | PS_GM_EOPF_DETAIL  |   352K|    10M|       |  3402   (1)| 00:00:01 |
|* 65 |            INDEX UNIQUE SCAN                | PS_GM_EOPF_HEADER  |     1 |       |       |     1   (0)| 00:00:01 |
|* 66 |           TABLE ACCESS BY INDEX ROWID       | PS_GM_EOPF_HEADER  |     1 |    41 |       |     2   (0)| 00:00:01 |
|  67 |         NESTED LOOPS                        |                    |   115 | 14145 |       |  8230   (2)| 00:00:01 |
|  68 |          NESTED LOOPS                       |                    |  1066 | 14145 |       |  8230   (2)| 00:00:01 |
|* 69 |           HASH JOIN RIGHT SEMI              |                    |    82 |  6478 |  2952K|  7537   (3)| 00:00:01 |
|  70 |            VIEW                             | VW_SQ_8            | 56978 |  2281K|       |  3446   (5)| 00:00:01 |
|  71 |             HASH GROUP BY                   |                    | 56978 |  1112K|    28M|  3446   (5)| 00:00:01 |
|* 72 |              INDEX FAST FULL SCAN           | PS_NAMES           |   929K|    17M|       |  1203   (9)| 00:00:01 |
|* 73 |            INDEX FAST FULL SCAN             | PS0NAMES           |   929K|    33M|       |  1741   (1)| 00:00:01 |
|* 74 |           INDEX RANGE SCAN                  | PS0GM_EY_MAIN      |    13 |       |       |     2   (0)| 00:00:01 |
|* 75 |          TABLE ACCESS BY INDEX ROWID        | PS_GM_EY_MAIN      |     1 |    44 |       |    15   (0)| 00:00:01 |
|* 76 |        INDEX RANGE SCAN                     | PS_GM_EY_SECTION   |     1 |       |       |     2   (0)| 00:00:01 |
|  77 |       TABLE ACCESS BY INDEX ROWID           | PS_GM_EY_SECTION   |     1 |    13 |       |     3   (0)| 00:00:01 |
|* 78 |     HASH JOIN ANTI                          |                    |     7 |  1449 |       |  8681K  (1)| 00:05:40 |
|  79 |      NESTED LOOPS                           |                    |     7 |  1358 |       | 18374   (1)| 00:00:01 |
|  80 |       NESTED LOOPS                          |                    |    20 |  1358 |       | 18374   (1)| 00:00:01 |
|* 81 |        HASH JOIN OUTER                      |                    |    20 |  3620 |       | 18314   (1)| 00:00:01 |
|  82 |         NESTED LOOPS                        |                    |    20 |  2460 |       |  8230   (2)| 00:00:01 |
|  83 |          NESTED LOOPS                       |                    |  1066 |  2460 |       |  8230   (2)| 00:00:01 |
|* 84 |           HASH JOIN RIGHT SEMI              |                    |    82 |  6478 |  2952K|  7537   (3)| 00:00:01 |
|  85 |            VIEW                             | VW_SQ_12           | 56978 |  2281K|       |  3446   (5)| 00:00:01 |
|  86 |             HASH GROUP BY                   |                    | 56978 |  1112K|    28M|  3446   (5)| 00:00:01 |
|* 87 |              INDEX FAST FULL SCAN           | PS_NAMES           |   929K|    17M|       |  1203   (9)| 00:00:01 |
|* 88 |            INDEX FAST FULL SCAN             | PS0NAMES           |   929K|    33M|       |  1741   (1)| 00:00:01 |
|* 89 |           INDEX RANGE SCAN                  | PS0GM_EY_MAIN      |    13 |       |       |     2   (0)| 00:00:01 |
|* 90 |          TABLE ACCESS BY INDEX ROWID        | PS_GM_EY_MAIN      |     1 |    44 |       |    15   (0)| 00:00:01 |
|  91 |         VIEW                                | PS_GM_EOPF_H_D_VW  |     1 |    58 |       | 10083   (1)| 00:00:01 |
|  92 |          NESTED LOOPS                       |                    |     1 |   157 |       | 10083   (1)| 00:00:01 |
|  93 |           NESTED LOOPS                      |                    |     1 |   157 |       | 10083   (1)| 00:00:01 |
|* 94 |            HASH JOIN SEMI                   |                    |     1 |   116 |    17M| 10081   (1)| 00:00:01 |
|  95 |             TABLE ACCESS FULL               | PS_GM_EOPF_DETAIL  |   352K|    13M|       |  4415   (1)| 00:00:01 |
|  96 |             VIEW                            | VW_SQ_9            |   334K|    23M|       |  3402   (1)| 00:00:01 |
|  97 |              HASH GROUP BY                  |                    |   334K|    10M|    13M|  3402   (1)| 00:00:01 |
|  98 |               INDEX FULL SCAN               | PS_GM_EOPF_DETAIL  |   352K|    10M|       |  3402   (1)| 00:00:01 |
|* 99 |            INDEX UNIQUE SCAN                | PS_GM_EOPF_HEADER  |     1 |       |       |     1   (0)| 00:00:01 |
|*100 |           TABLE ACCESS BY INDEX ROWID       | PS_GM_EOPF_HEADER  |     1 |    41 |       |     2   (0)| 00:00:01 |
|*101 |        INDEX RANGE SCAN                     | PS_GM_EY_SECTION   |     1 |       |       |     2   (0)| 00:00:01 |
| 102 |       TABLE ACCESS BY INDEX ROWID           | PS_GM_EY_SECTION   |     1 |    13 |       |     3   (0)| 00:00:01 |
| 103 |      VIEW                                   | VW_NSO_11          |     1 |    13 |       |  8662K  (1)| 00:05:39 |
|*104 |       FILTER                                |                    |       |       |       |            |          |
| 105 |        HASH GROUP BY                        |                    |     1 |   115 |   369M|  8662K  (1)| 00:05:39 |
|*106 |         FILTER                              |                    |       |       |       |            |          |
|*107 |          HASH JOIN                          |                    |  2881K|   316M|    15M| 32861   (1)| 00:00:02 |
|*108 |           TABLE ACCESS FULL                 | PS_GM_EOPF_DETAIL  |   254K|    12M|       |  4416   (1)| 00:00:01 |
|*109 |           HASH JOIN                         |                    |  2803K|   168M|    13M| 17704   (1)| 00:00:01 |
|*110 |            TABLE ACCESS FULL                | PS_GM_EOPF_HEADER  |   242K|    10M|       |  1349   (1)| 00:00:01 |
| 111 |            INDEX FAST FULL SCAN             | PS_GM_EY_TRACKING  |  5918K|    90M|       |  7783   (1)| 00:00:01 |
| 112 |          SORT AGGREGATE                     |                    |     1 |    32 |       |            |          |
| 113 |           FIRST ROW                         |                    |     1 |    32 |       |     3   (0)| 00:00:01 |
|*114 |            INDEX RANGE SCAN (MIN/MAX)       | PS_GM_EOPF_DETAIL  |     1 |    32 |       |     3   (0)| 00:00:01 |
| 115 |     NESTED LOOPS                            |                    |    16 |  2592 |       | 13699   (1)| 00:00:01 |
| 116 |      NESTED LOOPS                           |                    |    16 |  2592 |       | 13699   (1)| 00:00:01 |
|*117 |       HASH JOIN OUTER                       |                    |    16 |  2384 |       | 13651   (1)| 00:00:01 |
| 118 |        NESTED LOOPS                         |                    |    16 |  1456 |       |  3568   (1)| 00:00:01 |
| 119 |         NESTED LOOPS                        |                    |   258 | 21156 |       |  2794   (1)| 00:00:01 |
| 120 |          TABLE ACCESS BY INDEX ROWID BATCHED| PS_GM_EY_MAIN      |    22 |   968 |       |  2574   (1)| 00:00:01 |
|*121 |           INDEX SKIP SCAN                   | PSAGM_EY_MAIN      |    64 |       |       |  2540   (1)| 00:00:01 |
|*122 |            FILTER                           |                    |       |       |       |            |          |
| 123 |             HASH GROUP BY                   |                    |     1 |   115 |       |  1359   (1)| 00:00:01 |
| 124 |              NESTED LOOPS                   |                    |     1 |   115 |       |  1355   (1)| 00:00:01 |
| 125 |               NESTED LOOPS                  |                    |     1 |   115 |       |  1355   (1)| 00:00:01 |
| 126 |                NESTED LOOPS                 |                    |     1 |    63 |       |  1352   (1)| 00:00:01 |
|*127 |                 TABLE ACCESS FULL           | PS_GM_EOPF_HEADER  |     1 |    47 |       |  1350   (1)| 00:00:01 |
|*128 |                 INDEX RANGE SCAN            | PS_GM_EY_TRACKING  |     1 |    16 |       |     2   (0)| 00:00:01 |
|*129 |                INDEX RANGE SCAN             | PS_GM_EOPF_DETAIL  |     1 |       |       |     2   (0)| 00:00:01 |
| 130 |                 SORT AGGREGATE              |                    |     1 |    32 |       |            |          |
| 131 |                  FIRST ROW                  |                    |     1 |    32 |       |     3   (0)| 00:00:01 |
|*132 |                   INDEX RANGE SCAN (MIN/MAX)| PS_GM_EOPF_DETAIL  |     1 |    32 |       |     3   (0)| 00:00:01 |
|*133 |               TABLE ACCESS BY INDEX ROWID   | PS_GM_EOPF_DETAIL  |     1 |    52 |       |     3   (0)| 00:00:01 |
| 134 |          TABLE ACCESS BY INDEX ROWID BATCHED| PS_NAMES           |    12 |   456 |       |    10   (0)| 00:00:01 |
|*135 |           INDEX RANGE SCAN                  | PS_NAMES           |    12 |       |       |     2   (0)| 00:00:01 |
|*136 |         VIEW PUSHED PREDICATE               | VW_SQ_15           |     1 |     9 |       |     3   (0)| 00:00:01 |
|*137 |          FILTER                             |                    |       |       |       |            |          |
| 138 |           SORT AGGREGATE                    |                    |     1 |    20 |       |            |          |
|*139 |            INDEX RANGE SCAN                 | PS_NAMES           |     2 |    40 |       |     3   (0)| 00:00:01 |
| 140 |        VIEW                                 | PS_GM_EOPF_H_D_VW  |     1 |    58 |       | 10083   (1)| 00:00:01 |
| 141 |         NESTED LOOPS                        |                    |     1 |   157 |       | 10083   (1)| 00:00:01 |
| 142 |          NESTED LOOPS                       |                    |     1 |   157 |       | 10083   (1)| 00:00:01 |
|*143 |           HASH JOIN SEMI                    |                    |     1 |   116 |    17M| 10081   (1)| 00:00:01 |
| 144 |            TABLE ACCESS FULL                | PS_GM_EOPF_DETAIL  |   352K|    13M|       |  4415   (1)| 00:00:01 |
| 145 |            VIEW                             | VW_SQ_13           |   334K|    23M|       |  3402   (1)| 00:00:01 |
| 146 |             HASH GROUP BY                   |                    |   334K|    10M|    13M|  3402   (1)| 00:00:01 |
| 147 |              INDEX FULL SCAN                | PS_GM_EOPF_DETAIL  |   352K|    10M|       |  3402   (1)| 00:00:01 |
|*148 |           INDEX UNIQUE SCAN                 | PS_GM_EOPF_HEADER  |     1 |       |       |     1   (0)| 00:00:01 |
|*149 |          TABLE ACCESS BY INDEX ROWID        | PS_GM_EOPF_HEADER  |     1 |    41 |       |     2   (0)| 00:00:01 |
|*150 |       INDEX RANGE SCAN                      | PS_GM_EY_SECTION   |     1 |       |       |     2   (0)| 00:00:01 |
| 151 |      TABLE ACCESS BY INDEX ROWID            | PS_GM_EY_SECTION   |     1 |    13 |       |     3   (0)| 00:00:01 |
| 152 |     TABLE ACCESS BY INDEX ROWID BATCHED     | PS_GM_EY_SECTION   |     1 |    13 |       |     4   (0)| 00:00:01 |
|*153 |      INDEX RANGE SCAN                       | PS_GM_EY_SECTION   |     1 |       |       |     3   (0)| 00:00:01 |
| 154 |     NESTED LOOPS                            |                    |    45 |  7290 |       | 15635   (1)| 00:00:01 |
| 155 |      NESTED LOOPS                           |                    |    45 |  7290 |       | 15635   (1)| 00:00:01 |
|*156 |       HASH JOIN OUTER                       |                    |    45 |  6705 |       | 15500   (1)| 00:00:01 |
| 157 |        NESTED LOOPS                         |                    |    45 |  4095 |       |  5417   (1)| 00:00:01 |
| 158 |         NESTED LOOPS                        |                    |   734 | 60188 |       |  3214   (1)| 00:00:01 |
| 159 |          TABLE ACCESS BY INDEX ROWID BATCHED| PS_GM_EY_MAIN      |    64 |  2816 |       |  2574   (1)| 00:00:01 |
|*160 |           INDEX SKIP SCAN                   | PSAGM_EY_MAIN      |    64 |       |       |  2540   (1)| 00:00:01 |
|*161 |            FILTER                           |                    |       |       |       |            |          |
| 162 |             HASH GROUP BY                   |                    |     1 |   115 |       |  1359   (1)| 00:00:01 |
| 163 |              NESTED LOOPS                   |                    |     1 |   115 |       |  1355   (1)| 00:00:01 |
| 164 |               NESTED LOOPS                  |                    |     1 |   115 |       |  1355   (1)| 00:00:01 |
| 165 |                NESTED LOOPS                 |                    |     1 |    63 |       |  1352   (1)| 00:00:01 |
|*166 |                 TABLE ACCESS FULL           | PS_GM_EOPF_HEADER  |     1 |    47 |       |  1350   (1)| 00:00:01 |
|*167 |                 INDEX RANGE SCAN            | PS_GM_EY_TRACKING  |     1 |    16 |       |     2   (0)| 00:00:01 |
|*168 |                INDEX RANGE SCAN             | PS_GM_EOPF_DETAIL  |     1 |       |       |     2   (0)| 00:00:01 |
| 169 |                 SORT AGGREGATE              |                    |     1 |    32 |       |            |          |
| 170 |                  FIRST ROW                  |                    |     1 |    32 |       |     3   (0)| 00:00:01 |
|*171 |                   INDEX RANGE SCAN (MIN/MAX)| PS_GM_EOPF_DETAIL  |     1 |    32 |       |     3   (0)| 00:00:01 |
|*172 |               TABLE ACCESS BY INDEX ROWID   | PS_GM_EOPF_DETAIL  |     1 |    52 |       |     3   (0)| 00:00:01 |
| 173 |          TABLE ACCESS BY INDEX ROWID BATCHED| PS_NAMES           |    12 |   456 |       |    10   (0)| 00:00:01 |
|*174 |           INDEX RANGE SCAN                  | PS_NAMES           |    12 |       |       |     2   (0)| 00:00:01 |
|*175 |         VIEW PUSHED PREDICATE               | VW_SQ_18           |     1 |     9 |       |     3   (0)| 00:00:01 |
|*176 |          FILTER                             |                    |       |       |       |            |          |
| 177 |           SORT AGGREGATE                    |                    |     1 |    20 |       |            |          |
|*178 |            INDEX RANGE SCAN                 | PS_NAMES           |     2 |    40 |       |     3   (0)| 00:00:01 |
| 179 |        VIEW                                 | PS_GM_EOPF_H_D_VW  |     1 |    58 |       | 10083   (1)| 00:00:01 |
| 180 |         NESTED LOOPS                        |                    |     1 |   157 |       | 10083   (1)| 00:00:01 |
| 181 |          NESTED LOOPS                       |                    |     1 |   157 |       | 10083   (1)| 00:00:01 |
|*182 |           HASH JOIN SEMI                    |                    |     1 |   116 |    17M| 10081   (1)| 00:00:01 |
| 183 |            TABLE ACCESS FULL                | PS_GM_EOPF_DETAIL  |   352K|    13M|       |  4415   (1)| 00:00:01 |
| 184 |            VIEW                             | VW_SQ_16           |   334K|    23M|       |  3402   (1)| 00:00:01 |
| 185 |             HASH GROUP BY                   |                    |   334K|    10M|    13M|  3402   (1)| 00:00:01 |
| 186 |              INDEX FULL SCAN                | PS_GM_EOPF_DETAIL  |   352K|    10M|       |  3402   (1)| 00:00:01 |
|*187 |           INDEX UNIQUE SCAN                 | PS_GM_EOPF_HEADER  |     1 |       |       |     1   (0)| 00:00:01 |
|*188 |          TABLE ACCESS BY INDEX ROWID        | PS_GM_EOPF_HEADER  |     1 |    41 |       |     2   (0)| 00:00:01 |
|*189 |       INDEX RANGE SCAN                      | PS_GM_EY_SECTION   |     1 |       |       |     2   (0)| 00:00:01 |
| 190 |      TABLE ACCESS BY INDEX ROWID            | PS_GM_EY_SECTION   |     1 |    13 |       |     3   (0)| 00:00:01 |
--------------------------------------------------------------------------------------------------------------------------
 
Query Block Name / Object Alias (identified by operation id):
-------------------------------------------------------------
 
   1 - SET$1        / PS_GM_EY_EOPFQLFYV@SEL$1
   2 - SET$1       
   4 - SEL$0F723D08
   8 - SEL$0CEE953B / X@SEL$2
   9 - SEL$0CEE953B
  12 - SEL$0CEE953B / D@SEL$3
  13 - SEL$8F9407EC / VW_SQ_1@SEL$2F12090E
  14 - SEL$8F9407EC
  15 - SEL$8F9407EC / D1@SEL$4
  16 - SEL$0CEE953B / H@SEL$3
  17 - SEL$0CEE953B / H@SEL$3
  21 - SEL$CE1D94FA / VW_SQ_4@SEL$76E18DF5
  22 - SEL$CE1D94FA
  23 - SEL$CE1D94FA / B@SEL$6
  24 - SEL$0F723D08 / A@SEL$5
  25 - SEL$0F723D08 / R@SEL$2
  26 - SEL$0F723D08 / R@SEL$2
  27 - SEL$0F723D08 / Y@SEL$2
  28 - SEL$0F723D08 / Y@SEL$2
  29 - SEL$936B1782 / VW_NSO_3@SEL$76E18DF5
  30 - SEL$936B1782
  34 - SEL$936B1782 / EOD@SEL$7
  36 - SEL$936B1782 / EOH@SEL$7
  37 - SEL$936B1782 / T1@SEL$9
  38 - SEL$8       
  40 - SEL$8        / EOD1@SEL$8
  41 - SEL$5992609B
  42 - SEL$48186789 / VW_NSO_7@SEL$45C01FEC
  43 - SEL$48186789
  47 - SEL$48186789 / EOD@SEL$15
  49 - SEL$48186789 / EOH@SEL$15
  50 - SEL$48186789 / T1@SEL$17
  51 - SEL$16      
  53 - SEL$16       / EOD1@SEL$16
  57 - SEL$E6A22765 / X@SEL$10
  58 - SEL$E6A22765
  61 - SEL$E6A22765 / D@SEL$11
  62 - SEL$32487103 / VW_SQ_5@SEL$ACC926E7
  63 - SEL$32487103
  64 - SEL$32487103 / D1@SEL$12
  65 - SEL$E6A22765 / H@SEL$11
  66 - SEL$E6A22765 / H@SEL$11
  70 - SEL$AD4650EE / VW_SQ_8@SEL$45C01FEC
  71 - SEL$AD4650EE
  72 - SEL$AD4650EE / B@SEL$14
  73 - SEL$5992609B / A@SEL$13
  74 - SEL$5992609B / R@SEL$10
  75 - SEL$5992609B / R@SEL$10
  76 - SEL$5992609B / Y@SEL$10
  77 - SEL$5992609B / Y@SEL$10
  78 - SEL$2D259896
  85 - SEL$8D62E341 / VW_SQ_12@SEL$45BA535B
  86 - SEL$8D62E341
  87 - SEL$8D62E341 / B@SEL$22
  88 - SEL$2D259896 / A@SEL$21
  89 - SEL$2D259896 / R@SEL$18
  90 - SEL$2D259896 / R@SEL$18
  91 - SEL$2FE1CE8E / X@SEL$18
  92 - SEL$2FE1CE8E
  95 - SEL$2FE1CE8E / D@SEL$19
  96 - SEL$A5A27A5E / VW_SQ_9@SEL$ABE7439A
  97 - SEL$A5A27A5E
  98 - SEL$A5A27A5E / D1@SEL$20
  99 - SEL$2FE1CE8E / H@SEL$19
 100 - SEL$2FE1CE8E / H@SEL$19
 101 - SEL$2D259896 / Y@SEL$18
 102 - SEL$2D259896 / Y@SEL$18
 103 - SEL$B06203A3 / VW_NSO_11@SEL$45BA535B
 104 - SEL$B06203A3
 108 - SEL$B06203A3 / EOD@SEL$23
 110 - SEL$B06203A3 / EOH@SEL$23
 111 - SEL$B06203A3 / T1@SEL$25
 112 - SEL$24      
 114 - SEL$24       / EOD1@SEL$24
 115 - SEL$6EEDCEC9
 120 - SEL$6EEDCEC9 / R@SEL$26
 121 - SEL$6EEDCEC9 / R@SEL$26
 122 - SEL$8965B0CC
 127 - SEL$8965B0CC / EOH@SEL$31
 128 - SEL$8965B0CC / T1@SEL$33
 129 - SEL$8965B0CC / EOD@SEL$31
 130 - SEL$32      
 132 - SEL$32       / EOD1@SEL$32
 133 - SEL$8965B0CC / EOD@SEL$31
 134 - SEL$6EEDCEC9 / A@SEL$29
 135 - SEL$6EEDCEC9 / A@SEL$29
 136 - SEL$3AC98675 / VW_SQ_15@SEL$37259D26
 137 - SEL$3AC98675
 139 - SEL$3AC98675 / B@SEL$30
 140 - SEL$8B57B9B5 / X@SEL$26
 141 - SEL$8B57B9B5
 144 - SEL$8B57B9B5 / D@SEL$27
 145 - SEL$388B6510 / VW_SQ_13@SEL$CEA746A7
 146 - SEL$388B6510
 147 - SEL$388B6510 / D1@SEL$28
 148 - SEL$8B57B9B5 / H@SEL$27
 149 - SEL$8B57B9B5 / H@SEL$27
 150 - SEL$6EEDCEC9 / Y@SEL$26
 151 - SEL$6EEDCEC9 / Y@SEL$26
 152 - SEL$35       / XX@SEL$35
 153 - SEL$35       / XX@SEL$35
 154 - SEL$5B6E65D5
 159 - SEL$5B6E65D5 / R@SEL$34
 160 - SEL$5B6E65D5 / R@SEL$34
 161 - SEL$D46879CB
 166 - SEL$D46879CB / EOH@SEL$40
 167 - SEL$D46879CB / T1@SEL$42
 168 - SEL$D46879CB / EOD@SEL$40
 169 - SEL$41      
 171 - SEL$41       / EOD1@SEL$41
 172 - SEL$D46879CB / EOD@SEL$40
 173 - SEL$5B6E65D5 / A@SEL$38
 174 - SEL$5B6E65D5 / A@SEL$38
 175 - SEL$FA4453CC / VW_SQ_18@SEL$805D0274
 176 - SEL$FA4453CC
 178 - SEL$FA4453CC / B@SEL$39
 179 - SEL$7DA3F960 / X@SEL$34
 180 - SEL$7DA3F960
 183 - SEL$7DA3F960 / D@SEL$36
 184 - SEL$ECB20165 / VW_SQ_16@SEL$412B809B
 185 - SEL$ECB20165
 186 - SEL$ECB20165 / D1@SEL$37
 187 - SEL$7DA3F960 / H@SEL$36
 188 - SEL$7DA3F960 / H@SEL$36
 189 - SEL$5B6E65D5 / Y@SEL$34
 190 - SEL$5B6E65D5 / Y@SEL$34
 
Predicate Information (identified by operation id):
---------------------------------------------------
 
   4 - access("R"."GM_EY_APPRAISAL_ID"="GM_EY_APPRAISAL_ID")
   7 - access("X"."EMPLID"(+)="R"."EMPLID" AND "X"."GM_EY_APPRAISAL_ID"(+)="R"."GM_EY_APPRAISAL_ID")
  11 - access("D"."SEQNUM"="MAX(D1.SEQNUM)" AND "ITEM_1"="D"."RUN_CNTL_ID")
  16 - access("H"."RUN_CNTL_ID"="D"."RUN_CNTL_ID")
  17 - filter("H"."GM_EOPF_SOURCE"='E')
  20 - access(SYS_OP_UNDESCEND(SYS_OP_DESCEND("EFFDT"))="MAX(B.EFFDT)" AND 
              SYS_OP_DESCEND("EFFDT")=SYS_OP_DESCEND("MAX(B.EFFDT)") AND "ITEM_3"="A"."EMPLID" AND "ITEM_4"="A"."NAME_TYPE")
  23 - filter("B"."NAME_TYPE"='PRI' AND SYS_OP_UNDESCEND(SYS_OP_DESCEND("EFFDT"))<=TO_DATE(TO_CHAR(SYSDATE@!,'YYYY
              -MM-DD'),'YYYY-MM-DD'))
  24 - filter("A"."NAME_TYPE"='PRI')
  25 - access("R"."EMPLID"="A"."EMPLID")
  26 - filter("R"."GM_EY_REVIEWSTATUS"='PYEA' AND "R"."GM_EY_TEMPLATE_ID" LIKE 'DS-7644%')
  27 - access("Y"."GM_EY_APPRAISAL_ID"="R"."GM_EY_APPRAISAL_ID" AND "Y"."GM_EY_SECTION_TYPE"='C118')
       filter("Y"."GM_EY_SECTION_TYPE"='C118')
  30 - filter("EOD"."RUN_DTTM">MAX("T1"."DATETIME_STAMP"))
  32 - filter("EOD"."SEQNUM"= (SELECT MAX("EOD1"."SEQNUM") FROM "SYSADM"."PS_GM_EOPF_DETAIL" "EOD1" WHERE 
              "EOD1"."RUN_CNTL_ID"=:B1))
  33 - access("EOH"."RUN_CNTL_ID"="EOD"."RUN_CNTL_ID")
  34 - filter("EOD"."RUN_STATUS_CD"='C' OR "EOD"."RUN_STATUS_CD"='I' OR "EOD"."RUN_STATUS_CD"='N')
  35 - access("T1"."GM_EY_APPRAISAL_ID"="EOH"."GM_EY_APPRAISAL_ID")
  36 - filter("EOH"."GM_EOPF_SOURCE"='E')
  40 - access("EOD1"."RUN_CNTL_ID"=:B1)
  41 - access("R"."GM_EY_APPRAISAL_ID"="GM_EY_APPRAISAL_ID")
  43 - filter("EOD"."RUN_DTTM">MAX("T1"."DATETIME_STAMP"))
  45 - filter("EOD"."SEQNUM"= (SELECT MAX("EOD1"."SEQNUM") FROM "SYSADM"."PS_GM_EOPF_DETAIL" "EOD1" WHERE 
              "EOD1"."RUN_CNTL_ID"=:B1))
  46 - access("EOH"."RUN_CNTL_ID"="EOD"."RUN_CNTL_ID")
  47 - filter("EOD"."RUN_STATUS_CD"='C' OR "EOD"."RUN_STATUS_CD"='I' OR "EOD"."RUN_STATUS_CD"='N')
  48 - access("T1"."GM_EY_APPRAISAL_ID"="EOH"."GM_EY_APPRAISAL_ID")
  49 - filter("EOH"."GM_EOPF_SOURCE"='E')
  53 - access("EOD1"."RUN_CNTL_ID"=:B1)
  56 - access("X"."EMPLID"(+)="R"."EMPLID" AND "X"."GM_EY_APPRAISAL_ID"(+)="R"."GM_EY_APPRAISAL_ID")
  60 - access("D"."SEQNUM"="MAX(D1.SEQNUM)" AND "ITEM_5"="D"."RUN_CNTL_ID")
  65 - access("H"."RUN_CNTL_ID"="D"."RUN_CNTL_ID")
  66 - filter("H"."GM_EOPF_SOURCE"='E')
  69 - access(SYS_OP_UNDESCEND(SYS_OP_DESCEND("EFFDT"))="MAX(B.EFFDT)" AND 
              SYS_OP_DESCEND("EFFDT")=SYS_OP_DESCEND("MAX(B.EFFDT)") AND "ITEM_7"="A"."EMPLID" AND "ITEM_8"="A"."NAME_TYPE")
  72 - filter("B"."NAME_TYPE"='PRI' AND SYS_OP_UNDESCEND(SYS_OP_DESCEND("EFFDT"))<=TO_DATE(TO_CHAR(SYSDATE@!,'YYYY
              -MM-DD'),'YYYY-MM-DD'))
  73 - filter("A"."NAME_TYPE"='PRI')
  74 - access("R"."EMPLID"="A"."EMPLID")
  75 - filter("R"."GM_EY_REVIEWSTATUS"='PYEA' AND "R"."GM_EY_TEMPLATE_ID"='DS-5055')
  76 - access("Y"."GM_EY_APPRAISAL_ID"="R"."GM_EY_APPRAISAL_ID" AND "Y"."GM_EY_SECTION_TYPE"='FS109')
       filter("Y"."GM_EY_SECTION_TYPE"='FS109')
  78 - access("R"."GM_EY_APPRAISAL_ID"="GM_EY_APPRAISAL_ID")
  81 - access("X"."EMPLID"(+)="R"."EMPLID" AND "X"."GM_EY_APPRAISAL_ID"(+)="R"."GM_EY_APPRAISAL_ID")
  84 - access(SYS_OP_UNDESCEND(SYS_OP_DESCEND("EFFDT"))="MAX(B.EFFDT)" AND 
              SYS_OP_DESCEND("EFFDT")=SYS_OP_DESCEND("MAX(B.EFFDT)") AND "ITEM_11"="A"."EMPLID" AND "ITEM_12"="A"."NAME_TYPE")
  87 - filter("B"."NAME_TYPE"='PRI' AND SYS_OP_UNDESCEND(SYS_OP_DESCEND("EFFDT"))<=TO_DATE(TO_CHAR(SYSDATE@!,'YYYY
              -MM-DD'),'YYYY-MM-DD'))
  88 - filter("A"."NAME_TYPE"='PRI')
  89 - access("R"."EMPLID"="A"."EMPLID")
  90 - filter("R"."GM_EY_REVIEWSTATUS"='PYEA' AND "R"."GM_EY_TEMPLATE_ID"='DS-1829')
  94 - access("D"."SEQNUM"="MAX(D1.SEQNUM)" AND "ITEM_9"="D"."RUN_CNTL_ID")
  99 - access("H"."RUN_CNTL_ID"="D"."RUN_CNTL_ID")
 100 - filter("H"."GM_EOPF_SOURCE"='E')
 101 - access("Y"."GM_EY_APPRAISAL_ID"="R"."GM_EY_APPRAISAL_ID" AND "Y"."GM_EY_SECTION_TYPE"='FS109')
       filter("Y"."GM_EY_SECTION_TYPE"='FS109')
 104 - filter("EOD"."RUN_DTTM">MAX("T1"."DATETIME_STAMP"))
 106 - filter("EOD"."SEQNUM"= (SELECT MAX("EOD1"."SEQNUM") FROM "SYSADM"."PS_GM_EOPF_DETAIL" "EOD1" WHERE 
              "EOD1"."RUN_CNTL_ID"=:B1))
 107 - access("EOH"."RUN_CNTL_ID"="EOD"."RUN_CNTL_ID")
 108 - filter("EOD"."RUN_STATUS_CD"='C' OR "EOD"."RUN_STATUS_CD"='I' OR "EOD"."RUN_STATUS_CD"='N')
 109 - access("T1"."GM_EY_APPRAISAL_ID"="EOH"."GM_EY_APPRAISAL_ID")
 110 - filter("EOH"."GM_EOPF_SOURCE"='E')
 114 - access("EOD1"."RUN_CNTL_ID"=:B1)
 117 - access("X"."EMPLID"(+)="R"."EMPLID" AND "X"."GM_EY_APPRAISAL_ID"(+)="R"."GM_EY_APPRAISAL_ID")
 121 - access("R"."GM_EY_REVIEWSTATUS"='PYEA' AND "R"."GM_EY_TEMPLATE_ID"='DS-1811')
       filter("R"."GM_EY_REVIEWSTATUS"='PYEA' AND "R"."GM_EY_TEMPLATE_ID"='DS-1811' AND  NOT EXISTS (SELECT /*+ 
              OPT_ESTIMATE (@"SEL$8965B0CC" JOIN ("EOD"@"SEL$31" "EOH"@"SEL$31") SCALE_ROWS=278130.913900 ) OPT_ESTIMATE 
              (@"SEL$8965B0CC" TABLE "EOH"@"SEL$31" SCALE_ROWS=2.181046 ) */ 0 FROM "SYSADM"."PS_GM_EOPF_DETAIL" 
              "EOD","SYSADM"."PS_GM_EOPF_HEADER" "EOH","SYSADM"."PS_GM_EY_TRACKING" "T1" WHERE "T1"."GM_EY_APPRAISAL_ID"=:B1 
              AND "T1"."GM_EY_APPRAISAL_ID"="EOH"."GM_EY_APPRAISAL_ID" AND "EOH"."GM_EY_APPRAISAL_ID"=:B2 AND 
              "EOH"."GM_EOPF_SOURCE"='E' AND "EOH"."RUN_CNTL_ID"="EOD"."RUN_CNTL_ID" AND ("EOD"."RUN_STATUS_CD"='C' OR 
              "EOD"."RUN_STATUS_CD"='I' OR "EOD"."RUN_STATUS_CD"='N') AND "EOD"."SEQNUM"= (SELECT MAX("EOD1"."SEQNUM") FROM 
              "SYSADM"."PS_GM_EOPF_DETAIL" "EOD1" WHERE "EOD1"."RUN_CNTL_ID"=:B3) GROUP BY 
              "T1"."GM_EY_APPRAISAL_ID",ROWID,ROWID,"EOD"."RUN_DTTM" HAVING "EOD"."RUN_DTTM">MAX("T1"."DATETIME_STAMP")))
 122 - filter("EOD"."RUN_DTTM">MAX("T1"."DATETIME_STAMP"))
 127 - filter("EOH"."GM_EY_APPRAISAL_ID"=:B1 AND "EOH"."GM_EOPF_SOURCE"='E')
 128 - access("T1"."GM_EY_APPRAISAL_ID"=:B1)
       filter("T1"."GM_EY_APPRAISAL_ID"="EOH"."GM_EY_APPRAISAL_ID")
 129 - access("EOH"."RUN_CNTL_ID"="EOD"."RUN_CNTL_ID")
       filter("EOD"."SEQNUM"= (SELECT MAX("EOD1"."SEQNUM") FROM "SYSADM"."PS_GM_EOPF_DETAIL" "EOD1" WHERE 
              "EOD1"."RUN_CNTL_ID"=:B1))
 132 - access("EOD1"."RUN_CNTL_ID"=:B1)
 133 - filter("EOD"."RUN_STATUS_CD"='C' OR "EOD"."RUN_STATUS_CD"='I' OR "EOD"."RUN_STATUS_CD"='N')
 135 - access("R"."EMPLID"="A"."EMPLID" AND "A"."NAME_TYPE"='PRI')
 136 - filter(SYS_OP_UNDESCEND(SYS_OP_DESCEND("EFFDT"))="MAX(B.EFFDT)")
 137 - filter(COUNT(*)>0)
 139 - access("B"."EMPLID"="A"."EMPLID" AND "B"."NAME_TYPE"="A"."NAME_TYPE" AND 
              SYS_OP_DESCEND("EFFDT")>=SYS_OP_DESCEND(TO_DATE(TO_CHAR(SYSDATE@!,'YYYY-MM-DD'),'YYYY-MM-DD')) AND 
              SYS_OP_DESCEND("EFFDT") IS NOT NULL)
       filter(SYS_OP_UNDESCEND(SYS_OP_DESCEND("EFFDT"))<=TO_DATE(TO_CHAR(SYSDATE@!,'YYYY-MM-DD'),'YYYY-MM-DD'))
 143 - access("D"."SEQNUM"="MAX(D1.SEQNUM)" AND "ITEM_13"="D"."RUN_CNTL_ID")
 148 - access("H"."RUN_CNTL_ID"="D"."RUN_CNTL_ID")
 149 - filter("H"."GM_EOPF_SOURCE"='E')
 150 - access("Y"."GM_EY_APPRAISAL_ID"="R"."GM_EY_APPRAISAL_ID" AND "Y"."GM_EY_SECTION_TYPE"='S102')
       filter("Y"."GM_EY_SECTION_TYPE"='S102')
 153 - access("XX"."GM_EY_APPRAISAL_ID"=:B1 AND "XX"."GM_EY_SECTION_TYPE"='S102')
       filter("XX"."GM_EY_SECTION_TYPE"='S102')
 156 - access("X"."EMPLID"(+)="R"."EMPLID" AND "X"."GM_EY_APPRAISAL_ID"(+)="R"."GM_EY_APPRAISAL_ID")
 160 - access("R"."GM_EY_REVIEWSTATUS"='PYEA' AND "R"."GM_EY_TEMPLATE_ID"='DS-5121')
       filter("R"."GM_EY_REVIEWSTATUS"='PYEA' AND "R"."GM_EY_TEMPLATE_ID"='DS-5121' AND  NOT EXISTS (SELECT /*+ 
              OPT_ESTIMATE (@"SEL$D46879CB" JOIN ("EOD"@"SEL$40" "EOH"@"SEL$40") SCALE_ROWS=278130.913900 ) OPT_ESTIMATE 
              (@"SEL$D46879CB" TABLE "EOH"@"SEL$40" SCALE_ROWS=2.181046 ) */ 0 FROM "SYSADM"."PS_GM_EOPF_DETAIL" 
              "EOD","SYSADM"."PS_GM_EOPF_HEADER" "EOH","SYSADM"."PS_GM_EY_TRACKING" "T1" WHERE "T1"."GM_EY_APPRAISAL_ID"=:B1 
              AND "T1"."GM_EY_APPRAISAL_ID"="EOH"."GM_EY_APPRAISAL_ID" AND "EOH"."GM_EY_APPRAISAL_ID"=:B2 AND 
              "EOH"."GM_EOPF_SOURCE"='E' AND "EOH"."RUN_CNTL_ID"="EOD"."RUN_CNTL_ID" AND ("EOD"."RUN_STATUS_CD"='C' OR 
              "EOD"."RUN_STATUS_CD"='I' OR "EOD"."RUN_STATUS_CD"='N') AND "EOD"."SEQNUM"= (SELECT MAX("EOD1"."SEQNUM") FROM 
              "SYSADM"."PS_GM_EOPF_DETAIL" "EOD1" WHERE "EOD1"."RUN_CNTL_ID"=:B3) GROUP BY 
              "T1"."GM_EY_APPRAISAL_ID",ROWID,ROWID,"EOD"."RUN_DTTM" HAVING "EOD"."RUN_DTTM">MAX("T1"."DATETIME_STAMP")))
 161 - filter("EOD"."RUN_DTTM">MAX("T1"."DATETIME_STAMP"))
 166 - filter("EOH"."GM_EY_APPRAISAL_ID"=:B1 AND "EOH"."GM_EOPF_SOURCE"='E')
 167 - access("T1"."GM_EY_APPRAISAL_ID"=:B1)
       filter("T1"."GM_EY_APPRAISAL_ID"="EOH"."GM_EY_APPRAISAL_ID")
 168 - access("EOH"."RUN_CNTL_ID"="EOD"."RUN_CNTL_ID")
       filter("EOD"."SEQNUM"= (SELECT MAX("EOD1"."SEQNUM") FROM "SYSADM"."PS_GM_EOPF_DETAIL" "EOD1" WHERE 
              "EOD1"."RUN_CNTL_ID"=:B1))
 171 - access("EOD1"."RUN_CNTL_ID"=:B1)
 172 - filter("EOD"."RUN_STATUS_CD"='C' OR "EOD"."RUN_STATUS_CD"='I' OR "EOD"."RUN_STATUS_CD"='N')
 174 - access("R"."EMPLID"="A"."EMPLID" AND "A"."NAME_TYPE"='PRI')
 175 - filter(SYS_OP_UNDESCEND(SYS_OP_DESCEND("EFFDT"))="MAX(B.EFFDT)")
 176 - filter(COUNT(*)>0)
 178 - access("B"."EMPLID"="A"."EMPLID" AND "B"."NAME_TYPE"="A"."NAME_TYPE" AND 
              SYS_OP_DESCEND("EFFDT")>=SYS_OP_DESCEND(TO_DATE(TO_CHAR(SYSDATE@!,'YYYY-MM-DD'),'YYYY-MM-DD')) AND 
              SYS_OP_DESCEND("EFFDT") IS NOT NULL)
       filter(SYS_OP_UNDESCEND(SYS_OP_DESCEND("EFFDT"))<=TO_DATE(TO_CHAR(SYSDATE@!,'YYYY-MM-DD'),'YYYY-MM-DD'))
 182 - access("D"."SEQNUM"="MAX(D1.SEQNUM)" AND "ITEM_17"="D"."RUN_CNTL_ID")
 187 - access("H"."RUN_CNTL_ID"="D"."RUN_CNTL_ID")
 188 - filter("H"."GM_EOPF_SOURCE"='E')
 189 - access("Y"."GM_EY_APPRAISAL_ID"="R"."GM_EY_APPRAISAL_ID" AND "Y"."GM_EY_SECTION_TYPE"='S130')
       filter("Y"."GM_EY_SECTION_TYPE"='S130')
 
Column Projection Information (identified by operation id):
-----------------------------------------------------------
 
   1 - "PS_GM_EY_EOPFQLFYV"."GM_EY_APPRAISAL_ID"[NUMBER,22], "PS_GM_EY_EOPFQLFYV"."EMPLID"[VARCHAR2,44], 
       "PS_GM_EY_EOPFQLFYV"."EMPL_RCD"[NUMBER,22], "PS_GM_EY_EOPFQLFYV"."NAME"[VARCHAR2,200], 
       "PS_GM_EY_EOPFQLFYV"."GM_EY_REVIEWSTATUS"[VARCHAR2,16], "PS_GM_EY_EOPFQLFYV"."DATETIME_STAMP"[VARCHAR2,0], 
       "PS_GM_EY_EOPFQLFYV"."GM_EY_REVIEW_TYPE"[VARCHAR2,32], "PS_GM_EY_EOPFQLFYV"."GM_EY_TEMPLATE_ID"[VARCHAR2,32], 
       "PS_GM_EY_EOPFQLFYV"."PERIOD_BEGIN_DT"[DATE,7], "PS_GM_EY_EOPFQLFYV"."PERIOD_END_DT"[DATE,7], 
       "PS_GM_EY_EOPFQLFYV"."GM_EOPF_STATUS"[VARCHAR2,4], "PS_GM_EY_EOPFQLFYV"."RUN_STATUS_CD"[VARCHAR2,4], 
       "PS_GM_EY_EOPFQLFYV"."RUN_DTTM"[TIMESTAMP,11], "PS_GM_EY_EOPFQLFYV"."REVIEW_RATING"[VARCHAR2,4], 
       "PS_GM_EY_EOPFQLFYV"."DESCR10"[VARCHAR2,7]
   2 - (#keys=15) STRDEF[22], STRDEF[44], STRDEF[22], STRDEF[200], STRDEF[16], STRDEF[0], STRDEF[32], STRDEF[32], 
       STRDEF[7], STRDEF[7], STRDEF[4], STRDEF[4], STRDEF[11], STRDEF[4], STRDEF[7]
   3 - STRDEF[22], STRDEF[44], STRDEF[22], STRDEF[200], STRDEF[16], STRDEF[0], STRDEF[32], STRDEF[32], STRDEF[7], 
       STRDEF[7], STRDEF[4], STRDEF[4], STRDEF[11], STRDEF[4], STRDEF[7]
   4 - (#keys=1) "R"."GM_EY_APPRAISAL_ID"[NUMBER,22], "R"."EMPLID"[VARCHAR2,44], "Y"."REVIEW_RATING"[VARCHAR2,4], 
       "X"."RUN_STATUS_CD"[VARCHAR2,4], "X"."GM_EOPF_STATUS"[VARCHAR2,4], "X"."RUN_DTTM"[TIMESTAMP,11], 
       "A"."NAME"[VARCHAR2,200], "R"."GM_EY_TEMPLATE_ID"[VARCHAR2,32], "R"."GM_EY_REVIEWSTATUS"[VARCHAR2,16], 
       "R"."EMPL_RCD"[NUMBER,22], "R"."PERIOD_BEGIN_DT"[DATE,7], "R"."PERIOD_END_DT"[DATE,7], 
       "R"."GM_EY_REVIEW_TYPE"[VARCHAR2,32]
   5 - (#keys=0) "R"."EMPLID"[VARCHAR2,44], "R"."GM_EY_APPRAISAL_ID"[NUMBER,22], "X"."RUN_STATUS_CD"[VARCHAR2,4], 
       "X"."GM_EOPF_STATUS"[VARCHAR2,4], "X"."RUN_DTTM"[TIMESTAMP,11], "A"."NAME"[VARCHAR2,200], 
       "R"."GM_EY_TEMPLATE_ID"[VARCHAR2,32], "R"."GM_EY_REVIEWSTATUS"[VARCHAR2,16], "R"."EMPL_RCD"[NUMBER,22], 
       "R"."PERIOD_BEGIN_DT"[DATE,7], "R"."PERIOD_END_DT"[DATE,7], "R"."GM_EY_REVIEW_TYPE"[VARCHAR2,32], 
       "Y"."REVIEW_RATING"[VARCHAR2,4]
   6 - (#keys=0) "R"."EMPLID"[VARCHAR2,44], "R"."GM_EY_APPRAISAL_ID"[NUMBER,22], "X"."RUN_STATUS_CD"[VARCHAR2,4], 
       "X"."GM_EOPF_STATUS"[VARCHAR2,4], "X"."RUN_DTTM"[TIMESTAMP,11], "A"."NAME"[VARCHAR2,200], 
       "R"."GM_EY_TEMPLATE_ID"[VARCHAR2,32], "R"."GM_EY_REVIEWSTATUS"[VARCHAR2,16], "R"."EMPL_RCD"[NUMBER,22], 
       "R"."PERIOD_BEGIN_DT"[DATE,7], "R"."PERIOD_END_DT"[DATE,7], "R"."GM_EY_REVIEW_TYPE"[VARCHAR2,32], 
       "Y".ROWID[ROWID,10]
   7 - (#keys=2) "R"."EMPLID"[VARCHAR2,44], "R"."GM_EY_APPRAISAL_ID"[NUMBER,22], "X"."RUN_STATUS_CD"[VARCHAR2,4], 
       "X"."GM_EOPF_STATUS"[VARCHAR2,4], "X"."RUN_DTTM"[TIMESTAMP,11], "A"."NAME"[VARCHAR2,200], 
       "R"."GM_EY_TEMPLATE_ID"[VARCHAR2,32], "R"."GM_EY_REVIEWSTATUS"[VARCHAR2,16], "R"."EMPL_RCD"[NUMBER,22], 
       "R"."PERIOD_BEGIN_DT"[DATE,7], "R"."PERIOD_END_DT"[DATE,7], "R"."GM_EY_REVIEW_TYPE"[VARCHAR2,32]
   8 - "X"."EMPLID"[VARCHAR2,44], "X"."GM_EY_APPRAISAL_ID"[NUMBER,22], "X"."RUN_DTTM"[TIMESTAMP,11], 
       "X"."GM_EOPF_STATUS"[VARCHAR2,4], "X"."RUN_STATUS_CD"[VARCHAR2,4]
   9 - (#keys=0) "D"."RUN_CNTL_ID"[VARCHAR2,120], "D"."GM_EOPF_STATUS"[VARCHAR2,4], 
       "D"."RUN_STATUS_CD"[VARCHAR2,4], "D"."RUN_DTTM"[TIMESTAMP,11], "H"."EMPLID"[VARCHAR2,44], 
       "H"."GM_EY_APPRAISAL_ID"[NUMBER,22]
  10 - (#keys=0) "D"."RUN_CNTL_ID"[VARCHAR2,120], "D"."GM_EOPF_STATUS"[VARCHAR2,4], 
       "D"."RUN_STATUS_CD"[VARCHAR2,4], "D"."RUN_DTTM"[TIMESTAMP,11], "H".ROWID[ROWID,10]
  11 - (#keys=2) "D"."RUN_CNTL_ID"[VARCHAR2,120], "D"."GM_EOPF_STATUS"[VARCHAR2,4], 
       "D"."RUN_STATUS_CD"[VARCHAR2,4], "D"."RUN_DTTM"[TIMESTAMP,11]
  12 - (rowset=256) "D"."RUN_CNTL_ID"[VARCHAR2,120], "D"."SEQNUM"[NUMBER,22], "D"."RUN_DTTM"[TIMESTAMP,11], 
       "D"."GM_EOPF_STATUS"[VARCHAR2,4], "D"."RUN_STATUS_CD"[VARCHAR2,4]
  13 - "MAX(D1.SEQNUM)"[NUMBER,22], "ITEM_1"[VARCHAR2,120]
  14 - (#keys=1) "D1"."RUN_CNTL_ID"[VARCHAR2,120], MAX("D1"."SEQNUM")[22]
  15 - "D1"."RUN_CNTL_ID"[VARCHAR2,120], "D1"."SEQNUM"[NUMBER,22]
  16 - "H".ROWID[ROWID,10]
  17 - "H"."EMPLID"[VARCHAR2,44], "H"."GM_EY_APPRAISAL_ID"[NUMBER,22]
  18 - (#keys=0) "A"."NAME"[VARCHAR2,200], "R"."GM_EY_APPRAISAL_ID"[NUMBER,22], "R"."EMPLID"[VARCHAR2,44], 
       "R"."EMPL_RCD"[NUMBER,22], "R"."PERIOD_BEGIN_DT"[DATE,7], "R"."PERIOD_END_DT"[DATE,7], 
       "R"."GM_EY_REVIEW_TYPE"[VARCHAR2,32], "R"."GM_EY_TEMPLATE_ID"[VARCHAR2,32], "R"."GM_EY_REVIEWSTATUS"[VARCHAR2,16]
  19 - (#keys=0) "A"."NAME"[VARCHAR2,200], "R".ROWID[ROWID,10], "R"."EMPLID"[VARCHAR2,44], 
       "R"."GM_EY_APPRAISAL_ID"[NUMBER,22]
  20 - (#keys=4) "A"."EMPLID"[VARCHAR2,44], "A"."NAME"[VARCHAR2,200]
  21 - "MAX(B.EFFDT)"[DATE,7], "ITEM_3"[VARCHAR2,44], "ITEM_4"[VARCHAR2,12]
  22 - (#keys=2) "B"."EMPLID"[VARCHAR2,44], "B"."NAME_TYPE"[VARCHAR2,12], 
       MAX(SYS_OP_UNDESCEND(SYS_OP_DESCEND("EFFDT")))[7]
  23 - "B"."EMPLID"[VARCHAR2,44], "B"."NAME_TYPE"[VARCHAR2,12], SYS_OP_DESCEND("EFFDT")[RAW,12]
  24 - "A"."EMPLID"[VARCHAR2,44], "A"."NAME_TYPE"[VARCHAR2,12], "A"."NAME"[VARCHAR2,200], 
       SYS_OP_DESCEND("EFFDT")[RAW,12]
  25 - "R".ROWID[ROWID,10], "R"."EMPLID"[VARCHAR2,44], "R"."GM_EY_APPRAISAL_ID"[NUMBER,22]
  26 - "R"."EMPL_RCD"[NUMBER,22], "R"."PERIOD_BEGIN_DT"[DATE,7], "R"."PERIOD_END_DT"[DATE,7], 
       "R"."GM_EY_REVIEW_TYPE"[VARCHAR2,32], "R"."GM_EY_TEMPLATE_ID"[VARCHAR2,32], "R"."GM_EY_REVIEWSTATUS"[VARCHAR2,16]
  27 - "Y".ROWID[ROWID,10]
  28 - "Y"."REVIEW_RATING"[VARCHAR2,4]
  29 - "GM_EY_APPRAISAL_ID"[NUMBER,22]
  30 - "EOH"."GM_EY_APPRAISAL_ID"[NUMBER,22]
  31 - (#keys=5) "T1"."GM_EY_APPRAISAL_ID"[NUMBER,22], ROWID[ROWID,10], ROWID[ROWID,10], 
       "EOD"."RUN_DTTM"[TIMESTAMP,11], "EOH"."GM_EY_APPRAISAL_ID"[NUMBER,22], MAX("T1"."DATETIME_STAMP")[11]
  32 - ROWID[ROWID,10], "EOD"."RUN_DTTM"[TIMESTAMP,11], "EOH"."GM_EY_APPRAISAL_ID"[NUMBER,22], 
       "T1"."GM_EY_APPRAISAL_ID"[NUMBER,22], ROWID[ROWID,10], "T1"."DATETIME_STAMP"[TIMESTAMP,11]
  33 - (#keys=1) "EOD"."RUN_CNTL_ID"[VARCHAR2,120], ROWID[ROWID,10], "EOD"."SEQNUM"[NUMBER,22], 
       "EOD"."RUN_DTTM"[TIMESTAMP,11], "EOH"."GM_EY_APPRAISAL_ID"[NUMBER,22], "T1"."GM_EY_APPRAISAL_ID"[NUMBER,22], 
       ROWID[ROWID,10], "T1"."DATETIME_STAMP"[TIMESTAMP,11]
  34 - (rowset=256) ROWID[ROWID,10], "EOD"."RUN_CNTL_ID"[VARCHAR2,120], "EOD"."SEQNUM"[NUMBER,22], 
       "EOD"."RUN_DTTM"[TIMESTAMP,11]
  35 - (#keys=1) "EOH"."GM_EY_APPRAISAL_ID"[NUMBER,22], "T1"."GM_EY_APPRAISAL_ID"[NUMBER,22], ROWID[ROWID,10], 
       "EOH"."RUN_CNTL_ID"[VARCHAR2,120], "T1"."DATETIME_STAMP"[TIMESTAMP,11]
  36 - (rowset=256) ROWID[ROWID,10], "EOH"."RUN_CNTL_ID"[VARCHAR2,120], "EOH"."GM_EY_APPRAISAL_ID"[NUMBER,22]
  37 - "T1"."GM_EY_APPRAISAL_ID"[NUMBER,22], "T1"."DATETIME_STAMP"[TIMESTAMP,11]
  38 - (#keys=0) MAX("EOD1"."SEQNUM")[22]
  39 - "EOD1"."SEQNUM"[NUMBER,22]
  40 - "EOD1"."SEQNUM"[NUMBER,22]
  41 - (#keys=1) "R"."GM_EY_APPRAISAL_ID"[NUMBER,22], "R"."EMPLID"[VARCHAR2,44], "Y"."REVIEW_RATING"[VARCHAR2,4], 
       "X"."RUN_STATUS_CD"[VARCHAR2,4], "X"."GM_EOPF_STATUS"[VARCHAR2,4], "X"."RUN_DTTM"[TIMESTAMP,11], 
       "A"."NAME"[VARCHAR2,200], "R"."GM_EY_TEMPLATE_ID"[VARCHAR2,32], "R"."GM_EY_REVIEWSTATUS"[VARCHAR2,16], 
       "R"."EMPL_RCD"[NUMBER,22], "R"."PERIOD_BEGIN_DT"[DATE,7], "R"."PERIOD_END_DT"[DATE,7], 
       "R"."GM_EY_REVIEW_TYPE"[VARCHAR2,32]
  42 - (rowset=256) "GM_EY_APPRAISAL_ID"[NUMBER,22]
  43 - (rowset=256) "EOH"."GM_EY_APPRAISAL_ID"[NUMBER,22]
  44 - (#keys=5; rowset=256) "T1"."GM_EY_APPRAISAL_ID"[NUMBER,22], ROWID[ROWID,10], ROWID[ROWID,10], 
       "EOD"."RUN_DTTM"[TIMESTAMP,11], "EOH"."GM_EY_APPRAISAL_ID"[NUMBER,22], MAX("T1"."DATETIME_STAMP")[11]
  45 - ROWID[ROWID,10], "EOD"."RUN_DTTM"[TIMESTAMP,11], "EOH"."GM_EY_APPRAISAL_ID"[NUMBER,22], 
       "T1"."GM_EY_APPRAISAL_ID"[NUMBER,22], ROWID[ROWID,10], "T1"."DATETIME_STAMP"[TIMESTAMP,11]
  46 - (#keys=1) "EOD"."RUN_CNTL_ID"[VARCHAR2,120], ROWID[ROWID,10], "EOD"."SEQNUM"[NUMBER,22], 
       "EOD"."RUN_DTTM"[TIMESTAMP,11], "EOH"."GM_EY_APPRAISAL_ID"[NUMBER,22], "T1"."GM_EY_APPRAISAL_ID"[NUMBER,22], 
       ROWID[ROWID,10], "T1"."DATETIME_STAMP"[TIMESTAMP,11]
  47 - (rowset=256) ROWID[ROWID,10], "EOD"."RUN_CNTL_ID"[VARCHAR2,120], "EOD"."SEQNUM"[NUMBER,22], 
       "EOD"."RUN_DTTM"[TIMESTAMP,11]
  48 - (#keys=1) "EOH"."GM_EY_APPRAISAL_ID"[NUMBER,22], "T1"."GM_EY_APPRAISAL_ID"[NUMBER,22], ROWID[ROWID,10], 
       "EOH"."RUN_CNTL_ID"[VARCHAR2,120], "T1"."DATETIME_STAMP"[TIMESTAMP,11]
  49 - (rowset=256) ROWID[ROWID,10], "EOH"."RUN_CNTL_ID"[VARCHAR2,120], "EOH"."GM_EY_APPRAISAL_ID"[NUMBER,22]
  50 - "T1"."GM_EY_APPRAISAL_ID"[NUMBER,22], "T1"."DATETIME_STAMP"[TIMESTAMP,11]
  51 - (#keys=0) MAX("EOD1"."SEQNUM")[22]
  52 - "EOD1"."SEQNUM"[NUMBER,22]
  53 - "EOD1"."SEQNUM"[NUMBER,22]
  54 - (#keys=0) "R"."EMPLID"[VARCHAR2,44], "R"."GM_EY_APPRAISAL_ID"[NUMBER,22], "X"."RUN_STATUS_CD"[VARCHAR2,4], 
       "X"."GM_EOPF_STATUS"[VARCHAR2,4], "X"."RUN_DTTM"[TIMESTAMP,11], "A"."NAME"[VARCHAR2,200], 
       "R"."GM_EY_TEMPLATE_ID"[VARCHAR2,32], "R"."GM_EY_REVIEWSTATUS"[VARCHAR2,16], "R"."EMPL_RCD"[NUMBER,22], 
       "R"."PERIOD_BEGIN_DT"[DATE,7], "R"."PERIOD_END_DT"[DATE,7], "R"."GM_EY_REVIEW_TYPE"[VARCHAR2,32], 
       "Y"."REVIEW_RATING"[VARCHAR2,4]
  55 - (#keys=0) "R"."EMPLID"[VARCHAR2,44], "R"."GM_EY_APPRAISAL_ID"[NUMBER,22], "X"."RUN_STATUS_CD"[VARCHAR2,4], 
       "X"."GM_EOPF_STATUS"[VARCHAR2,4], "X"."RUN_DTTM"[TIMESTAMP,11], "A"."NAME"[VARCHAR2,200], 
       "R"."GM_EY_TEMPLATE_ID"[VARCHAR2,32], "R"."GM_EY_REVIEWSTATUS"[VARCHAR2,16], "R"."EMPL_RCD"[NUMBER,22], 
       "R"."PERIOD_BEGIN_DT"[DATE,7], "R"."PERIOD_END_DT"[DATE,7], "R"."GM_EY_REVIEW_TYPE"[VARCHAR2,32], 
       "Y".ROWID[ROWID,10]
  56 - (#keys=2) "R"."EMPLID"[VARCHAR2,44], "R"."GM_EY_APPRAISAL_ID"[NUMBER,22], "X"."RUN_STATUS_CD"[VARCHAR2,4], 
       "X"."GM_EOPF_STATUS"[VARCHAR2,4], "X"."RUN_DTTM"[TIMESTAMP,11], "A"."NAME"[VARCHAR2,200], 
       "R"."GM_EY_TEMPLATE_ID"[VARCHAR2,32], "R"."GM_EY_REVIEWSTATUS"[VARCHAR2,16], "R"."EMPL_RCD"[NUMBER,22], 
       "R"."PERIOD_BEGIN_DT"[DATE,7], "R"."PERIOD_END_DT"[DATE,7], "R"."GM_EY_REVIEW_TYPE"[VARCHAR2,32]
  57 - "X"."EMPLID"[VARCHAR2,44], "X"."GM_EY_APPRAISAL_ID"[NUMBER,22], "X"."RUN_DTTM"[TIMESTAMP,11], 
       "X"."GM_EOPF_STATUS"[VARCHAR2,4], "X"."RUN_STATUS_CD"[VARCHAR2,4]
  58 - (#keys=0) "D"."RUN_CNTL_ID"[VARCHAR2,120], "D"."GM_EOPF_STATUS"[VARCHAR2,4], 
       "D"."RUN_STATUS_CD"[VARCHAR2,4], "D"."RUN_DTTM"[TIMESTAMP,11], "H"."EMPLID"[VARCHAR2,44], 
       "H"."GM_EY_APPRAISAL_ID"[NUMBER,22]
  59 - (#keys=0) "D"."RUN_CNTL_ID"[VARCHAR2,120], "D"."GM_EOPF_STATUS"[VARCHAR2,4], 
       "D"."RUN_STATUS_CD"[VARCHAR2,4], "D"."RUN_DTTM"[TIMESTAMP,11], "H".ROWID[ROWID,10]
  60 - (#keys=2) "D"."RUN_CNTL_ID"[VARCHAR2,120], "D"."GM_EOPF_STATUS"[VARCHAR2,4], 
       "D"."RUN_STATUS_CD"[VARCHAR2,4], "D"."RUN_DTTM"[TIMESTAMP,11]
  61 - (rowset=256) "D"."RUN_CNTL_ID"[VARCHAR2,120], "D"."SEQNUM"[NUMBER,22], "D"."RUN_DTTM"[TIMESTAMP,11], 
       "D"."GM_EOPF_STATUS"[VARCHAR2,4], "D"."RUN_STATUS_CD"[VARCHAR2,4]
  62 - "MAX(D1.SEQNUM)"[NUMBER,22], "ITEM_5"[VARCHAR2,120]
  63 - (#keys=1) "D1"."RUN_CNTL_ID"[VARCHAR2,120], MAX("D1"."SEQNUM")[22]
  64 - "D1"."RUN_CNTL_ID"[VARCHAR2,120], "D1"."SEQNUM"[NUMBER,22]
  65 - "H".ROWID[ROWID,10]
  66 - "H"."EMPLID"[VARCHAR2,44], "H"."GM_EY_APPRAISAL_ID"[NUMBER,22]
  67 - (#keys=0) "A"."NAME"[VARCHAR2,200], "R"."GM_EY_APPRAISAL_ID"[NUMBER,22], "R"."EMPLID"[VARCHAR2,44], 
       "R"."EMPL_RCD"[NUMBER,22], "R"."PERIOD_BEGIN_DT"[DATE,7], "R"."PERIOD_END_DT"[DATE,7], 
       "R"."GM_EY_REVIEW_TYPE"[VARCHAR2,32], "R"."GM_EY_TEMPLATE_ID"[VARCHAR2,32], "R"."GM_EY_REVIEWSTATUS"[VARCHAR2,16]
  68 - (#keys=0) "A"."NAME"[VARCHAR2,200], "R".ROWID[ROWID,10], "R"."EMPLID"[VARCHAR2,44], 
       "R"."GM_EY_APPRAISAL_ID"[NUMBER,22]
  69 - (#keys=4) "A"."EMPLID"[VARCHAR2,44], "A"."NAME"[VARCHAR2,200]
  70 - "MAX(B.EFFDT)"[DATE,7], "ITEM_7"[VARCHAR2,44], "ITEM_8"[VARCHAR2,12]
  71 - (#keys=2) "B"."EMPLID"[VARCHAR2,44], "B"."NAME_TYPE"[VARCHAR2,12], 
       MAX(SYS_OP_UNDESCEND(SYS_OP_DESCEND("EFFDT")))[7]
  72 - "B"."EMPLID"[VARCHAR2,44], "B"."NAME_TYPE"[VARCHAR2,12], SYS_OP_DESCEND("EFFDT")[RAW,12]
  73 - "A"."EMPLID"[VARCHAR2,44], "A"."NAME_TYPE"[VARCHAR2,12], "A"."NAME"[VARCHAR2,200], 
       SYS_OP_DESCEND("EFFDT")[RAW,12]
  74 - "R".ROWID[ROWID,10], "R"."EMPLID"[VARCHAR2,44], "R"."GM_EY_APPRAISAL_ID"[NUMBER,22]
  75 - "R"."EMPL_RCD"[NUMBER,22], "R"."PERIOD_BEGIN_DT"[DATE,7], "R"."PERIOD_END_DT"[DATE,7], 
       "R"."GM_EY_REVIEW_TYPE"[VARCHAR2,32], "R"."GM_EY_TEMPLATE_ID"[VARCHAR2,32], "R"."GM_EY_REVIEWSTATUS"[VARCHAR2,16]
  76 - "Y".ROWID[ROWID,10]
  77 - "Y"."REVIEW_RATING"[VARCHAR2,4]
  78 - (#keys=1) "R"."EMPLID"[VARCHAR2,44], "R"."GM_EY_REVIEWSTATUS"[VARCHAR2,16], "A"."NAME"[VARCHAR2,200], 
       "R"."GM_EY_APPRAISAL_ID"[NUMBER,22], "R"."EMPLID"[VARCHAR2,44], "R"."EMPL_RCD"[NUMBER,22], 
       "R"."PERIOD_BEGIN_DT"[DATE,7], "R"."PERIOD_END_DT"[DATE,7], "R"."GM_EY_REVIEW_TYPE"[VARCHAR2,32], 
       "R"."GM_EY_TEMPLATE_ID"[VARCHAR2,32], "R"."GM_EY_APPRAISAL_ID"[NUMBER,22], "R"."GM_EY_REVIEWSTATUS"[VARCHAR2,16], 
       "R"."EMPL_RCD"[NUMBER,22], "R"."PERIOD_BEGIN_DT"[DATE,7], "R"."PERIOD_END_DT"[DATE,7], 
       "R"."GM_EY_REVIEW_TYPE"[VARCHAR2,32], "R"."GM_EY_TEMPLATE_ID"[VARCHAR2,32], "X"."RUN_STATUS_CD"[VARCHAR2,4], 
       "X"."GM_EOPF_STATUS"[VARCHAR2,4], "X"."RUN_DTTM"[TIMESTAMP,11], "Y"."REVIEW_RATING"[VARCHAR2,4]
  79 - (#keys=0) "R"."EMPLID"[VARCHAR2,44], "R"."GM_EY_REVIEWSTATUS"[VARCHAR2,16], "A"."NAME"[VARCHAR2,200], 
       "R"."GM_EY_APPRAISAL_ID"[NUMBER,22], "R"."EMPLID"[VARCHAR2,44], "R"."EMPL_RCD"[NUMBER,22], 
       "R"."PERIOD_BEGIN_DT"[DATE,7], "R"."PERIOD_END_DT"[DATE,7], "R"."GM_EY_REVIEW_TYPE"[VARCHAR2,32], 
       "R"."GM_EY_TEMPLATE_ID"[VARCHAR2,32], "R"."GM_EY_APPRAISAL_ID"[NUMBER,22], "R"."GM_EY_REVIEWSTATUS"[VARCHAR2,16], 
       "R"."EMPL_RCD"[NUMBER,22], "R"."PERIOD_BEGIN_DT"[DATE,7], "R"."PERIOD_END_DT"[DATE,7], 
       "R"."GM_EY_REVIEW_TYPE"[VARCHAR2,32], "R"."GM_EY_TEMPLATE_ID"[VARCHAR2,32], "X"."RUN_STATUS_CD"[VARCHAR2,4], 
       "X"."GM_EOPF_STATUS"[VARCHAR2,4], "X"."RUN_DTTM"[TIMESTAMP,11], "Y"."REVIEW_RATING"[VARCHAR2,4]
  80 - (#keys=0) "R"."EMPLID"[VARCHAR2,44], "R"."GM_EY_REVIEWSTATUS"[VARCHAR2,16], "A"."NAME"[VARCHAR2,200], 
       "R"."GM_EY_APPRAISAL_ID"[NUMBER,22], "R"."EMPLID"[VARCHAR2,44], "R"."EMPL_RCD"[NUMBER,22], 
       "R"."PERIOD_BEGIN_DT"[DATE,7], "R"."PERIOD_END_DT"[DATE,7], "R"."GM_EY_REVIEW_TYPE"[VARCHAR2,32], 
       "R"."GM_EY_TEMPLATE_ID"[VARCHAR2,32], "R"."GM_EY_APPRAISAL_ID"[NUMBER,22], "R"."GM_EY_REVIEWSTATUS"[VARCHAR2,16], 
       "R"."EMPL_RCD"[NUMBER,22], "R"."PERIOD_BEGIN_DT"[DATE,7], "R"."PERIOD_END_DT"[DATE,7], 
       "R"."GM_EY_REVIEW_TYPE"[VARCHAR2,32], "R"."GM_EY_TEMPLATE_ID"[VARCHAR2,32], "X"."RUN_STATUS_CD"[VARCHAR2,4], 
       "X"."GM_EOPF_STATUS"[VARCHAR2,4], "X"."RUN_DTTM"[TIMESTAMP,11], "Y".ROWID[ROWID,10]
  81 - (#keys=2) "R"."EMPLID"[VARCHAR2,44], "R"."GM_EY_REVIEWSTATUS"[VARCHAR2,16], "A"."NAME"[VARCHAR2,200], 
       "R"."GM_EY_APPRAISAL_ID"[NUMBER,22], "R"."EMPLID"[VARCHAR2,44], "R"."EMPL_RCD"[NUMBER,22], 
       "R"."PERIOD_BEGIN_DT"[DATE,7], "R"."PERIOD_END_DT"[DATE,7], "R"."GM_EY_REVIEW_TYPE"[VARCHAR2,32], 
       "R"."GM_EY_TEMPLATE_ID"[VARCHAR2,32], "R"."GM_EY_APPRAISAL_ID"[NUMBER,22], "R"."GM_EY_REVIEWSTATUS"[VARCHAR2,16], 
       "R"."EMPL_RCD"[NUMBER,22], "R"."PERIOD_BEGIN_DT"[DATE,7], "R"."PERIOD_END_DT"[DATE,7], 
       "R"."GM_EY_REVIEW_TYPE"[VARCHAR2,32], "R"."GM_EY_TEMPLATE_ID"[VARCHAR2,32], "X"."RUN_STATUS_CD"[VARCHAR2,4], 
       "X"."GM_EOPF_STATUS"[VARCHAR2,4], "X"."RUN_DTTM"[TIMESTAMP,11]
  82 - (#keys=0) "A"."EMPLID"[VARCHAR2,44], "A"."NAME"[VARCHAR2,200], "R"."GM_EY_APPRAISAL_ID"[NUMBER,22], 
       "R"."EMPLID"[VARCHAR2,44], "R"."EMPL_RCD"[NUMBER,22], "R"."PERIOD_BEGIN_DT"[DATE,7], "R"."PERIOD_END_DT"[DATE,7], 
       "R"."GM_EY_REVIEW_TYPE"[VARCHAR2,32], "R"."GM_EY_TEMPLATE_ID"[VARCHAR2,32], "R"."GM_EY_REVIEWSTATUS"[VARCHAR2,16]
  83 - (#keys=0) "A"."EMPLID"[VARCHAR2,44], "A"."NAME"[VARCHAR2,200], "R".ROWID[ROWID,10], 
       "R"."EMPLID"[VARCHAR2,44], "R"."GM_EY_APPRAISAL_ID"[NUMBER,22]
  84 - (#keys=4) "A"."EMPLID"[VARCHAR2,44], "A"."NAME"[VARCHAR2,200]
  85 - "MAX(B.EFFDT)"[DATE,7], "ITEM_11"[VARCHAR2,44], "ITEM_12"[VARCHAR2,12]
  86 - (#keys=2) "B"."EMPLID"[VARCHAR2,44], "B"."NAME_TYPE"[VARCHAR2,12], 
       MAX(SYS_OP_UNDESCEND(SYS_OP_DESCEND("EFFDT")))[7]
  87 - "B"."EMPLID"[VARCHAR2,44], "B"."NAME_TYPE"[VARCHAR2,12], SYS_OP_DESCEND("EFFDT")[RAW,12]
  88 - "A"."EMPLID"[VARCHAR2,44], "A"."NAME_TYPE"[VARCHAR2,12], "A"."NAME"[VARCHAR2,200], 
       SYS_OP_DESCEND("EFFDT")[RAW,12]
  89 - "R".ROWID[ROWID,10], "R"."EMPLID"[VARCHAR2,44], "R"."GM_EY_APPRAISAL_ID"[NUMBER,22]
  90 - "R"."EMPL_RCD"[NUMBER,22], "R"."PERIOD_BEGIN_DT"[DATE,7], "R"."PERIOD_END_DT"[DATE,7], 
       "R"."GM_EY_REVIEW_TYPE"[VARCHAR2,32], "R"."GM_EY_TEMPLATE_ID"[VARCHAR2,32], "R"."GM_EY_REVIEWSTATUS"[VARCHAR2,16]
  91 - "X"."EMPLID"[VARCHAR2,44], "X"."GM_EY_APPRAISAL_ID"[NUMBER,22], "X"."RUN_DTTM"[TIMESTAMP,11], 
       "X"."GM_EOPF_STATUS"[VARCHAR2,4], "X"."RUN_STATUS_CD"[VARCHAR2,4]
  92 - (#keys=0) "D"."RUN_CNTL_ID"[VARCHAR2,120], "D"."GM_EOPF_STATUS"[VARCHAR2,4], 
       "D"."RUN_STATUS_CD"[VARCHAR2,4], "D"."RUN_DTTM"[TIMESTAMP,11], "H"."EMPLID"[VARCHAR2,44], 
       "H"."GM_EY_APPRAISAL_ID"[NUMBER,22]
  93 - (#keys=0) "D"."RUN_CNTL_ID"[VARCHAR2,120], "D"."GM_EOPF_STATUS"[VARCHAR2,4], 
       "D"."RUN_STATUS_CD"[VARCHAR2,4], "D"."RUN_DTTM"[TIMESTAMP,11], "H".ROWID[ROWID,10]
  94 - (#keys=2) "D"."RUN_CNTL_ID"[VARCHAR2,120], "D"."GM_EOPF_STATUS"[VARCHAR2,4], 
       "D"."RUN_STATUS_CD"[VARCHAR2,4], "D"."RUN_DTTM"[TIMESTAMP,11]
  95 - (rowset=256) "D"."RUN_CNTL_ID"[VARCHAR2,120], "D"."SEQNUM"[NUMBER,22], "D"."RUN_DTTM"[TIMESTAMP,11], 
       "D"."GM_EOPF_STATUS"[VARCHAR2,4], "D"."RUN_STATUS_CD"[VARCHAR2,4]
  96 - "MAX(D1.SEQNUM)"[NUMBER,22], "ITEM_9"[VARCHAR2,120]
  97 - (#keys=1) "D1"."RUN_CNTL_ID"[VARCHAR2,120], MAX("D1"."SEQNUM")[22]
  98 - "D1"."RUN_CNTL_ID"[VARCHAR2,120], "D1"."SEQNUM"[NUMBER,22]
  99 - "H".ROWID[ROWID,10]
 100 - "H"."EMPLID"[VARCHAR2,44], "H"."GM_EY_APPRAISAL_ID"[NUMBER,22]
 101 - "Y".ROWID[ROWID,10]
 102 - "Y"."REVIEW_RATING"[VARCHAR2,4]
 103 - "GM_EY_APPRAISAL_ID"[NUMBER,22]
 104 - "EOH"."GM_EY_APPRAISAL_ID"[NUMBER,22]
 105 - (#keys=5) "T1"."GM_EY_APPRAISAL_ID"[NUMBER,22], ROWID[ROWID,10], ROWID[ROWID,10], 
       "EOD"."RUN_DTTM"[TIMESTAMP,11], "EOH"."GM_EY_APPRAISAL_ID"[NUMBER,22], MAX("T1"."DATETIME_STAMP")[11]
 106 - ROWID[ROWID,10], "EOD"."RUN_DTTM"[TIMESTAMP,11], "EOH"."GM_EY_APPRAISAL_ID"[NUMBER,22], 
       "T1"."GM_EY_APPRAISAL_ID"[NUMBER,22], ROWID[ROWID,10], "T1"."DATETIME_STAMP"[TIMESTAMP,11]
 107 - (#keys=1) "EOD"."RUN_CNTL_ID"[VARCHAR2,120], ROWID[ROWID,10], "EOD"."SEQNUM"[NUMBER,22], 
       "EOD"."RUN_DTTM"[TIMESTAMP,11], "EOH"."GM_EY_APPRAISAL_ID"[NUMBER,22], "T1"."GM_EY_APPRAISAL_ID"[NUMBER,22], 
       ROWID[ROWID,10], "T1"."DATETIME_STAMP"[TIMESTAMP,11]
 108 - (rowset=256) ROWID[ROWID,10], "EOD"."RUN_CNTL_ID"[VARCHAR2,120], "EOD"."SEQNUM"[NUMBER,22], 
       "EOD"."RUN_DTTM"[TIMESTAMP,11]
 109 - (#keys=1) "EOH"."GM_EY_APPRAISAL_ID"[NUMBER,22], "T1"."GM_EY_APPRAISAL_ID"[NUMBER,22], ROWID[ROWID,10], 
       "EOH"."RUN_CNTL_ID"[VARCHAR2,120], "T1"."DATETIME_STAMP"[TIMESTAMP,11]
 110 - (rowset=256) ROWID[ROWID,10], "EOH"."RUN_CNTL_ID"[VARCHAR2,120], "EOH"."GM_EY_APPRAISAL_ID"[NUMBER,22]
 111 - "T1"."GM_EY_APPRAISAL_ID"[NUMBER,22], "T1"."DATETIME_STAMP"[TIMESTAMP,11]
 112 - (#keys=0) MAX("EOD1"."SEQNUM")[22]
 113 - "EOD1"."SEQNUM"[NUMBER,22]
 114 - "EOD1"."SEQNUM"[NUMBER,22]
 115 - (#keys=0) "R"."EMPLID"[VARCHAR2,44], "R"."GM_EY_APPRAISAL_ID"[NUMBER,22], "R"."EMPL_RCD"[NUMBER,22], 
       "R"."PERIOD_BEGIN_DT"[DATE,7], "R"."PERIOD_END_DT"[DATE,7], "R"."GM_EY_REVIEW_TYPE"[VARCHAR2,32], 
       "R"."GM_EY_TEMPLATE_ID"[VARCHAR2,32], "R"."GM_EY_REVIEWSTATUS"[VARCHAR2,16], "A"."NAME"[VARCHAR2,200], 
       "X"."RUN_STATUS_CD"[VARCHAR2,4], "X"."GM_EOPF_STATUS"[VARCHAR2,4], "X"."RUN_DTTM"[TIMESTAMP,11], 
       "Y"."REVIEW_RATING"[VARCHAR2,4]
 116 - (#keys=0) "R"."EMPLID"[VARCHAR2,44], "R"."GM_EY_APPRAISAL_ID"[NUMBER,22], "R"."EMPL_RCD"[NUMBER,22], 
       "R"."PERIOD_BEGIN_DT"[DATE,7], "R"."PERIOD_END_DT"[DATE,7], "R"."GM_EY_REVIEW_TYPE"[VARCHAR2,32], 
       "R"."GM_EY_TEMPLATE_ID"[VARCHAR2,32], "R"."GM_EY_REVIEWSTATUS"[VARCHAR2,16], "A"."NAME"[VARCHAR2,200], 
       "X"."RUN_STATUS_CD"[VARCHAR2,4], "X"."GM_EOPF_STATUS"[VARCHAR2,4], "X"."RUN_DTTM"[TIMESTAMP,11], 
       "Y".ROWID[ROWID,10]
 117 - (#keys=2) "R"."EMPLID"[VARCHAR2,44], "R"."GM_EY_APPRAISAL_ID"[NUMBER,22], "R"."EMPL_RCD"[NUMBER,22], 
       "R"."PERIOD_BEGIN_DT"[DATE,7], "R"."PERIOD_END_DT"[DATE,7], "R"."GM_EY_REVIEW_TYPE"[VARCHAR2,32], 
       "R"."GM_EY_TEMPLATE_ID"[VARCHAR2,32], "R"."GM_EY_REVIEWSTATUS"[VARCHAR2,16], "A"."NAME"[VARCHAR2,200], 
       "X"."RUN_STATUS_CD"[VARCHAR2,4], "X"."GM_EOPF_STATUS"[VARCHAR2,4], "X"."RUN_DTTM"[TIMESTAMP,11]
 118 - (#keys=0) "R"."GM_EY_APPRAISAL_ID"[NUMBER,22], "R"."EMPLID"[VARCHAR2,44], "R"."EMPL_RCD"[NUMBER,22], 
       "R"."PERIOD_BEGIN_DT"[DATE,7], "R"."PERIOD_END_DT"[DATE,7], "R"."GM_EY_REVIEW_TYPE"[VARCHAR2,32], 
       "R"."GM_EY_TEMPLATE_ID"[VARCHAR2,32], "R"."GM_EY_REVIEWSTATUS"[VARCHAR2,16], "A"."NAME"[VARCHAR2,200]
 119 - (#keys=0) "R"."GM_EY_APPRAISAL_ID"[NUMBER,22], "R"."EMPLID"[VARCHAR2,44], "R"."EMPL_RCD"[NUMBER,22], 
       "R"."PERIOD_BEGIN_DT"[DATE,7], "R"."PERIOD_END_DT"[DATE,7], "R"."GM_EY_REVIEW_TYPE"[VARCHAR2,32], 
       "R"."GM_EY_TEMPLATE_ID"[VARCHAR2,32], "R"."GM_EY_REVIEWSTATUS"[VARCHAR2,16], "A"."EMPLID"[VARCHAR2,44], 
       "A"."NAME_TYPE"[VARCHAR2,12], "A"."NAME"[VARCHAR2,200], SYS_OP_DESCEND("EFFDT")[RAW,12]
 120 - "R"."GM_EY_APPRAISAL_ID"[NUMBER,22], "R"."EMPLID"[VARCHAR2,44], "R"."EMPL_RCD"[NUMBER,22], 
       "R"."PERIOD_BEGIN_DT"[DATE,7], "R"."PERIOD_END_DT"[DATE,7], "R"."GM_EY_REVIEW_TYPE"[VARCHAR2,32], 
       "R"."GM_EY_TEMPLATE_ID"[VARCHAR2,32], "R"."GM_EY_REVIEWSTATUS"[VARCHAR2,16]
 121 - "R".ROWID[ROWID,10], "R"."GM_EY_APPRAISAL_ID"[NUMBER,22], "R"."EMPLID"[VARCHAR2,44], 
       "R"."GM_EY_REVIEWSTATUS"[VARCHAR2,16], "R"."GM_EY_TEMPLATE_ID"[VARCHAR2,32]
 123 - (#keys=4) "T1"."GM_EY_APPRAISAL_ID"[NUMBER,22], ROWID[ROWID,10], ROWID[ROWID,10], 
       "EOD"."RUN_DTTM"[TIMESTAMP,11], MAX("T1"."DATETIME_STAMP")[11]
 124 - (#keys=0) ROWID[ROWID,10], "T1"."GM_EY_APPRAISAL_ID"[NUMBER,22], "T1"."DATETIME_STAMP"[TIMESTAMP,11], 
       ROWID[ROWID,10], "EOD"."RUN_DTTM"[TIMESTAMP,11]
 125 - (#keys=0) ROWID[ROWID,10], "T1"."GM_EY_APPRAISAL_ID"[NUMBER,22], "T1"."DATETIME_STAMP"[TIMESTAMP,11], 
       ROWID[ROWID,10]
 126 - (#keys=0) ROWID[ROWID,10], "EOH"."RUN_CNTL_ID"[VARCHAR2,120], "T1"."GM_EY_APPRAISAL_ID"[NUMBER,22], 
       "T1"."DATETIME_STAMP"[TIMESTAMP,11]
 127 - ROWID[ROWID,10], "EOH"."RUN_CNTL_ID"[VARCHAR2,120], "EOH"."GM_EY_APPRAISAL_ID"[NUMBER,22]
 128 - "T1"."GM_EY_APPRAISAL_ID"[NUMBER,22], "T1"."DATETIME_STAMP"[TIMESTAMP,11]
 129 - ROWID[ROWID,10]
 130 - (#keys=0) MAX("EOD1"."SEQNUM")[22]
 131 - "EOD1"."SEQNUM"[NUMBER,22]
 132 - "EOD1"."SEQNUM"[NUMBER,22]
 133 - ROWID[ROWID,10], "EOD"."RUN_DTTM"[TIMESTAMP,11]
 134 - "A"."EMPLID"[VARCHAR2,44], "A"."NAME_TYPE"[VARCHAR2,12], "A"."NAME"[VARCHAR2,200], 
       SYS_OP_DESCEND("EFFDT")[RAW,12]
 135 - "A".ROWID[ROWID,10], "A"."EMPLID"[VARCHAR2,44], "A"."NAME_TYPE"[VARCHAR2,12], 
       SYS_OP_DESCEND("EFFDT")[RAW,12]
 136 - "MAX(B.EFFDT)"[DATE,7]
 137 - MAX(SYS_OP_UNDESCEND(SYS_OP_DESCEND("EFFDT")))[7]
 138 - (#keys=0) COUNT(*)[22], MAX(SYS_OP_UNDESCEND(SYS_OP_DESCEND("EFFDT")))[7]
 139 - SYS_OP_DESCEND("EFFDT")[RAW,12]
 140 - "X"."EMPLID"[VARCHAR2,44], "X"."GM_EY_APPRAISAL_ID"[NUMBER,22], "X"."RUN_DTTM"[TIMESTAMP,11], 
       "X"."GM_EOPF_STATUS"[VARCHAR2,4], "X"."RUN_STATUS_CD"[VARCHAR2,4]
 141 - (#keys=0) "D"."RUN_CNTL_ID"[VARCHAR2,120], "D"."GM_EOPF_STATUS"[VARCHAR2,4], 
       "D"."RUN_STATUS_CD"[VARCHAR2,4], "D"."RUN_DTTM"[TIMESTAMP,11], "H"."EMPLID"[VARCHAR2,44], 
       "H"."GM_EY_APPRAISAL_ID"[NUMBER,22]
 142 - (#keys=0) "D"."RUN_CNTL_ID"[VARCHAR2,120], "D"."GM_EOPF_STATUS"[VARCHAR2,4], 
       "D"."RUN_STATUS_CD"[VARCHAR2,4], "D"."RUN_DTTM"[TIMESTAMP,11], "H".ROWID[ROWID,10]
 143 - (#keys=2) "D"."RUN_CNTL_ID"[VARCHAR2,120], "D"."GM_EOPF_STATUS"[VARCHAR2,4], 
       "D"."RUN_STATUS_CD"[VARCHAR2,4], "D"."RUN_DTTM"[TIMESTAMP,11]
 144 - (rowset=256) "D"."RUN_CNTL_ID"[VARCHAR2,120], "D"."SEQNUM"[NUMBER,22], "D"."RUN_DTTM"[TIMESTAMP,11], 
       "D"."GM_EOPF_STATUS"[VARCHAR2,4], "D"."RUN_STATUS_CD"[VARCHAR2,4]
 145 - "MAX(D1.SEQNUM)"[NUMBER,22], "ITEM_13"[VARCHAR2,120]
 146 - (#keys=1) "D1"."RUN_CNTL_ID"[VARCHAR2,120], MAX("D1"."SEQNUM")[22]
 147 - "D1"."RUN_CNTL_ID"[VARCHAR2,120], "D1"."SEQNUM"[NUMBER,22]
 148 - "H".ROWID[ROWID,10]
 149 - "H"."EMPLID"[VARCHAR2,44], "H"."GM_EY_APPRAISAL_ID"[NUMBER,22]
 150 - "Y".ROWID[ROWID,10]
 151 - "Y"."REVIEW_RATING"[VARCHAR2,4]
 152 - "XX"."REVIEW_RATING"[VARCHAR2,4]
 153 - "XX".ROWID[ROWID,10]
 154 - (#keys=0) "R"."EMPLID"[VARCHAR2,44], "R"."GM_EY_APPRAISAL_ID"[NUMBER,22], "R"."EMPL_RCD"[NUMBER,22], 
       "R"."PERIOD_BEGIN_DT"[DATE,7], "R"."PERIOD_END_DT"[DATE,7], "R"."GM_EY_REVIEW_TYPE"[VARCHAR2,32], 
       "R"."GM_EY_TEMPLATE_ID"[VARCHAR2,32], "R"."GM_EY_REVIEWSTATUS"[VARCHAR2,16], "A"."NAME"[VARCHAR2,200], 
       "X"."RUN_STATUS_CD"[VARCHAR2,4], "X"."GM_EOPF_STATUS"[VARCHAR2,4], "X"."RUN_DTTM"[TIMESTAMP,11], 
       "Y"."REVIEW_RATING"[VARCHAR2,4]
 155 - (#keys=0) "R"."EMPLID"[VARCHAR2,44], "R"."GM_EY_APPRAISAL_ID"[NUMBER,22], "R"."EMPL_RCD"[NUMBER,22], 
       "R"."PERIOD_BEGIN_DT"[DATE,7], "R"."PERIOD_END_DT"[DATE,7], "R"."GM_EY_REVIEW_TYPE"[VARCHAR2,32], 
       "R"."GM_EY_TEMPLATE_ID"[VARCHAR2,32], "R"."GM_EY_REVIEWSTATUS"[VARCHAR2,16], "A"."NAME"[VARCHAR2,200], 
       "X"."RUN_STATUS_CD"[VARCHAR2,4], "X"."GM_EOPF_STATUS"[VARCHAR2,4], "X"."RUN_DTTM"[TIMESTAMP,11], 
       "Y".ROWID[ROWID,10]
 156 - (#keys=2) "R"."EMPLID"[VARCHAR2,44], "R"."GM_EY_APPRAISAL_ID"[NUMBER,22], "R"."EMPL_RCD"[NUMBER,22], 
       "R"."PERIOD_BEGIN_DT"[DATE,7], "R"."PERIOD_END_DT"[DATE,7], "R"."GM_EY_REVIEW_TYPE"[VARCHAR2,32], 
       "R"."GM_EY_TEMPLATE_ID"[VARCHAR2,32], "R"."GM_EY_REVIEWSTATUS"[VARCHAR2,16], "A"."NAME"[VARCHAR2,200], 
       "X"."RUN_STATUS_CD"[VARCHAR2,4], "X"."GM_EOPF_STATUS"[VARCHAR2,4], "X"."RUN_DTTM"[TIMESTAMP,11]
 157 - (#keys=0) "R"."GM_EY_APPRAISAL_ID"[NUMBER,22], "R"."EMPLID"[VARCHAR2,44], "R"."EMPL_RCD"[NUMBER,22], 
       "R"."PERIOD_BEGIN_DT"[DATE,7], "R"."PERIOD_END_DT"[DATE,7], "R"."GM_EY_REVIEW_TYPE"[VARCHAR2,32], 
       "R"."GM_EY_TEMPLATE_ID"[VARCHAR2,32], "R"."GM_EY_REVIEWSTATUS"[VARCHAR2,16], "A"."NAME"[VARCHAR2,200]
 158 - (#keys=0) "R"."GM_EY_APPRAISAL_ID"[NUMBER,22], "R"."EMPLID"[VARCHAR2,44], "R"."EMPL_RCD"[NUMBER,22], 
       "R"."PERIOD_BEGIN_DT"[DATE,7], "R"."PERIOD_END_DT"[DATE,7], "R"."GM_EY_REVIEW_TYPE"[VARCHAR2,32], 
       "R"."GM_EY_TEMPLATE_ID"[VARCHAR2,32], "R"."GM_EY_REVIEWSTATUS"[VARCHAR2,16], "A"."EMPLID"[VARCHAR2,44], 
       "A"."NAME_TYPE"[VARCHAR2,12], "A"."NAME"[VARCHAR2,200], SYS_OP_DESCEND("EFFDT")[RAW,12]
 159 - "R"."GM_EY_APPRAISAL_ID"[NUMBER,22], "R"."EMPLID"[VARCHAR2,44], "R"."EMPL_RCD"[NUMBER,22], 
       "R"."PERIOD_BEGIN_DT"[DATE,7], "R"."PERIOD_END_DT"[DATE,7], "R"."GM_EY_REVIEW_TYPE"[VARCHAR2,32], 
       "R"."GM_EY_TEMPLATE_ID"[VARCHAR2,32], "R"."GM_EY_REVIEWSTATUS"[VARCHAR2,16]
 160 - "R".ROWID[ROWID,10], "R"."GM_EY_APPRAISAL_ID"[NUMBER,22], "R"."EMPLID"[VARCHAR2,44], 
       "R"."GM_EY_REVIEWSTATUS"[VARCHAR2,16], "R"."GM_EY_TEMPLATE_ID"[VARCHAR2,32]
 162 - (#keys=4) "T1"."GM_EY_APPRAISAL_ID"[NUMBER,22], ROWID[ROWID,10], ROWID[ROWID,10], 
       "EOD"."RUN_DTTM"[TIMESTAMP,11], MAX("T1"."DATETIME_STAMP")[11]
 163 - (#keys=0) ROWID[ROWID,10], "T1"."GM_EY_APPRAISAL_ID"[NUMBER,22], "T1"."DATETIME_STAMP"[TIMESTAMP,11], 
       ROWID[ROWID,10], "EOD"."RUN_DTTM"[TIMESTAMP,11]
 164 - (#keys=0) ROWID[ROWID,10], "T1"."GM_EY_APPRAISAL_ID"[NUMBER,22], "T1"."DATETIME_STAMP"[TIMESTAMP,11], 
       ROWID[ROWID,10]
 165 - (#keys=0) ROWID[ROWID,10], "EOH"."RUN_CNTL_ID"[VARCHAR2,120], "T1"."GM_EY_APPRAISAL_ID"[NUMBER,22], 
       "T1"."DATETIME_STAMP"[TIMESTAMP,11]
 166 - ROWID[ROWID,10], "EOH"."RUN_CNTL_ID"[VARCHAR2,120], "EOH"."GM_EY_APPRAISAL_ID"[NUMBER,22]
 167 - "T1"."GM_EY_APPRAISAL_ID"[NUMBER,22], "T1"."DATETIME_STAMP"[TIMESTAMP,11]
 168 - ROWID[ROWID,10]
 169 - (#keys=0) MAX("EOD1"."SEQNUM")[22]
 170 - "EOD1"."SEQNUM"[NUMBER,22]
 171 - "EOD1"."SEQNUM"[NUMBER,22]
 172 - ROWID[ROWID,10], "EOD"."RUN_DTTM"[TIMESTAMP,11]
 173 - "A"."EMPLID"[VARCHAR2,44], "A"."NAME_TYPE"[VARCHAR2,12], "A"."NAME"[VARCHAR2,200], 
       SYS_OP_DESCEND("EFFDT")[RAW,12]
 174 - "A".ROWID[ROWID,10], "A"."EMPLID"[VARCHAR2,44], "A"."NAME_TYPE"[VARCHAR2,12], 
       SYS_OP_DESCEND("EFFDT")[RAW,12]
 175 - "MAX(B.EFFDT)"[DATE,7]
 176 - MAX(SYS_OP_UNDESCEND(SYS_OP_DESCEND("EFFDT")))[7]
 177 - (#keys=0) COUNT(*)[22], MAX(SYS_OP_UNDESCEND(SYS_OP_DESCEND("EFFDT")))[7]
 178 - SYS_OP_DESCEND("EFFDT")[RAW,12]
 179 - "X"."EMPLID"[VARCHAR2,44], "X"."GM_EY_APPRAISAL_ID"[NUMBER,22], "X"."RUN_DTTM"[TIMESTAMP,11], 
       "X"."GM_EOPF_STATUS"[VARCHAR2,4], "X"."RUN_STATUS_CD"[VARCHAR2,4]
 180 - (#keys=0) "D"."RUN_CNTL_ID"[VARCHAR2,120], "D"."GM_EOPF_STATUS"[VARCHAR2,4], 
       "D"."RUN_STATUS_CD"[VARCHAR2,4], "D"."RUN_DTTM"[TIMESTAMP,11], "H"."EMPLID"[VARCHAR2,44], 
       "H"."GM_EY_APPRAISAL_ID"[NUMBER,22]
 181 - (#keys=0) "D"."RUN_CNTL_ID"[VARCHAR2,120], "D"."GM_EOPF_STATUS"[VARCHAR2,4], 
       "D"."RUN_STATUS_CD"[VARCHAR2,4], "D"."RUN_DTTM"[TIMESTAMP,11], "H".ROWID[ROWID,10]
 182 - (#keys=2) "D"."RUN_CNTL_ID"[VARCHAR2,120], "D"."GM_EOPF_STATUS"[VARCHAR2,4], 
       "D"."RUN_STATUS_CD"[VARCHAR2,4], "D"."RUN_DTTM"[TIMESTAMP,11]
 183 - (rowset=256) "D"."RUN_CNTL_ID"[VARCHAR2,120], "D"."SEQNUM"[NUMBER,22], "D"."RUN_DTTM"[TIMESTAMP,11], 
       "D"."GM_EOPF_STATUS"[VARCHAR2,4], "D"."RUN_STATUS_CD"[VARCHAR2,4]
 184 - "MAX(D1.SEQNUM)"[NUMBER,22], "ITEM_17"[VARCHAR2,120]
 185 - (#keys=1) "D1"."RUN_CNTL_ID"[VARCHAR2,120], MAX("D1"."SEQNUM")[22]
 186 - "D1"."RUN_CNTL_ID"[VARCHAR2,120], "D1"."SEQNUM"[NUMBER,22]
 187 - "H".ROWID[ROWID,10]
 188 - "H"."EMPLID"[VARCHAR2,44], "H"."GM_EY_APPRAISAL_ID"[NUMBER,22]
 189 - "Y".ROWID[ROWID,10]
 190 - "Y"."REVIEW_RATING"[VARCHAR2,4]
 
Hint Report (identified by operation id / Query Block Name / Object Alias):
Total hints for statement: 1
---------------------------------------------------------------------------
 
   0 -  STATEMENT
           -  OPTIMIZER_FEATURES_ENABLE(default)
 
Note
-----
   - this is an adaptive plan

4- Using New Indices
--------------------
Plan hash value: 3875037626

 
-------------------------------------------------------------------------------------------------------------------------------------------------------------------
| Id  | Operation                                               | Name               | Rows  | Bytes |TempSpc| Cost (%CPU)| Time     |    TQ  |IN-OUT| PQ Distrib |
-------------------------------------------------------------------------------------------------------------------------------------------------------------------
|   0 | SELECT STATEMENT                                        |                    |   261 | 64728 |       |   106K (44)| 00:00:05 |        |      |            |
|   1 |  PX COORDINATOR                                         |                    |       |       |       |            |          |        |      |            |
|   2 |   PX SEND QC (RANDOM)                                   | :TQ10048           |   261 | 64728 |       |   106K (44)| 00:00:05 |  Q1,48 | P->S | QC (RAND)  |
|   3 |    VIEW                                                 | PS_GM_EY_EOPFQLFYV |   261 | 64728 |       |   106K (44)| 00:00:05 |  Q1,48 | PCWP |            |
|   4 |     SORT UNIQUE                                         |                    |   261 |    34M|    35M|   106K  (1)| 00:00:05 |  Q1,48 | PCWP |            |
|   5 |      PX RECEIVE                                         |                    |       |       |       |            |          |  Q1,48 | PCWP |            |
|   6 |       PX SEND HASH                                      | :TQ10047           |       |       |       |            |          |  Q1,47 | P->P | HASH       |
|   7 |        BUFFER SORT                                      |                    |   261 | 64728 |       |            |          |  Q1,47 | PCWP |            |
|   8 |         UNION-ALL                                       |                    |       |       |       |            |          |  Q1,47 | PCWP |            |
|*  9 |          HASH JOIN RIGHT ANTI                           |                    |   116 | 24012 |       | 12377   (1)| 00:00:01 |  Q1,47 | PCWP |            |
|  10 |           PX RECEIVE                                    |                    |     1 |    13 |       |  4511   (1)| 00:00:01 |  Q1,47 | PCWP |            |
|  11 |            PX SEND HYBRID HASH                          | :TQ10039           |     1 |    13 |       |  4511   (1)| 00:00:01 |  Q1,39 | P->P | HYBRID HASH|
|  12 |             STATISTICS COLLECTOR                        |                    |       |       |       |            |          |  Q1,39 | PCWC |            |
|  13 |              BUFFER SORT                                |                    |   261 | 64728 |       |            |          |  Q1,39 | PCWP |            |
|  14 |               VIEW                                      | VW_NSO_4           |     1 |    13 |       |  4511   (1)| 00:00:01 |  Q1,39 | PCWP |            |
|  15 |                NESTED LOOPS                             |                    |     1 |   163 |       |  4511   (1)| 00:00:01 |  Q1,39 | PCWP |            |
|  16 |                 NESTED LOOPS                            |                    |     1 |   150 |       |  4509   (1)| 00:00:01 |  Q1,39 | PCWP |            |
|* 17 |                  HASH JOIN SEMI                         |                    |     1 |   115 |       |  4508   (1)| 00:00:01 |  Q1,39 | PCWP |            |
|  18 |                   PX BLOCK ITERATOR                     |                    |   254K|  9944K|       |  2451   (1)| 00:00:01 |  Q1,39 | PCWC |            |
|* 19 |                    TABLE ACCESS FULL                    | PS_GM_EOPF_DETAIL  |   254K|  9944K|       |  2451   (1)| 00:00:01 |  Q1,39 | PCWP |            |
|  20 |                   PX RECEIVE                            |                    |   334K|    23M|       |  2056   (1)| 00:00:01 |  Q1,39 | PCWP |            |
|  21 |                    PX SEND BROADCAST                    | :TQ10026           |   334K|    23M|       |  2056   (1)| 00:00:01 |  Q1,26 | P->P | BROADCAST  |
|  22 |                     VIEW                                | VW_SQ_2            |   334K|    23M|       |  2056   (1)| 00:00:01 |  Q1,26 | PCWP |            |
|  23 |                      HASH GROUP BY                      |                    |   334K|    10M|    13M|  2056   (1)| 00:00:01 |  Q1,26 | PCWP |            |
|  24 |                       PX RECEIVE                        |                    |   334K|    10M|       |  2056   (1)| 00:00:01 |  Q1,26 | PCWP |            |
|  25 |                        PX SEND HASH                     | :TQ10012           |   334K|    10M|       |  2056   (1)| 00:00:01 |  Q1,12 | P->P | HASH       |
|  26 |                         HASH GROUP BY                   |                    |   334K|    10M|    13M|  2056   (1)| 00:00:01 |  Q1,12 | PCWP |            |
|  27 |                          PX BLOCK ITERATOR              |                    |   352K|    10M|       |   513   (1)| 00:00:01 |  Q1,12 | PCWC |            |
|  28 |                           INDEX FAST FULL SCAN          | PS_GM_EOPF_DETAIL  |   352K|    10M|       |   513   (1)| 00:00:01 |  Q1,12 | PCWP |            |
|* 29 |                  INDEX RANGE SCAN                       | IDX$$_AC5240002    |     1 |    35 |       |     2   (0)| 00:00:01 |  Q1,39 | PCWP |            |
|* 30 |                 VIEW PUSHED PREDICATE                   | VW_SQ_3            |     1 |    13 |       |     3   (0)| 00:00:01 |  Q1,39 | PCWP |            |
|* 31 |                  FILTER                                 |                    |       |       |       |            |          |  Q1,39 | PCWP |            |
|  32 |                   SORT AGGREGATE                        |                    |     1 |    16 |       |            |          |  Q1,39 | PCWP |            |
|* 33 |                    INDEX RANGE SCAN                     | PS_GM_EY_TRACKING  |    12 |   192 |       |     3   (0)| 00:00:01 |  Q1,39 | PCWP |            |
|  34 |           PX RECEIVE                                    |                    |   116 | 22504 |       |  7865   (2)| 00:00:01 |  Q1,47 | PCWP |            |
|  35 |            PX SEND HYBRID HASH                          | :TQ10040           |   116 | 22504 |       |  7865   (2)| 00:00:01 |  Q1,40 | P->P | HYBRID HASH|
|* 36 |             HASH JOIN RIGHT OUTER BUFFERED              |                    |   116 | 22504 |       |  7865   (2)| 00:00:01 |  Q1,40 | PCWP |            |
|  37 |              PX RECEIVE                                 |                    |     1 |    58 |       |  4509   (1)| 00:00:01 |  Q1,40 | PCWP |            |
|  38 |               PX SEND HYBRID HASH                       | :TQ10027           |     1 |    58 |       |  4509   (1)| 00:00:01 |  Q1,27 | P->P | HYBRID HASH|
|  39 |                STATISTICS COLLECTOR                     |                    |       |       |       |            |          |  Q1,27 | PCWC |            |
|  40 |                 BUFFER SORT                             |                    |   261 | 64728 |       |            |          |  Q1,27 | PCWP |            |
|  41 |                  VIEW                                   | PS_GM_EOPF_H_D_VW  |     1 |    58 |       |  4509   (1)| 00:00:01 |  Q1,27 | PCWP |            |
|  42 |                   NESTED LOOPS                          |                    |     1 |   157 |       |  4509   (1)| 00:00:01 |  Q1,27 | PCWP |            |
|  43 |                    NESTED LOOPS                         |                    |     1 |   157 |       |  4509   (1)| 00:00:01 |  Q1,27 | PCWP |            |
|* 44 |                     HASH JOIN SEMI                      |                    |     1 |   116 |       |  4508   (1)| 00:00:01 |  Q1,27 | PCWP |            |
|  45 |                      PX BLOCK ITERATOR                  |                    |   352K|    13M|       |  2450   (1)| 00:00:01 |  Q1,27 | PCWC |            |
|  46 |                       TABLE ACCESS FULL                 | PS_GM_EOPF_DETAIL  |   352K|    13M|       |  2450   (1)| 00:00:01 |  Q1,27 | PCWP |            |
|  47 |                      PX RECEIVE                         |                    |   334K|    23M|       |  2056   (1)| 00:00:01 |  Q1,27 | PCWP |            |
|  48 |                       PX SEND BROADCAST                 | :TQ10013           |   334K|    23M|       |  2056   (1)| 00:00:01 |  Q1,13 | P->P | BROADCAST  |
|  49 |                        VIEW                             | VW_SQ_1            |   334K|    23M|       |  2056   (1)| 00:00:01 |  Q1,13 | PCWP |            |
|  50 |                         HASH GROUP BY                   |                    |   334K|    10M|    13M|  2056   (1)| 00:00:01 |  Q1,13 | PCWP |            |
|  51 |                          PX RECEIVE                     |                    |   334K|    10M|       |  2056   (1)| 00:00:01 |  Q1,13 | PCWP |            |
|  52 |                           PX SEND HASH                  | :TQ10001           |   334K|    10M|       |  2056   (1)| 00:00:01 |  Q1,01 | P->P | HASH       |
|  53 |                            HASH GROUP BY                |                    |   334K|    10M|    13M|  2056   (1)| 00:00:01 |  Q1,01 | PCWP |            |
|  54 |                             PX BLOCK ITERATOR           |                    |   352K|    10M|       |   513   (1)| 00:00:01 |  Q1,01 | PCWC |            |
|  55 |                              INDEX FAST FULL SCAN       | PS_GM_EOPF_DETAIL  |   352K|    10M|       |   513   (1)| 00:00:01 |  Q1,01 | PCWP |            |
|* 56 |                     INDEX UNIQUE SCAN                   | PS_GM_EOPF_HEADER  |     1 |       |       |     1   (0)| 00:00:01 |  Q1,27 | PCWP |            |
|* 57 |                    TABLE ACCESS BY INDEX ROWID          | PS_GM_EOPF_HEADER  |     1 |    41 |       |     1   (0)| 00:00:01 |  Q1,27 | PCWP |            |
|  58 |              PX RECEIVE                                 |                    |   116 | 15776 |       |  3357   (3)| 00:00:01 |  Q1,40 | PCWP |            |
|  59 |               PX SEND HYBRID HASH                       | :TQ10028           |   116 | 15776 |       |  3357   (3)| 00:00:01 |  Q1,28 | P->P | HYBRID HASH|
|  60 |                BUFFER SORT                              |                    |   261 | 64728 |       |            |          |  Q1,28 | PCWP |            |
|  61 |                 NESTED LOOPS                            |                    |   116 | 15776 |       |  3357   (3)| 00:00:01 |  Q1,28 | PCWP |            |
|  62 |                  NESTED LOOPS                           |                    |   116 | 15776 |       |  3357   (3)| 00:00:01 |  Q1,28 | PCWP |            |
|* 63 |                   HASH JOIN                             |                    |    99 | 12177 |       |  3192   (3)| 00:00:01 |  Q1,28 | PCWP |            |
|  64 |                    PX RECEIVE                           |                    |    82 |  6478 |       |  2873   (3)| 00:00:01 |  Q1,28 | PCWP |            |
|  65 |                     PX SEND HYBRID HASH                 | :TQ10014           |    82 |  6478 |       |  2873   (3)| 00:00:01 |  Q1,14 | P->P | HYBRID HASH|
|  66 |                      STATISTICS COLLECTOR               |                    |       |       |       |            |          |  Q1,14 | PCWC |            |
|* 67 |                       HASH JOIN RIGHT SEMI              |                    |    82 |  6478 |       |  2873   (3)| 00:00:01 |  Q1,14 | PCWP |            |
|  68 |                        PX RECEIVE                       |                    | 56978 |  2281K|       |  1904   (5)| 00:00:01 |  Q1,14 | PCWP |            |
|  69 |                         PX SEND BROADCAST               | :TQ10002           | 56978 |  2281K|       |  1904   (5)| 00:00:01 |  Q1,02 | P->P | BROADCAST  |
|  70 |                          VIEW                           | VW_SQ_5            | 56978 |  2281K|       |  1904   (5)| 00:00:01 |  Q1,02 | PCWP |            |
|  71 |                           HASH GROUP BY                 |                    | 56978 |  1112K|    28M|  1904   (5)| 00:00:01 |  Q1,02 | PCWP |            |
|  72 |                            PX RECEIVE                   |                    | 56978 |  1112K|       |  1904   (5)| 00:00:01 |  Q1,02 | PCWP |            |
|  73 |                             PX SEND HASH                | :TQ10000           | 56978 |  1112K|       |  1904   (5)| 00:00:01 |  Q1,00 | P->P | HASH       |
|  74 |                              HASH GROUP BY              |                    | 56978 |  1112K|    28M|  1904   (5)| 00:00:01 |  Q1,00 | PCWP |            |
|  75 |                               PX BLOCK ITERATOR         |                    |   929K|    17M|       |   669   (9)| 00:00:01 |  Q1,00 | PCWC |            |
|* 76 |                                INDEX FAST FULL SCAN     | PS_NAMES           |   929K|    17M|       |   669   (9)| 00:00:01 |  Q1,00 | PCWP |            |
|  77 |                        PX BLOCK ITERATOR                |                    |   929K|    33M|       |   967   (1)| 00:00:01 |  Q1,14 | PCWC |            |
|* 78 |                         INDEX FAST FULL SCAN            | PS0NAMES           |   929K|    33M|       |   967   (1)| 00:00:01 |  Q1,14 | PCWP |            |
|  79 |                    PX RECEIVE                           |                    | 97087 |  4171K|       |   318   (0)| 00:00:01 |  Q1,28 | PCWP |            |
|  80 |                     PX SEND HYBRID HASH                 | :TQ10015           | 97087 |  4171K|       |   318   (0)| 00:00:01 |  Q1,15 | P->P | HYBRID HASH|
|  81 |                      TABLE ACCESS BY INDEX ROWID BATCHED| PS_GM_EY_MAIN      | 97087 |  4171K|       |   318   (0)| 00:00:01 |  Q1,15 | PCWP |            |
|  82 |                       BUFFER SORT                       |                    |       |       |       |            |          |  Q1,15 | PCWC |            |
|  83 |                        PX RECEIVE                       |                    |  1272 |       |       |     7   (0)| 00:00:01 |  Q1,15 | PCWP |            |
|  84 |                         PX SEND HASH (BLOCK ADDRESS)    | :TQ10003           |  1272 |       |       |     7   (0)| 00:00:01 |  Q1,03 | S->P | HASH (BLOCK|
|  85 |                          PX SELECTOR                    |                    |       |       |       |            |          |  Q1,03 | SCWC |            |
|* 86 |                           INDEX RANGE SCAN              | IDX$$_AC5240003    |  1272 |       |       |     7   (0)| 00:00:01 |  Q1,03 | SCWP |            |
|* 87 |                   INDEX RANGE SCAN                      | PS_GM_EY_SECTION   |     1 |       |       |     1   (0)| 00:00:01 |  Q1,28 | PCWP |            |
|  88 |                  TABLE ACCESS BY INDEX ROWID            | PS_GM_EY_SECTION   |     1 |    13 |       |     2   (0)| 00:00:01 |  Q1,28 | PCWP |            |
|* 89 |          HASH JOIN RIGHT ANTI                           |                    |   136 | 28152 |       | 12470   (1)| 00:00:01 |  Q1,47 | PCWP |            |
|  90 |           PX RECEIVE                                    |                    |     1 |    13 |       |  4511   (1)| 00:00:01 |  Q1,47 | PCWP |            |
|  91 |            PX SEND HYBRID HASH                          | :TQ10041           |     1 |    13 |       |  4511   (1)| 00:00:01 |  Q1,41 | P->P | HYBRID HASH|
|  92 |             STATISTICS COLLECTOR                        |                    |       |       |       |            |          |  Q1,41 | PCWC |            |
|  93 |              BUFFER SORT                                |                    |   261 | 64728 |       |            |          |  Q1,41 | PCWP |            |
|  94 |               VIEW                                      | VW_NSO_9           |     1 |    13 |       |  4511   (1)| 00:00:01 |  Q1,41 | PCWP |            |
|  95 |                NESTED LOOPS                             |                    |     1 |   163 |       |  4511   (1)| 00:00:01 |  Q1,41 | PCWP |            |
|  96 |                 NESTED LOOPS                            |                    |     1 |   150 |       |  4509   (1)| 00:00:01 |  Q1,41 | PCWP |            |
|* 97 |                  HASH JOIN SEMI                         |                    |     1 |   115 |       |  4508   (1)| 00:00:01 |  Q1,41 | PCWP |            |
|  98 |                   PX BLOCK ITERATOR                     |                    |   254K|  9944K|       |  2451   (1)| 00:00:01 |  Q1,41 | PCWC |            |
|* 99 |                    TABLE ACCESS FULL                    | PS_GM_EOPF_DETAIL  |   254K|  9944K|       |  2451   (1)| 00:00:01 |  Q1,41 | PCWP |            |
| 100 |                   PX RECEIVE                            |                    |   334K|    23M|       |  2056   (1)| 00:00:01 |  Q1,41 | PCWP |            |
| 101 |                    PX SEND BROADCAST                    | :TQ10029           |   334K|    23M|       |  2056   (1)| 00:00:01 |  Q1,29 | P->P | BROADCAST  |
| 102 |                     VIEW                                | VW_SQ_7            |   334K|    23M|       |  2056   (1)| 00:00:01 |  Q1,29 | PCWP |            |
| 103 |                      HASH GROUP BY                      |                    |   334K|    10M|    13M|  2056   (1)| 00:00:01 |  Q1,29 | PCWP |            |
| 104 |                       PX RECEIVE                        |                    |   334K|    10M|       |  2056   (1)| 00:00:01 |  Q1,29 | PCWP |            |
| 105 |                        PX SEND HASH                     | :TQ10016           |   334K|    10M|       |  2056   (1)| 00:00:01 |  Q1,16 | P->P | HASH       |
| 106 |                         HASH GROUP BY                   |                    |   334K|    10M|    13M|  2056   (1)| 00:00:01 |  Q1,16 | PCWP |            |
| 107 |                          PX BLOCK ITERATOR              |                    |   352K|    10M|       |   513   (1)| 00:00:01 |  Q1,16 | PCWC |            |
| 108 |                           INDEX FAST FULL SCAN          | PS_GM_EOPF_DETAIL  |   352K|    10M|       |   513   (1)| 00:00:01 |  Q1,16 | PCWP |            |
|*109 |                  INDEX RANGE SCAN                       | IDX$$_AC5240002    |     1 |    35 |       |     2   (0)| 00:00:01 |  Q1,41 | PCWP |            |
|*110 |                 VIEW PUSHED PREDICATE                   | VW_SQ_8            |     1 |    13 |       |     3   (0)| 00:00:01 |  Q1,41 | PCWP |            |
|*111 |                  FILTER                                 |                    |       |       |       |            |          |  Q1,41 | PCWP |            |
| 112 |                   SORT AGGREGATE                        |                    |     1 |    16 |       |            |          |  Q1,41 | PCWP |            |
|*113 |                    INDEX RANGE SCAN                     | PS_GM_EY_TRACKING  |    12 |   192 |       |     3   (0)| 00:00:01 |  Q1,41 | PCWP |            |
| 114 |           PX RECEIVE                                    |                    |   136 | 26384 |       |  7959   (2)| 00:00:01 |  Q1,47 | PCWP |            |
| 115 |            PX SEND HYBRID HASH                          | :TQ10042           |   136 | 26384 |       |  7959   (2)| 00:00:01 |  Q1,42 | P->P | HYBRID HASH|
|*116 |             HASH JOIN RIGHT OUTER BUFFERED              |                    |   136 | 26384 |       |  7959   (2)| 00:00:01 |  Q1,42 | PCWP |            |
| 117 |              PX RECEIVE                                 |                    |     1 |    58 |       |  4509   (1)| 00:00:01 |  Q1,42 | PCWP |            |
| 118 |               PX SEND HYBRID HASH                       | :TQ10030           |     1 |    58 |       |  4509   (1)| 00:00:01 |  Q1,30 | P->P | HYBRID HASH|
| 119 |                STATISTICS COLLECTOR                     |                    |       |       |       |            |          |  Q1,30 | PCWC |            |
| 120 |                 BUFFER SORT                             |                    |   261 | 64728 |       |            |          |  Q1,30 | PCWP |            |
| 121 |                  VIEW                                   | PS_GM_EOPF_H_D_VW  |     1 |    58 |       |  4509   (1)| 00:00:01 |  Q1,30 | PCWP |            |
| 122 |                   NESTED LOOPS                          |                    |     1 |   157 |       |  4509   (1)| 00:00:01 |  Q1,30 | PCWP |            |
| 123 |                    NESTED LOOPS                         |                    |     1 |   157 |       |  4509   (1)| 00:00:01 |  Q1,30 | PCWP |            |
|*124 |                     HASH JOIN SEMI                      |                    |     1 |   116 |       |  4508   (1)| 00:00:01 |  Q1,30 | PCWP |            |
| 125 |                      PX BLOCK ITERATOR                  |                    |   352K|    13M|       |  2450   (1)| 00:00:01 |  Q1,30 | PCWC |            |
| 126 |                       TABLE ACCESS FULL                 | PS_GM_EOPF_DETAIL  |   352K|    13M|       |  2450   (1)| 00:00:01 |  Q1,30 | PCWP |            |
| 127 |                      PX RECEIVE                         |                    |   334K|    23M|       |  2056   (1)| 00:00:01 |  Q1,30 | PCWP |            |
| 128 |                       PX SEND BROADCAST                 | :TQ10017           |   334K|    23M|       |  2056   (1)| 00:00:01 |  Q1,17 | P->P | BROADCAST  |
| 129 |                        VIEW                             | VW_SQ_6            |   334K|    23M|       |  2056   (1)| 00:00:01 |  Q1,17 | PCWP |            |
| 130 |                         HASH GROUP BY                   |                    |   334K|    10M|    13M|  2056   (1)| 00:00:01 |  Q1,17 | PCWP |            |
| 131 |                          PX RECEIVE                     |                    |   334K|    10M|       |  2056   (1)| 00:00:01 |  Q1,17 | PCWP |            |
| 132 |                           PX SEND HASH                  | :TQ10004           |   334K|    10M|       |  2056   (1)| 00:00:01 |  Q1,04 | P->P | HASH       |
| 133 |                            HASH GROUP BY                |                    |   334K|    10M|    13M|  2056   (1)| 00:00:01 |  Q1,04 | PCWP |            |
| 134 |                             PX BLOCK ITERATOR           |                    |   352K|    10M|       |   513   (1)| 00:00:01 |  Q1,04 | PCWC |            |
| 135 |                              INDEX FAST FULL SCAN       | PS_GM_EOPF_DETAIL  |   352K|    10M|       |   513   (1)| 00:00:01 |  Q1,04 | PCWP |            |
|*136 |                     INDEX UNIQUE SCAN                   | PS_GM_EOPF_HEADER  |     1 |       |       |     1   (0)| 00:00:01 |  Q1,30 | PCWP |            |
|*137 |                    TABLE ACCESS BY INDEX ROWID          | PS_GM_EOPF_HEADER  |     1 |    41 |       |     1   (0)| 00:00:01 |  Q1,30 | PCWP |            |
| 138 |              PX RECEIVE                                 |                    |   136 | 18496 |       |  3450   (3)| 00:00:01 |  Q1,42 | PCWP |            |
| 139 |               PX SEND HYBRID HASH                       | :TQ10031           |   136 | 18496 |       |  3450   (3)| 00:00:01 |  Q1,31 | P->P | HYBRID HASH|
| 140 |                NESTED LOOPS                             |                    |   136 | 18496 |       |  3450   (3)| 00:00:01 |  Q1,31 | PCWP |            |
| 141 |                 NESTED LOOPS                            |                    |   136 | 18496 |       |  3450   (3)| 00:00:01 |  Q1,31 | PCWP |            |
| 142 |                  NESTED LOOPS                           |                    |   115 | 14145 |       |  3258   (3)| 00:00:01 |  Q1,31 | PCWP |            |
|*143 |                   HASH JOIN RIGHT SEMI                  |                    |    82 |  6478 |       |  2873   (3)| 00:00:01 |  Q1,31 | PCWP |            |
| 144 |                    PX RECEIVE                           |                    | 56978 |  2281K|       |  1904   (5)| 00:00:01 |  Q1,31 | PCWP |            |
| 145 |                     PX SEND BROADCAST                   | :TQ10018           | 56978 |  2281K|       |  1904   (5)| 00:00:01 |  Q1,18 | P->P | BROADCAST  |
| 146 |                      VIEW                               | VW_SQ_10           | 56978 |  2281K|       |  1904   (5)| 00:00:01 |  Q1,18 | PCWP |            |
| 147 |                       HASH GROUP BY                     |                    | 56978 |  1112K|    28M|  1904   (5)| 00:00:01 |  Q1,18 | PCWP |            |
| 148 |                        PX RECEIVE                       |                    | 56978 |  1112K|       |  1904   (5)| 00:00:01 |  Q1,18 | PCWP |            |
| 149 |                         PX SEND HASH                    | :TQ10005           | 56978 |  1112K|       |  1904   (5)| 00:00:01 |  Q1,05 | P->P | HASH       |
| 150 |                          HASH GROUP BY                  |                    | 56978 |  1112K|    28M|  1904   (5)| 00:00:01 |  Q1,05 | PCWP |            |
| 151 |                           PX BLOCK ITERATOR             |                    |   929K|    17M|       |   669   (9)| 00:00:01 |  Q1,05 | PCWC |            |
|*152 |                            INDEX FAST FULL SCAN         | PS_NAMES           |   929K|    17M|       |   669   (9)| 00:00:01 |  Q1,05 | PCWP |            |
| 153 |                    PX BLOCK ITERATOR                    |                    |   929K|    33M|       |   967   (1)| 00:00:01 |  Q1,31 | PCWC |            |
|*154 |                     INDEX FAST FULL SCAN                | PS0NAMES           |   929K|    33M|       |   967   (1)| 00:00:01 |  Q1,31 | PCWP |            |
|*155 |                   TABLE ACCESS BY INDEX ROWID BATCHED   | PS_GM_EY_MAIN      |     1 |    44 |       |     8   (0)| 00:00:01 |  Q1,31 | PCWP |            |
|*156 |                    INDEX RANGE SCAN                     | PS0GM_EY_MAIN      |    13 |       |       |     1   (0)| 00:00:01 |  Q1,31 | PCWP |            |
|*157 |                  INDEX RANGE SCAN                       | PS_GM_EY_SECTION   |     1 |       |       |     1   (0)| 00:00:01 |  Q1,31 | PCWP |            |
| 158 |                 TABLE ACCESS BY INDEX ROWID             | PS_GM_EY_SECTION   |     1 |    13 |       |     2   (0)| 00:00:01 |  Q1,31 | PCWP |            |
|*159 |          HASH JOIN ANTI                                 |                    |     7 |  1449 |       | 12311   (1)| 00:00:01 |  Q1,47 | PCWP |            |
| 160 |           PX RECEIVE                                    |                    |     7 |  1358 |       |  7800   (2)| 00:00:01 |  Q1,47 | PCWP |            |
| 161 |            PX SEND HASH                                 | :TQ10043           |     7 |  1358 |       |  7800   (2)| 00:00:01 |  Q1,43 | P->P | HASH       |
| 162 |             BUFFER SORT                                 |                    |   261 | 64728 |       |            |          |  Q1,43 | PCWP |            |
| 163 |              NESTED LOOPS                               |                    |     7 |  1358 |       |  7800   (2)| 00:00:01 |  Q1,43 | PCWP |            |
| 164 |               NESTED LOOPS                              |                    |    20 |  1358 |       |  7800   (2)| 00:00:01 |  Q1,43 | PCWP |            |
|*165 |                HASH JOIN OUTER                          |                    |    20 |  3620 |       |  7767   (2)| 00:00:01 |  Q1,43 | PCWP |            |
| 166 |                 PX RECEIVE                              |                    |    20 |  2460 |       |  3258   (3)| 00:00:01 |  Q1,43 | PCWP |            |
| 167 |                  PX SEND HASH                           | :TQ10032           |    20 |  2460 |       |  3258   (3)| 00:00:01 |  Q1,32 | P->P | HASH       |
| 168 |                   NESTED LOOPS                          |                    |    20 |  2460 |       |  3258   (3)| 00:00:01 |  Q1,32 | PCWP |            |
| 169 |                    NESTED LOOPS                         |                    |  1066 |  2460 |       |  3258   (3)| 00:00:01 |  Q1,32 | PCWP |            |
|*170 |                     HASH JOIN RIGHT SEMI                |                    |    82 |  6478 |       |  2873   (3)| 00:00:01 |  Q1,32 | PCWP |            |
| 171 |                      PX RECEIVE                         |                    | 56978 |  2281K|       |  1904   (5)| 00:00:01 |  Q1,32 | PCWP |            |
| 172 |                       PX SEND BROADCAST                 | :TQ10019           | 56978 |  2281K|       |  1904   (5)| 00:00:01 |  Q1,19 | P->P | BROADCAST  |
| 173 |                        VIEW                             | VW_SQ_15           | 56978 |  2281K|       |  1904   (5)| 00:00:01 |  Q1,19 | PCWP |            |
| 174 |                         HASH GROUP BY                   |                    | 56978 |  1112K|    28M|  1904   (5)| 00:00:01 |  Q1,19 | PCWP |            |
| 175 |                          PX RECEIVE                     |                    | 56978 |  1112K|       |  1904   (5)| 00:00:01 |  Q1,19 | PCWP |            |
| 176 |                           PX SEND HASH                  | :TQ10006           | 56978 |  1112K|       |  1904   (5)| 00:00:01 |  Q1,06 | P->P | HASH       |
| 177 |                            HASH GROUP BY                |                    | 56978 |  1112K|    28M|  1904   (5)| 00:00:01 |  Q1,06 | PCWP |            |
| 178 |                             PX BLOCK ITERATOR           |                    |   929K|    17M|       |   669   (9)| 00:00:01 |  Q1,06 | PCWC |            |
|*179 |                              INDEX FAST FULL SCAN       | PS_NAMES           |   929K|    17M|       |   669   (9)| 00:00:01 |  Q1,06 | PCWP |            |
| 180 |                      PX BLOCK ITERATOR                  |                    |   929K|    33M|       |   967   (1)| 00:00:01 |  Q1,32 | PCWC |            |
|*181 |                       INDEX FAST FULL SCAN              | PS0NAMES           |   929K|    33M|       |   967   (1)| 00:00:01 |  Q1,32 | PCWP |            |
|*182 |                     INDEX RANGE SCAN                    | PS0GM_EY_MAIN      |    13 |       |       |     1   (0)| 00:00:01 |  Q1,32 | PCWP |            |
|*183 |                    TABLE ACCESS BY INDEX ROWID          | PS_GM_EY_MAIN      |     1 |    44 |       |     8   (0)| 00:00:01 |  Q1,32 | PCWP |            |
| 184 |                 PX RECEIVE                              |                    |     1 |    58 |       |  4509   (1)| 00:00:01 |  Q1,43 | PCWP |            |
| 185 |                  PX SEND HASH                           | :TQ10033           |     1 |    58 |       |  4509   (1)| 00:00:01 |  Q1,33 | P->P | HASH       |
| 186 |                   BUFFER SORT                           |                    |   261 | 64728 |       |            |          |  Q1,33 | PCWP |            |
| 187 |                    VIEW                                 | PS_GM_EOPF_H_D_VW  |     1 |    58 |       |  4509   (1)| 00:00:01 |  Q1,33 | PCWP |            |
| 188 |                     NESTED LOOPS                        |                    |     1 |   157 |       |  4509   (1)| 00:00:01 |  Q1,33 | PCWP |            |
| 189 |                      NESTED LOOPS                       |                    |     1 |   157 |       |  4509   (1)| 00:00:01 |  Q1,33 | PCWP |            |
|*190 |                       HASH JOIN SEMI                    |                    |     1 |   116 |       |  4508   (1)| 00:00:01 |  Q1,33 | PCWP |            |
| 191 |                        PX BLOCK ITERATOR                |                    |   352K|    13M|       |  2450   (1)| 00:00:01 |  Q1,33 | PCWC |            |
| 192 |                         TABLE ACCESS FULL               | PS_GM_EOPF_DETAIL  |   352K|    13M|       |  2450   (1)| 00:00:01 |  Q1,33 | PCWP |            |
| 193 |                        PX RECEIVE                       |                    |   334K|    23M|       |  2056   (1)| 00:00:01 |  Q1,33 | PCWP |            |
| 194 |                         PX SEND BROADCAST               | :TQ10020           |   334K|    23M|       |  2056   (1)| 00:00:01 |  Q1,20 | P->P | BROADCAST  |
| 195 |                          VIEW                           | VW_SQ_11           |   334K|    23M|       |  2056   (1)| 00:00:01 |  Q1,20 | PCWP |            |
| 196 |                           HASH GROUP BY                 |                    |   334K|    10M|    13M|  2056   (1)| 00:00:01 |  Q1,20 | PCWP |            |
| 197 |                            PX RECEIVE                   |                    |   334K|    10M|       |  2056   (1)| 00:00:01 |  Q1,20 | PCWP |            |
| 198 |                             PX SEND HASH                | :TQ10007           |   334K|    10M|       |  2056   (1)| 00:00:01 |  Q1,07 | P->P | HASH       |
| 199 |                              HASH GROUP BY              |                    |   334K|    10M|    13M|  2056   (1)| 00:00:01 |  Q1,07 | PCWP |            |
| 200 |                               PX BLOCK ITERATOR         |                    |   352K|    10M|       |   513   (1)| 00:00:01 |  Q1,07 | PCWC |            |
| 201 |                                INDEX FAST FULL SCAN     | PS_GM_EOPF_DETAIL  |   352K|    10M|       |   513   (1)| 00:00:01 |  Q1,07 | PCWP |            |
|*202 |                       INDEX UNIQUE SCAN                 | PS_GM_EOPF_HEADER  |     1 |       |       |     1   (0)| 00:00:01 |  Q1,33 | PCWP |            |
|*203 |                      TABLE ACCESS BY INDEX ROWID        | PS_GM_EOPF_HEADER  |     1 |    41 |       |     1   (0)| 00:00:01 |  Q1,33 | PCWP |            |
|*204 |                INDEX RANGE SCAN                         | PS_GM_EY_SECTION   |     1 |       |       |     1   (0)| 00:00:01 |  Q1,43 | PCWP |            |
| 205 |               TABLE ACCESS BY INDEX ROWID               | PS_GM_EY_SECTION   |     1 |    13 |       |     2   (0)| 00:00:01 |  Q1,43 | PCWP |            |
| 206 |           PX RECEIVE                                    |                    |     1 |    13 |       |  4511   (1)| 00:00:01 |  Q1,47 | PCWP |            |
| 207 |            PX SEND HASH                                 | :TQ10044           |     1 |    13 |       |  4511   (1)| 00:00:01 |  Q1,44 | P->P | HASH       |
| 208 |             BUFFER SORT                                 |                    |   261 | 64728 |       |            |          |  Q1,44 | PCWP |            |
| 209 |              VIEW                                       | VW_NSO_14          |     1 |    13 |       |  4511   (1)| 00:00:01 |  Q1,44 | PCWP |            |
| 210 |               NESTED LOOPS                              |                    |     1 |   163 |       |  4511   (1)| 00:00:01 |  Q1,44 | PCWP |            |
| 211 |                NESTED LOOPS                             |                    |     1 |   150 |       |  4509   (1)| 00:00:01 |  Q1,44 | PCWP |            |
|*212 |                 HASH JOIN SEMI                          |                    |     1 |   115 |       |  4508   (1)| 00:00:01 |  Q1,44 | PCWP |            |
| 213 |                  PX BLOCK ITERATOR                      |                    |   254K|  9944K|       |  2451   (1)| 00:00:01 |  Q1,44 | PCWC |            |
|*214 |                   TABLE ACCESS FULL                     | PS_GM_EOPF_DETAIL  |   254K|  9944K|       |  2451   (1)| 00:00:01 |  Q1,44 | PCWP |            |
| 215 |                  PX RECEIVE                             |                    |   334K|    23M|       |  2056   (1)| 00:00:01 |  Q1,44 | PCWP |            |
| 216 |                   PX SEND BROADCAST                     | :TQ10034           |   334K|    23M|       |  2056   (1)| 00:00:01 |  Q1,34 | P->P | BROADCAST  |
| 217 |                    VIEW                                 | VW_SQ_12           |   334K|    23M|       |  2056   (1)| 00:00:01 |  Q1,34 | PCWP |            |
| 218 |                     HASH GROUP BY                       |                    |   334K|    10M|    13M|  2056   (1)| 00:00:01 |  Q1,34 | PCWP |            |
| 219 |                      PX RECEIVE                         |                    |   334K|    10M|       |  2056   (1)| 00:00:01 |  Q1,34 | PCWP |            |
| 220 |                       PX SEND HASH                      | :TQ10021           |   334K|    10M|       |  2056   (1)| 00:00:01 |  Q1,21 | P->P | HASH       |
| 221 |                        HASH GROUP BY                    |                    |   334K|    10M|    13M|  2056   (1)| 00:00:01 |  Q1,21 | PCWP |            |
| 222 |                         PX BLOCK ITERATOR               |                    |   352K|    10M|       |   513   (1)| 00:00:01 |  Q1,21 | PCWC |            |
| 223 |                          INDEX FAST FULL SCAN           | PS_GM_EOPF_DETAIL  |   352K|    10M|       |   513   (1)| 00:00:01 |  Q1,21 | PCWP |            |
|*224 |                 INDEX RANGE SCAN                        | IDX$$_AC5240002    |     1 |    35 |       |     2   (0)| 00:00:01 |  Q1,44 | PCWP |            |
|*225 |                VIEW PUSHED PREDICATE                    | VW_SQ_13           |     1 |    13 |       |     3   (0)| 00:00:01 |  Q1,44 | PCWP |            |
|*226 |                 FILTER                                  |                    |       |       |       |            |          |  Q1,44 | PCWP |            |
| 227 |                  SORT AGGREGATE                         |                    |     1 |    16 |       |            |          |  Q1,44 | PCWP |            |
|*228 |                   INDEX RANGE SCAN                      | PS_GM_EY_TRACKING  |    12 |   192 |       |     3   (0)| 00:00:01 |  Q1,44 | PCWP |            |
|*229 |          FILTER                                         |                    |       |       |       |            |          |  Q1,47 | PCWP |            |
| 230 |           PX RECEIVE                                    |                    |     1 |   194 |       |  7769   (2)| 00:00:01 |  Q1,47 | PCWP |            |
| 231 |            PX SEND HASH                                 | :TQ10045           |     1 |   194 |       |  7769   (2)| 00:00:01 |  Q1,45 | P->P | HASH       |
| 232 |             BUFFER SORT                                 |                    |   261 | 64728 |       |            |          |  Q1,45 | PCWP |            |
| 233 |              NESTED LOOPS                               |                    |     1 |   194 |       |  7769   (2)| 00:00:01 |  Q1,45 | PCWP |            |
| 234 |               NESTED LOOPS                              |                    |     1 |   194 |       |  7769   (2)| 00:00:01 |  Q1,45 | PCWP |            |
|*235 |                HASH JOIN OUTER                          |                    |     1 |   181 |       |  7767   (2)| 00:00:01 |  Q1,45 | PCWP |            |
| 236 |                 PX RECEIVE                              |                    |     1 |   123 |       |  3258   (3)| 00:00:01 |  Q1,45 | PCWP |            |
| 237 |                  PX SEND HASH                           | :TQ10035           |     1 |   123 |       |  3258   (3)| 00:00:01 |  Q1,35 | P->P | HASH       |
| 238 |                   NESTED LOOPS                          |                    |     1 |   123 |       |  3258   (3)| 00:00:01 |  Q1,35 | PCWP |            |
| 239 |                    NESTED LOOPS                         |                    |  1066 |   123 |       |  3258   (3)| 00:00:01 |  Q1,35 | PCWP |            |
|*240 |                     HASH JOIN RIGHT SEMI                |                    |    82 |  6478 |       |  2873   (3)| 00:00:01 |  Q1,35 | PCWP |            |
| 241 |                      PX RECEIVE                         |                    | 56978 |  2281K|       |  1904   (5)| 00:00:01 |  Q1,35 | PCWP |            |
| 242 |                       PX SEND BROADCAST                 | :TQ10022           | 56978 |  2281K|       |  1904   (5)| 00:00:01 |  Q1,22 | P->P | BROADCAST  |
| 243 |                        VIEW                             | VW_SQ_19           | 56978 |  2281K|       |  1904   (5)| 00:00:01 |  Q1,22 | PCWP |            |
| 244 |                         HASH GROUP BY                   |                    | 56978 |  1112K|    28M|  1904   (5)| 00:00:01 |  Q1,22 | PCWP |            |
| 245 |                          PX RECEIVE                     |                    | 56978 |  1112K|       |  1904   (5)| 00:00:01 |  Q1,22 | PCWP |            |
| 246 |                           PX SEND HASH                  | :TQ10008           | 56978 |  1112K|       |  1904   (5)| 00:00:01 |  Q1,08 | P->P | HASH       |
| 247 |                            HASH GROUP BY                |                    | 56978 |  1112K|    28M|  1904   (5)| 00:00:01 |  Q1,08 | PCWP |            |
| 248 |                             PX BLOCK ITERATOR           |                    |   929K|    17M|       |   669   (9)| 00:00:01 |  Q1,08 | PCWC |            |
|*249 |                              INDEX FAST FULL SCAN       | PS_NAMES           |   929K|    17M|       |   669   (9)| 00:00:01 |  Q1,08 | PCWP |            |
| 250 |                      PX BLOCK ITERATOR                  |                    |   929K|    33M|       |   967   (1)| 00:00:01 |  Q1,35 | PCWC |            |
|*251 |                       INDEX FAST FULL SCAN              | PS0NAMES           |   929K|    33M|       |   967   (1)| 00:00:01 |  Q1,35 | PCWP |            |
|*252 |                     INDEX RANGE SCAN                    | PS0GM_EY_MAIN      |    13 |       |       |     1   (0)| 00:00:01 |  Q1,35 | PCWP |            |
|*253 |                    TABLE ACCESS BY INDEX ROWID          | PS_GM_EY_MAIN      |     1 |    44 |       |     8   (0)| 00:00:01 |  Q1,35 | PCWP |            |
| 254 |                 PX RECEIVE                              |                    |     1 |    58 |       |  4509   (1)| 00:00:01 |  Q1,45 | PCWP |            |
| 255 |                  PX SEND HASH                           | :TQ10036           |     1 |    58 |       |  4509   (1)| 00:00:01 |  Q1,36 | P->P | HASH       |
| 256 |                   BUFFER SORT                           |                    |   261 | 64728 |       |            |          |  Q1,36 | PCWP |            |
| 257 |                    VIEW                                 | PS_GM_EOPF_H_D_VW  |     1 |    58 |       |  4509   (1)| 00:00:01 |  Q1,36 | PCWP |            |
| 258 |                     NESTED LOOPS                        |                    |     1 |   157 |       |  4509   (1)| 00:00:01 |  Q1,36 | PCWP |            |
| 259 |                      NESTED LOOPS                       |                    |     1 |   157 |       |  4509   (1)| 00:00:01 |  Q1,36 | PCWP |            |
|*260 |                       HASH JOIN SEMI                    |                    |     1 |   116 |       |  4508   (1)| 00:00:01 |  Q1,36 | PCWP |            |
| 261 |                        PX BLOCK ITERATOR                |                    |   352K|    13M|       |  2450   (1)| 00:00:01 |  Q1,36 | PCWC |            |
| 262 |                         TABLE ACCESS FULL               | PS_GM_EOPF_DETAIL  |   352K|    13M|       |  2450   (1)| 00:00:01 |  Q1,36 | PCWP |            |
| 263 |                        PX RECEIVE                       |                    |   334K|    23M|       |  2056   (1)| 00:00:01 |  Q1,36 | PCWP |            |
| 264 |                         PX SEND BROADCAST               | :TQ10023           |   334K|    23M|       |  2056   (1)| 00:00:01 |  Q1,23 | P->P | BROADCAST  |
| 265 |                          VIEW                           | VW_SQ_16           |   334K|    23M|       |  2056   (1)| 00:00:01 |  Q1,23 | PCWP |            |
| 266 |                           HASH GROUP BY                 |                    |   334K|    10M|    13M|  2056   (1)| 00:00:01 |  Q1,23 | PCWP |            |
| 267 |                            PX RECEIVE                   |                    |   334K|    10M|       |  2056   (1)| 00:00:01 |  Q1,23 | PCWP |            |
| 268 |                             PX SEND HASH                | :TQ10009           |   334K|    10M|       |  2056   (1)| 00:00:01 |  Q1,09 | P->P | HASH       |
| 269 |                              HASH GROUP BY              |                    |   334K|    10M|    13M|  2056   (1)| 00:00:01 |  Q1,09 | PCWP |            |
| 270 |                               PX BLOCK ITERATOR         |                    |   352K|    10M|       |   513   (1)| 00:00:01 |  Q1,09 | PCWC |            |
| 271 |                                INDEX FAST FULL SCAN     | PS_GM_EOPF_DETAIL  |   352K|    10M|       |   513   (1)| 00:00:01 |  Q1,09 | PCWP |            |
|*272 |                       INDEX UNIQUE SCAN                 | PS_GM_EOPF_HEADER  |     1 |       |       |     1   (0)| 00:00:01 |  Q1,36 | PCWP |            |
|*273 |                      TABLE ACCESS BY INDEX ROWID        | PS_GM_EOPF_HEADER  |     1 |    41 |       |     1   (0)| 00:00:01 |  Q1,36 | PCWP |            |
|*274 |                INDEX RANGE SCAN                         | PS_GM_EY_SECTION   |     1 |       |       |     1   (0)| 00:00:01 |  Q1,45 | PCWP |            |
| 275 |               TABLE ACCESS BY INDEX ROWID               | PS_GM_EY_SECTION   |     1 |    13 |       |     2   (0)| 00:00:01 |  Q1,45 | PCWP |            |
| 276 |           NESTED LOOPS                                  |                    |     1 |   114 |       |    12   (0)| 00:00:01 |        |      |            |
| 277 |            NESTED LOOPS                                 |                    |     1 |   101 |       |     9   (0)| 00:00:01 |        |      |            |
| 278 |             NESTED LOOPS                                |                    |     1 |    61 |       |     6   (0)| 00:00:01 |        |      |            |
| 279 |              VIEW                                       | VW_SQ_18           |     1 |    26 |       |     3   (0)| 00:00:01 |        |      |            |
| 280 |               SORT GROUP BY                             |                    |     1 |    16 |       |     3   (0)| 00:00:01 |        |      |            |
|*281 |                INDEX RANGE SCAN                         | PS_GM_EY_TRACKING  |    12 |   192 |       |     3   (0)| 00:00:01 |        |      |            |
| 282 |              TABLE ACCESS BY INDEX ROWID BATCHED        | PS_GM_EOPF_HEADER  |     1 |    35 |       |     3   (0)| 00:00:01 |        |      |            |
|*283 |               INDEX RANGE SCAN                          | IDX$$_AC5240001    |     1 |       |       |     2   (0)| 00:00:01 |        |      |            |
|*284 |             TABLE ACCESS BY INDEX ROWID BATCHED         | PS_GM_EOPF_DETAIL  |     1 |    40 |       |     3   (0)| 00:00:01 |        |      |            |
|*285 |              INDEX RANGE SCAN                           | IDX$$_AC5240007    |     1 |       |       |     2   (0)| 00:00:01 |        |      |            |
|*286 |            VIEW PUSHED PREDICATE                        | VW_SQ_17           |     1 |    13 |       |     3   (0)| 00:00:01 |        |      |            |
|*287 |             FILTER                                      |                    |       |       |       |            |          |        |      |            |
| 288 |              SORT AGGREGATE                             |                    |     1 |    32 |       |            |          |        |      |            |
|*289 |               INDEX RANGE SCAN                          | PS_GM_EOPF_DETAIL  |     1 |    32 |       |     3   (0)| 00:00:01 |        |      |            |
| 290 |          TABLE ACCESS BY INDEX ROWID BATCHED            | PS_GM_EY_SECTION   |     1 |    13 |       |     4   (0)| 00:00:01 |  Q1,47 | PCWP |            |
|*291 |           INDEX RANGE SCAN                              | IDX$$_AC5240005    |     1 |       |       |     3   (0)| 00:00:01 |  Q1,47 | PCWP |            |
|*292 |          FILTER                                         |                    |       |       |       |            |          |  Q1,47 | PCWP |            |
| 293 |           PX RECEIVE                                    |                    |     3 |   582 |       |  7772   (2)| 00:00:01 |  Q1,47 | PCWP |            |
| 294 |            PX SEND HASH                                 | :TQ10046           |     3 |   582 |       |  7772   (2)| 00:00:01 |  Q1,46 | P->P | HASH       |
| 295 |             BUFFER SORT                                 |                    |   261 | 64728 |       |            |          |  Q1,46 | PCWP |            |
| 296 |              NESTED LOOPS                               |                    |     3 |   582 |       |  7772   (2)| 00:00:01 |  Q1,46 | PCWP |            |
| 297 |               NESTED LOOPS                              |                    |     3 |   582 |       |  7772   (2)| 00:00:01 |  Q1,46 | PCWP |            |
|*298 |                HASH JOIN OUTER                          |                    |     3 |   543 |       |  7767   (2)| 00:00:01 |  Q1,46 | PCWP |            |
| 299 |                 PX RECEIVE                              |                    |     3 |   369 |       |  3258   (3)| 00:00:01 |  Q1,46 | PCWP |            |
| 300 |                  PX SEND HASH                           | :TQ10037           |     3 |   369 |       |  3258   (3)| 00:00:01 |  Q1,37 | P->P | HASH       |
| 301 |                   NESTED LOOPS                          |                    |     3 |   369 |       |  3258   (3)| 00:00:01 |  Q1,37 | PCWP |            |
| 302 |                    NESTED LOOPS                         |                    |  1066 |   369 |       |  3258   (3)| 00:00:01 |  Q1,37 | PCWP |            |
|*303 |                     HASH JOIN RIGHT SEMI                |                    |    82 |  6478 |       |  2873   (3)| 00:00:01 |  Q1,37 | PCWP |            |
| 304 |                      PX RECEIVE                         |                    | 56978 |  2281K|       |  1904   (5)| 00:00:01 |  Q1,37 | PCWP |            |
| 305 |                       PX SEND BROADCAST                 | :TQ10024           | 56978 |  2281K|       |  1904   (5)| 00:00:01 |  Q1,24 | P->P | BROADCAST  |
| 306 |                        VIEW                             | VW_SQ_23           | 56978 |  2281K|       |  1904   (5)| 00:00:01 |  Q1,24 | PCWP |            |
| 307 |                         HASH GROUP BY                   |                    | 56978 |  1112K|    28M|  1904   (5)| 00:00:01 |  Q1,24 | PCWP |            |
| 308 |                          PX RECEIVE                     |                    | 56978 |  1112K|       |  1904   (5)| 00:00:01 |  Q1,24 | PCWP |            |
| 309 |                           PX SEND HASH                  | :TQ10010           | 56978 |  1112K|       |  1904   (5)| 00:00:01 |  Q1,10 | P->P | HASH       |
| 310 |                            HASH GROUP BY                |                    | 56978 |  1112K|    28M|  1904   (5)| 00:00:01 |  Q1,10 | PCWP |            |
| 311 |                             PX BLOCK ITERATOR           |                    |   929K|    17M|       |   669   (9)| 00:00:01 |  Q1,10 | PCWC |            |
|*312 |                              INDEX FAST FULL SCAN       | PS_NAMES           |   929K|    17M|       |   669   (9)| 00:00:01 |  Q1,10 | PCWP |            |
| 313 |                      PX BLOCK ITERATOR                  |                    |   929K|    33M|       |   967   (1)| 00:00:01 |  Q1,37 | PCWC |            |
|*314 |                       INDEX FAST FULL SCAN              | PS0NAMES           |   929K|    33M|       |   967   (1)| 00:00:01 |  Q1,37 | PCWP |            |
|*315 |                     INDEX RANGE SCAN                    | PS0GM_EY_MAIN      |    13 |       |       |     1   (0)| 00:00:01 |  Q1,37 | PCWP |            |
|*316 |                    TABLE ACCESS BY INDEX ROWID          | PS_GM_EY_MAIN      |     1 |    44 |       |     8   (0)| 00:00:01 |  Q1,37 | PCWP |            |
| 317 |                 PX RECEIVE                              |                    |     1 |    58 |       |  4509   (1)| 00:00:01 |  Q1,46 | PCWP |            |
| 318 |                  PX SEND HASH                           | :TQ10038           |     1 |    58 |       |  4509   (1)| 00:00:01 |  Q1,38 | P->P | HASH       |
| 319 |                   BUFFER SORT                           |                    |   261 | 64728 |       |            |          |  Q1,38 | PCWP |            |
| 320 |                    VIEW                                 | PS_GM_EOPF_H_D_VW  |     1 |    58 |       |  4509   (1)| 00:00:01 |  Q1,38 | PCWP |            |
| 321 |                     NESTED LOOPS                        |                    |     1 |   157 |       |  4509   (1)| 00:00:01 |  Q1,38 | PCWP |            |
| 322 |                      NESTED LOOPS                       |                    |     1 |   157 |       |  4509   (1)| 00:00:01 |  Q1,38 | PCWP |            |
|*323 |                       HASH JOIN SEMI                    |                    |     1 |   116 |       |  4508   (1)| 00:00:01 |  Q1,38 | PCWP |            |
| 324 |                        PX BLOCK ITERATOR                |                    |   352K|    13M|       |  2450   (1)| 00:00:01 |  Q1,38 | PCWC |            |
| 325 |                         TABLE ACCESS FULL               | PS_GM_EOPF_DETAIL  |   352K|    13M|       |  2450   (1)| 00:00:01 |  Q1,38 | PCWP |            |
| 326 |                        PX RECEIVE                       |                    |   334K|    23M|       |  2056   (1)| 00:00:01 |  Q1,38 | PCWP |            |
| 327 |                         PX SEND BROADCAST               | :TQ10025           |   334K|    23M|       |  2056   (1)| 00:00:01 |  Q1,25 | P->P | BROADCAST  |
| 328 |                          VIEW                           | VW_SQ_20           |   334K|    23M|       |  2056   (1)| 00:00:01 |  Q1,25 | PCWP |            |
| 329 |                           HASH GROUP BY                 |                    |   334K|    10M|    13M|  2056   (1)| 00:00:01 |  Q1,25 | PCWP |            |
| 330 |                            PX RECEIVE                   |                    |   334K|    10M|       |  2056   (1)| 00:00:01 |  Q1,25 | PCWP |            |
| 331 |                             PX SEND HASH                | :TQ10011           |   334K|    10M|       |  2056   (1)| 00:00:01 |  Q1,11 | P->P | HASH       |
| 332 |                              HASH GROUP BY              |                    |   334K|    10M|    13M|  2056   (1)| 00:00:01 |  Q1,11 | PCWP |            |
| 333 |                               PX BLOCK ITERATOR         |                    |   352K|    10M|       |   513   (1)| 00:00:01 |  Q1,11 | PCWC |            |
| 334 |                                INDEX FAST FULL SCAN     | PS_GM_EOPF_DETAIL  |   352K|    10M|       |   513   (1)| 00:00:01 |  Q1,11 | PCWP |            |
|*335 |                       INDEX UNIQUE SCAN                 | PS_GM_EOPF_HEADER  |     1 |       |       |     1   (0)| 00:00:01 |  Q1,38 | PCWP |            |
|*336 |                      TABLE ACCESS BY INDEX ROWID        | PS_GM_EOPF_HEADER  |     1 |    41 |       |     1   (0)| 00:00:01 |  Q1,38 | PCWP |            |
|*337 |                INDEX RANGE SCAN                         | PS_GM_EY_SECTION   |     1 |       |       |     1   (0)| 00:00:01 |  Q1,46 | PCWP |            |
| 338 |               TABLE ACCESS BY INDEX ROWID               | PS_GM_EY_SECTION   |     1 |    13 |       |     2   (0)| 00:00:01 |  Q1,46 | PCWP |            |
| 339 |           NESTED LOOPS                                  |                    |     1 |   114 |       |    12   (0)| 00:00:01 |        |      |            |
| 340 |            NESTED LOOPS                                 |                    |     1 |   101 |       |     9   (0)| 00:00:01 |        |      |            |
| 341 |             NESTED LOOPS                                |                    |     1 |    61 |       |     6   (0)| 00:00:01 |        |      |            |
| 342 |              VIEW                                       | VW_SQ_22           |     1 |    26 |       |     3   (0)| 00:00:01 |        |      |            |
| 343 |               SORT GROUP BY                             |                    |     1 |    16 |       |     3   (0)| 00:00:01 |        |      |            |
|*344 |                INDEX RANGE SCAN                         | PS_GM_EY_TRACKING  |    12 |   192 |       |     3   (0)| 00:00:01 |        |      |            |
| 345 |              TABLE ACCESS BY INDEX ROWID BATCHED        | PS_GM_EOPF_HEADER  |     1 |    35 |       |     3   (0)| 00:00:01 |        |      |            |
|*346 |               INDEX RANGE SCAN                          | IDX$$_AC5240001    |     1 |       |       |     2   (0)| 00:00:01 |        |      |            |
|*347 |             TABLE ACCESS BY INDEX ROWID BATCHED         | PS_GM_EOPF_DETAIL  |     1 |    40 |       |     2   (0)| 00:00:01 |        |      |            |
|*348 |              INDEX RANGE SCAN                           | PS_GM_EOPF_DETAIL  |     1 |       |       |     1   (0)| 00:00:01 |        |      |            |
|*349 |            VIEW PUSHED PREDICATE                        | VW_SQ_21           |     1 |    13 |       |     3   (0)| 00:00:01 |        |      |            |
|*350 |             FILTER                                      |                    |       |       |       |            |          |        |      |            |
| 351 |              SORT AGGREGATE                             |                    |     1 |    32 |       |            |          |        |      |            |
|*352 |               INDEX RANGE SCAN                          | PS_GM_EOPF_DETAIL  |     1 |    32 |       |     3   (0)| 00:00:01 |        |      |            |
-------------------------------------------------------------------------------------------------------------------------------------------------------------------
 
Query Block Name / Object Alias (identified by operation id):
-------------------------------------------------------------
 
   1 - SEL$1       
   3 - SET$1        / PS_GM_EY_EOPFQLFYV@SEL$1
   4 - SET$1       
   9 - SEL$C2C0C3BB
  14 - SEL$54218ACE / VW_NSO_4@SEL$76E18DF5
  15 - SEL$54218ACE
  19 - SEL$54218ACE / EOD@SEL$7
  22 - SEL$3512B053 / VW_SQ_2@SEL$23A33D4B
  23 - SEL$3512B053
  28 - SEL$3512B053 / EOD1@SEL$8
  29 - SEL$54218ACE / EOH@SEL$7
  30 - SEL$08194324 / VW_SQ_3@SEL$92C6EDD7
  31 - SEL$08194324
  33 - SEL$08194324 / T1@SEL$9
  41 - SEL$0CEE953B / X@SEL$2
  42 - SEL$0CEE953B
  46 - SEL$0CEE953B / D@SEL$3
  49 - SEL$8F9407EC / VW_SQ_1@SEL$2F12090E
  50 - SEL$8F9407EC
  55 - SEL$8F9407EC / D1@SEL$4
  56 - SEL$0CEE953B / H@SEL$3
  57 - SEL$0CEE953B / H@SEL$3
  70 - SEL$CE1D94FA / VW_SQ_5@SEL$76E18DF5
  71 - SEL$CE1D94FA
  76 - SEL$CE1D94FA / B@SEL$6
  78 - SEL$C2C0C3BB / A@SEL$5
  81 - SEL$C2C0C3BB / R@SEL$2
  86 - SEL$C2C0C3BB / R@SEL$2
  87 - SEL$C2C0C3BB / Y@SEL$2
  88 - SEL$C2C0C3BB / Y@SEL$2
  89 - SEL$0EFE93E2
  94 - SEL$D069178F / VW_NSO_9@SEL$45C01FEC
  95 - SEL$D069178F
  99 - SEL$D069178F / EOD@SEL$15
 102 - SEL$F42BAC74 / VW_SQ_7@SEL$1F1F502B
 103 - SEL$F42BAC74
 108 - SEL$F42BAC74 / EOD1@SEL$16
 109 - SEL$D069178F / EOH@SEL$15
 110 - SEL$BEFB988E / VW_SQ_8@SEL$A88D7EA9
 111 - SEL$BEFB988E
 113 - SEL$BEFB988E / T1@SEL$17
 121 - SEL$E6A22765 / X@SEL$10
 122 - SEL$E6A22765
 126 - SEL$E6A22765 / D@SEL$11
 129 - SEL$32487103 / VW_SQ_6@SEL$ACC926E7
 130 - SEL$32487103
 135 - SEL$32487103 / D1@SEL$12
 136 - SEL$E6A22765 / H@SEL$11
 137 - SEL$E6A22765 / H@SEL$11
 146 - SEL$AD4650EE / VW_SQ_10@SEL$45C01FEC
 147 - SEL$AD4650EE
 152 - SEL$AD4650EE / B@SEL$14
 154 - SEL$0EFE93E2 / A@SEL$13
 155 - SEL$0EFE93E2 / R@SEL$10
 156 - SEL$0EFE93E2 / R@SEL$10
 157 - SEL$0EFE93E2 / Y@SEL$10
 158 - SEL$0EFE93E2 / Y@SEL$10
 159 - SEL$76E9B815
 173 - SEL$8D62E341 / VW_SQ_15@SEL$45BA535B
 174 - SEL$8D62E341
 179 - SEL$8D62E341 / B@SEL$22
 181 - SEL$76E9B815 / A@SEL$21
 182 - SEL$76E9B815 / R@SEL$18
 183 - SEL$76E9B815 / R@SEL$18
 187 - SEL$2FE1CE8E / X@SEL$18
 188 - SEL$2FE1CE8E
 192 - SEL$2FE1CE8E / D@SEL$19
 195 - SEL$A5A27A5E / VW_SQ_11@SEL$ABE7439A
 196 - SEL$A5A27A5E
 201 - SEL$A5A27A5E / D1@SEL$20
 202 - SEL$2FE1CE8E / H@SEL$19
 203 - SEL$2FE1CE8E / H@SEL$19
 204 - SEL$76E9B815 / Y@SEL$18
 205 - SEL$76E9B815 / Y@SEL$18
 209 - SEL$4BDAC454 / VW_NSO_14@SEL$45BA535B
 210 - SEL$4BDAC454
 214 - SEL$4BDAC454 / EOD@SEL$23
 217 - SEL$224F4316 / VW_SQ_12@SEL$BF048A0E
 218 - SEL$224F4316
 223 - SEL$224F4316 / EOD1@SEL$24
 224 - SEL$4BDAC454 / EOH@SEL$23
 225 - SEL$B8BB9694 / VW_SQ_13@SEL$26CD1B70
 226 - SEL$B8BB9694
 228 - SEL$B8BB9694 / T1@SEL$25
 229 - SEL$6EEDCEC9
 243 - SEL$0716AA8A / VW_SQ_19@SEL$37259D26
 244 - SEL$0716AA8A
 249 - SEL$0716AA8A / B@SEL$30
 251 - SEL$6EEDCEC9 / A@SEL$29
 252 - SEL$6EEDCEC9 / R@SEL$26
 253 - SEL$6EEDCEC9 / R@SEL$26
 257 - SEL$8B57B9B5 / X@SEL$26
 258 - SEL$8B57B9B5
 262 - SEL$8B57B9B5 / D@SEL$27
 265 - SEL$388B6510 / VW_SQ_16@SEL$CEA746A7
 266 - SEL$388B6510
 271 - SEL$388B6510 / D1@SEL$28
 272 - SEL$8B57B9B5 / H@SEL$27
 273 - SEL$8B57B9B5 / H@SEL$27
 274 - SEL$6EEDCEC9 / Y@SEL$26
 275 - SEL$6EEDCEC9 / Y@SEL$26
 276 - SEL$1846BB60
 279 - SEL$397A3B9A / VW_SQ_18@SEL$B293E677
 280 - SEL$397A3B9A
 281 - SEL$397A3B9A / T1@SEL$33
 282 - SEL$1846BB60 / EOH@SEL$31
 283 - SEL$1846BB60 / EOH@SEL$31
 284 - SEL$1846BB60 / EOD@SEL$31
 285 - SEL$1846BB60 / EOD@SEL$31
 286 - SEL$984848D6 / VW_SQ_17@SEL$922565F1
 287 - SEL$984848D6
 289 - SEL$984848D6 / EOD1@SEL$32
 290 - SEL$35       / XX@SEL$35
 291 - SEL$35       / XX@SEL$35
 292 - SEL$5B6E65D5
 306 - SEL$CB2504CB / VW_SQ_23@SEL$805D0274
 307 - SEL$CB2504CB
 312 - SEL$CB2504CB / B@SEL$39
 314 - SEL$5B6E65D5 / A@SEL$38
 315 - SEL$5B6E65D5 / R@SEL$34
 316 - SEL$5B6E65D5 / R@SEL$34
 320 - SEL$7DA3F960 / X@SEL$34
 321 - SEL$7DA3F960
 325 - SEL$7DA3F960 / D@SEL$36
 328 - SEL$ECB20165 / VW_SQ_20@SEL$412B809B
 329 - SEL$ECB20165
 334 - SEL$ECB20165 / D1@SEL$37
 335 - SEL$7DA3F960 / H@SEL$36
 336 - SEL$7DA3F960 / H@SEL$36
 337 - SEL$5B6E65D5 / Y@SEL$34
 338 - SEL$5B6E65D5 / Y@SEL$34
 339 - SEL$B63508D4
 342 - SEL$48C21128 / VW_SQ_22@SEL$E7928014
 343 - SEL$48C21128
 344 - SEL$48C21128 / T1@SEL$42
 345 - SEL$B63508D4 / EOH@SEL$40
 346 - SEL$B63508D4 / EOH@SEL$40
 347 - SEL$B63508D4 / EOD@SEL$40
 348 - SEL$B63508D4 / EOD@SEL$40
 349 - SEL$943B58AF / VW_SQ_21@SEL$122D1D78
 350 - SEL$943B58AF
 352 - SEL$943B58AF / EOD1@SEL$41
 
Predicate Information (identified by operation id):
---------------------------------------------------
 
   9 - access("R"."GM_EY_APPRAISAL_ID"="GM_EY_APPRAISAL_ID")
  17 - access("EOD"."SEQNUM"="MAX(EOD1.SEQNUM)" AND "ITEM_2"="EOD"."RUN_CNTL_ID")
  19 - filter("EOD"."RUN_STATUS_CD"='C' OR "EOD"."RUN_STATUS_CD"='I' OR "EOD"."RUN_STATUS_CD"='N')
  29 - access("EOH"."GM_EOPF_SOURCE"='E' AND "EOH"."RUN_CNTL_ID"="EOD"."RUN_CNTL_ID")
  30 - filter("EOD"."RUN_DTTM">"MAX(T1.DATETIME_STAMP)")
  31 - filter(COUNT(*)>0)
  33 - access("T1"."GM_EY_APPRAISAL_ID"="EOH"."GM_EY_APPRAISAL_ID")
  36 - access("X"."EMPLID"(+)="R"."EMPLID" AND "X"."GM_EY_APPRAISAL_ID"(+)="R"."GM_EY_APPRAISAL_ID")
  44 - access("D"."SEQNUM"="MAX(D1.SEQNUM)" AND "ITEM_1"="D"."RUN_CNTL_ID")
  56 - access("H"."RUN_CNTL_ID"="D"."RUN_CNTL_ID")
  57 - filter("H"."GM_EOPF_SOURCE"='E')
  63 - access("R"."EMPLID"="A"."EMPLID")
  67 - access(SYS_OP_UNDESCEND(SYS_OP_DESCEND("EFFDT"))="MAX(B.EFFDT)" AND SYS_OP_DESCEND("EFFDT")=SYS_OP_DESCEND("MAX(B.EFFDT)") AND 
              "ITEM_4"="A"."EMPLID" AND "ITEM_5"="A"."NAME_TYPE")
  76 - filter("B"."NAME_TYPE"='PRI' AND SYS_OP_UNDESCEND(SYS_OP_DESCEND("EFFDT"))<=TO_DATE(TO_CHAR(SYSDATE@!,'YYYY-MM-DD'),'YYYY-MM-DD'))
  78 - filter("A"."NAME_TYPE"='PRI')
  86 - access("R"."GM_EY_REVIEWSTATUS"='PYEA' AND "R"."GM_EY_TEMPLATE_ID" LIKE 'DS-7644%')
       filter("R"."GM_EY_TEMPLATE_ID" LIKE 'DS-7644%')
  87 - access("Y"."GM_EY_APPRAISAL_ID"="R"."GM_EY_APPRAISAL_ID" AND "Y"."GM_EY_SECTION_TYPE"='C118')
       filter("Y"."GM_EY_SECTION_TYPE"='C118')
  89 - access("R"."GM_EY_APPRAISAL_ID"="GM_EY_APPRAISAL_ID")
  97 - access("EOD"."SEQNUM"="MAX(EOD1.SEQNUM)" AND "ITEM_7"="EOD"."RUN_CNTL_ID")
  99 - filter("EOD"."RUN_STATUS_CD"='C' OR "EOD"."RUN_STATUS_CD"='I' OR "EOD"."RUN_STATUS_CD"='N')
 109 - access("EOH"."GM_EOPF_SOURCE"='E' AND "EOH"."RUN_CNTL_ID"="EOD"."RUN_CNTL_ID")
 110 - filter("EOD"."RUN_DTTM">"MAX(T1.DATETIME_STAMP)")
 111 - filter(COUNT(*)>0)
 113 - access("T1"."GM_EY_APPRAISAL_ID"="EOH"."GM_EY_APPRAISAL_ID")
 116 - access("X"."EMPLID"(+)="R"."EMPLID" AND "X"."GM_EY_APPRAISAL_ID"(+)="R"."GM_EY_APPRAISAL_ID")
 124 - access("D"."SEQNUM"="MAX(D1.SEQNUM)" AND "ITEM_6"="D"."RUN_CNTL_ID")
 136 - access("H"."RUN_CNTL_ID"="D"."RUN_CNTL_ID")
 137 - filter("H"."GM_EOPF_SOURCE"='E')
 143 - access(SYS_OP_UNDESCEND(SYS_OP_DESCEND("EFFDT"))="MAX(B.EFFDT)" AND SYS_OP_DESCEND("EFFDT")=SYS_OP_DESCEND("MAX(B.EFFDT)") AND 
              "ITEM_9"="A"."EMPLID" AND "ITEM_10"="A"."NAME_TYPE")
 152 - filter("B"."NAME_TYPE"='PRI' AND SYS_OP_UNDESCEND(SYS_OP_DESCEND("EFFDT"))<=TO_DATE(TO_CHAR(SYSDATE@!,'YYYY-MM-DD'),'YYYY-MM-DD'))
 154 - filter("A"."NAME_TYPE"='PRI')
 155 - filter("R"."GM_EY_REVIEWSTATUS"='PYEA' AND "R"."GM_EY_TEMPLATE_ID"='DS-5055')
 156 - access("R"."EMPLID"="A"."EMPLID")
 157 - access("Y"."GM_EY_APPRAISAL_ID"="R"."GM_EY_APPRAISAL_ID" AND "Y"."GM_EY_SECTION_TYPE"='FS109')
       filter("Y"."GM_EY_SECTION_TYPE"='FS109')
 159 - access("R"."GM_EY_APPRAISAL_ID"="GM_EY_APPRAISAL_ID")
 165 - access("X"."EMPLID"(+)="R"."EMPLID" AND "X"."GM_EY_APPRAISAL_ID"(+)="R"."GM_EY_APPRAISAL_ID")
 170 - access(SYS_OP_UNDESCEND(SYS_OP_DESCEND("EFFDT"))="MAX(B.EFFDT)" AND SYS_OP_DESCEND("EFFDT")=SYS_OP_DESCEND("MAX(B.EFFDT)") AND 
              "ITEM_14"="A"."EMPLID" AND "ITEM_15"="A"."NAME_TYPE")
 179 - filter("B"."NAME_TYPE"='PRI' AND SYS_OP_UNDESCEND(SYS_OP_DESCEND("EFFDT"))<=TO_DATE(TO_CHAR(SYSDATE@!,'YYYY-MM-DD'),'YYYY-MM-DD'))
 181 - filter("A"."NAME_TYPE"='PRI')
 182 - access("R"."EMPLID"="A"."EMPLID")
 183 - filter("R"."GM_EY_REVIEWSTATUS"='PYEA' AND "R"."GM_EY_TEMPLATE_ID"='DS-1829')
 190 - access("D"."SEQNUM"="MAX(D1.SEQNUM)" AND "ITEM_11"="D"."RUN_CNTL_ID")
 202 - access("H"."RUN_CNTL_ID"="D"."RUN_CNTL_ID")
 203 - filter("H"."GM_EOPF_SOURCE"='E')
 204 - access("Y"."GM_EY_APPRAISAL_ID"="R"."GM_EY_APPRAISAL_ID" AND "Y"."GM_EY_SECTION_TYPE"='FS109')
       filter("Y"."GM_EY_SECTION_TYPE"='FS109')
 212 - access("EOD"."SEQNUM"="MAX(EOD1.SEQNUM)" AND "ITEM_12"="EOD"."RUN_CNTL_ID")
 214 - filter("EOD"."RUN_STATUS_CD"='C' OR "EOD"."RUN_STATUS_CD"='I' OR "EOD"."RUN_STATUS_CD"='N')
 224 - access("EOH"."GM_EOPF_SOURCE"='E' AND "EOH"."RUN_CNTL_ID"="EOD"."RUN_CNTL_ID")
 225 - filter("EOD"."RUN_DTTM">"MAX(T1.DATETIME_STAMP)")
 226 - filter(COUNT(*)>0)
 228 - access("T1"."GM_EY_APPRAISAL_ID"="EOH"."GM_EY_APPRAISAL_ID")
 229 - filter( NOT EXISTS (SELECT /*+ OPT_ESTIMATE (@"SEL$31" JOIN ("EOD"@"SEL$31" "EOH"@"SEL$31") SCALE_ROWS=278130.913900 ) OPT_ESTIMATE (@"SEL$31" 
              TABLE "EOH"@"SEL$31" SCALE_ROWS=2.181046 ) */ 0 FROM "SYSADM"."PS_GM_EOPF_DETAIL" "EOD","SYSADM"."PS_GM_EOPF_HEADER" "EOH", (SELECT MAX("EOD1"."SEQNUM") 
              "MAX(EOD1.SEQNUM)" FROM "SYSADM"."PS_GM_EOPF_DETAIL" "EOD1" WHERE "EOD1"."RUN_CNTL_ID"="EOD"."RUN_CNTL_ID" HAVING COUNT(*)>0) "VW_SQ_17", (SELECT 
              MAX("T1"."DATETIME_STAMP") "MAX(T1.DATETIME_STAMP)","T1"."GM_EY_APPRAISAL_ID" "ITEM_18" FROM "SYSADM"."PS_GM_EY_TRACKING" "T1" WHERE 
              "T1"."GM_EY_APPRAISAL_ID"=:B1 GROUP BY "T1"."GM_EY_APPRAISAL_ID") "VW_SQ_18" WHERE "EOD"."SEQNUM"="MAX(EOD1.SEQNUM)" AND "EOH"."GM_EOPF_SOURCE"='E' AND 
              "ITEM_18"="EOH"."GM_EY_APPRAISAL_ID" AND "EOH"."GM_EY_APPRAISAL_ID"=:B2 AND "EOH"."RUN_CNTL_ID"="EOD"."RUN_CNTL_ID" AND 
              "EOD"."RUN_DTTM">"MAX(T1.DATETIME_STAMP)" AND ("EOD"."RUN_STATUS_CD"='C' OR "EOD"."RUN_STATUS_CD"='I' OR "EOD"."RUN_STATUS_CD"='N')))
 235 - access("X"."EMPLID"(+)="R"."EMPLID" AND "X"."GM_EY_APPRAISAL_ID"(+)="R"."GM_EY_APPRAISAL_ID")
 240 - access(SYS_OP_UNDESCEND(SYS_OP_DESCEND("EFFDT"))="MAX(B.EFFDT)" AND SYS_OP_DESCEND("EFFDT")=SYS_OP_DESCEND("MAX(B.EFFDT)") AND 
              "ITEM_19"="A"."EMPLID" AND "ITEM_20"="A"."NAME_TYPE")
 249 - filter("B"."NAME_TYPE"='PRI' AND SYS_OP_UNDESCEND(SYS_OP_DESCEND("EFFDT"))<=TO_DATE(TO_CHAR(SYSDATE@!,'YYYY-MM-DD'),'YYYY-MM-DD'))
 251 - filter("A"."NAME_TYPE"='PRI')
 252 - access("R"."EMPLID"="A"."EMPLID")
 253 - filter("R"."GM_EY_REVIEWSTATUS"='PYEA' AND "R"."GM_EY_TEMPLATE_ID"='DS-1811')
 260 - access("D"."SEQNUM"="MAX(D1.SEQNUM)" AND "ITEM_16"="D"."RUN_CNTL_ID")
 272 - access("H"."RUN_CNTL_ID"="D"."RUN_CNTL_ID")
 273 - filter("H"."GM_EOPF_SOURCE"='E')
 274 - access("Y"."GM_EY_APPRAISAL_ID"="R"."GM_EY_APPRAISAL_ID" AND "Y"."GM_EY_SECTION_TYPE"='S102')
       filter("Y"."GM_EY_SECTION_TYPE"='S102')
 281 - access("T1"."GM_EY_APPRAISAL_ID"=:B1)
 283 - access("ITEM_18"="EOH"."GM_EY_APPRAISAL_ID" AND "EOH"."GM_EOPF_SOURCE"='E')
       filter("EOH"."GM_EY_APPRAISAL_ID"=:B1)
 284 - filter("EOD"."RUN_DTTM">"MAX(T1.DATETIME_STAMP)" AND ("EOD"."RUN_STATUS_CD"='C' OR "EOD"."RUN_STATUS_CD"='I' OR "EOD"."RUN_STATUS_CD"='N'))
 285 - access("EOH"."RUN_CNTL_ID"="EOD"."RUN_CNTL_ID")
 286 - filter("EOD"."SEQNUM"="MAX(EOD1.SEQNUM)")
 287 - filter(COUNT(*)>0)
 289 - access("EOD1"."RUN_CNTL_ID"="EOD"."RUN_CNTL_ID")
 291 - access("XX"."GM_EY_APPRAISAL_ID"=:B1 AND "XX"."GM_EY_SECTION_TYPE"='S102')
 292 - filter( NOT EXISTS (SELECT /*+ OPT_ESTIMATE (@"SEL$40" JOIN ("EOD"@"SEL$40" "EOH"@"SEL$40") SCALE_ROWS=278130.913900 ) OPT_ESTIMATE (@"SEL$40" 
              TABLE "EOH"@"SEL$40" SCALE_ROWS=2.181046 ) */ 0 FROM "SYSADM"."PS_GM_EOPF_DETAIL" "EOD","SYSADM"."PS_GM_EOPF_HEADER" "EOH", (SELECT MAX("EOD1"."SEQNUM") 
              "MAX(EOD1.SEQNUM)" FROM "SYSADM"."PS_GM_EOPF_DETAIL" "EOD1" WHERE "EOD1"."RUN_CNTL_ID"="EOD"."RUN_CNTL_ID" HAVING COUNT(*)>0) "VW_SQ_21", (SELECT 
              MAX("T1"."DATETIME_STAMP") "MAX(T1.DATETIME_STAMP)","T1"."GM_EY_APPRAISAL_ID" "ITEM_23" FROM "SYSADM"."PS_GM_EY_TRACKING" "T1" WHERE 
              "T1"."GM_EY_APPRAISAL_ID"=:B1 GROUP BY "T1"."GM_EY_APPRAISAL_ID") "VW_SQ_22" WHERE "EOD"."SEQNUM"="MAX(EOD1.SEQNUM)" AND "EOH"."GM_EOPF_SOURCE"='E' AND 
              "ITEM_23"="EOH"."GM_EY_APPRAISAL_ID" AND "EOH"."GM_EY_APPRAISAL_ID"=:B2 AND "EOH"."RUN_CNTL_ID"="EOD"."RUN_CNTL_ID" AND 
              "EOD"."RUN_DTTM">"MAX(T1.DATETIME_STAMP)" AND ("EOD"."RUN_STATUS_CD"='C' OR "EOD"."RUN_STATUS_CD"='I' OR "EOD"."RUN_STATUS_CD"='N')))
 298 - access("X"."EMPLID"(+)="R"."EMPLID" AND "X"."GM_EY_APPRAISAL_ID"(+)="R"."GM_EY_APPRAISAL_ID")
 303 - access(SYS_OP_UNDESCEND(SYS_OP_DESCEND("EFFDT"))="MAX(B.EFFDT)" AND SYS_OP_DESCEND("EFFDT")=SYS_OP_DESCEND("MAX(B.EFFDT)") AND 
              "ITEM_24"="A"."EMPLID" AND "ITEM_25"="A"."NAME_TYPE")
 312 - filter("B"."NAME_TYPE"='PRI' AND SYS_OP_UNDESCEND(SYS_OP_DESCEND("EFFDT"))<=TO_DATE(TO_CHAR(SYSDATE@!,'YYYY-MM-DD'),'YYYY-MM-DD'))
 314 - filter("A"."NAME_TYPE"='PRI')
 315 - access("R"."EMPLID"="A"."EMPLID")
 316 - filter("R"."GM_EY_REVIEWSTATUS"='PYEA' AND "R"."GM_EY_TEMPLATE_ID"='DS-5121')
 323 - access("D"."SEQNUM"="MAX(D1.SEQNUM)" AND "ITEM_21"="D"."RUN_CNTL_ID")
 335 - access("H"."RUN_CNTL_ID"="D"."RUN_CNTL_ID")
 336 - filter("H"."GM_EOPF_SOURCE"='E')
 337 - access("Y"."GM_EY_APPRAISAL_ID"="R"."GM_EY_APPRAISAL_ID" AND "Y"."GM_EY_SECTION_TYPE"='S130')
       filter("Y"."GM_EY_SECTION_TYPE"='S130')
 344 - access("T1"."GM_EY_APPRAISAL_ID"=:B1)
 346 - access("ITEM_23"="EOH"."GM_EY_APPRAISAL_ID" AND "EOH"."GM_EOPF_SOURCE"='E')
       filter("EOH"."GM_EY_APPRAISAL_ID"=:B1)
 347 - filter("EOD"."RUN_DTTM">"MAX(T1.DATETIME_STAMP)" AND ("EOD"."RUN_STATUS_CD"='C' OR "EOD"."RUN_STATUS_CD"='I' OR "EOD"."RUN_STATUS_CD"='N'))
 348 - access("EOH"."RUN_CNTL_ID"="EOD"."RUN_CNTL_ID")
 349 - filter("EOD"."SEQNUM"="MAX(EOD1.SEQNUM)")
 350 - filter(COUNT(*)>0)
 352 - access("EOD1"."RUN_CNTL_ID"="EOD"."RUN_CNTL_ID")
 
Column Projection Information (identified by operation id):
-----------------------------------------------------------
 
   1 - "PS_GM_EY_EOPFQLFYV"."GM_EY_APPRAISAL_ID"[NUMBER,22], "PS_GM_EY_EOPFQLFYV"."EMPLID"[VARCHAR2,44], "PS_GM_EY_EOPFQLFYV"."EMPL_RCD"[NUMBER,22], 
       "PS_GM_EY_EOPFQLFYV"."NAME"[VARCHAR2,200], "PS_GM_EY_EOPFQLFYV"."GM_EY_REVIEWSTATUS"[VARCHAR2,16], "PS_GM_EY_EOPFQLFYV"."DATETIME_STAMP"[VARCHAR2,0], 
       "PS_GM_EY_EOPFQLFYV"."GM_EY_REVIEW_TYPE"[VARCHAR2,32], "PS_GM_EY_EOPFQLFYV"."GM_EY_TEMPLATE_ID"[VARCHAR2,32], 
       "PS_GM_EY_EOPFQLFYV"."PERIOD_BEGIN_DT"[DATE,7], "PS_GM_EY_EOPFQLFYV"."PERIOD_END_DT"[DATE,7], "PS_GM_EY_EOPFQLFYV"."GM_EOPF_STATUS"[VARCHAR2,4], 
       "PS_GM_EY_EOPFQLFYV"."RUN_STATUS_CD"[VARCHAR2,4], "PS_GM_EY_EOPFQLFYV"."RUN_DTTM"[TIMESTAMP,11], "PS_GM_EY_EOPFQLFYV"."REVIEW_RATING"[VARCHAR2,4], 
       "PS_GM_EY_EOPFQLFYV"."DESCR10"[VARCHAR2,7]
   2 - (#keys=0) "PS_GM_EY_EOPFQLFYV"."GM_EY_APPRAISAL_ID"[NUMBER,22], "PS_GM_EY_EOPFQLFYV"."EMPLID"[VARCHAR2,44], 
       "PS_GM_EY_EOPFQLFYV"."EMPL_RCD"[NUMBER,22], "PS_GM_EY_EOPFQLFYV"."NAME"[VARCHAR2,200], "PS_GM_EY_EOPFQLFYV"."GM_EY_REVIEWSTATUS"[VARCHAR2,16], 
       "PS_GM_EY_EOPFQLFYV"."DATETIME_STAMP"[VARCHAR2,0], "PS_GM_EY_EOPFQLFYV"."GM_EY_REVIEW_TYPE"[VARCHAR2,32], 
       "PS_GM_EY_EOPFQLFYV"."GM_EY_TEMPLATE_ID"[VARCHAR2,32], "PS_GM_EY_EOPFQLFYV"."PERIOD_BEGIN_DT"[DATE,7], "PS_GM_EY_EOPFQLFYV"."PERIOD_END_DT"[DATE,7], 
       "PS_GM_EY_EOPFQLFYV"."GM_EOPF_STATUS"[VARCHAR2,4], "PS_GM_EY_EOPFQLFYV"."RUN_STATUS_CD"[VARCHAR2,4], "PS_GM_EY_EOPFQLFYV"."RUN_DTTM"[TIMESTAMP,11], 
       "PS_GM_EY_EOPFQLFYV"."REVIEW_RATING"[VARCHAR2,4], "PS_GM_EY_EOPFQLFYV"."DESCR10"[VARCHAR2,7]
   3 - "PS_GM_EY_EOPFQLFYV"."GM_EY_APPRAISAL_ID"[NUMBER,22], "PS_GM_EY_EOPFQLFYV"."EMPLID"[VARCHAR2,44], "PS_GM_EY_EOPFQLFYV"."EMPL_RCD"[NUMBER,22], 
       "PS_GM_EY_EOPFQLFYV"."NAME"[VARCHAR2,200], "PS_GM_EY_EOPFQLFYV"."GM_EY_REVIEWSTATUS"[VARCHAR2,16], "PS_GM_EY_EOPFQLFYV"."DATETIME_STAMP"[VARCHAR2,0], 
       "PS_GM_EY_EOPFQLFYV"."GM_EY_REVIEW_TYPE"[VARCHAR2,32], "PS_GM_EY_EOPFQLFYV"."GM_EY_TEMPLATE_ID"[VARCHAR2,32], 
       "PS_GM_EY_EOPFQLFYV"."PERIOD_BEGIN_DT"[DATE,7], "PS_GM_EY_EOPFQLFYV"."PERIOD_END_DT"[DATE,7], "PS_GM_EY_EOPFQLFYV"."GM_EOPF_STATUS"[VARCHAR2,4], 
       "PS_GM_EY_EOPFQLFYV"."RUN_STATUS_CD"[VARCHAR2,4], "PS_GM_EY_EOPFQLFYV"."RUN_DTTM"[TIMESTAMP,11], "PS_GM_EY_EOPFQLFYV"."REVIEW_RATING"[VARCHAR2,4], 
       "PS_GM_EY_EOPFQLFYV"."DESCR10"[VARCHAR2,7]
   4 - (#keys=15) STRDEF[22], STRDEF[44], STRDEF[22], STRDEF[200], STRDEF[16], STRDEF[0], STRDEF[32], STRDEF[32], STRDEF[7], STRDEF[7], STRDEF[4], 
       STRDEF[4], STRDEF[11], STRDEF[4], STRDEF[7]
   5 - STRDEF[22], STRDEF[44], STRDEF[22], STRDEF[200], STRDEF[16], STRDEF[0], STRDEF[32], STRDEF[32], STRDEF[7], STRDEF[7], STRDEF[4], STRDEF[4], 
       STRDEF[11], STRDEF[4], STRDEF[7]
   6 - (#keys=15) STRDEF[22], STRDEF[44], STRDEF[22], STRDEF[200], STRDEF[16], STRDEF[0], STRDEF[32], STRDEF[32], STRDEF[7], STRDEF[7], STRDEF[4], 
       STRDEF[4], STRDEF[11], STRDEF[4], STRDEF[7]
   7 - (#keys=0) STRDEF[22], STRDEF[44], STRDEF[22], STRDEF[200], STRDEF[16], STRDEF[0], STRDEF[32], STRDEF[32], STRDEF[7], STRDEF[7], STRDEF[4], 
       STRDEF[4], STRDEF[11], STRDEF[4], STRDEF[7]
   8 - STRDEF[22], STRDEF[44], STRDEF[22], STRDEF[200], STRDEF[16], STRDEF[0], STRDEF[32], STRDEF[32], STRDEF[7], STRDEF[7], STRDEF[4], STRDEF[4], 
       STRDEF[11], STRDEF[4], STRDEF[7]
   9 - (#keys=1) "R"."GM_EY_APPRAISAL_ID"[NUMBER,22], "R"."EMPLID"[VARCHAR2,44], "X"."RUN_STATUS_CD"[VARCHAR2,4], "X"."GM_EOPF_STATUS"[VARCHAR2,4], 
       "X"."RUN_DTTM"[TIMESTAMP,11], "Y"."REVIEW_RATING"[VARCHAR2,4], "A"."NAME"[VARCHAR2,200], "R"."GM_EY_REVIEWSTATUS"[VARCHAR2,16], "R"."EMPL_RCD"[NUMBER,22], 
       "R"."PERIOD_BEGIN_DT"[DATE,7], "R"."PERIOD_END_DT"[DATE,7], "R"."GM_EY_REVIEW_TYPE"[VARCHAR2,32], "R"."GM_EY_TEMPLATE_ID"[VARCHAR2,32]
  10 - (rowset=256) "GM_EY_APPRAISAL_ID"[NUMBER,22]
  11 - (#keys=1) "GM_EY_APPRAISAL_ID"[NUMBER,22]
  12 - "GM_EY_APPRAISAL_ID"[NUMBER,22]
  13 - (#keys=0) "GM_EY_APPRAISAL_ID"[NUMBER,22]
  14 - "GM_EY_APPRAISAL_ID"[NUMBER,22]
  15 - (#keys=0) "EOH"."GM_EY_APPRAISAL_ID"[NUMBER,22]
  16 - (#keys=0) "EOD"."RUN_DTTM"[TIMESTAMP,11], "EOH"."GM_EY_APPRAISAL_ID"[NUMBER,22]
  17 - (#keys=2) "EOD"."RUN_CNTL_ID"[VARCHAR2,120], "EOD"."RUN_DTTM"[TIMESTAMP,11]
  18 - (rowset=256) "EOD"."RUN_CNTL_ID"[VARCHAR2,120], "EOD"."SEQNUM"[NUMBER,22], "EOD"."RUN_DTTM"[TIMESTAMP,11]
  19 - (rowset=256) "EOD"."RUN_CNTL_ID"[VARCHAR2,120], "EOD"."SEQNUM"[NUMBER,22], "EOD"."RUN_DTTM"[TIMESTAMP,11]
  20 - "MAX(EOD1.SEQNUM)"[NUMBER,22], "ITEM_2"[VARCHAR2,120]
  21 - (#keys=0) "MAX(EOD1.SEQNUM)"[NUMBER,22], "ITEM_2"[VARCHAR2,120]
  22 - (rowset=256) "MAX(EOD1.SEQNUM)"[NUMBER,22], "ITEM_2"[VARCHAR2,120]
  23 - (#keys=1; rowset=256) "EOD1"."RUN_CNTL_ID"[VARCHAR2,120], MAX()[22]
  24 - (rowset=256) "EOD1"."RUN_CNTL_ID"[VARCHAR2,120], SYS_OP_MSR()[26]
  25 - (#keys=1) "EOD1"."RUN_CNTL_ID"[VARCHAR2,120], SYS_OP_MSR()[26]
  26 - (#keys=1; rowset=256) "EOD1"."RUN_CNTL_ID"[VARCHAR2,120], SYS_OP_MSR()[26]
  27 - "EOD1"."RUN_CNTL_ID"[VARCHAR2,120], "EOD1"."SEQNUM"[NUMBER,22]
  28 - "EOD1"."RUN_CNTL_ID"[VARCHAR2,120], "EOD1"."SEQNUM"[NUMBER,22]
  29 - "EOH"."GM_EY_APPRAISAL_ID"[NUMBER,22]
  30 - "MAX(T1.DATETIME_STAMP)"[TIMESTAMP,11]
  31 - MAX("T1"."DATETIME_STAMP")[11]
  32 - (#keys=0) COUNT(*)[22], MAX("T1"."DATETIME_STAMP")[11]
  33 - "T1"."DATETIME_STAMP"[TIMESTAMP,11]
  34 - "R"."GM_EY_APPRAISAL_ID"[NUMBER,22], "R"."EMPLID"[VARCHAR2,44], "X"."RUN_STATUS_CD"[VARCHAR2,4], "X"."GM_EOPF_STATUS"[VARCHAR2,4], 
       "X"."RUN_DTTM"[TIMESTAMP,11], "Y"."REVIEW_RATING"[VARCHAR2,4], "A"."NAME"[VARCHAR2,200], "R"."GM_EY_REVIEWSTATUS"[VARCHAR2,16], "R"."EMPL_RCD"[NUMBER,22], 
       "R"."PERIOD_BEGIN_DT"[DATE,7], "R"."PERIOD_END_DT"[DATE,7], "R"."GM_EY_REVIEW_TYPE"[VARCHAR2,32], "R"."GM_EY_TEMPLATE_ID"[VARCHAR2,32]
  35 - (#keys=1) "R"."GM_EY_APPRAISAL_ID"[NUMBER,22], "R"."EMPLID"[VARCHAR2,44], "X"."RUN_STATUS_CD"[VARCHAR2,4], "X"."GM_EOPF_STATUS"[VARCHAR2,4], 
       "X"."RUN_DTTM"[TIMESTAMP,11], "Y"."REVIEW_RATING"[VARCHAR2,4], "A"."NAME"[VARCHAR2,200], "R"."GM_EY_REVIEWSTATUS"[VARCHAR2,16], "R"."EMPL_RCD"[NUMBER,22], 
       "R"."PERIOD_BEGIN_DT"[DATE,7], "R"."PERIOD_END_DT"[DATE,7], "R"."GM_EY_REVIEW_TYPE"[VARCHAR2,32], "R"."GM_EY_TEMPLATE_ID"[VARCHAR2,32]
  36 - (#keys=2; rowset=256) "R"."EMPLID"[VARCHAR2,44], "R"."GM_EY_APPRAISAL_ID"[NUMBER,22], "X"."RUN_STATUS_CD"[VARCHAR2,4], 
       "X"."GM_EOPF_STATUS"[VARCHAR2,4], "X"."RUN_DTTM"[TIMESTAMP,11], "Y"."REVIEW_RATING"[VARCHAR2,4], "A"."NAME"[VARCHAR2,200], 
       "R"."GM_EY_REVIEWSTATUS"[VARCHAR2,16], "R"."EMPL_RCD"[NUMBER,22], "R"."PERIOD_BEGIN_DT"[DATE,7], "R"."PERIOD_END_DT"[DATE,7], 
       "R"."GM_EY_REVIEW_TYPE"[VARCHAR2,32], "R"."GM_EY_TEMPLATE_ID"[VARCHAR2,32]
  37 - (rowset=256) "X"."EMPLID"[VARCHAR2,44], "X"."GM_EY_APPRAISAL_ID"[NUMBER,22], "X"."RUN_STATUS_CD"[VARCHAR2,4], "X"."GM_EOPF_STATUS"[VARCHAR2,4], 
       "X"."RUN_DTTM"[TIMESTAMP,11]
  38 - (#keys=2) "X"."EMPLID"[VARCHAR2,44], "X"."GM_EY_APPRAISAL_ID"[NUMBER,22], "X"."RUN_STATUS_CD"[VARCHAR2,4], "X"."GM_EOPF_STATUS"[VARCHAR2,4], 
       "X"."RUN_DTTM"[TIMESTAMP,11]
  39 - "X"."EMPLID"[VARCHAR2,44], "X"."GM_EY_APPRAISAL_ID"[NUMBER,22], "X"."RUN_STATUS_CD"[VARCHAR2,4], "X"."GM_EOPF_STATUS"[VARCHAR2,4], 
       "X"."RUN_DTTM"[TIMESTAMP,11]
  40 - (#keys=0) "X"."EMPLID"[VARCHAR2,44], "X"."GM_EY_APPRAISAL_ID"[NUMBER,22], "X"."RUN_STATUS_CD"[VARCHAR2,4], "X"."GM_EOPF_STATUS"[VARCHAR2,4], 
       "X"."RUN_DTTM"[TIMESTAMP,11]
  41 - "X"."EMPLID"[VARCHAR2,44], "X"."GM_EY_APPRAISAL_ID"[NUMBER,22], "X"."RUN_DTTM"[TIMESTAMP,11], "X"."GM_EOPF_STATUS"[VARCHAR2,4], 
       "X"."RUN_STATUS_CD"[VARCHAR2,4]
  42 - (#keys=0) "D"."GM_EOPF_STATUS"[VARCHAR2,4], "D"."RUN_STATUS_CD"[VARCHAR2,4], "D"."RUN_DTTM"[TIMESTAMP,11], "H"."EMPLID"[VARCHAR2,44], 
       "H"."GM_EY_APPRAISAL_ID"[NUMBER,22]
  43 - (#keys=0) "D"."GM_EOPF_STATUS"[VARCHAR2,4], "D"."RUN_STATUS_CD"[VARCHAR2,4], "D"."RUN_DTTM"[TIMESTAMP,11], "H".ROWID[ROWID,10]
  44 - (#keys=2) "D"."RUN_CNTL_ID"[VARCHAR2,120], "D"."GM_EOPF_STATUS"[VARCHAR2,4], "D"."RUN_STATUS_CD"[VARCHAR2,4], "D"."RUN_DTTM"[TIMESTAMP,11]
  45 - (rowset=256) "D"."RUN_CNTL_ID"[VARCHAR2,120], "D"."SEQNUM"[NUMBER,22], "D"."RUN_DTTM"[TIMESTAMP,11], "D"."GM_EOPF_STATUS"[VARCHAR2,4], 
       "D"."RUN_STATUS_CD"[VARCHAR2,4]
  46 - (rowset=256) "D"."RUN_CNTL_ID"[VARCHAR2,120], "D"."SEQNUM"[NUMBER,22], "D"."RUN_DTTM"[TIMESTAMP,11], "D"."GM_EOPF_STATUS"[VARCHAR2,4], 
       "D"."RUN_STATUS_CD"[VARCHAR2,4]
  47 - "MAX(D1.SEQNUM)"[NUMBER,22], "ITEM_1"[VARCHAR2,120]
  48 - (#keys=0) "MAX(D1.SEQNUM)"[NUMBER,22], "ITEM_1"[VARCHAR2,120]
  49 - (rowset=256) "MAX(D1.SEQNUM)"[NUMBER,22], "ITEM_1"[VARCHAR2,120]
  50 - (#keys=1; rowset=256) "D1"."RUN_CNTL_ID"[VARCHAR2,120], MAX()[22]
  51 - (rowset=256) "D1"."RUN_CNTL_ID"[VARCHAR2,120], SYS_OP_MSR()[26]
  52 - (#keys=1) "D1"."RUN_CNTL_ID"[VARCHAR2,120], SYS_OP_MSR()[26]
  53 - (#keys=1; rowset=256) "D1"."RUN_CNTL_ID"[VARCHAR2,120], SYS_OP_MSR()[26]
  54 - "D1"."RUN_CNTL_ID"[VARCHAR2,120], "D1"."SEQNUM"[NUMBER,22]
  55 - "D1"."RUN_CNTL_ID"[VARCHAR2,120], "D1"."SEQNUM"[NUMBER,22]
  56 - "H".ROWID[ROWID,10]
  57 - "H"."EMPLID"[VARCHAR2,44], "H"."GM_EY_APPRAISAL_ID"[NUMBER,22]
  58 - (rowset=256) "R"."EMPLID"[VARCHAR2,44], "R"."GM_EY_APPRAISAL_ID"[NUMBER,22], "Y"."REVIEW_RATING"[VARCHAR2,4], "A"."NAME"[VARCHAR2,200], 
       "R"."GM_EY_REVIEWSTATUS"[VARCHAR2,16], "R"."EMPL_RCD"[NUMBER,22], "R"."PERIOD_BEGIN_DT"[DATE,7], "R"."PERIOD_END_DT"[DATE,7], 
       "R"."GM_EY_REVIEW_TYPE"[VARCHAR2,32], "R"."GM_EY_TEMPLATE_ID"[VARCHAR2,32]
  59 - (#keys=2) "R"."EMPLID"[VARCHAR2,44], "R"."GM_EY_APPRAISAL_ID"[NUMBER,22], "Y"."REVIEW_RATING"[VARCHAR2,4], "A"."NAME"[VARCHAR2,200], 
       "R"."GM_EY_REVIEWSTATUS"[VARCHAR2,16], "R"."EMPL_RCD"[NUMBER,22], "R"."PERIOD_BEGIN_DT"[DATE,7], "R"."PERIOD_END_DT"[DATE,7], 
       "R"."GM_EY_REVIEW_TYPE"[VARCHAR2,32], "R"."GM_EY_TEMPLATE_ID"[VARCHAR2,32]
  60 - (#keys=0; rowset=256) "R"."EMPLID"[VARCHAR2,44], "R"."GM_EY_APPRAISAL_ID"[NUMBER,22], "Y"."REVIEW_RATING"[VARCHAR2,4], "A"."NAME"[VARCHAR2,200], 
       "R"."GM_EY_REVIEWSTATUS"[VARCHAR2,16], "R"."EMPL_RCD"[NUMBER,22], "R"."PERIOD_BEGIN_DT"[DATE,7], "R"."PERIOD_END_DT"[DATE,7], 
       "R"."GM_EY_REVIEW_TYPE"[VARCHAR2,32], "R"."GM_EY_TEMPLATE_ID"[VARCHAR2,32]
  61 - (#keys=0) "R"."EMPLID"[VARCHAR2,44], "A"."NAME"[VARCHAR2,200], "R"."GM_EY_APPRAISAL_ID"[NUMBER,22], "R"."GM_EY_REVIEWSTATUS"[VARCHAR2,16], 
       "R"."EMPL_RCD"[NUMBER,22], "R"."PERIOD_BEGIN_DT"[DATE,7], "R"."PERIOD_END_DT"[DATE,7], "R"."GM_EY_REVIEW_TYPE"[VARCHAR2,32], 
       "R"."GM_EY_TEMPLATE_ID"[VARCHAR2,32], "Y"."REVIEW_RATING"[VARCHAR2,4]
  62 - (#keys=0) "R"."EMPLID"[VARCHAR2,44], "A"."NAME"[VARCHAR2,200], "R"."GM_EY_APPRAISAL_ID"[NUMBER,22], "R"."GM_EY_REVIEWSTATUS"[VARCHAR2,16], 
       "R"."EMPL_RCD"[NUMBER,22], "R"."PERIOD_BEGIN_DT"[DATE,7], "R"."PERIOD_END_DT"[DATE,7], "R"."GM_EY_REVIEW_TYPE"[VARCHAR2,32], 
       "R"."GM_EY_TEMPLATE_ID"[VARCHAR2,32], "Y".ROWID[ROWID,10]
  63 - (#keys=1) "R"."EMPLID"[VARCHAR2,44], "A"."NAME"[VARCHAR2,200], "R"."GM_EY_APPRAISAL_ID"[NUMBER,22], "R"."GM_EY_REVIEWSTATUS"[VARCHAR2,16], 
       "R"."EMPL_RCD"[NUMBER,22], "R"."PERIOD_BEGIN_DT"[DATE,7], "R"."PERIOD_END_DT"[DATE,7], "R"."GM_EY_REVIEW_TYPE"[VARCHAR2,32], 
       "R"."GM_EY_TEMPLATE_ID"[VARCHAR2,32]
  64 - (rowset=256) "A"."EMPLID"[VARCHAR2,44], "A"."NAME"[VARCHAR2,200]
  65 - (#keys=1) "A"."EMPLID"[VARCHAR2,44], "A"."NAME"[VARCHAR2,200]
  66 - "A"."EMPLID"[VARCHAR2,44], "A"."NAME"[VARCHAR2,200]
  67 - (#keys=4) "A"."EMPLID"[VARCHAR2,44], "A"."NAME"[VARCHAR2,200]
  68 - "MAX(B.EFFDT)"[DATE,7], SYS_OP_DESCEND("MAX(B.EFFDT)")[12], "ITEM_4"[VARCHAR2,44], "ITEM_5"[VARCHAR2,12]
  69 - (#keys=0) "MAX(B.EFFDT)"[DATE,7], SYS_OP_DESCEND("MAX(B.EFFDT)")[12], "ITEM_4"[VARCHAR2,44], "ITEM_5"[VARCHAR2,12]
  70 - "MAX(B.EFFDT)"[DATE,7], "ITEM_4"[VARCHAR2,44], "ITEM_5"[VARCHAR2,12]
  71 - (#keys=2) "B"."EMPLID"[VARCHAR2,44], "B"."NAME_TYPE"[VARCHAR2,12], MAX()[7]
  72 - "B"."EMPLID"[VARCHAR2,44], "B"."NAME_TYPE"[VARCHAR2,12], SYS_OP_MSR()[11]
  73 - (#keys=2) "B"."EMPLID"[VARCHAR2,44], "B"."NAME_TYPE"[VARCHAR2,12], SYS_OP_MSR()[11]
  74 - (#keys=2) "B"."EMPLID"[VARCHAR2,44], "B"."NAME_TYPE"[VARCHAR2,12], SYS_OP_MSR()[11]
  75 - "B"."EMPLID"[VARCHAR2,44], "B"."NAME_TYPE"[VARCHAR2,12], SYS_OP_DESCEND("EFFDT")[RAW,12]
  76 - "B"."EMPLID"[VARCHAR2,44], "B"."NAME_TYPE"[VARCHAR2,12], SYS_OP_DESCEND("EFFDT")[RAW,12]
  77 - "A"."EMPLID"[VARCHAR2,44], "A"."NAME_TYPE"[VARCHAR2,12], "A"."NAME"[VARCHAR2,200], SYS_OP_DESCEND("EFFDT")[RAW,12]
  78 - "A"."EMPLID"[VARCHAR2,44], "A"."NAME_TYPE"[VARCHAR2,12], "A"."NAME"[VARCHAR2,200], SYS_OP_DESCEND("EFFDT")[RAW,12]
  79 - "R"."EMPLID"[VARCHAR2,44], "R"."GM_EY_APPRAISAL_ID"[NUMBER,22], "R"."GM_EY_REVIEWSTATUS"[VARCHAR2,16], "R"."EMPL_RCD"[NUMBER,22], 
       "R"."PERIOD_BEGIN_DT"[DATE,7], "R"."PERIOD_END_DT"[DATE,7], "R"."GM_EY_REVIEW_TYPE"[VARCHAR2,32], "R"."GM_EY_TEMPLATE_ID"[VARCHAR2,32]
  80 - (#keys=1) "R"."EMPLID"[VARCHAR2,44], "R"."GM_EY_APPRAISAL_ID"[NUMBER,22], "R"."GM_EY_REVIEWSTATUS"[VARCHAR2,16], "R"."EMPL_RCD"[NUMBER,22], 
       "R"."PERIOD_BEGIN_DT"[DATE,7], "R"."PERIOD_END_DT"[DATE,7], "R"."GM_EY_REVIEW_TYPE"[VARCHAR2,32], "R"."GM_EY_TEMPLATE_ID"[VARCHAR2,32]
  81 - "R"."GM_EY_APPRAISAL_ID"[NUMBER,22], "R"."EMPLID"[VARCHAR2,44], "R"."EMPL_RCD"[NUMBER,22], "R"."PERIOD_BEGIN_DT"[DATE,7], 
       "R"."PERIOD_END_DT"[DATE,7], "R"."GM_EY_REVIEW_TYPE"[VARCHAR2,32], "R"."GM_EY_TEMPLATE_ID"[VARCHAR2,32], "R"."GM_EY_REVIEWSTATUS"[VARCHAR2,16]
  82 - (#keys=0) "R".ROWID[ROWID,10], "R"."GM_EY_REVIEWSTATUS"[VARCHAR2,16], "R"."GM_EY_TEMPLATE_ID"[VARCHAR2,32]
  83 - (rowset=256) "R".ROWID[ROWID,10], "R"."GM_EY_REVIEWSTATUS"[VARCHAR2,16], "R"."GM_EY_TEMPLATE_ID"[VARCHAR2,32]
  84 - (#keys=1) "R".ROWID[ROWID,10], "R"."GM_EY_REVIEWSTATUS"[VARCHAR2,16], "R"."GM_EY_TEMPLATE_ID"[VARCHAR2,32]
  85 - "R".ROWID[ROWID,10], "R"."GM_EY_REVIEWSTATUS"[VARCHAR2,16], "R"."GM_EY_TEMPLATE_ID"[VARCHAR2,32]
  86 - "R".ROWID[ROWID,10], "R"."GM_EY_REVIEWSTATUS"[VARCHAR2,16], "R"."GM_EY_TEMPLATE_ID"[VARCHAR2,32]
  87 - "Y".ROWID[ROWID,10]
  88 - "Y"."REVIEW_RATING"[VARCHAR2,4]
  89 - (#keys=1) "R"."GM_EY_APPRAISAL_ID"[NUMBER,22], "R"."EMPLID"[VARCHAR2,44], "X"."RUN_STATUS_CD"[VARCHAR2,4], "X"."GM_EOPF_STATUS"[VARCHAR2,4], 
       "X"."RUN_DTTM"[TIMESTAMP,11], "A"."NAME"[VARCHAR2,200], "Y"."REVIEW_RATING"[VARCHAR2,4], "R"."EMPL_RCD"[NUMBER,22], "R"."PERIOD_BEGIN_DT"[DATE,7], 
       "R"."PERIOD_END_DT"[DATE,7], "R"."GM_EY_REVIEW_TYPE"[VARCHAR2,32], "R"."GM_EY_TEMPLATE_ID"[VARCHAR2,32], "R"."GM_EY_REVIEWSTATUS"[VARCHAR2,16]
  90 - (rowset=256) "GM_EY_APPRAISAL_ID"[NUMBER,22]
  91 - (#keys=1) "GM_EY_APPRAISAL_ID"[NUMBER,22]
  92 - "GM_EY_APPRAISAL_ID"[NUMBER,22]
  93 - (#keys=0) "GM_EY_APPRAISAL_ID"[NUMBER,22]
  94 - "GM_EY_APPRAISAL_ID"[NUMBER,22]
  95 - (#keys=0) "EOH"."GM_EY_APPRAISAL_ID"[NUMBER,22]
  96 - (#keys=0) "EOD"."RUN_DTTM"[TIMESTAMP,11], "EOH"."GM_EY_APPRAISAL_ID"[NUMBER,22]
  97 - (#keys=2) "EOD"."RUN_CNTL_ID"[VARCHAR2,120], "EOD"."RUN_DTTM"[TIMESTAMP,11]
  98 - (rowset=256) "EOD"."RUN_CNTL_ID"[VARCHAR2,120], "EOD"."SEQNUM"[NUMBER,22], "EOD"."RUN_DTTM"[TIMESTAMP,11]
  99 - (rowset=256) "EOD"."RUN_CNTL_ID"[VARCHAR2,120], "EOD"."SEQNUM"[NUMBER,22], "EOD"."RUN_DTTM"[TIMESTAMP,11]
 100 - "MAX(EOD1.SEQNUM)"[NUMBER,22], "ITEM_7"[VARCHAR2,120]
 101 - (#keys=0) "MAX(EOD1.SEQNUM)"[NUMBER,22], "ITEM_7"[VARCHAR2,120]
 102 - (rowset=256) "MAX(EOD1.SEQNUM)"[NUMBER,22], "ITEM_7"[VARCHAR2,120]
 103 - (#keys=1; rowset=256) "EOD1"."RUN_CNTL_ID"[VARCHAR2,120], MAX()[22]
 104 - (rowset=256) "EOD1"."RUN_CNTL_ID"[VARCHAR2,120], SYS_OP_MSR()[26]
 105 - (#keys=1) "EOD1"."RUN_CNTL_ID"[VARCHAR2,120], SYS_OP_MSR()[26]
 106 - (#keys=1; rowset=256) "EOD1"."RUN_CNTL_ID"[VARCHAR2,120], SYS_OP_MSR()[26]
 107 - "EOD1"."RUN_CNTL_ID"[VARCHAR2,120], "EOD1"."SEQNUM"[NUMBER,22]
 108 - "EOD1"."RUN_CNTL_ID"[VARCHAR2,120], "EOD1"."SEQNUM"[NUMBER,22]
 109 - "EOH"."GM_EY_APPRAISAL_ID"[NUMBER,22]
 110 - "MAX(T1.DATETIME_STAMP)"[TIMESTAMP,11]
 111 - MAX("T1"."DATETIME_STAMP")[11]
 112 - (#keys=0) COUNT(*)[22], MAX("T1"."DATETIME_STAMP")[11]
 113 - "T1"."DATETIME_STAMP"[TIMESTAMP,11]
 114 - "R"."GM_EY_APPRAISAL_ID"[NUMBER,22], "R"."EMPLID"[VARCHAR2,44], "X"."RUN_STATUS_CD"[VARCHAR2,4], "X"."GM_EOPF_STATUS"[VARCHAR2,4], 
       "X"."RUN_DTTM"[TIMESTAMP,11], "A"."NAME"[VARCHAR2,200], "Y"."REVIEW_RATING"[VARCHAR2,4], "R"."EMPL_RCD"[NUMBER,22], "R"."PERIOD_BEGIN_DT"[DATE,7], 
       "R"."PERIOD_END_DT"[DATE,7], "R"."GM_EY_REVIEW_TYPE"[VARCHAR2,32], "R"."GM_EY_TEMPLATE_ID"[VARCHAR2,32], "R"."GM_EY_REVIEWSTATUS"[VARCHAR2,16]
 115 - (#keys=1) "R"."GM_EY_APPRAISAL_ID"[NUMBER,22], "R"."EMPLID"[VARCHAR2,44], "X"."RUN_STATUS_CD"[VARCHAR2,4], "X"."GM_EOPF_STATUS"[VARCHAR2,4], 
       "X"."RUN_DTTM"[TIMESTAMP,11], "A"."NAME"[VARCHAR2,200], "Y"."REVIEW_RATING"[VARCHAR2,4], "R"."EMPL_RCD"[NUMBER,22], "R"."PERIOD_BEGIN_DT"[DATE,7], 
       "R"."PERIOD_END_DT"[DATE,7], "R"."GM_EY_REVIEW_TYPE"[VARCHAR2,32], "R"."GM_EY_TEMPLATE_ID"[VARCHAR2,32], "R"."GM_EY_REVIEWSTATUS"[VARCHAR2,16]
 116 - (#keys=2; rowset=256) "R"."EMPLID"[VARCHAR2,44], "R"."GM_EY_APPRAISAL_ID"[NUMBER,22], "X"."RUN_STATUS_CD"[VARCHAR2,4], 
       "X"."GM_EOPF_STATUS"[VARCHAR2,4], "X"."RUN_DTTM"[TIMESTAMP,11], "A"."NAME"[VARCHAR2,200], "Y"."REVIEW_RATING"[VARCHAR2,4], "R"."EMPL_RCD"[NUMBER,22], 
       "R"."PERIOD_BEGIN_DT"[DATE,7], "R"."PERIOD_END_DT"[DATE,7], "R"."GM_EY_REVIEW_TYPE"[VARCHAR2,32], "R"."GM_EY_TEMPLATE_ID"[VARCHAR2,32], 
       "R"."GM_EY_REVIEWSTATUS"[VARCHAR2,16]
 117 - (rowset=256) "X"."EMPLID"[VARCHAR2,44], "X"."GM_EY_APPRAISAL_ID"[NUMBER,22], "X"."RUN_STATUS_CD"[VARCHAR2,4], "X"."GM_EOPF_STATUS"[VARCHAR2,4], 
       "X"."RUN_DTTM"[TIMESTAMP,11]
 118 - (#keys=2) "X"."EMPLID"[VARCHAR2,44], "X"."GM_EY_APPRAISAL_ID"[NUMBER,22], "X"."RUN_STATUS_CD"[VARCHAR2,4], "X"."GM_EOPF_STATUS"[VARCHAR2,4], 
       "X"."RUN_DTTM"[TIMESTAMP,11]
 119 - "X"."EMPLID"[VARCHAR2,44], "X"."GM_EY_APPRAISAL_ID"[NUMBER,22], "X"."RUN_STATUS_CD"[VARCHAR2,4], "X"."GM_EOPF_STATUS"[VARCHAR2,4], 
       "X"."RUN_DTTM"[TIMESTAMP,11]
 120 - (#keys=0) "X"."EMPLID"[VARCHAR2,44], "X"."GM_EY_APPRAISAL_ID"[NUMBER,22], "X"."RUN_STATUS_CD"[VARCHAR2,4], "X"."GM_EOPF_STATUS"[VARCHAR2,4], 
       "X"."RUN_DTTM"[TIMESTAMP,11]
 121 - "X"."EMPLID"[VARCHAR2,44], "X"."GM_EY_APPRAISAL_ID"[NUMBER,22], "X"."RUN_DTTM"[TIMESTAMP,11], "X"."GM_EOPF_STATUS"[VARCHAR2,4], 
       "X"."RUN_STATUS_CD"[VARCHAR2,4]
 122 - (#keys=0) "D"."GM_EOPF_STATUS"[VARCHAR2,4], "D"."RUN_STATUS_CD"[VARCHAR2,4], "D"."RUN_DTTM"[TIMESTAMP,11], "H"."EMPLID"[VARCHAR2,44], 
       "H"."GM_EY_APPRAISAL_ID"[NUMBER,22]
 123 - (#keys=0) "D"."GM_EOPF_STATUS"[VARCHAR2,4], "D"."RUN_STATUS_CD"[VARCHAR2,4], "D"."RUN_DTTM"[TIMESTAMP,11], "H".ROWID[ROWID,10]
 124 - (#keys=2) "D"."RUN_CNTL_ID"[VARCHAR2,120], "D"."GM_EOPF_STATUS"[VARCHAR2,4], "D"."RUN_STATUS_CD"[VARCHAR2,4], "D"."RUN_DTTM"[TIMESTAMP,11]
 125 - (rowset=256) "D"."RUN_CNTL_ID"[VARCHAR2,120], "D"."SEQNUM"[NUMBER,22], "D"."RUN_DTTM"[TIMESTAMP,11], "D"."GM_EOPF_STATUS"[VARCHAR2,4], 
       "D"."RUN_STATUS_CD"[VARCHAR2,4]
 126 - (rowset=256) "D"."RUN_CNTL_ID"[VARCHAR2,120], "D"."SEQNUM"[NUMBER,22], "D"."RUN_DTTM"[TIMESTAMP,11], "D"."GM_EOPF_STATUS"[VARCHAR2,4], 
       "D"."RUN_STATUS_CD"[VARCHAR2,4]
 127 - "MAX(D1.SEQNUM)"[NUMBER,22], "ITEM_6"[VARCHAR2,120]
 128 - (#keys=0) "MAX(D1.SEQNUM)"[NUMBER,22], "ITEM_6"[VARCHAR2,120]
 129 - (rowset=256) "MAX(D1.SEQNUM)"[NUMBER,22], "ITEM_6"[VARCHAR2,120]
 130 - (#keys=1; rowset=256) "D1"."RUN_CNTL_ID"[VARCHAR2,120], MAX()[22]
 131 - (rowset=256) "D1"."RUN_CNTL_ID"[VARCHAR2,120], SYS_OP_MSR()[26]
 132 - (#keys=1) "D1"."RUN_CNTL_ID"[VARCHAR2,120], SYS_OP_MSR()[26]
 133 - (#keys=1; rowset=256) "D1"."RUN_CNTL_ID"[VARCHAR2,120], SYS_OP_MSR()[26]
 134 - "D1"."RUN_CNTL_ID"[VARCHAR2,120], "D1"."SEQNUM"[NUMBER,22]
 135 - "D1"."RUN_CNTL_ID"[VARCHAR2,120], "D1"."SEQNUM"[NUMBER,22]
 136 - "H".ROWID[ROWID,10]
 137 - "H"."EMPLID"[VARCHAR2,44], "H"."GM_EY_APPRAISAL_ID"[NUMBER,22]
 138 - (rowset=256) "R"."EMPLID"[VARCHAR2,44], "R"."GM_EY_APPRAISAL_ID"[NUMBER,22], "A"."NAME"[VARCHAR2,200], "Y"."REVIEW_RATING"[VARCHAR2,4], 
       "R"."EMPL_RCD"[NUMBER,22], "R"."PERIOD_BEGIN_DT"[DATE,7], "R"."PERIOD_END_DT"[DATE,7], "R"."GM_EY_REVIEW_TYPE"[VARCHAR2,32], 
       "R"."GM_EY_TEMPLATE_ID"[VARCHAR2,32], "R"."GM_EY_REVIEWSTATUS"[VARCHAR2,16]
 139 - (#keys=2) "R"."EMPLID"[VARCHAR2,44], "R"."GM_EY_APPRAISAL_ID"[NUMBER,22], "A"."NAME"[VARCHAR2,200], "Y"."REVIEW_RATING"[VARCHAR2,4], 
       "R"."EMPL_RCD"[NUMBER,22], "R"."PERIOD_BEGIN_DT"[DATE,7], "R"."PERIOD_END_DT"[DATE,7], "R"."GM_EY_REVIEW_TYPE"[VARCHAR2,32], 
       "R"."GM_EY_TEMPLATE_ID"[VARCHAR2,32], "R"."GM_EY_REVIEWSTATUS"[VARCHAR2,16]
 140 - (#keys=0) "A"."NAME"[VARCHAR2,200], "R"."GM_EY_APPRAISAL_ID"[NUMBER,22], "R"."EMPLID"[VARCHAR2,44], "R"."EMPL_RCD"[NUMBER,22], 
       "R"."PERIOD_BEGIN_DT"[DATE,7], "R"."PERIOD_END_DT"[DATE,7], "R"."GM_EY_REVIEW_TYPE"[VARCHAR2,32], "R"."GM_EY_TEMPLATE_ID"[VARCHAR2,32], 
       "R"."GM_EY_REVIEWSTATUS"[VARCHAR2,16], "Y"."REVIEW_RATING"[VARCHAR2,4]
 141 - (#keys=0) "A"."NAME"[VARCHAR2,200], "R"."GM_EY_APPRAISAL_ID"[NUMBER,22], "R"."EMPLID"[VARCHAR2,44], "R"."EMPL_RCD"[NUMBER,22], 
       "R"."PERIOD_BEGIN_DT"[DATE,7], "R"."PERIOD_END_DT"[DATE,7], "R"."GM_EY_REVIEW_TYPE"[VARCHAR2,32], "R"."GM_EY_TEMPLATE_ID"[VARCHAR2,32], 
       "R"."GM_EY_REVIEWSTATUS"[VARCHAR2,16], "Y".ROWID[ROWID,10]
 142 - (#keys=0) "A"."NAME"[VARCHAR2,200], "R"."GM_EY_APPRAISAL_ID"[NUMBER,22], "R"."EMPLID"[VARCHAR2,44], "R"."EMPL_RCD"[NUMBER,22], 
       "R"."PERIOD_BEGIN_DT"[DATE,7], "R"."PERIOD_END_DT"[DATE,7], "R"."GM_EY_REVIEW_TYPE"[VARCHAR2,32], "R"."GM_EY_TEMPLATE_ID"[VARCHAR2,32], 
       "R"."GM_EY_REVIEWSTATUS"[VARCHAR2,16]
 143 - (#keys=4) "A"."EMPLID"[VARCHAR2,44], "A"."NAME"[VARCHAR2,200]
 144 - "MAX(B.EFFDT)"[DATE,7], SYS_OP_DESCEND("MAX(B.EFFDT)")[12], "ITEM_9"[VARCHAR2,44], "ITEM_10"[VARCHAR2,12]
 145 - (#keys=0) "MAX(B.EFFDT)"[DATE,7], SYS_OP_DESCEND("MAX(B.EFFDT)")[12], "ITEM_9"[VARCHAR2,44], "ITEM_10"[VARCHAR2,12]
 146 - "MAX(B.EFFDT)"[DATE,7], "ITEM_9"[VARCHAR2,44], "ITEM_10"[VARCHAR2,12]
 147 - (#keys=2) "B"."EMPLID"[VARCHAR2,44], "B"."NAME_TYPE"[VARCHAR2,12], MAX()[7]
 148 - "B"."EMPLID"[VARCHAR2,44], "B"."NAME_TYPE"[VARCHAR2,12], SYS_OP_MSR()[11]
 149 - (#keys=2) "B"."EMPLID"[VARCHAR2,44], "B"."NAME_TYPE"[VARCHAR2,12], SYS_OP_MSR()[11]
 150 - (#keys=2) "B"."EMPLID"[VARCHAR2,44], "B"."NAME_TYPE"[VARCHAR2,12], SYS_OP_MSR()[11]
 151 - "B"."EMPLID"[VARCHAR2,44], "B"."NAME_TYPE"[VARCHAR2,12], SYS_OP_DESCEND("EFFDT")[RAW,12]
 152 - "B"."EMPLID"[VARCHAR2,44], "B"."NAME_TYPE"[VARCHAR2,12], SYS_OP_DESCEND("EFFDT")[RAW,12]
 153 - "A"."EMPLID"[VARCHAR2,44], "A"."NAME_TYPE"[VARCHAR2,12], "A"."NAME"[VARCHAR2,200], SYS_OP_DESCEND("EFFDT")[RAW,12]
 154 - "A"."EMPLID"[VARCHAR2,44], "A"."NAME_TYPE"[VARCHAR2,12], "A"."NAME"[VARCHAR2,200], SYS_OP_DESCEND("EFFDT")[RAW,12]
 155 - "R"."GM_EY_APPRAISAL_ID"[NUMBER,22], "R"."EMPLID"[VARCHAR2,44], "R"."EMPL_RCD"[NUMBER,22], "R"."PERIOD_BEGIN_DT"[DATE,7], 
       "R"."PERIOD_END_DT"[DATE,7], "R"."GM_EY_REVIEW_TYPE"[VARCHAR2,32], "R"."GM_EY_TEMPLATE_ID"[VARCHAR2,32], "R"."GM_EY_REVIEWSTATUS"[VARCHAR2,16]
 156 - "R".ROWID[ROWID,10], "R"."EMPLID"[VARCHAR2,44], "R"."GM_EY_APPRAISAL_ID"[NUMBER,22]
 157 - "Y".ROWID[ROWID,10]
 158 - "Y"."REVIEW_RATING"[VARCHAR2,4]
 159 - (#keys=1) "R"."GM_EY_APPRAISAL_ID"[NUMBER,22], "R"."EMPLID"[VARCHAR2,44], "Y"."REVIEW_RATING"[VARCHAR2,4], "A"."NAME"[VARCHAR2,200], 
       "R"."GM_EY_TEMPLATE_ID"[VARCHAR2,32], "R"."GM_EY_REVIEWSTATUS"[VARCHAR2,16], "R"."EMPL_RCD"[NUMBER,22], "R"."PERIOD_BEGIN_DT"[DATE,7], 
       "R"."PERIOD_END_DT"[DATE,7], "R"."GM_EY_REVIEW_TYPE"[VARCHAR2,32], "X"."RUN_STATUS_CD"[VARCHAR2,4], "X"."GM_EOPF_STATUS"[VARCHAR2,4], 
       "X"."RUN_DTTM"[TIMESTAMP,11]
 160 - (rowset=256) "R"."GM_EY_APPRAISAL_ID"[NUMBER,22], "R"."EMPLID"[VARCHAR2,44], "Y"."REVIEW_RATING"[VARCHAR2,4], "A"."NAME"[VARCHAR2,200], 
       "R"."GM_EY_TEMPLATE_ID"[VARCHAR2,32], "R"."GM_EY_REVIEWSTATUS"[VARCHAR2,16], "R"."EMPL_RCD"[NUMBER,22], "R"."PERIOD_BEGIN_DT"[DATE,7], 
       "R"."PERIOD_END_DT"[DATE,7], "R"."GM_EY_REVIEW_TYPE"[VARCHAR2,32], "X"."RUN_STATUS_CD"[VARCHAR2,4], "X"."GM_EOPF_STATUS"[VARCHAR2,4], 
       "X"."RUN_DTTM"[TIMESTAMP,11]
 161 - (#keys=1) "R"."GM_EY_APPRAISAL_ID"[NUMBER,22], "R"."EMPLID"[VARCHAR2,44], "Y"."REVIEW_RATING"[VARCHAR2,4], "A"."NAME"[VARCHAR2,200], 
       "R"."GM_EY_TEMPLATE_ID"[VARCHAR2,32], "R"."GM_EY_REVIEWSTATUS"[VARCHAR2,16], "R"."EMPL_RCD"[NUMBER,22], "R"."PERIOD_BEGIN_DT"[DATE,7], 
       "R"."PERIOD_END_DT"[DATE,7], "R"."GM_EY_REVIEW_TYPE"[VARCHAR2,32], "X"."RUN_STATUS_CD"[VARCHAR2,4], "X"."GM_EOPF_STATUS"[VARCHAR2,4], 
       "X"."RUN_DTTM"[TIMESTAMP,11]
 162 - (#keys=0; rowset=256) "R"."GM_EY_APPRAISAL_ID"[NUMBER,22], "R"."EMPLID"[VARCHAR2,44], "Y"."REVIEW_RATING"[VARCHAR2,4], "A"."NAME"[VARCHAR2,200], 
       "R"."GM_EY_TEMPLATE_ID"[VARCHAR2,32], "R"."GM_EY_REVIEWSTATUS"[VARCHAR2,16], "R"."EMPL_RCD"[NUMBER,22], "R"."PERIOD_BEGIN_DT"[DATE,7], 
       "R"."PERIOD_END_DT"[DATE,7], "R"."GM_EY_REVIEW_TYPE"[VARCHAR2,32], "X"."RUN_STATUS_CD"[VARCHAR2,4], "X"."GM_EOPF_STATUS"[VARCHAR2,4], 
       "X"."RUN_DTTM"[TIMESTAMP,11]
 163 - (#keys=0) "R"."EMPLID"[VARCHAR2,44], "R"."GM_EY_APPRAISAL_ID"[NUMBER,22], "A"."NAME"[VARCHAR2,200], "R"."GM_EY_TEMPLATE_ID"[VARCHAR2,32], 
       "R"."GM_EY_REVIEWSTATUS"[VARCHAR2,16], "R"."EMPL_RCD"[NUMBER,22], "R"."PERIOD_BEGIN_DT"[DATE,7], "R"."PERIOD_END_DT"[DATE,7], 
       "R"."GM_EY_REVIEW_TYPE"[VARCHAR2,32], "X"."RUN_STATUS_CD"[VARCHAR2,4], "X"."GM_EOPF_STATUS"[VARCHAR2,4], "X"."RUN_DTTM"[TIMESTAMP,11], 
       "Y"."REVIEW_RATING"[VARCHAR2,4]
 164 - (#keys=0) "R"."EMPLID"[VARCHAR2,44], "R"."GM_EY_APPRAISAL_ID"[NUMBER,22], "A"."NAME"[VARCHAR2,200], "R"."GM_EY_TEMPLATE_ID"[VARCHAR2,32], 
       "R"."GM_EY_REVIEWSTATUS"[VARCHAR2,16], "R"."EMPL_RCD"[NUMBER,22], "R"."PERIOD_BEGIN_DT"[DATE,7], "R"."PERIOD_END_DT"[DATE,7], 
       "R"."GM_EY_REVIEW_TYPE"[VARCHAR2,32], "X"."RUN_STATUS_CD"[VARCHAR2,4], "X"."GM_EOPF_STATUS"[VARCHAR2,4], "X"."RUN_DTTM"[TIMESTAMP,11], "Y".ROWID[ROWID,10]
 165 - (#keys=2) "R"."EMPLID"[VARCHAR2,44], "R"."GM_EY_APPRAISAL_ID"[NUMBER,22], "A"."NAME"[VARCHAR2,200], "R"."GM_EY_TEMPLATE_ID"[VARCHAR2,32], 
       "R"."GM_EY_REVIEWSTATUS"[VARCHAR2,16], "R"."EMPL_RCD"[NUMBER,22], "R"."PERIOD_BEGIN_DT"[DATE,7], "R"."PERIOD_END_DT"[DATE,7], 
       "R"."GM_EY_REVIEW_TYPE"[VARCHAR2,32], "X"."RUN_STATUS_CD"[VARCHAR2,4], "X"."GM_EOPF_STATUS"[VARCHAR2,4], "X"."RUN_DTTM"[TIMESTAMP,11]
 166 - (rowset=256) "R"."EMPLID"[VARCHAR2,44], "R"."GM_EY_APPRAISAL_ID"[NUMBER,22], "A"."NAME"[VARCHAR2,200], "R"."GM_EY_TEMPLATE_ID"[VARCHAR2,32], 
       "R"."GM_EY_REVIEWSTATUS"[VARCHAR2,16], "R"."EMPL_RCD"[NUMBER,22], "R"."PERIOD_BEGIN_DT"[DATE,7], "R"."PERIOD_END_DT"[DATE,7], 
       "R"."GM_EY_REVIEW_TYPE"[VARCHAR2,32]
 167 - (#keys=2) "R"."EMPLID"[VARCHAR2,44], "R"."GM_EY_APPRAISAL_ID"[NUMBER,22], "A"."NAME"[VARCHAR2,200], "R"."GM_EY_TEMPLATE_ID"[VARCHAR2,32], 
       "R"."GM_EY_REVIEWSTATUS"[VARCHAR2,16], "R"."EMPL_RCD"[NUMBER,22], "R"."PERIOD_BEGIN_DT"[DATE,7], "R"."PERIOD_END_DT"[DATE,7], 
       "R"."GM_EY_REVIEW_TYPE"[VARCHAR2,32]
 168 - (#keys=0) "A"."NAME"[VARCHAR2,200], "R"."GM_EY_APPRAISAL_ID"[NUMBER,22], "R"."EMPLID"[VARCHAR2,44], "R"."EMPL_RCD"[NUMBER,22], 
       "R"."PERIOD_BEGIN_DT"[DATE,7], "R"."PERIOD_END_DT"[DATE,7], "R"."GM_EY_REVIEW_TYPE"[VARCHAR2,32], "R"."GM_EY_TEMPLATE_ID"[VARCHAR2,32], 
       "R"."GM_EY_REVIEWSTATUS"[VARCHAR2,16]
 169 - (#keys=0) "A"."NAME"[VARCHAR2,200], "R".ROWID[ROWID,10], "R"."EMPLID"[VARCHAR2,44], "R"."GM_EY_APPRAISAL_ID"[NUMBER,22]
 170 - (#keys=4) "A"."EMPLID"[VARCHAR2,44], "A"."NAME"[VARCHAR2,200]
 171 - "MAX(B.EFFDT)"[DATE,7], SYS_OP_DESCEND("MAX(B.EFFDT)")[12], "ITEM_14"[VARCHAR2,44], "ITEM_15"[VARCHAR2,12]
 172 - (#keys=0) "MAX(B.EFFDT)"[DATE,7], SYS_OP_DESCEND("MAX(B.EFFDT)")[12], "ITEM_14"[VARCHAR2,44], "ITEM_15"[VARCHAR2,12]
 173 - "MAX(B.EFFDT)"[DATE,7], "ITEM_14"[VARCHAR2,44], "ITEM_15"[VARCHAR2,12]
 174 - (#keys=2) "B"."EMPLID"[VARCHAR2,44], "B"."NAME_TYPE"[VARCHAR2,12], MAX()[7]
 175 - "B"."EMPLID"[VARCHAR2,44], "B"."NAME_TYPE"[VARCHAR2,12], SYS_OP_MSR()[11]
 176 - (#keys=2) "B"."EMPLID"[VARCHAR2,44], "B"."NAME_TYPE"[VARCHAR2,12], SYS_OP_MSR()[11]
 177 - (#keys=2) "B"."EMPLID"[VARCHAR2,44], "B"."NAME_TYPE"[VARCHAR2,12], SYS_OP_MSR()[11]
 178 - "B"."EMPLID"[VARCHAR2,44], "B"."NAME_TYPE"[VARCHAR2,12], SYS_OP_DESCEND("EFFDT")[RAW,12]
 179 - "B"."EMPLID"[VARCHAR2,44], "B"."NAME_TYPE"[VARCHAR2,12], SYS_OP_DESCEND("EFFDT")[RAW,12]
 180 - "A"."EMPLID"[VARCHAR2,44], "A"."NAME_TYPE"[VARCHAR2,12], "A"."NAME"[VARCHAR2,200], SYS_OP_DESCEND("EFFDT")[RAW,12]
 181 - "A"."EMPLID"[VARCHAR2,44], "A"."NAME_TYPE"[VARCHAR2,12], "A"."NAME"[VARCHAR2,200], SYS_OP_DESCEND("EFFDT")[RAW,12]
 182 - "R".ROWID[ROWID,10], "R"."EMPLID"[VARCHAR2,44], "R"."GM_EY_APPRAISAL_ID"[NUMBER,22]
 183 - "R"."EMPL_RCD"[NUMBER,22], "R"."PERIOD_BEGIN_DT"[DATE,7], "R"."PERIOD_END_DT"[DATE,7], "R"."GM_EY_REVIEW_TYPE"[VARCHAR2,32], 
       "R"."GM_EY_TEMPLATE_ID"[VARCHAR2,32], "R"."GM_EY_REVIEWSTATUS"[VARCHAR2,16]
 184 - "X"."EMPLID"[VARCHAR2,44], "X"."GM_EY_APPRAISAL_ID"[NUMBER,22], "X"."RUN_STATUS_CD"[VARCHAR2,4], "X"."GM_EOPF_STATUS"[VARCHAR2,4], 
       "X"."RUN_DTTM"[TIMESTAMP,11]
 185 - (#keys=2) "X"."EMPLID"[VARCHAR2,44], "X"."GM_EY_APPRAISAL_ID"[NUMBER,22], "X"."RUN_STATUS_CD"[VARCHAR2,4], "X"."GM_EOPF_STATUS"[VARCHAR2,4], 
       "X"."RUN_DTTM"[TIMESTAMP,11]
 186 - (#keys=0; rowset=256) "X"."EMPLID"[VARCHAR2,44], "X"."GM_EY_APPRAISAL_ID"[NUMBER,22], "X"."RUN_STATUS_CD"[VARCHAR2,4], 
       "X"."GM_EOPF_STATUS"[VARCHAR2,4], "X"."RUN_DTTM"[TIMESTAMP,11]
 187 - "X"."EMPLID"[VARCHAR2,44], "X"."GM_EY_APPRAISAL_ID"[NUMBER,22], "X"."RUN_DTTM"[TIMESTAMP,11], "X"."GM_EOPF_STATUS"[VARCHAR2,4], 
       "X"."RUN_STATUS_CD"[VARCHAR2,4]
 188 - (#keys=0) "D"."GM_EOPF_STATUS"[VARCHAR2,4], "D"."RUN_STATUS_CD"[VARCHAR2,4], "D"."RUN_DTTM"[TIMESTAMP,11], "H"."EMPLID"[VARCHAR2,44], 
       "H"."GM_EY_APPRAISAL_ID"[NUMBER,22]
 189 - (#keys=0) "D"."GM_EOPF_STATUS"[VARCHAR2,4], "D"."RUN_STATUS_CD"[VARCHAR2,4], "D"."RUN_DTTM"[TIMESTAMP,11], "H".ROWID[ROWID,10]
 190 - (#keys=2) "D"."RUN_CNTL_ID"[VARCHAR2,120], "D"."GM_EOPF_STATUS"[VARCHAR2,4], "D"."RUN_STATUS_CD"[VARCHAR2,4], "D"."RUN_DTTM"[TIMESTAMP,11]
 191 - (rowset=256) "D"."RUN_CNTL_ID"[VARCHAR2,120], "D"."SEQNUM"[NUMBER,22], "D"."RUN_DTTM"[TIMESTAMP,11], "D"."GM_EOPF_STATUS"[VARCHAR2,4], 
       "D"."RUN_STATUS_CD"[VARCHAR2,4]
 192 - (rowset=256) "D"."RUN_CNTL_ID"[VARCHAR2,120], "D"."SEQNUM"[NUMBER,22], "D"."RUN_DTTM"[TIMESTAMP,11], "D"."GM_EOPF_STATUS"[VARCHAR2,4], 
       "D"."RUN_STATUS_CD"[VARCHAR2,4]
 193 - "MAX(D1.SEQNUM)"[NUMBER,22], "ITEM_11"[VARCHAR2,120]
 194 - (#keys=0) "MAX(D1.SEQNUM)"[NUMBER,22], "ITEM_11"[VARCHAR2,120]
 195 - (rowset=256) "MAX(D1.SEQNUM)"[NUMBER,22], "ITEM_11"[VARCHAR2,120]
 196 - (#keys=1; rowset=256) "D1"."RUN_CNTL_ID"[VARCHAR2,120], MAX()[22]
 197 - (rowset=256) "D1"."RUN_CNTL_ID"[VARCHAR2,120], SYS_OP_MSR()[26]
 198 - (#keys=1) "D1"."RUN_CNTL_ID"[VARCHAR2,120], SYS_OP_MSR()[26]
 199 - (#keys=1; rowset=256) "D1"."RUN_CNTL_ID"[VARCHAR2,120], SYS_OP_MSR()[26]
 200 - "D1"."RUN_CNTL_ID"[VARCHAR2,120], "D1"."SEQNUM"[NUMBER,22]
 201 - "D1"."RUN_CNTL_ID"[VARCHAR2,120], "D1"."SEQNUM"[NUMBER,22]
 202 - "H".ROWID[ROWID,10]
 203 - "H"."EMPLID"[VARCHAR2,44], "H"."GM_EY_APPRAISAL_ID"[NUMBER,22]
 204 - "Y".ROWID[ROWID,10]
 205 - "Y"."REVIEW_RATING"[VARCHAR2,4]
 206 - "GM_EY_APPRAISAL_ID"[NUMBER,22]
 207 - (#keys=1) "GM_EY_APPRAISAL_ID"[NUMBER,22]
 208 - (#keys=0; rowset=256) "GM_EY_APPRAISAL_ID"[NUMBER,22]
 209 - "GM_EY_APPRAISAL_ID"[NUMBER,22]
 210 - (#keys=0) "EOH"."GM_EY_APPRAISAL_ID"[NUMBER,22]
 211 - (#keys=0) "EOD"."RUN_DTTM"[TIMESTAMP,11], "EOH"."GM_EY_APPRAISAL_ID"[NUMBER,22]
 212 - (#keys=2) "EOD"."RUN_CNTL_ID"[VARCHAR2,120], "EOD"."RUN_DTTM"[TIMESTAMP,11]
 213 - (rowset=256) "EOD"."RUN_CNTL_ID"[VARCHAR2,120], "EOD"."SEQNUM"[NUMBER,22], "EOD"."RUN_DTTM"[TIMESTAMP,11]
 214 - (rowset=256) "EOD"."RUN_CNTL_ID"[VARCHAR2,120], "EOD"."SEQNUM"[NUMBER,22], "EOD"."RUN_DTTM"[TIMESTAMP,11]
 215 - "MAX(EOD1.SEQNUM)"[NUMBER,22], "ITEM_12"[VARCHAR2,120]
 216 - (#keys=0) "MAX(EOD1.SEQNUM)"[NUMBER,22], "ITEM_12"[VARCHAR2,120]
 217 - (rowset=256) "MAX(EOD1.SEQNUM)"[NUMBER,22], "ITEM_12"[VARCHAR2,120]
 218 - (#keys=1; rowset=256) "EOD1"."RUN_CNTL_ID"[VARCHAR2,120], MAX()[22]
 219 - (rowset=256) "EOD1"."RUN_CNTL_ID"[VARCHAR2,120], SYS_OP_MSR()[26]
 220 - (#keys=1) "EOD1"."RUN_CNTL_ID"[VARCHAR2,120], SYS_OP_MSR()[26]
 221 - (#keys=1; rowset=256) "EOD1"."RUN_CNTL_ID"[VARCHAR2,120], SYS_OP_MSR()[26]
 222 - "EOD1"."RUN_CNTL_ID"[VARCHAR2,120], "EOD1"."SEQNUM"[NUMBER,22]
 223 - "EOD1"."RUN_CNTL_ID"[VARCHAR2,120], "EOD1"."SEQNUM"[NUMBER,22]
 224 - "EOH"."GM_EY_APPRAISAL_ID"[NUMBER,22]
 225 - "MAX(T1.DATETIME_STAMP)"[TIMESTAMP,11]
 226 - MAX("T1"."DATETIME_STAMP")[11]
 227 - (#keys=0) COUNT(*)[22], MAX("T1"."DATETIME_STAMP")[11]
 228 - "T1"."DATETIME_STAMP"[TIMESTAMP,11]
 229 - "R"."GM_EY_APPRAISAL_ID"[NUMBER,22], "R"."EMPLID"[VARCHAR2,44], "A"."NAME"[VARCHAR2,200], "R"."GM_EY_TEMPLATE_ID"[VARCHAR2,32], 
       "R"."GM_EY_REVIEWSTATUS"[VARCHAR2,16], "R"."EMPL_RCD"[NUMBER,22], "R"."PERIOD_BEGIN_DT"[DATE,7], "R"."PERIOD_END_DT"[DATE,7], 
       "R"."GM_EY_REVIEW_TYPE"[VARCHAR2,32], "X"."RUN_STATUS_CD"[VARCHAR2,4], "X"."GM_EOPF_STATUS"[VARCHAR2,4], "X"."RUN_DTTM"[TIMESTAMP,11], 
       "Y"."REVIEW_RATING"[VARCHAR2,4]
 230 - "R"."GM_EY_APPRAISAL_ID"[NUMBER,22], "R"."EMPLID"[VARCHAR2,44], "A"."NAME"[VARCHAR2,200], "R"."GM_EY_TEMPLATE_ID"[VARCHAR2,32], 
       "R"."GM_EY_REVIEWSTATUS"[VARCHAR2,16], "R"."EMPL_RCD"[NUMBER,22], "R"."PERIOD_BEGIN_DT"[DATE,7], "R"."PERIOD_END_DT"[DATE,7], 
       "R"."GM_EY_REVIEW_TYPE"[VARCHAR2,32], "X"."RUN_STATUS_CD"[VARCHAR2,4], "X"."GM_EOPF_STATUS"[VARCHAR2,4], "X"."RUN_DTTM"[TIMESTAMP,11], 
       "Y"."REVIEW_RATING"[VARCHAR2,4]
 231 - (#keys=1) "R"."GM_EY_APPRAISAL_ID"[NUMBER,22], "R"."EMPLID"[VARCHAR2,44], "A"."NAME"[VARCHAR2,200], "R"."GM_EY_TEMPLATE_ID"[VARCHAR2,32], 
       "R"."GM_EY_REVIEWSTATUS"[VARCHAR2,16], "R"."EMPL_RCD"[NUMBER,22], "R"."PERIOD_BEGIN_DT"[DATE,7], "R"."PERIOD_END_DT"[DATE,7], 
       "R"."GM_EY_REVIEW_TYPE"[VARCHAR2,32], "X"."RUN_STATUS_CD"[VARCHAR2,4], "X"."GM_EOPF_STATUS"[VARCHAR2,4], "X"."RUN_DTTM"[TIMESTAMP,11], 
       "Y"."REVIEW_RATING"[VARCHAR2,4]
 232 - (#keys=0; rowset=256) "R"."GM_EY_APPRAISAL_ID"[NUMBER,22], "R"."EMPLID"[VARCHAR2,44], "A"."NAME"[VARCHAR2,200], 
       "R"."GM_EY_TEMPLATE_ID"[VARCHAR2,32], "R"."GM_EY_REVIEWSTATUS"[VARCHAR2,16], "R"."EMPL_RCD"[NUMBER,22], "R"."PERIOD_BEGIN_DT"[DATE,7], 
       "R"."PERIOD_END_DT"[DATE,7], "R"."GM_EY_REVIEW_TYPE"[VARCHAR2,32], "X"."RUN_STATUS_CD"[VARCHAR2,4], "X"."GM_EOPF_STATUS"[VARCHAR2,4], 
       "X"."RUN_DTTM"[TIMESTAMP,11], "Y"."REVIEW_RATING"[VARCHAR2,4]
 233 - (#keys=0) "R"."EMPLID"[VARCHAR2,44], "R"."GM_EY_APPRAISAL_ID"[NUMBER,22], "A"."NAME"[VARCHAR2,200], "R"."GM_EY_TEMPLATE_ID"[VARCHAR2,32], 
       "R"."GM_EY_REVIEWSTATUS"[VARCHAR2,16], "R"."EMPL_RCD"[NUMBER,22], "R"."PERIOD_BEGIN_DT"[DATE,7], "R"."PERIOD_END_DT"[DATE,7], 
       "R"."GM_EY_REVIEW_TYPE"[VARCHAR2,32], "X"."RUN_STATUS_CD"[VARCHAR2,4], "X"."GM_EOPF_STATUS"[VARCHAR2,4], "X"."RUN_DTTM"[TIMESTAMP,11], 
       "Y"."REVIEW_RATING"[VARCHAR2,4]
 234 - (#keys=0) "R"."EMPLID"[VARCHAR2,44], "R"."GM_EY_APPRAISAL_ID"[NUMBER,22], "A"."NAME"[VARCHAR2,200], "R"."GM_EY_TEMPLATE_ID"[VARCHAR2,32], 
       "R"."GM_EY_REVIEWSTATUS"[VARCHAR2,16], "R"."EMPL_RCD"[NUMBER,22], "R"."PERIOD_BEGIN_DT"[DATE,7], "R"."PERIOD_END_DT"[DATE,7], 
       "R"."GM_EY_REVIEW_TYPE"[VARCHAR2,32], "X"."RUN_STATUS_CD"[VARCHAR2,4], "X"."GM_EOPF_STATUS"[VARCHAR2,4], "X"."RUN_DTTM"[TIMESTAMP,11], "Y".ROWID[ROWID,10]
 235 - (#keys=2) "R"."EMPLID"[VARCHAR2,44], "R"."GM_EY_APPRAISAL_ID"[NUMBER,22], "A"."NAME"[VARCHAR2,200], "R"."GM_EY_TEMPLATE_ID"[VARCHAR2,32], 
       "R"."GM_EY_REVIEWSTATUS"[VARCHAR2,16], "R"."EMPL_RCD"[NUMBER,22], "R"."PERIOD_BEGIN_DT"[DATE,7], "R"."PERIOD_END_DT"[DATE,7], 
       "R"."GM_EY_REVIEW_TYPE"[VARCHAR2,32], "X"."RUN_STATUS_CD"[VARCHAR2,4], "X"."GM_EOPF_STATUS"[VARCHAR2,4], "X"."RUN_DTTM"[TIMESTAMP,11]
 236 - (rowset=256) "R"."EMPLID"[VARCHAR2,44], "R"."GM_EY_APPRAISAL_ID"[NUMBER,22], "A"."NAME"[VARCHAR2,200], "R"."GM_EY_TEMPLATE_ID"[VARCHAR2,32], 
       "R"."GM_EY_REVIEWSTATUS"[VARCHAR2,16], "R"."EMPL_RCD"[NUMBER,22], "R"."PERIOD_BEGIN_DT"[DATE,7], "R"."PERIOD_END_DT"[DATE,7], 
       "R"."GM_EY_REVIEW_TYPE"[VARCHAR2,32]
 237 - (#keys=2) "R"."EMPLID"[VARCHAR2,44], "R"."GM_EY_APPRAISAL_ID"[NUMBER,22], "A"."NAME"[VARCHAR2,200], "R"."GM_EY_TEMPLATE_ID"[VARCHAR2,32], 
       "R"."GM_EY_REVIEWSTATUS"[VARCHAR2,16], "R"."EMPL_RCD"[NUMBER,22], "R"."PERIOD_BEGIN_DT"[DATE,7], "R"."PERIOD_END_DT"[DATE,7], 
       "R"."GM_EY_REVIEW_TYPE"[VARCHAR2,32]
 238 - (#keys=0) "A"."NAME"[VARCHAR2,200], "R"."GM_EY_APPRAISAL_ID"[NUMBER,22], "R"."EMPLID"[VARCHAR2,44], "R"."EMPL_RCD"[NUMBER,22], 
       "R"."PERIOD_BEGIN_DT"[DATE,7], "R"."PERIOD_END_DT"[DATE,7], "R"."GM_EY_REVIEW_TYPE"[VARCHAR2,32], "R"."GM_EY_TEMPLATE_ID"[VARCHAR2,32], 
       "R"."GM_EY_REVIEWSTATUS"[VARCHAR2,16]
 239 - (#keys=0) "A"."NAME"[VARCHAR2,200], "R".ROWID[ROWID,10], "R"."EMPLID"[VARCHAR2,44], "R"."GM_EY_APPRAISAL_ID"[NUMBER,22]
 240 - (#keys=4) "A"."EMPLID"[VARCHAR2,44], "A"."NAME"[VARCHAR2,200]
 241 - "MAX(B.EFFDT)"[DATE,7], SYS_OP_DESCEND("MAX(B.EFFDT)")[12], "ITEM_19"[VARCHAR2,44], "ITEM_20"[VARCHAR2,12]
 242 - (#keys=0) "MAX(B.EFFDT)"[DATE,7], SYS_OP_DESCEND("MAX(B.EFFDT)")[12], "ITEM_19"[VARCHAR2,44], "ITEM_20"[VARCHAR2,12]
 243 - "MAX(B.EFFDT)"[DATE,7], "ITEM_19"[VARCHAR2,44], "ITEM_20"[VARCHAR2,12]
 244 - (#keys=2) "B"."EMPLID"[VARCHAR2,44], "B"."NAME_TYPE"[VARCHAR2,12], MAX()[7]
 245 - "B"."EMPLID"[VARCHAR2,44], "B"."NAME_TYPE"[VARCHAR2,12], SYS_OP_MSR()[11]
 246 - (#keys=2) "B"."EMPLID"[VARCHAR2,44], "B"."NAME_TYPE"[VARCHAR2,12], SYS_OP_MSR()[11]
 247 - (#keys=2) "B"."EMPLID"[VARCHAR2,44], "B"."NAME_TYPE"[VARCHAR2,12], SYS_OP_MSR()[11]
 248 - "B"."EMPLID"[VARCHAR2,44], "B"."NAME_TYPE"[VARCHAR2,12], SYS_OP_DESCEND("EFFDT")[RAW,12]
 249 - "B"."EMPLID"[VARCHAR2,44], "B"."NAME_TYPE"[VARCHAR2,12], SYS_OP_DESCEND("EFFDT")[RAW,12]
 250 - "A"."EMPLID"[VARCHAR2,44], "A"."NAME_TYPE"[VARCHAR2,12], "A"."NAME"[VARCHAR2,200], SYS_OP_DESCEND("EFFDT")[RAW,12]
 251 - "A"."EMPLID"[VARCHAR2,44], "A"."NAME_TYPE"[VARCHAR2,12], "A"."NAME"[VARCHAR2,200], SYS_OP_DESCEND("EFFDT")[RAW,12]
 252 - "R".ROWID[ROWID,10], "R"."EMPLID"[VARCHAR2,44], "R"."GM_EY_APPRAISAL_ID"[NUMBER,22]
 253 - "R"."EMPL_RCD"[NUMBER,22], "R"."PERIOD_BEGIN_DT"[DATE,7], "R"."PERIOD_END_DT"[DATE,7], "R"."GM_EY_REVIEW_TYPE"[VARCHAR2,32], 
       "R"."GM_EY_TEMPLATE_ID"[VARCHAR2,32], "R"."GM_EY_REVIEWSTATUS"[VARCHAR2,16]
 254 - "X"."EMPLID"[VARCHAR2,44], "X"."GM_EY_APPRAISAL_ID"[NUMBER,22], "X"."RUN_STATUS_CD"[VARCHAR2,4], "X"."GM_EOPF_STATUS"[VARCHAR2,4], 
       "X"."RUN_DTTM"[TIMESTAMP,11]
 255 - (#keys=2) "X"."EMPLID"[VARCHAR2,44], "X"."GM_EY_APPRAISAL_ID"[NUMBER,22], "X"."RUN_STATUS_CD"[VARCHAR2,4], "X"."GM_EOPF_STATUS"[VARCHAR2,4], 
       "X"."RUN_DTTM"[TIMESTAMP,11]
 256 - (#keys=0; rowset=256) "X"."EMPLID"[VARCHAR2,44], "X"."GM_EY_APPRAISAL_ID"[NUMBER,22], "X"."RUN_STATUS_CD"[VARCHAR2,4], 
       "X"."GM_EOPF_STATUS"[VARCHAR2,4], "X"."RUN_DTTM"[TIMESTAMP,11]
 257 - "X"."EMPLID"[VARCHAR2,44], "X"."GM_EY_APPRAISAL_ID"[NUMBER,22], "X"."RUN_DTTM"[TIMESTAMP,11], "X"."GM_EOPF_STATUS"[VARCHAR2,4], 
       "X"."RUN_STATUS_CD"[VARCHAR2,4]
 258 - (#keys=0) "D"."GM_EOPF_STATUS"[VARCHAR2,4], "D"."RUN_STATUS_CD"[VARCHAR2,4], "D"."RUN_DTTM"[TIMESTAMP,11], "H"."EMPLID"[VARCHAR2,44], 
       "H"."GM_EY_APPRAISAL_ID"[NUMBER,22]
 259 - (#keys=0) "D"."GM_EOPF_STATUS"[VARCHAR2,4], "D"."RUN_STATUS_CD"[VARCHAR2,4], "D"."RUN_DTTM"[TIMESTAMP,11], "H".ROWID[ROWID,10]
 260 - (#keys=2) "D"."RUN_CNTL_ID"[VARCHAR2,120], "D"."GM_EOPF_STATUS"[VARCHAR2,4], "D"."RUN_STATUS_CD"[VARCHAR2,4], "D"."RUN_DTTM"[TIMESTAMP,11]
 261 - (rowset=256) "D"."RUN_CNTL_ID"[VARCHAR2,120], "D"."SEQNUM"[NUMBER,22], "D"."RUN_DTTM"[TIMESTAMP,11], "D"."GM_EOPF_STATUS"[VARCHAR2,4], 
       "D"."RUN_STATUS_CD"[VARCHAR2,4]
 262 - (rowset=256) "D"."RUN_CNTL_ID"[VARCHAR2,120], "D"."SEQNUM"[NUMBER,22], "D"."RUN_DTTM"[TIMESTAMP,11], "D"."GM_EOPF_STATUS"[VARCHAR2,4], 
       "D"."RUN_STATUS_CD"[VARCHAR2,4]
 263 - "MAX(D1.SEQNUM)"[NUMBER,22], "ITEM_16"[VARCHAR2,120]
 264 - (#keys=0) "MAX(D1.SEQNUM)"[NUMBER,22], "ITEM_16"[VARCHAR2,120]
 265 - (rowset=256) "MAX(D1.SEQNUM)"[NUMBER,22], "ITEM_16"[VARCHAR2,120]
 266 - (#keys=1; rowset=256) "D1"."RUN_CNTL_ID"[VARCHAR2,120], MAX()[22]
 267 - (rowset=256) "D1"."RUN_CNTL_ID"[VARCHAR2,120], SYS_OP_MSR()[26]
 268 - (#keys=1) "D1"."RUN_CNTL_ID"[VARCHAR2,120], SYS_OP_MSR()[26]
 269 - (#keys=1; rowset=256) "D1"."RUN_CNTL_ID"[VARCHAR2,120], SYS_OP_MSR()[26]
 270 - "D1"."RUN_CNTL_ID"[VARCHAR2,120], "D1"."SEQNUM"[NUMBER,22]
 271 - "D1"."RUN_CNTL_ID"[VARCHAR2,120], "D1"."SEQNUM"[NUMBER,22]
 272 - "H".ROWID[ROWID,10]
 273 - "H"."EMPLID"[VARCHAR2,44], "H"."GM_EY_APPRAISAL_ID"[NUMBER,22]
 274 - "Y".ROWID[ROWID,10]
 275 - "Y"."REVIEW_RATING"[VARCHAR2,4]
 276 - (#keys=0) 
 277 - (#keys=0) "EOD"."RUN_CNTL_ID"[VARCHAR2,120], "EOD"."SEQNUM"[NUMBER,22]
 278 - (#keys=0) "MAX(T1.DATETIME_STAMP)"[TIMESTAMP,11], "EOH"."RUN_CNTL_ID"[VARCHAR2,120]
 279 - "MAX(T1.DATETIME_STAMP)"[TIMESTAMP,11], "ITEM_18"[NUMBER,22]
 280 - (#keys=1) "T1"."GM_EY_APPRAISAL_ID"[NUMBER,22], MAX("T1"."DATETIME_STAMP")[11]
 281 - "T1"."GM_EY_APPRAISAL_ID"[NUMBER,22], "T1"."DATETIME_STAMP"[TIMESTAMP,11]
 282 - "EOH"."RUN_CNTL_ID"[VARCHAR2,120]
 283 - "EOH".ROWID[ROWID,10]
 284 - "EOD"."RUN_CNTL_ID"[VARCHAR2,120], "EOD"."SEQNUM"[NUMBER,22]
 285 - "EOD".ROWID[ROWID,10], "EOD"."RUN_CNTL_ID"[VARCHAR2,120]
 286 - "MAX(EOD1.SEQNUM)"[NUMBER,22]
 287 - MAX("EOD1"."SEQNUM")[22]
 288 - (#keys=0) COUNT(*)[22], MAX("EOD1"."SEQNUM")[22]
 289 - "EOD1"."SEQNUM"[NUMBER,22]
 290 - "XX"."REVIEW_RATING"[VARCHAR2,4]
 291 - "XX".ROWID[ROWID,10]
 292 - "R"."GM_EY_APPRAISAL_ID"[NUMBER,22], "R"."EMPLID"[VARCHAR2,44], "A"."NAME"[VARCHAR2,200], "R"."GM_EY_TEMPLATE_ID"[VARCHAR2,32], 
       "R"."GM_EY_REVIEWSTATUS"[VARCHAR2,16], "R"."EMPL_RCD"[NUMBER,22], "R"."PERIOD_BEGIN_DT"[DATE,7], "R"."PERIOD_END_DT"[DATE,7], 
       "R"."GM_EY_REVIEW_TYPE"[VARCHAR2,32], "X"."RUN_STATUS_CD"[VARCHAR2,4], "X"."GM_EOPF_STATUS"[VARCHAR2,4], "X"."RUN_DTTM"[TIMESTAMP,11], 
       "Y"."REVIEW_RATING"[VARCHAR2,4]
 293 - "R"."GM_EY_APPRAISAL_ID"[NUMBER,22], "R"."EMPLID"[VARCHAR2,44], "A"."NAME"[VARCHAR2,200], "R"."GM_EY_TEMPLATE_ID"[VARCHAR2,32], 
       "R"."GM_EY_REVIEWSTATUS"[VARCHAR2,16], "R"."EMPL_RCD"[NUMBER,22], "R"."PERIOD_BEGIN_DT"[DATE,7], "R"."PERIOD_END_DT"[DATE,7], 
       "R"."GM_EY_REVIEW_TYPE"[VARCHAR2,32], "X"."RUN_STATUS_CD"[VARCHAR2,4], "X"."GM_EOPF_STATUS"[VARCHAR2,4], "X"."RUN_DTTM"[TIMESTAMP,11], 
       "Y"."REVIEW_RATING"[VARCHAR2,4]
 294 - (#keys=1) "R"."GM_EY_APPRAISAL_ID"[NUMBER,22], "R"."EMPLID"[VARCHAR2,44], "A"."NAME"[VARCHAR2,200], "R"."GM_EY_TEMPLATE_ID"[VARCHAR2,32], 
       "R"."GM_EY_REVIEWSTATUS"[VARCHAR2,16], "R"."EMPL_RCD"[NUMBER,22], "R"."PERIOD_BEGIN_DT"[DATE,7], "R"."PERIOD_END_DT"[DATE,7], 
       "R"."GM_EY_REVIEW_TYPE"[VARCHAR2,32], "X"."RUN_STATUS_CD"[VARCHAR2,4], "X"."GM_EOPF_STATUS"[VARCHAR2,4], "X"."RUN_DTTM"[TIMESTAMP,11], 
       "Y"."REVIEW_RATING"[VARCHAR2,4]
 295 - (#keys=0; rowset=256) "R"."GM_EY_APPRAISAL_ID"[NUMBER,22], "R"."EMPLID"[VARCHAR2,44], "A"."NAME"[VARCHAR2,200], 
       "R"."GM_EY_TEMPLATE_ID"[VARCHAR2,32], "R"."GM_EY_REVIEWSTATUS"[VARCHAR2,16], "R"."EMPL_RCD"[NUMBER,22], "R"."PERIOD_BEGIN_DT"[DATE,7], 
       "R"."PERIOD_END_DT"[DATE,7], "R"."GM_EY_REVIEW_TYPE"[VARCHAR2,32], "X"."RUN_STATUS_CD"[VARCHAR2,4], "X"."GM_EOPF_STATUS"[VARCHAR2,4], 
       "X"."RUN_DTTM"[TIMESTAMP,11], "Y"."REVIEW_RATING"[VARCHAR2,4]
 296 - (#keys=0) "R"."EMPLID"[VARCHAR2,44], "R"."GM_EY_APPRAISAL_ID"[NUMBER,22], "A"."NAME"[VARCHAR2,200], "R"."GM_EY_TEMPLATE_ID"[VARCHAR2,32], 
       "R"."GM_EY_REVIEWSTATUS"[VARCHAR2,16], "R"."EMPL_RCD"[NUMBER,22], "R"."PERIOD_BEGIN_DT"[DATE,7], "R"."PERIOD_END_DT"[DATE,7], 
       "R"."GM_EY_REVIEW_TYPE"[VARCHAR2,32], "X"."RUN_STATUS_CD"[VARCHAR2,4], "X"."GM_EOPF_STATUS"[VARCHAR2,4], "X"."RUN_DTTM"[TIMESTAMP,11], 
       "Y"."REVIEW_RATING"[VARCHAR2,4]
 297 - (#keys=0) "R"."EMPLID"[VARCHAR2,44], "R"."GM_EY_APPRAISAL_ID"[NUMBER,22], "A"."NAME"[VARCHAR2,200], "R"."GM_EY_TEMPLATE_ID"[VARCHAR2,32], 
       "R"."GM_EY_REVIEWSTATUS"[VARCHAR2,16], "R"."EMPL_RCD"[NUMBER,22], "R"."PERIOD_BEGIN_DT"[DATE,7], "R"."PERIOD_END_DT"[DATE,7], 
       "R"."GM_EY_REVIEW_TYPE"[VARCHAR2,32], "X"."RUN_STATUS_CD"[VARCHAR2,4], "X"."GM_EOPF_STATUS"[VARCHAR2,4], "X"."RUN_DTTM"[TIMESTAMP,11], "Y".ROWID[ROWID,10]
 298 - (#keys=2) "R"."EMPLID"[VARCHAR2,44], "R"."GM_EY_APPRAISAL_ID"[NUMBER,22], "A"."NAME"[VARCHAR2,200], "R"."GM_EY_TEMPLATE_ID"[VARCHAR2,32], 
       "R"."GM_EY_REVIEWSTATUS"[VARCHAR2,16], "R"."EMPL_RCD"[NUMBER,22], "R"."PERIOD_BEGIN_DT"[DATE,7], "R"."PERIOD_END_DT"[DATE,7], 
       "R"."GM_EY_REVIEW_TYPE"[VARCHAR2,32], "X"."RUN_STATUS_CD"[VARCHAR2,4], "X"."GM_EOPF_STATUS"[VARCHAR2,4], "X"."RUN_DTTM"[TIMESTAMP,11]
 299 - (rowset=256) "R"."EMPLID"[VARCHAR2,44], "R"."GM_EY_APPRAISAL_ID"[NUMBER,22], "A"."NAME"[VARCHAR2,200], "R"."GM_EY_TEMPLATE_ID"[VARCHAR2,32], 
       "R"."GM_EY_REVIEWSTATUS"[VARCHAR2,16], "R"."EMPL_RCD"[NUMBER,22], "R"."PERIOD_BEGIN_DT"[DATE,7], "R"."PERIOD_END_DT"[DATE,7], 
       "R"."GM_EY_REVIEW_TYPE"[VARCHAR2,32]
 300 - (#keys=2) "R"."EMPLID"[VARCHAR2,44], "R"."GM_EY_APPRAISAL_ID"[NUMBER,22], "A"."NAME"[VARCHAR2,200], "R"."GM_EY_TEMPLATE_ID"[VARCHAR2,32], 
       "R"."GM_EY_REVIEWSTATUS"[VARCHAR2,16], "R"."EMPL_RCD"[NUMBER,22], "R"."PERIOD_BEGIN_DT"[DATE,7], "R"."PERIOD_END_DT"[DATE,7], 
       "R"."GM_EY_REVIEW_TYPE"[VARCHAR2,32]
 301 - (#keys=0) "A"."NAME"[VARCHAR2,200], "R"."GM_EY_APPRAISAL_ID"[NUMBER,22], "R"."EMPLID"[VARCHAR2,44], "R"."EMPL_RCD"[NUMBER,22], 
       "R"."PERIOD_BEGIN_DT"[DATE,7], "R"."PERIOD_END_DT"[DATE,7], "R"."GM_EY_REVIEW_TYPE"[VARCHAR2,32], "R"."GM_EY_TEMPLATE_ID"[VARCHAR2,32], 
       "R"."GM_EY_REVIEWSTATUS"[VARCHAR2,16]
 302 - (#keys=0) "A"."NAME"[VARCHAR2,200], "R".ROWID[ROWID,10], "R"."EMPLID"[VARCHAR2,44], "R"."GM_EY_APPRAISAL_ID"[NUMBER,22]
 303 - (#keys=4) "A"."EMPLID"[VARCHAR2,44], "A"."NAME"[VARCHAR2,200]
 304 - "MAX(B.EFFDT)"[DATE,7], SYS_OP_DESCEND("MAX(B.EFFDT)")[12], "ITEM_24"[VARCHAR2,44], "ITEM_25"[VARCHAR2,12]
 305 - (#keys=0) "MAX(B.EFFDT)"[DATE,7], SYS_OP_DESCEND("MAX(B.EFFDT)")[12], "ITEM_24"[VARCHAR2,44], "ITEM_25"[VARCHAR2,12]
 306 - "MAX(B.EFFDT)"[DATE,7], "ITEM_24"[VARCHAR2,44], "ITEM_25"[VARCHAR2,12]
 307 - (#keys=2) "B"."EMPLID"[VARCHAR2,44], "B"."NAME_TYPE"[VARCHAR2,12], MAX()[7]
 308 - "B"."EMPLID"[VARCHAR2,44], "B"."NAME_TYPE"[VARCHAR2,12], SYS_OP_MSR()[11]
 309 - (#keys=2) "B"."EMPLID"[VARCHAR2,44], "B"."NAME_TYPE"[VARCHAR2,12], SYS_OP_MSR()[11]
 310 - (#keys=2) "B"."EMPLID"[VARCHAR2,44], "B"."NAME_TYPE"[VARCHAR2,12], SYS_OP_MSR()[11]
 311 - "B"."EMPLID"[VARCHAR2,44], "B"."NAME_TYPE"[VARCHAR2,12], SYS_OP_DESCEND("EFFDT")[RAW,12]
 312 - "B"."EMPLID"[VARCHAR2,44], "B"."NAME_TYPE"[VARCHAR2,12], SYS_OP_DESCEND("EFFDT")[RAW,12]
 313 - "A"."EMPLID"[VARCHAR2,44], "A"."NAME_TYPE"[VARCHAR2,12], "A"."NAME"[VARCHAR2,200], SYS_OP_DESCEND("EFFDT")[RAW,12]
 314 - "A"."EMPLID"[VARCHAR2,44], "A"."NAME_TYPE"[VARCHAR2,12], "A"."NAME"[VARCHAR2,200], SYS_OP_DESCEND("EFFDT")[RAW,12]
 315 - "R".ROWID[ROWID,10], "R"."EMPLID"[VARCHAR2,44], "R"."GM_EY_APPRAISAL_ID"[NUMBER,22]
 316 - "R"."EMPL_RCD"[NUMBER,22], "R"."PERIOD_BEGIN_DT"[DATE,7], "R"."PERIOD_END_DT"[DATE,7], "R"."GM_EY_REVIEW_TYPE"[VARCHAR2,32], 
       "R"."GM_EY_TEMPLATE_ID"[VARCHAR2,32], "R"."GM_EY_REVIEWSTATUS"[VARCHAR2,16]
 317 - "X"."EMPLID"[VARCHAR2,44], "X"."GM_EY_APPRAISAL_ID"[NUMBER,22], "X"."RUN_STATUS_CD"[VARCHAR2,4], "X"."GM_EOPF_STATUS"[VARCHAR2,4], 
       "X"."RUN_DTTM"[TIMESTAMP,11]
 318 - (#keys=2) "X"."EMPLID"[VARCHAR2,44], "X"."GM_EY_APPRAISAL_ID"[NUMBER,22], "X"."RUN_STATUS_CD"[VARCHAR2,4], "X"."GM_EOPF_STATUS"[VARCHAR2,4], 
       "X"."RUN_DTTM"[TIMESTAMP,11]
 319 - (#keys=0; rowset=256) "X"."EMPLID"[VARCHAR2,44], "X"."GM_EY_APPRAISAL_ID"[NUMBER,22], "X"."RUN_STATUS_CD"[VARCHAR2,4], 
       "X"."GM_EOPF_STATUS"[VARCHAR2,4], "X"."RUN_DTTM"[TIMESTAMP,11]
 320 - "X"."EMPLID"[VARCHAR2,44], "X"."GM_EY_APPRAISAL_ID"[NUMBER,22], "X"."RUN_DTTM"[TIMESTAMP,11], "X"."GM_EOPF_STATUS"[VARCHAR2,4], 
       "X"."RUN_STATUS_CD"[VARCHAR2,4]
 321 - (#keys=0) "D"."GM_EOPF_STATUS"[VARCHAR2,4], "D"."RUN_STATUS_CD"[VARCHAR2,4], "D"."RUN_DTTM"[TIMESTAMP,11], "H"."EMPLID"[VARCHAR2,44], 
       "H"."GM_EY_APPRAISAL_ID"[NUMBER,22]
 322 - (#keys=0) "D"."GM_EOPF_STATUS"[VARCHAR2,4], "D"."RUN_STATUS_CD"[VARCHAR2,4], "D"."RUN_DTTM"[TIMESTAMP,11], "H".ROWID[ROWID,10]
 323 - (#keys=2) "D"."RUN_CNTL_ID"[VARCHAR2,120], "D"."GM_EOPF_STATUS"[VARCHAR2,4], "D"."RUN_STATUS_CD"[VARCHAR2,4], "D"."RUN_DTTM"[TIMESTAMP,11]
 324 - (rowset=256) "D"."RUN_CNTL_ID"[VARCHAR2,120], "D"."SEQNUM"[NUMBER,22], "D"."RUN_DTTM"[TIMESTAMP,11], "D"."GM_EOPF_STATUS"[VARCHAR2,4], 
       "D"."RUN_STATUS_CD"[VARCHAR2,4]
 325 - (rowset=256) "D"."RUN_CNTL_ID"[VARCHAR2,120], "D"."SEQNUM"[NUMBER,22], "D"."RUN_DTTM"[TIMESTAMP,11], "D"."GM_EOPF_STATUS"[VARCHAR2,4], 
       "D"."RUN_STATUS_CD"[VARCHAR2,4]
 326 - "MAX(D1.SEQNUM)"[NUMBER,22], "ITEM_21"[VARCHAR2,120]
 327 - (#keys=0) "MAX(D1.SEQNUM)"[NUMBER,22], "ITEM_21"[VARCHAR2,120]
 328 - (rowset=256) "MAX(D1.SEQNUM)"[NUMBER,22], "ITEM_21"[VARCHAR2,120]
 329 - (#keys=1; rowset=256) "D1"."RUN_CNTL_ID"[VARCHAR2,120], MAX()[22]
 330 - (rowset=256) "D1"."RUN_CNTL_ID"[VARCHAR2,120], SYS_OP_MSR()[26]
 331 - (#keys=1) "D1"."RUN_CNTL_ID"[VARCHAR2,120], SYS_OP_MSR()[26]
 332 - (#keys=1; rowset=256) "D1"."RUN_CNTL_ID"[VARCHAR2,120], SYS_OP_MSR()[26]
 333 - "D1"."RUN_CNTL_ID"[VARCHAR2,120], "D1"."SEQNUM"[NUMBER,22]
 334 - "D1"."RUN_CNTL_ID"[VARCHAR2,120], "D1"."SEQNUM"[NUMBER,22]
 335 - "H".ROWID[ROWID,10]
 336 - "H"."EMPLID"[VARCHAR2,44], "H"."GM_EY_APPRAISAL_ID"[NUMBER,22]
 337 - "Y".ROWID[ROWID,10]
 338 - "Y"."REVIEW_RATING"[VARCHAR2,4]
 339 - (#keys=0) 
 340 - (#keys=0) "EOD"."RUN_CNTL_ID"[VARCHAR2,120], "EOD"."SEQNUM"[NUMBER,22]
 341 - (#keys=0) "MAX(T1.DATETIME_STAMP)"[TIMESTAMP,11], "EOH"."RUN_CNTL_ID"[VARCHAR2,120]
 342 - "MAX(T1.DATETIME_STAMP)"[TIMESTAMP,11], "ITEM_23"[NUMBER,22]
 343 - (#keys=1) "T1"."GM_EY_APPRAISAL_ID"[NUMBER,22], MAX("T1"."DATETIME_STAMP")[11]
 344 - "T1"."GM_EY_APPRAISAL_ID"[NUMBER,22], "T1"."DATETIME_STAMP"[TIMESTAMP,11]
 345 - "EOH"."RUN_CNTL_ID"[VARCHAR2,120]
 346 - "EOH".ROWID[ROWID,10]
 347 - "EOD"."RUN_CNTL_ID"[VARCHAR2,120], "EOD"."SEQNUM"[NUMBER,22]
 348 - "EOD".ROWID[ROWID,10], "EOD"."RUN_CNTL_ID"[VARCHAR2,120], "EOD"."SEQNUM"[NUMBER,22]
 349 - "MAX(EOD1.SEQNUM)"[NUMBER,22]
 350 - MAX("EOD1"."SEQNUM")[22]
 351 - (#keys=0) COUNT(*)[22], MAX("EOD1"."SEQNUM")[22]
 352 - "EOD1"."SEQNUM"[NUMBER,22]
 
Hint Report (identified by operation id / Query Block Name / Object Alias):
Total hints for statement: 2 (U - Unused (1))
---------------------------------------------------------------------------
 
   0 -  STATEMENT
         U -  PARALLEL
           -  OPTIMIZER_FEATURES_ENABLE(default)
 
Note
-----
   - dynamic statistics used: dynamic sampling (level=5)
   - automatic DOP: Computed Degree of Parallelism is 2

5- Using Parallel Execution
---------------------------
Plan hash value: 2117118398

 
----------------------------------------------------------------------------------------------------------------------------------------------------------------
| Id  | Operation                                            | Name               | Rows  | Bytes |TempSpc| Cost (%CPU)| Time     |    TQ  |IN-OUT| PQ Distrib |
----------------------------------------------------------------------------------------------------------------------------------------------------------------
|   0 | SELECT STATEMENT                                     |                    |   261 | 64728 |       |   109K (43)| 00:00:05 |        |      |            |
|   1 |  PX COORDINATOR                                      |                    |       |       |       |            |          |        |      |            |
|   2 |   PX SEND QC (RANDOM)                                | :TQ10045           |   261 | 64728 |       |   109K (43)| 00:00:05 |  Q1,45 | P->S | QC (RAND)  |
|   3 |    VIEW                                              | PS_GM_EY_EOPFQLFYV |   261 | 64728 |       |   109K (43)| 00:00:05 |  Q1,45 | PCWP |            |
|   4 |     SORT UNIQUE                                      |                    |   261 |    34M|    35M|   109K  (1)| 00:00:05 |  Q1,45 | PCWP |            |
|   5 |      PX RECEIVE                                      |                    |       |       |       |            |          |  Q1,45 | PCWP |            |
|   6 |       PX SEND HASH                                   | :TQ10044           |       |       |       |            |          |  Q1,44 | P->P | HASH       |
|   7 |        BUFFER SORT                                   |                    |   261 | 64728 |       |            |          |  Q1,44 | PCWP |            |
|   8 |         UNION-ALL                                    |                    |       |       |       |            |          |  Q1,44 | PCWP |            |
|*  9 |          HASH JOIN RIGHT ANTI                        |                    |   116 | 24012 |       | 12443   (1)| 00:00:01 |  Q1,44 | PCWP |            |
|  10 |           PX RECEIVE                                 |                    |     1 |    13 |       |  4511   (1)| 00:00:01 |  Q1,44 | PCWP |            |
|  11 |            PX SEND HYBRID HASH                       | :TQ10036           |     1 |    13 |       |  4511   (1)| 00:00:01 |  Q1,36 | P->P | HYBRID HASH|
|  12 |             STATISTICS COLLECTOR                     |                    |       |       |       |            |          |  Q1,36 | PCWC |            |
|  13 |              BUFFER SORT                             |                    |   261 | 64728 |       |            |          |  Q1,36 | PCWP |            |
|  14 |               VIEW                                   | VW_NSO_4           |     1 |    13 |       |  4511   (1)| 00:00:01 |  Q1,36 | PCWP |            |
|  15 |                NESTED LOOPS                          |                    |     1 |   163 |       |  4511   (1)| 00:00:01 |  Q1,36 | PCWP |            |
|  16 |                 NESTED LOOPS                         |                    |     1 |   150 |       |  4509   (1)| 00:00:01 |  Q1,36 | PCWP |            |
|* 17 |                  HASH JOIN SEMI                      |                    |     1 |   115 |       |  4508   (1)| 00:00:01 |  Q1,36 | PCWP |            |
|  18 |                   PX BLOCK ITERATOR                  |                    |   254K|  9944K|       |  2451   (1)| 00:00:01 |  Q1,36 | PCWC |            |
|* 19 |                    TABLE ACCESS FULL                 | PS_GM_EOPF_DETAIL  |   254K|  9944K|       |  2451   (1)| 00:00:01 |  Q1,36 | PCWP |            |
|  20 |                   PX RECEIVE                         |                    |   334K|    23M|       |  2056   (1)| 00:00:01 |  Q1,36 | PCWP |            |
|  21 |                    PX SEND BROADCAST                 | :TQ10023           |   334K|    23M|       |  2056   (1)| 00:00:01 |  Q1,23 | P->P | BROADCAST  |
|  22 |                     VIEW                             | VW_SQ_2            |   334K|    23M|       |  2056   (1)| 00:00:01 |  Q1,23 | PCWP |            |
|  23 |                      HASH GROUP BY                   |                    |   334K|    10M|    13M|  2056   (1)| 00:00:01 |  Q1,23 | PCWP |            |
|  24 |                       PX RECEIVE                     |                    |   334K|    10M|       |  2056   (1)| 00:00:01 |  Q1,23 | PCWP |            |
|  25 |                        PX SEND HASH                  | :TQ10010           |   334K|    10M|       |  2056   (1)| 00:00:01 |  Q1,10 | P->P | HASH       |
|  26 |                         HASH GROUP BY                |                    |   334K|    10M|    13M|  2056   (1)| 00:00:01 |  Q1,10 | PCWP |            |
|  27 |                          PX BLOCK ITERATOR           |                    |   352K|    10M|       |   513   (1)| 00:00:01 |  Q1,10 | PCWC |            |
|  28 |                           INDEX FAST FULL SCAN       | PS_GM_EOPF_DETAIL  |   352K|    10M|       |   513   (1)| 00:00:01 |  Q1,10 | PCWP |            |
|* 29 |                  TABLE ACCESS BY INDEX ROWID         | PS_GM_EOPF_HEADER  |     1 |    35 |       |     1   (0)| 00:00:01 |  Q1,36 | PCWP |            |
|* 30 |                   INDEX UNIQUE SCAN                  | PS_GM_EOPF_HEADER  |     1 |       |       |     1   (0)| 00:00:01 |  Q1,36 | PCWP |            |
|* 31 |                 VIEW PUSHED PREDICATE                | VW_SQ_3            |     1 |    13 |       |     3   (0)| 00:00:01 |  Q1,36 | PCWP |            |
|* 32 |                  FILTER                              |                    |       |       |       |            |          |  Q1,36 | PCWP |            |
|  33 |                   SORT AGGREGATE                     |                    |     1 |    16 |       |            |          |  Q1,36 | PCWP |            |
|* 34 |                    INDEX RANGE SCAN                  | PS_GM_EY_TRACKING  |    12 |   192 |       |     3   (0)| 00:00:01 |  Q1,36 | PCWP |            |
|  35 |           PX RECEIVE                                 |                    |   116 | 22504 |       |  7932   (2)| 00:00:01 |  Q1,44 | PCWP |            |
|  36 |            PX SEND HYBRID HASH                       | :TQ10037           |   116 | 22504 |       |  7932   (2)| 00:00:01 |  Q1,37 | P->P | HYBRID HASH|
|* 37 |             HASH JOIN RIGHT OUTER BUFFERED           |                    |   116 | 22504 |       |  7932   (2)| 00:00:01 |  Q1,37 | PCWP |            |
|  38 |              PX RECEIVE                              |                    |     1 |    58 |       |  4509   (1)| 00:00:01 |  Q1,37 | PCWP |            |
|  39 |               PX SEND HYBRID HASH                    | :TQ10024           |     1 |    58 |       |  4509   (1)| 00:00:01 |  Q1,24 | P->P | HYBRID HASH|
|  40 |                STATISTICS COLLECTOR                  |                    |       |       |       |            |          |  Q1,24 | PCWC |            |
|  41 |                 BUFFER SORT                          |                    |   261 | 64728 |       |            |          |  Q1,24 | PCWP |            |
|  42 |                  VIEW                                | PS_GM_EOPF_H_D_VW  |     1 |    58 |       |  4509   (1)| 00:00:01 |  Q1,24 | PCWP |            |
|  43 |                   NESTED LOOPS                       |                    |     1 |   157 |       |  4509   (1)| 00:00:01 |  Q1,24 | PCWP |            |
|  44 |                    NESTED LOOPS                      |                    |     1 |   157 |       |  4509   (1)| 00:00:01 |  Q1,24 | PCWP |            |
|* 45 |                     HASH JOIN SEMI                   |                    |     1 |   116 |       |  4508   (1)| 00:00:01 |  Q1,24 | PCWP |            |
|  46 |                      PX BLOCK ITERATOR               |                    |   352K|    13M|       |  2450   (1)| 00:00:01 |  Q1,24 | PCWC |            |
|  47 |                       TABLE ACCESS FULL              | PS_GM_EOPF_DETAIL  |   352K|    13M|       |  2450   (1)| 00:00:01 |  Q1,24 | PCWP |            |
|  48 |                      PX RECEIVE                      |                    |   334K|    23M|       |  2056   (1)| 00:00:01 |  Q1,24 | PCWP |            |
|  49 |                       PX SEND BROADCAST              | :TQ10011           |   334K|    23M|       |  2056   (1)| 00:00:01 |  Q1,11 | P->P | BROADCAST  |
|  50 |                        VIEW                          | VW_SQ_1            |   334K|    23M|       |  2056   (1)| 00:00:01 |  Q1,11 | PCWP |            |
|  51 |                         HASH GROUP BY                |                    |   334K|    10M|    13M|  2056   (1)| 00:00:01 |  Q1,11 | PCWP |            |
|  52 |                          PX RECEIVE                  |                    |   334K|    10M|       |  2056   (1)| 00:00:01 |  Q1,11 | PCWP |            |
|  53 |                           PX SEND HASH               | :TQ10000           |   334K|    10M|       |  2056   (1)| 00:00:01 |  Q1,00 | P->P | HASH       |
|  54 |                            HASH GROUP BY             |                    |   334K|    10M|    13M|  2056   (1)| 00:00:01 |  Q1,00 | PCWP |            |
|  55 |                             PX BLOCK ITERATOR        |                    |   352K|    10M|       |   513   (1)| 00:00:01 |  Q1,00 | PCWC |            |
|  56 |                              INDEX FAST FULL SCAN    | PS_GM_EOPF_DETAIL  |   352K|    10M|       |   513   (1)| 00:00:01 |  Q1,00 | PCWP |            |
|* 57 |                     INDEX UNIQUE SCAN                | PS_GM_EOPF_HEADER  |     1 |       |       |     1   (0)| 00:00:01 |  Q1,24 | PCWP |            |
|* 58 |                    TABLE ACCESS BY INDEX ROWID       | PS_GM_EOPF_HEADER  |     1 |    41 |       |     1   (0)| 00:00:01 |  Q1,24 | PCWP |            |
|  59 |              PX RECEIVE                              |                    |   116 | 15776 |       |  3423   (3)| 00:00:01 |  Q1,37 | PCWP |            |
|  60 |               PX SEND HYBRID HASH                    | :TQ10025           |   116 | 15776 |       |  3423   (3)| 00:00:01 |  Q1,25 | P->P | HYBRID HASH|
|  61 |                NESTED LOOPS                          |                    |   116 | 15776 |       |  3423   (3)| 00:00:01 |  Q1,25 | PCWP |            |
|  62 |                 NESTED LOOPS                         |                    |   116 | 15776 |       |  3423   (3)| 00:00:01 |  Q1,25 | PCWP |            |
|  63 |                  NESTED LOOPS                        |                    |    99 | 12177 |       |  3258   (3)| 00:00:01 |  Q1,25 | PCWP |            |
|* 64 |                   HASH JOIN RIGHT SEMI               |                    |    82 |  6478 |       |  2873   (3)| 00:00:01 |  Q1,25 | PCWP |            |
|  65 |                    PX RECEIVE                        |                    | 56978 |  2281K|       |  1904   (5)| 00:00:01 |  Q1,25 | PCWP |            |
|  66 |                     PX SEND BROADCAST                | :TQ10012           | 56978 |  2281K|       |  1904   (5)| 00:00:01 |  Q1,12 | P->P | BROADCAST  |
|  67 |                      VIEW                            | VW_SQ_5            | 56978 |  2281K|       |  1904   (5)| 00:00:01 |  Q1,12 | PCWP |            |
|  68 |                       HASH GROUP BY                  |                    | 56978 |  1112K|    28M|  1904   (5)| 00:00:01 |  Q1,12 | PCWP |            |
|  69 |                        PX RECEIVE                    |                    | 56978 |  1112K|       |  1904   (5)| 00:00:01 |  Q1,12 | PCWP |            |
|  70 |                         PX SEND HASH                 | :TQ10001           | 56978 |  1112K|       |  1904   (5)| 00:00:01 |  Q1,01 | P->P | HASH       |
|  71 |                          HASH GROUP BY               |                    | 56978 |  1112K|    28M|  1904   (5)| 00:00:01 |  Q1,01 | PCWP |            |
|  72 |                           PX BLOCK ITERATOR          |                    |   929K|    17M|       |   669   (9)| 00:00:01 |  Q1,01 | PCWC |            |
|* 73 |                            INDEX FAST FULL SCAN      | PS_NAMES           |   929K|    17M|       |   669   (9)| 00:00:01 |  Q1,01 | PCWP |            |
|  74 |                    PX BLOCK ITERATOR                 |                    |   929K|    33M|       |   967   (1)| 00:00:01 |  Q1,25 | PCWC |            |
|* 75 |                     INDEX FAST FULL SCAN             | PS0NAMES           |   929K|    33M|       |   967   (1)| 00:00:01 |  Q1,25 | PCWP |            |
|* 76 |                   TABLE ACCESS BY INDEX ROWID BATCHED| PS_GM_EY_MAIN      |     1 |    44 |       |     8   (0)| 00:00:01 |  Q1,25 | PCWP |            |
|* 77 |                    INDEX RANGE SCAN                  | PS0GM_EY_MAIN      |    13 |       |       |     1   (0)| 00:00:01 |  Q1,25 | PCWP |            |
|* 78 |                  INDEX RANGE SCAN                    | PS_GM_EY_SECTION   |     1 |       |       |     1   (0)| 00:00:01 |  Q1,25 | PCWP |            |
|  79 |                 TABLE ACCESS BY INDEX ROWID          | PS_GM_EY_SECTION   |     1 |    13 |       |     2   (0)| 00:00:01 |  Q1,25 | PCWP |            |
|* 80 |          HASH JOIN RIGHT ANTI                        |                    |   136 | 28152 |       | 12470   (1)| 00:00:01 |  Q1,44 | PCWP |            |
|  81 |           PX RECEIVE                                 |                    |     1 |    13 |       |  4511   (1)| 00:00:01 |  Q1,44 | PCWP |            |
|  82 |            PX SEND HYBRID HASH                       | :TQ10038           |     1 |    13 |       |  4511   (1)| 00:00:01 |  Q1,38 | P->P | HYBRID HASH|
|  83 |             STATISTICS COLLECTOR                     |                    |       |       |       |            |          |  Q1,38 | PCWC |            |
|  84 |              BUFFER SORT                             |                    |   261 | 64728 |       |            |          |  Q1,38 | PCWP |            |
|  85 |               VIEW                                   | VW_NSO_9           |     1 |    13 |       |  4511   (1)| 00:00:01 |  Q1,38 | PCWP |            |
|  86 |                NESTED LOOPS                          |                    |     1 |   163 |       |  4511   (1)| 00:00:01 |  Q1,38 | PCWP |            |
|  87 |                 NESTED LOOPS                         |                    |     1 |   150 |       |  4509   (1)| 00:00:01 |  Q1,38 | PCWP |            |
|* 88 |                  HASH JOIN SEMI                      |                    |     1 |   115 |       |  4508   (1)| 00:00:01 |  Q1,38 | PCWP |            |
|  89 |                   PX BLOCK ITERATOR                  |                    |   254K|  9944K|       |  2451   (1)| 00:00:01 |  Q1,38 | PCWC |            |
|* 90 |                    TABLE ACCESS FULL                 | PS_GM_EOPF_DETAIL  |   254K|  9944K|       |  2451   (1)| 00:00:01 |  Q1,38 | PCWP |            |
|  91 |                   PX RECEIVE                         |                    |   334K|    23M|       |  2056   (1)| 00:00:01 |  Q1,38 | PCWP |            |
|  92 |                    PX SEND BROADCAST                 | :TQ10026           |   334K|    23M|       |  2056   (1)| 00:00:01 |  Q1,26 | P->P | BROADCAST  |
|  93 |                     VIEW                             | VW_SQ_7            |   334K|    23M|       |  2056   (1)| 00:00:01 |  Q1,26 | PCWP |            |
|  94 |                      HASH GROUP BY                   |                    |   334K|    10M|    13M|  2056   (1)| 00:00:01 |  Q1,26 | PCWP |            |
|  95 |                       PX RECEIVE                     |                    |   334K|    10M|       |  2056   (1)| 00:00:01 |  Q1,26 | PCWP |            |
|  96 |                        PX SEND HASH                  | :TQ10013           |   334K|    10M|       |  2056   (1)| 00:00:01 |  Q1,13 | P->P | HASH       |
|  97 |                         HASH GROUP BY                |                    |   334K|    10M|    13M|  2056   (1)| 00:00:01 |  Q1,13 | PCWP |            |
|  98 |                          PX BLOCK ITERATOR           |                    |   352K|    10M|       |   513   (1)| 00:00:01 |  Q1,13 | PCWC |            |
|  99 |                           INDEX FAST FULL SCAN       | PS_GM_EOPF_DETAIL  |   352K|    10M|       |   513   (1)| 00:00:01 |  Q1,13 | PCWP |            |
|*100 |                  TABLE ACCESS BY INDEX ROWID         | PS_GM_EOPF_HEADER  |     1 |    35 |       |     1   (0)| 00:00:01 |  Q1,38 | PCWP |            |
|*101 |                   INDEX UNIQUE SCAN                  | PS_GM_EOPF_HEADER  |     1 |       |       |     1   (0)| 00:00:01 |  Q1,38 | PCWP |            |
|*102 |                 VIEW PUSHED PREDICATE                | VW_SQ_8            |     1 |    13 |       |     3   (0)| 00:00:01 |  Q1,38 | PCWP |            |
|*103 |                  FILTER                              |                    |       |       |       |            |          |  Q1,38 | PCWP |            |
| 104 |                   SORT AGGREGATE                     |                    |     1 |    16 |       |            |          |  Q1,38 | PCWP |            |
|*105 |                    INDEX RANGE SCAN                  | PS_GM_EY_TRACKING  |    12 |   192 |       |     3   (0)| 00:00:01 |  Q1,38 | PCWP |            |
| 106 |           PX RECEIVE                                 |                    |   136 | 26384 |       |  7959   (2)| 00:00:01 |  Q1,44 | PCWP |            |
| 107 |            PX SEND HYBRID HASH                       | :TQ10039           |   136 | 26384 |       |  7959   (2)| 00:00:01 |  Q1,39 | P->P | HYBRID HASH|
|*108 |             HASH JOIN RIGHT OUTER BUFFERED           |                    |   136 | 26384 |       |  7959   (2)| 00:00:01 |  Q1,39 | PCWP |            |
| 109 |              PX RECEIVE                              |                    |     1 |    58 |       |  4509   (1)| 00:00:01 |  Q1,39 | PCWP |            |
| 110 |               PX SEND HYBRID HASH                    | :TQ10027           |     1 |    58 |       |  4509   (1)| 00:00:01 |  Q1,27 | P->P | HYBRID HASH|
| 111 |                STATISTICS COLLECTOR                  |                    |       |       |       |            |          |  Q1,27 | PCWC |            |
| 112 |                 BUFFER SORT                          |                    |   261 | 64728 |       |            |          |  Q1,27 | PCWP |            |
| 113 |                  VIEW                                | PS_GM_EOPF_H_D_VW  |     1 |    58 |       |  4509   (1)| 00:00:01 |  Q1,27 | PCWP |            |
| 114 |                   NESTED LOOPS                       |                    |     1 |   157 |       |  4509   (1)| 00:00:01 |  Q1,27 | PCWP |            |
| 115 |                    NESTED LOOPS                      |                    |     1 |   157 |       |  4509   (1)| 00:00:01 |  Q1,27 | PCWP |            |
|*116 |                     HASH JOIN SEMI                   |                    |     1 |   116 |       |  4508   (1)| 00:00:01 |  Q1,27 | PCWP |            |
| 117 |                      PX BLOCK ITERATOR               |                    |   352K|    13M|       |  2450   (1)| 00:00:01 |  Q1,27 | PCWC |            |
| 118 |                       TABLE ACCESS FULL              | PS_GM_EOPF_DETAIL  |   352K|    13M|       |  2450   (1)| 00:00:01 |  Q1,27 | PCWP |            |
| 119 |                      PX RECEIVE                      |                    |   334K|    23M|       |  2056   (1)| 00:00:01 |  Q1,27 | PCWP |            |
| 120 |                       PX SEND BROADCAST              | :TQ10014           |   334K|    23M|       |  2056   (1)| 00:00:01 |  Q1,14 | P->P | BROADCAST  |
| 121 |                        VIEW                          | VW_SQ_6            |   334K|    23M|       |  2056   (1)| 00:00:01 |  Q1,14 | PCWP |            |
| 122 |                         HASH GROUP BY                |                    |   334K|    10M|    13M|  2056   (1)| 00:00:01 |  Q1,14 | PCWP |            |
| 123 |                          PX RECEIVE                  |                    |   334K|    10M|       |  2056   (1)| 00:00:01 |  Q1,14 | PCWP |            |
| 124 |                           PX SEND HASH               | :TQ10002           |   334K|    10M|       |  2056   (1)| 00:00:01 |  Q1,02 | P->P | HASH       |
| 125 |                            HASH GROUP BY             |                    |   334K|    10M|    13M|  2056   (1)| 00:00:01 |  Q1,02 | PCWP |            |
| 126 |                             PX BLOCK ITERATOR        |                    |   352K|    10M|       |   513   (1)| 00:00:01 |  Q1,02 | PCWC |            |
| 127 |                              INDEX FAST FULL SCAN    | PS_GM_EOPF_DETAIL  |   352K|    10M|       |   513   (1)| 00:00:01 |  Q1,02 | PCWP |            |
|*128 |                     INDEX UNIQUE SCAN                | PS_GM_EOPF_HEADER  |     1 |       |       |     1   (0)| 00:00:01 |  Q1,27 | PCWP |            |
|*129 |                    TABLE ACCESS BY INDEX ROWID       | PS_GM_EOPF_HEADER  |     1 |    41 |       |     1   (0)| 00:00:01 |  Q1,27 | PCWP |            |
| 130 |              PX RECEIVE                              |                    |   136 | 18496 |       |  3450   (3)| 00:00:01 |  Q1,39 | PCWP |            |
| 131 |               PX SEND HYBRID HASH                    | :TQ10028           |   136 | 18496 |       |  3450   (3)| 00:00:01 |  Q1,28 | P->P | HYBRID HASH|
| 132 |                NESTED LOOPS                          |                    |   136 | 18496 |       |  3450   (3)| 00:00:01 |  Q1,28 | PCWP |            |
| 133 |                 NESTED LOOPS                         |                    |   136 | 18496 |       |  3450   (3)| 00:00:01 |  Q1,28 | PCWP |            |
| 134 |                  NESTED LOOPS                        |                    |   115 | 14145 |       |  3258   (3)| 00:00:01 |  Q1,28 | PCWP |            |
|*135 |                   HASH JOIN RIGHT SEMI               |                    |    82 |  6478 |       |  2873   (3)| 00:00:01 |  Q1,28 | PCWP |            |
| 136 |                    PX RECEIVE                        |                    | 56978 |  2281K|       |  1904   (5)| 00:00:01 |  Q1,28 | PCWP |            |
| 137 |                     PX SEND BROADCAST                | :TQ10015           | 56978 |  2281K|       |  1904   (5)| 00:00:01 |  Q1,15 | P->P | BROADCAST  |
| 138 |                      VIEW                            | VW_SQ_10           | 56978 |  2281K|       |  1904   (5)| 00:00:01 |  Q1,15 | PCWP |            |
| 139 |                       HASH GROUP BY                  |                    | 56978 |  1112K|    28M|  1904   (5)| 00:00:01 |  Q1,15 | PCWP |            |
| 140 |                        PX RECEIVE                    |                    | 56978 |  1112K|       |  1904   (5)| 00:00:01 |  Q1,15 | PCWP |            |
| 141 |                         PX SEND HASH                 | :TQ10003           | 56978 |  1112K|       |  1904   (5)| 00:00:01 |  Q1,03 | P->P | HASH       |
| 142 |                          HASH GROUP BY               |                    | 56978 |  1112K|    28M|  1904   (5)| 00:00:01 |  Q1,03 | PCWP |            |
| 143 |                           PX BLOCK ITERATOR          |                    |   929K|    17M|       |   669   (9)| 00:00:01 |  Q1,03 | PCWC |            |
|*144 |                            INDEX FAST FULL SCAN      | PS_NAMES           |   929K|    17M|       |   669   (9)| 00:00:01 |  Q1,03 | PCWP |            |
| 145 |                    PX BLOCK ITERATOR                 |                    |   929K|    33M|       |   967   (1)| 00:00:01 |  Q1,28 | PCWC |            |
|*146 |                     INDEX FAST FULL SCAN             | PS0NAMES           |   929K|    33M|       |   967   (1)| 00:00:01 |  Q1,28 | PCWP |            |
|*147 |                   TABLE ACCESS BY INDEX ROWID BATCHED| PS_GM_EY_MAIN      |     1 |    44 |       |     8   (0)| 00:00:01 |  Q1,28 | PCWP |            |
|*148 |                    INDEX RANGE SCAN                  | PS0GM_EY_MAIN      |    13 |       |       |     1   (0)| 00:00:01 |  Q1,28 | PCWP |            |
|*149 |                  INDEX RANGE SCAN                    | PS_GM_EY_SECTION   |     1 |       |       |     1   (0)| 00:00:01 |  Q1,28 | PCWP |            |
| 150 |                 TABLE ACCESS BY INDEX ROWID          | PS_GM_EY_SECTION   |     1 |    13 |       |     2   (0)| 00:00:01 |  Q1,28 | PCWP |            |
|*151 |          HASH JOIN ANTI                              |                    |     7 |  1449 |       | 12311   (1)| 00:00:01 |  Q1,44 | PCWP |            |
| 152 |           PX RECEIVE                                 |                    |     7 |  1358 |       |  7800   (2)| 00:00:01 |  Q1,44 | PCWP |            |
| 153 |            PX SEND HASH                              | :TQ10040           |     7 |  1358 |       |  7800   (2)| 00:00:01 |  Q1,40 | P->P | HASH       |
| 154 |             BUFFER SORT                              |                    |   261 | 64728 |       |            |          |  Q1,40 | PCWP |            |
| 155 |              NESTED LOOPS                            |                    |     7 |  1358 |       |  7800   (2)| 00:00:01 |  Q1,40 | PCWP |            |
| 156 |               NESTED LOOPS                           |                    |    20 |  1358 |       |  7800   (2)| 00:00:01 |  Q1,40 | PCWP |            |
|*157 |                HASH JOIN OUTER                       |                    |    20 |  3620 |       |  7767   (2)| 00:00:01 |  Q1,40 | PCWP |            |
| 158 |                 PX RECEIVE                           |                    |    20 |  2460 |       |  3258   (3)| 00:00:01 |  Q1,40 | PCWP |            |
| 159 |                  PX SEND HASH                        | :TQ10029           |    20 |  2460 |       |  3258   (3)| 00:00:01 |  Q1,29 | P->P | HASH       |
| 160 |                   NESTED LOOPS                       |                    |    20 |  2460 |       |  3258   (3)| 00:00:01 |  Q1,29 | PCWP |            |
| 161 |                    NESTED LOOPS                      |                    |  1066 |  2460 |       |  3258   (3)| 00:00:01 |  Q1,29 | PCWP |            |
|*162 |                     HASH JOIN RIGHT SEMI             |                    |    82 |  6478 |       |  2873   (3)| 00:00:01 |  Q1,29 | PCWP |            |
| 163 |                      PX RECEIVE                      |                    | 56978 |  2281K|       |  1904   (5)| 00:00:01 |  Q1,29 | PCWP |            |
| 164 |                       PX SEND BROADCAST              | :TQ10016           | 56978 |  2281K|       |  1904   (5)| 00:00:01 |  Q1,16 | P->P | BROADCAST  |
| 165 |                        VIEW                          | VW_SQ_15           | 56978 |  2281K|       |  1904   (5)| 00:00:01 |  Q1,16 | PCWP |            |
| 166 |                         HASH GROUP BY                |                    | 56978 |  1112K|    28M|  1904   (5)| 00:00:01 |  Q1,16 | PCWP |            |
| 167 |                          PX RECEIVE                  |                    | 56978 |  1112K|       |  1904   (5)| 00:00:01 |  Q1,16 | PCWP |            |
| 168 |                           PX SEND HASH               | :TQ10004           | 56978 |  1112K|       |  1904   (5)| 00:00:01 |  Q1,04 | P->P | HASH       |
| 169 |                            HASH GROUP BY             |                    | 56978 |  1112K|    28M|  1904   (5)| 00:00:01 |  Q1,04 | PCWP |            |
| 170 |                             PX BLOCK ITERATOR        |                    |   929K|    17M|       |   669   (9)| 00:00:01 |  Q1,04 | PCWC |            |
|*171 |                              INDEX FAST FULL SCAN    | PS_NAMES           |   929K|    17M|       |   669   (9)| 00:00:01 |  Q1,04 | PCWP |            |
| 172 |                      PX BLOCK ITERATOR               |                    |   929K|    33M|       |   967   (1)| 00:00:01 |  Q1,29 | PCWC |            |
|*173 |                       INDEX FAST FULL SCAN           | PS0NAMES           |   929K|    33M|       |   967   (1)| 00:00:01 |  Q1,29 | PCWP |            |
|*174 |                     INDEX RANGE SCAN                 | PS0GM_EY_MAIN      |    13 |       |       |     1   (0)| 00:00:01 |  Q1,29 | PCWP |            |
|*175 |                    TABLE ACCESS BY INDEX ROWID       | PS_GM_EY_MAIN      |     1 |    44 |       |     8   (0)| 00:00:01 |  Q1,29 | PCWP |            |
| 176 |                 PX RECEIVE                           |                    |     1 |    58 |       |  4509   (1)| 00:00:01 |  Q1,40 | PCWP |            |
| 177 |                  PX SEND HASH                        | :TQ10030           |     1 |    58 |       |  4509   (1)| 00:00:01 |  Q1,30 | P->P | HASH       |
| 178 |                   BUFFER SORT                        |                    |   261 | 64728 |       |            |          |  Q1,30 | PCWP |            |
| 179 |                    VIEW                              | PS_GM_EOPF_H_D_VW  |     1 |    58 |       |  4509   (1)| 00:00:01 |  Q1,30 | PCWP |            |
| 180 |                     NESTED LOOPS                     |                    |     1 |   157 |       |  4509   (1)| 00:00:01 |  Q1,30 | PCWP |            |
| 181 |                      NESTED LOOPS                    |                    |     1 |   157 |       |  4509   (1)| 00:00:01 |  Q1,30 | PCWP |            |
|*182 |                       HASH JOIN SEMI                 |                    |     1 |   116 |       |  4508   (1)| 00:00:01 |  Q1,30 | PCWP |            |
| 183 |                        PX BLOCK ITERATOR             |                    |   352K|    13M|       |  2450   (1)| 00:00:01 |  Q1,30 | PCWC |            |
| 184 |                         TABLE ACCESS FULL            | PS_GM_EOPF_DETAIL  |   352K|    13M|       |  2450   (1)| 00:00:01 |  Q1,30 | PCWP |            |
| 185 |                        PX RECEIVE                    |                    |   334K|    23M|       |  2056   (1)| 00:00:01 |  Q1,30 | PCWP |            |
| 186 |                         PX SEND BROADCAST            | :TQ10017           |   334K|    23M|       |  2056   (1)| 00:00:01 |  Q1,17 | P->P | BROADCAST  |
| 187 |                          VIEW                        | VW_SQ_11           |   334K|    23M|       |  2056   (1)| 00:00:01 |  Q1,17 | PCWP |            |
| 188 |                           HASH GROUP BY              |                    |   334K|    10M|    13M|  2056   (1)| 00:00:01 |  Q1,17 | PCWP |            |
| 189 |                            PX RECEIVE                |                    |   334K|    10M|       |  2056   (1)| 00:00:01 |  Q1,17 | PCWP |            |
| 190 |                             PX SEND HASH             | :TQ10005           |   334K|    10M|       |  2056   (1)| 00:00:01 |  Q1,05 | P->P | HASH       |
| 191 |                              HASH GROUP BY           |                    |   334K|    10M|    13M|  2056   (1)| 00:00:01 |  Q1,05 | PCWP |            |
| 192 |                               PX BLOCK ITERATOR      |                    |   352K|    10M|       |   513   (1)| 00:00:01 |  Q1,05 | PCWC |            |
| 193 |                                INDEX FAST FULL SCAN  | PS_GM_EOPF_DETAIL  |   352K|    10M|       |   513   (1)| 00:00:01 |  Q1,05 | PCWP |            |
|*194 |                       INDEX UNIQUE SCAN              | PS_GM_EOPF_HEADER  |     1 |       |       |     1   (0)| 00:00:01 |  Q1,30 | PCWP |            |
|*195 |                      TABLE ACCESS BY INDEX ROWID     | PS_GM_EOPF_HEADER  |     1 |    41 |       |     1   (0)| 00:00:01 |  Q1,30 | PCWP |            |
|*196 |                INDEX RANGE SCAN                      | PS_GM_EY_SECTION   |     1 |       |       |     1   (0)| 00:00:01 |  Q1,40 | PCWP |            |
| 197 |               TABLE ACCESS BY INDEX ROWID            | PS_GM_EY_SECTION   |     1 |    13 |       |     2   (0)| 00:00:01 |  Q1,40 | PCWP |            |
| 198 |           PX RECEIVE                                 |                    |     1 |    13 |       |  4511   (1)| 00:00:01 |  Q1,44 | PCWP |            |
| 199 |            PX SEND HASH                              | :TQ10041           |     1 |    13 |       |  4511   (1)| 00:00:01 |  Q1,41 | P->P | HASH       |
| 200 |             BUFFER SORT                              |                    |   261 | 64728 |       |            |          |  Q1,41 | PCWP |            |
| 201 |              VIEW                                    | VW_NSO_14          |     1 |    13 |       |  4511   (1)| 00:00:01 |  Q1,41 | PCWP |            |
| 202 |               NESTED LOOPS                           |                    |     1 |   163 |       |  4511   (1)| 00:00:01 |  Q1,41 | PCWP |            |
| 203 |                NESTED LOOPS                          |                    |     1 |   150 |       |  4509   (1)| 00:00:01 |  Q1,41 | PCWP |            |
|*204 |                 HASH JOIN SEMI                       |                    |     1 |   115 |       |  4508   (1)| 00:00:01 |  Q1,41 | PCWP |            |
| 205 |                  PX BLOCK ITERATOR                   |                    |   254K|  9944K|       |  2451   (1)| 00:00:01 |  Q1,41 | PCWC |            |
|*206 |                   TABLE ACCESS FULL                  | PS_GM_EOPF_DETAIL  |   254K|  9944K|       |  2451   (1)| 00:00:01 |  Q1,41 | PCWP |            |
| 207 |                  PX RECEIVE                          |                    |   334K|    23M|       |  2056   (1)| 00:00:01 |  Q1,41 | PCWP |            |
| 208 |                   PX SEND BROADCAST                  | :TQ10031           |   334K|    23M|       |  2056   (1)| 00:00:01 |  Q1,31 | P->P | BROADCAST  |
| 209 |                    VIEW                              | VW_SQ_12           |   334K|    23M|       |  2056   (1)| 00:00:01 |  Q1,31 | PCWP |            |
| 210 |                     HASH GROUP BY                    |                    |   334K|    10M|    13M|  2056   (1)| 00:00:01 |  Q1,31 | PCWP |            |
| 211 |                      PX RECEIVE                      |                    |   334K|    10M|       |  2056   (1)| 00:00:01 |  Q1,31 | PCWP |            |
| 212 |                       PX SEND HASH                   | :TQ10018           |   334K|    10M|       |  2056   (1)| 00:00:01 |  Q1,18 | P->P | HASH       |
| 213 |                        HASH GROUP BY                 |                    |   334K|    10M|    13M|  2056   (1)| 00:00:01 |  Q1,18 | PCWP |            |
| 214 |                         PX BLOCK ITERATOR            |                    |   352K|    10M|       |   513   (1)| 00:00:01 |  Q1,18 | PCWC |            |
| 215 |                          INDEX FAST FULL SCAN        | PS_GM_EOPF_DETAIL  |   352K|    10M|       |   513   (1)| 00:00:01 |  Q1,18 | PCWP |            |
|*216 |                 TABLE ACCESS BY INDEX ROWID          | PS_GM_EOPF_HEADER  |     1 |    35 |       |     1   (0)| 00:00:01 |  Q1,41 | PCWP |            |
|*217 |                  INDEX UNIQUE SCAN                   | PS_GM_EOPF_HEADER  |     1 |       |       |     1   (0)| 00:00:01 |  Q1,41 | PCWP |            |
|*218 |                VIEW PUSHED PREDICATE                 | VW_SQ_13           |     1 |    13 |       |     3   (0)| 00:00:01 |  Q1,41 | PCWP |            |
|*219 |                 FILTER                               |                    |       |       |       |            |          |  Q1,41 | PCWP |            |
| 220 |                  SORT AGGREGATE                      |                    |     1 |    16 |       |            |          |  Q1,41 | PCWP |            |
|*221 |                   INDEX RANGE SCAN                   | PS_GM_EY_TRACKING  |    12 |   192 |       |     3   (0)| 00:00:01 |  Q1,41 | PCWP |            |
|*222 |          FILTER                                      |                    |       |       |       |            |          |  Q1,44 | PCWP |            |
| 223 |           PX RECEIVE                                 |                    |     1 |   194 |       |  7769   (2)| 00:00:01 |  Q1,44 | PCWP |            |
| 224 |            PX SEND HASH                              | :TQ10042           |     1 |   194 |       |  7769   (2)| 00:00:01 |  Q1,42 | P->P | HASH       |
| 225 |             BUFFER SORT                              |                    |   261 | 64728 |       |            |          |  Q1,42 | PCWP |            |
| 226 |              NESTED LOOPS                            |                    |     1 |   194 |       |  7769   (2)| 00:00:01 |  Q1,42 | PCWP |            |
| 227 |               NESTED LOOPS                           |                    |     1 |   194 |       |  7769   (2)| 00:00:01 |  Q1,42 | PCWP |            |
|*228 |                HASH JOIN OUTER                       |                    |     1 |   181 |       |  7767   (2)| 00:00:01 |  Q1,42 | PCWP |            |
| 229 |                 PX RECEIVE                           |                    |     1 |   123 |       |  3258   (3)| 00:00:01 |  Q1,42 | PCWP |            |
| 230 |                  PX SEND HASH                        | :TQ10032           |     1 |   123 |       |  3258   (3)| 00:00:01 |  Q1,32 | P->P | HASH       |
| 231 |                   NESTED LOOPS                       |                    |     1 |   123 |       |  3258   (3)| 00:00:01 |  Q1,32 | PCWP |            |
| 232 |                    NESTED LOOPS                      |                    |  1066 |   123 |       |  3258   (3)| 00:00:01 |  Q1,32 | PCWP |            |
|*233 |                     HASH JOIN RIGHT SEMI             |                    |    82 |  6478 |       |  2873   (3)| 00:00:01 |  Q1,32 | PCWP |            |
| 234 |                      PX RECEIVE                      |                    | 56978 |  2281K|       |  1904   (5)| 00:00:01 |  Q1,32 | PCWP |            |
| 235 |                       PX SEND BROADCAST              | :TQ10019           | 56978 |  2281K|       |  1904   (5)| 00:00:01 |  Q1,19 | P->P | BROADCAST  |
| 236 |                        VIEW                          | VW_SQ_19           | 56978 |  2281K|       |  1904   (5)| 00:00:01 |  Q1,19 | PCWP |            |
| 237 |                         HASH GROUP BY                |                    | 56978 |  1112K|    28M|  1904   (5)| 00:00:01 |  Q1,19 | PCWP |            |
| 238 |                          PX RECEIVE                  |                    | 56978 |  1112K|       |  1904   (5)| 00:00:01 |  Q1,19 | PCWP |            |
| 239 |                           PX SEND HASH               | :TQ10006           | 56978 |  1112K|       |  1904   (5)| 00:00:01 |  Q1,06 | P->P | HASH       |
| 240 |                            HASH GROUP BY             |                    | 56978 |  1112K|    28M|  1904   (5)| 00:00:01 |  Q1,06 | PCWP |            |
| 241 |                             PX BLOCK ITERATOR        |                    |   929K|    17M|       |   669   (9)| 00:00:01 |  Q1,06 | PCWC |            |
|*242 |                              INDEX FAST FULL SCAN    | PS_NAMES           |   929K|    17M|       |   669   (9)| 00:00:01 |  Q1,06 | PCWP |            |
| 243 |                      PX BLOCK ITERATOR               |                    |   929K|    33M|       |   967   (1)| 00:00:01 |  Q1,32 | PCWC |            |
|*244 |                       INDEX FAST FULL SCAN           | PS0NAMES           |   929K|    33M|       |   967   (1)| 00:00:01 |  Q1,32 | PCWP |            |
|*245 |                     INDEX RANGE SCAN                 | PS0GM_EY_MAIN      |    13 |       |       |     1   (0)| 00:00:01 |  Q1,32 | PCWP |            |
|*246 |                    TABLE ACCESS BY INDEX ROWID       | PS_GM_EY_MAIN      |     1 |    44 |       |     8   (0)| 00:00:01 |  Q1,32 | PCWP |            |
| 247 |                 PX RECEIVE                           |                    |     1 |    58 |       |  4509   (1)| 00:00:01 |  Q1,42 | PCWP |            |
| 248 |                  PX SEND HASH                        | :TQ10033           |     1 |    58 |       |  4509   (1)| 00:00:01 |  Q1,33 | P->P | HASH       |
| 249 |                   BUFFER SORT                        |                    |   261 | 64728 |       |            |          |  Q1,33 | PCWP |            |
| 250 |                    VIEW                              | PS_GM_EOPF_H_D_VW  |     1 |    58 |       |  4509   (1)| 00:00:01 |  Q1,33 | PCWP |            |
| 251 |                     NESTED LOOPS                     |                    |     1 |   157 |       |  4509   (1)| 00:00:01 |  Q1,33 | PCWP |            |
| 252 |                      NESTED LOOPS                    |                    |     1 |   157 |       |  4509   (1)| 00:00:01 |  Q1,33 | PCWP |            |
|*253 |                       HASH JOIN SEMI                 |                    |     1 |   116 |       |  4508   (1)| 00:00:01 |  Q1,33 | PCWP |            |
| 254 |                        PX BLOCK ITERATOR             |                    |   352K|    13M|       |  2450   (1)| 00:00:01 |  Q1,33 | PCWC |            |
| 255 |                         TABLE ACCESS FULL            | PS_GM_EOPF_DETAIL  |   352K|    13M|       |  2450   (1)| 00:00:01 |  Q1,33 | PCWP |            |
| 256 |                        PX RECEIVE                    |                    |   334K|    23M|       |  2056   (1)| 00:00:01 |  Q1,33 | PCWP |            |
| 257 |                         PX SEND BROADCAST            | :TQ10020           |   334K|    23M|       |  2056   (1)| 00:00:01 |  Q1,20 | P->P | BROADCAST  |
| 258 |                          VIEW                        | VW_SQ_16           |   334K|    23M|       |  2056   (1)| 00:00:01 |  Q1,20 | PCWP |            |
| 259 |                           HASH GROUP BY              |                    |   334K|    10M|    13M|  2056   (1)| 00:00:01 |  Q1,20 | PCWP |            |
| 260 |                            PX RECEIVE                |                    |   334K|    10M|       |  2056   (1)| 00:00:01 |  Q1,20 | PCWP |            |
| 261 |                             PX SEND HASH             | :TQ10007           |   334K|    10M|       |  2056   (1)| 00:00:01 |  Q1,07 | P->P | HASH       |
| 262 |                              HASH GROUP BY           |                    |   334K|    10M|    13M|  2056   (1)| 00:00:01 |  Q1,07 | PCWP |            |
| 263 |                               PX BLOCK ITERATOR      |                    |   352K|    10M|       |   513   (1)| 00:00:01 |  Q1,07 | PCWC |            |
| 264 |                                INDEX FAST FULL SCAN  | PS_GM_EOPF_DETAIL  |   352K|    10M|       |   513   (1)| 00:00:01 |  Q1,07 | PCWP |            |
|*265 |                       INDEX UNIQUE SCAN              | PS_GM_EOPF_HEADER  |     1 |       |       |     1   (0)| 00:00:01 |  Q1,33 | PCWP |            |
|*266 |                      TABLE ACCESS BY INDEX ROWID     | PS_GM_EOPF_HEADER  |     1 |    41 |       |     1   (0)| 00:00:01 |  Q1,33 | PCWP |            |
|*267 |                INDEX RANGE SCAN                      | PS_GM_EY_SECTION   |     1 |       |       |     1   (0)| 00:00:01 |  Q1,42 | PCWP |            |
| 268 |               TABLE ACCESS BY INDEX ROWID            | PS_GM_EY_SECTION   |     1 |    13 |       |     2   (0)| 00:00:01 |  Q1,42 | PCWP |            |
| 269 |           NESTED LOOPS                               |                    |     1 |   101 |       |  1359   (1)| 00:00:01 |        |      |            |
| 270 |            NESTED LOOPS                              |                    |     1 |    88 |       |  1356   (1)| 00:00:01 |        |      |            |
| 271 |             NESTED LOOPS                             |                    |     1 |    48 |       |  1353   (1)| 00:00:01 |        |      |            |
|*272 |              TABLE ACCESS FULL                       | PS_GM_EOPF_HEADER  |     1 |    35 |       |  1350   (1)| 00:00:01 |        |      |            |
| 273 |              VIEW PUSHED PREDICATE                   | VW_SQ_18           |     1 |    13 |       |     3   (0)| 00:00:01 |        |      |            |
|*274 |               FILTER                                 |                    |       |       |       |            |          |        |      |            |
| 275 |                SORT AGGREGATE                        |                    |     1 |    16 |       |            |          |        |      |            |
|*276 |                 INDEX RANGE SCAN                     | PS_GM_EY_TRACKING  |    12 |   192 |       |     3   (0)| 00:00:01 |        |      |            |
|*277 |             TABLE ACCESS BY INDEX ROWID BATCHED      | PS_GM_EOPF_DETAIL  |     1 |    40 |       |     2   (0)| 00:00:01 |        |      |            |
|*278 |              INDEX RANGE SCAN                        | PS_GM_EOPF_DETAIL  |     1 |       |       |     1   (0)| 00:00:01 |        |      |            |
|*279 |            VIEW PUSHED PREDICATE                     | VW_SQ_17           |     1 |    13 |       |     3   (0)| 00:00:01 |        |      |            |
|*280 |             FILTER                                   |                    |       |       |       |            |          |        |      |            |
| 281 |              SORT AGGREGATE                          |                    |     1 |    32 |       |            |          |        |      |            |
|*282 |               INDEX RANGE SCAN                       | PS_GM_EOPF_DETAIL  |     1 |    32 |       |     3   (0)| 00:00:01 |        |      |            |
| 283 |          TABLE ACCESS BY INDEX ROWID BATCHED         | PS_GM_EY_SECTION   |     1 |    13 |       |     4   (0)| 00:00:01 |  Q1,44 | PCWP |            |
|*284 |           INDEX RANGE SCAN                           | PS_GM_EY_SECTION   |     1 |       |       |     3   (0)| 00:00:01 |  Q1,44 | PCWP |            |
|*285 |          FILTER                                      |                    |       |       |       |            |          |  Q1,44 | PCWP |            |
| 286 |           PX RECEIVE                                 |                    |     3 |   582 |       |  7772   (2)| 00:00:01 |  Q1,44 | PCWP |            |
| 287 |            PX SEND HASH                              | :TQ10043           |     3 |   582 |       |  7772   (2)| 00:00:01 |  Q1,43 | P->P | HASH       |
| 288 |             BUFFER SORT                              |                    |   261 | 64728 |       |            |          |  Q1,43 | PCWP |            |
| 289 |              NESTED LOOPS                            |                    |     3 |   582 |       |  7772   (2)| 00:00:01 |  Q1,43 | PCWP |            |
| 290 |               NESTED LOOPS                           |                    |     3 |   582 |       |  7772   (2)| 00:00:01 |  Q1,43 | PCWP |            |
|*291 |                HASH JOIN OUTER                       |                    |     3 |   543 |       |  7767   (2)| 00:00:01 |  Q1,43 | PCWP |            |
| 292 |                 PX RECEIVE                           |                    |     3 |   369 |       |  3258   (3)| 00:00:01 |  Q1,43 | PCWP |            |
| 293 |                  PX SEND HASH                        | :TQ10034           |     3 |   369 |       |  3258   (3)| 00:00:01 |  Q1,34 | P->P | HASH       |
| 294 |                   NESTED LOOPS                       |                    |     3 |   369 |       |  3258   (3)| 00:00:01 |  Q1,34 | PCWP |            |
| 295 |                    NESTED LOOPS                      |                    |  1066 |   369 |       |  3258   (3)| 00:00:01 |  Q1,34 | PCWP |            |
|*296 |                     HASH JOIN RIGHT SEMI             |                    |    82 |  6478 |       |  2873   (3)| 00:00:01 |  Q1,34 | PCWP |            |
| 297 |                      PX RECEIVE                      |                    | 56978 |  2281K|       |  1904   (5)| 00:00:01 |  Q1,34 | PCWP |            |
| 298 |                       PX SEND BROADCAST              | :TQ10021           | 56978 |  2281K|       |  1904   (5)| 00:00:01 |  Q1,21 | P->P | BROADCAST  |
| 299 |                        VIEW                          | VW_SQ_23           | 56978 |  2281K|       |  1904   (5)| 00:00:01 |  Q1,21 | PCWP |            |
| 300 |                         HASH GROUP BY                |                    | 56978 |  1112K|    28M|  1904   (5)| 00:00:01 |  Q1,21 | PCWP |            |
| 301 |                          PX RECEIVE                  |                    | 56978 |  1112K|       |  1904   (5)| 00:00:01 |  Q1,21 | PCWP |            |
| 302 |                           PX SEND HASH               | :TQ10008           | 56978 |  1112K|       |  1904   (5)| 00:00:01 |  Q1,08 | P->P | HASH       |
| 303 |                            HASH GROUP BY             |                    | 56978 |  1112K|    28M|  1904   (5)| 00:00:01 |  Q1,08 | PCWP |            |
| 304 |                             PX BLOCK ITERATOR        |                    |   929K|    17M|       |   669   (9)| 00:00:01 |  Q1,08 | PCWC |            |
|*305 |                              INDEX FAST FULL SCAN    | PS_NAMES           |   929K|    17M|       |   669   (9)| 00:00:01 |  Q1,08 | PCWP |            |
| 306 |                      PX BLOCK ITERATOR               |                    |   929K|    33M|       |   967   (1)| 00:00:01 |  Q1,34 | PCWC |            |
|*307 |                       INDEX FAST FULL SCAN           | PS0NAMES           |   929K|    33M|       |   967   (1)| 00:00:01 |  Q1,34 | PCWP |            |
|*308 |                     INDEX RANGE SCAN                 | PS0GM_EY_MAIN      |    13 |       |       |     1   (0)| 00:00:01 |  Q1,34 | PCWP |            |
|*309 |                    TABLE ACCESS BY INDEX ROWID       | PS_GM_EY_MAIN      |     1 |    44 |       |     8   (0)| 00:00:01 |  Q1,34 | PCWP |            |
| 310 |                 PX RECEIVE                           |                    |     1 |    58 |       |  4509   (1)| 00:00:01 |  Q1,43 | PCWP |            |
| 311 |                  PX SEND HASH                        | :TQ10035           |     1 |    58 |       |  4509   (1)| 00:00:01 |  Q1,35 | P->P | HASH       |
| 312 |                   BUFFER SORT                        |                    |   261 | 64728 |       |            |          |  Q1,35 | PCWP |            |
| 313 |                    VIEW                              | PS_GM_EOPF_H_D_VW  |     1 |    58 |       |  4509   (1)| 00:00:01 |  Q1,35 | PCWP |            |
| 314 |                     NESTED LOOPS                     |                    |     1 |   157 |       |  4509   (1)| 00:00:01 |  Q1,35 | PCWP |            |
| 315 |                      NESTED LOOPS                    |                    |     1 |   157 |       |  4509   (1)| 00:00:01 |  Q1,35 | PCWP |            |
|*316 |                       HASH JOIN SEMI                 |                    |     1 |   116 |       |  4508   (1)| 00:00:01 |  Q1,35 | PCWP |            |
| 317 |                        PX BLOCK ITERATOR             |                    |   352K|    13M|       |  2450   (1)| 00:00:01 |  Q1,35 | PCWC |            |
| 318 |                         TABLE ACCESS FULL            | PS_GM_EOPF_DETAIL  |   352K|    13M|       |  2450   (1)| 00:00:01 |  Q1,35 | PCWP |            |
| 319 |                        PX RECEIVE                    |                    |   334K|    23M|       |  2056   (1)| 00:00:01 |  Q1,35 | PCWP |            |
| 320 |                         PX SEND BROADCAST            | :TQ10022           |   334K|    23M|       |  2056   (1)| 00:00:01 |  Q1,22 | P->P | BROADCAST  |
| 321 |                          VIEW                        | VW_SQ_20           |   334K|    23M|       |  2056   (1)| 00:00:01 |  Q1,22 | PCWP |            |
| 322 |                           HASH GROUP BY              |                    |   334K|    10M|    13M|  2056   (1)| 00:00:01 |  Q1,22 | PCWP |            |
| 323 |                            PX RECEIVE                |                    |   334K|    10M|       |  2056   (1)| 00:00:01 |  Q1,22 | PCWP |            |
| 324 |                             PX SEND HASH             | :TQ10009           |   334K|    10M|       |  2056   (1)| 00:00:01 |  Q1,09 | P->P | HASH       |
| 325 |                              HASH GROUP BY           |                    |   334K|    10M|    13M|  2056   (1)| 00:00:01 |  Q1,09 | PCWP |            |
| 326 |                               PX BLOCK ITERATOR      |                    |   352K|    10M|       |   513   (1)| 00:00:01 |  Q1,09 | PCWC |            |
| 327 |                                INDEX FAST FULL SCAN  | PS_GM_EOPF_DETAIL  |   352K|    10M|       |   513   (1)| 00:00:01 |  Q1,09 | PCWP |            |
|*328 |                       INDEX UNIQUE SCAN              | PS_GM_EOPF_HEADER  |     1 |       |       |     1   (0)| 00:00:01 |  Q1,35 | PCWP |            |
|*329 |                      TABLE ACCESS BY INDEX ROWID     | PS_GM_EOPF_HEADER  |     1 |    41 |       |     1   (0)| 00:00:01 |  Q1,35 | PCWP |            |
|*330 |                INDEX RANGE SCAN                      | PS_GM_EY_SECTION   |     1 |       |       |     1   (0)| 00:00:01 |  Q1,43 | PCWP |            |
| 331 |               TABLE ACCESS BY INDEX ROWID            | PS_GM_EY_SECTION   |     1 |    13 |       |     2   (0)| 00:00:01 |  Q1,43 | PCWP |            |
| 332 |           NESTED LOOPS                               |                    |     1 |   101 |       |  1359   (1)| 00:00:01 |        |      |            |
| 333 |            NESTED LOOPS                              |                    |     1 |    88 |       |  1356   (1)| 00:00:01 |        |      |            |
| 334 |             NESTED LOOPS                             |                    |     1 |    48 |       |  1353   (1)| 00:00:01 |        |      |            |
|*335 |              TABLE ACCESS FULL                       | PS_GM_EOPF_HEADER  |     1 |    35 |       |  1350   (1)| 00:00:01 |        |      |            |
| 336 |              VIEW PUSHED PREDICATE                   | VW_SQ_22           |     1 |    13 |       |     3   (0)| 00:00:01 |        |      |            |
|*337 |               FILTER                                 |                    |       |       |       |            |          |        |      |            |
| 338 |                SORT AGGREGATE                        |                    |     1 |    16 |       |            |          |        |      |            |
|*339 |                 INDEX RANGE SCAN                     | PS_GM_EY_TRACKING  |    12 |   192 |       |     3   (0)| 00:00:01 |        |      |            |
|*340 |             TABLE ACCESS BY INDEX ROWID BATCHED      | PS_GM_EOPF_DETAIL  |     1 |    40 |       |     2   (0)| 00:00:01 |        |      |            |
|*341 |              INDEX RANGE SCAN                        | PS_GM_EOPF_DETAIL  |     1 |       |       |     1   (0)| 00:00:01 |        |      |            |
|*342 |            VIEW PUSHED PREDICATE                     | VW_SQ_21           |     1 |    13 |       |     3   (0)| 00:00:01 |        |      |            |
|*343 |             FILTER                                   |                    |       |       |       |            |          |        |      |            |
| 344 |              SORT AGGREGATE                          |                    |     1 |    32 |       |            |          |        |      |            |
|*345 |               INDEX RANGE SCAN                       | PS_GM_EOPF_DETAIL  |     1 |    32 |       |     3   (0)| 00:00:01 |        |      |            |
----------------------------------------------------------------------------------------------------------------------------------------------------------------
 
Query Block Name / Object Alias (identified by operation id):
-------------------------------------------------------------
 
   1 - SEL$1       
   3 - SET$1        / PS_GM_EY_EOPFQLFYV@SEL$1
   4 - SET$1       
   9 - SEL$C2C0C3BB
  14 - SEL$54218ACE / VW_NSO_4@SEL$76E18DF5
  15 - SEL$54218ACE
  19 - SEL$54218ACE / EOD@SEL$7
  22 - SEL$3512B053 / VW_SQ_2@SEL$23A33D4B
  23 - SEL$3512B053
  28 - SEL$3512B053 / EOD1@SEL$8
  29 - SEL$54218ACE / EOH@SEL$7
  30 - SEL$54218ACE / EOH@SEL$7
  31 - SEL$08194324 / VW_SQ_3@SEL$92C6EDD7
  32 - SEL$08194324
  34 - SEL$08194324 / T1@SEL$9
  42 - SEL$0CEE953B / X@SEL$2
  43 - SEL$0CEE953B
  47 - SEL$0CEE953B / D@SEL$3
  50 - SEL$8F9407EC / VW_SQ_1@SEL$2F12090E
  51 - SEL$8F9407EC
  56 - SEL$8F9407EC / D1@SEL$4
  57 - SEL$0CEE953B / H@SEL$3
  58 - SEL$0CEE953B / H@SEL$3
  67 - SEL$CE1D94FA / VW_SQ_5@SEL$76E18DF5
  68 - SEL$CE1D94FA
  73 - SEL$CE1D94FA / B@SEL$6
  75 - SEL$C2C0C3BB / A@SEL$5
  76 - SEL$C2C0C3BB / R@SEL$2
  77 - SEL$C2C0C3BB / R@SEL$2
  78 - SEL$C2C0C3BB / Y@SEL$2
  79 - SEL$C2C0C3BB / Y@SEL$2
  80 - SEL$0EFE93E2
  85 - SEL$D069178F / VW_NSO_9@SEL$45C01FEC
  86 - SEL$D069178F
  90 - SEL$D069178F / EOD@SEL$15
  93 - SEL$F42BAC74 / VW_SQ_7@SEL$1F1F502B
  94 - SEL$F42BAC74
  99 - SEL$F42BAC74 / EOD1@SEL$16
 100 - SEL$D069178F / EOH@SEL$15
 101 - SEL$D069178F / EOH@SEL$15
 102 - SEL$BEFB988E / VW_SQ_8@SEL$A88D7EA9
 103 - SEL$BEFB988E
 105 - SEL$BEFB988E / T1@SEL$17
 113 - SEL$E6A22765 / X@SEL$10
 114 - SEL$E6A22765
 118 - SEL$E6A22765 / D@SEL$11
 121 - SEL$32487103 / VW_SQ_6@SEL$ACC926E7
 122 - SEL$32487103
 127 - SEL$32487103 / D1@SEL$12
 128 - SEL$E6A22765 / H@SEL$11
 129 - SEL$E6A22765 / H@SEL$11
 138 - SEL$AD4650EE / VW_SQ_10@SEL$45C01FEC
 139 - SEL$AD4650EE
 144 - SEL$AD4650EE / B@SEL$14
 146 - SEL$0EFE93E2 / A@SEL$13
 147 - SEL$0EFE93E2 / R@SEL$10
 148 - SEL$0EFE93E2 / R@SEL$10
 149 - SEL$0EFE93E2 / Y@SEL$10
 150 - SEL$0EFE93E2 / Y@SEL$10
 151 - SEL$76E9B815
 165 - SEL$8D62E341 / VW_SQ_15@SEL$45BA535B
 166 - SEL$8D62E341
 171 - SEL$8D62E341 / B@SEL$22
 173 - SEL$76E9B815 / A@SEL$21
 174 - SEL$76E9B815 / R@SEL$18
 175 - SEL$76E9B815 / R@SEL$18
 179 - SEL$2FE1CE8E / X@SEL$18
 180 - SEL$2FE1CE8E
 184 - SEL$2FE1CE8E / D@SEL$19
 187 - SEL$A5A27A5E / VW_SQ_11@SEL$ABE7439A
 188 - SEL$A5A27A5E
 193 - SEL$A5A27A5E / D1@SEL$20
 194 - SEL$2FE1CE8E / H@SEL$19
 195 - SEL$2FE1CE8E / H@SEL$19
 196 - SEL$76E9B815 / Y@SEL$18
 197 - SEL$76E9B815 / Y@SEL$18
 201 - SEL$4BDAC454 / VW_NSO_14@SEL$45BA535B
 202 - SEL$4BDAC454
 206 - SEL$4BDAC454 / EOD@SEL$23
 209 - SEL$224F4316 / VW_SQ_12@SEL$BF048A0E
 210 - SEL$224F4316
 215 - SEL$224F4316 / EOD1@SEL$24
 216 - SEL$4BDAC454 / EOH@SEL$23
 217 - SEL$4BDAC454 / EOH@SEL$23
 218 - SEL$B8BB9694 / VW_SQ_13@SEL$26CD1B70
 219 - SEL$B8BB9694
 221 - SEL$B8BB9694 / T1@SEL$25
 222 - SEL$6EEDCEC9
 236 - SEL$0716AA8A / VW_SQ_19@SEL$37259D26
 237 - SEL$0716AA8A
 242 - SEL$0716AA8A / B@SEL$30
 244 - SEL$6EEDCEC9 / A@SEL$29
 245 - SEL$6EEDCEC9 / R@SEL$26
 246 - SEL$6EEDCEC9 / R@SEL$26
 250 - SEL$8B57B9B5 / X@SEL$26
 251 - SEL$8B57B9B5
 255 - SEL$8B57B9B5 / D@SEL$27
 258 - SEL$388B6510 / VW_SQ_16@SEL$CEA746A7
 259 - SEL$388B6510
 264 - SEL$388B6510 / D1@SEL$28
 265 - SEL$8B57B9B5 / H@SEL$27
 266 - SEL$8B57B9B5 / H@SEL$27
 267 - SEL$6EEDCEC9 / Y@SEL$26
 268 - SEL$6EEDCEC9 / Y@SEL$26
 269 - SEL$1846BB60
 272 - SEL$1846BB60 / EOH@SEL$31
 273 - SEL$7E2F2FDB / VW_SQ_18@SEL$B293E677
 274 - SEL$7E2F2FDB
 276 - SEL$7E2F2FDB / T1@SEL$33
 277 - SEL$1846BB60 / EOD@SEL$31
 278 - SEL$1846BB60 / EOD@SEL$31
 279 - SEL$984848D6 / VW_SQ_17@SEL$922565F1
 280 - SEL$984848D6
 282 - SEL$984848D6 / EOD1@SEL$32
 283 - SEL$35       / XX@SEL$35
 284 - SEL$35       / XX@SEL$35
 285 - SEL$5B6E65D5
 299 - SEL$CB2504CB / VW_SQ_23@SEL$805D0274
 300 - SEL$CB2504CB
 305 - SEL$CB2504CB / B@SEL$39
 307 - SEL$5B6E65D5 / A@SEL$38
 308 - SEL$5B6E65D5 / R@SEL$34
 309 - SEL$5B6E65D5 / R@SEL$34
 313 - SEL$7DA3F960 / X@SEL$34
 314 - SEL$7DA3F960
 318 - SEL$7DA3F960 / D@SEL$36
 321 - SEL$ECB20165 / VW_SQ_20@SEL$412B809B
 322 - SEL$ECB20165
 327 - SEL$ECB20165 / D1@SEL$37
 328 - SEL$7DA3F960 / H@SEL$36
 329 - SEL$7DA3F960 / H@SEL$36
 330 - SEL$5B6E65D5 / Y@SEL$34
 331 - SEL$5B6E65D5 / Y@SEL$34
 332 - SEL$B63508D4
 335 - SEL$B63508D4 / EOH@SEL$40
 336 - SEL$B647C867 / VW_SQ_22@SEL$E7928014
 337 - SEL$B647C867
 339 - SEL$B647C867 / T1@SEL$42
 340 - SEL$B63508D4 / EOD@SEL$40
 341 - SEL$B63508D4 / EOD@SEL$40
 342 - SEL$943B58AF / VW_SQ_21@SEL$122D1D78
 343 - SEL$943B58AF
 345 - SEL$943B58AF / EOD1@SEL$41
 
Predicate Information (identified by operation id):
---------------------------------------------------
 
   9 - access("R"."GM_EY_APPRAISAL_ID"="GM_EY_APPRAISAL_ID")
  17 - access("EOD"."SEQNUM"="MAX(EOD1.SEQNUM)" AND "ITEM_2"="EOD"."RUN_CNTL_ID")
  19 - filter("EOD"."RUN_STATUS_CD"='C' OR "EOD"."RUN_STATUS_CD"='I' OR "EOD"."RUN_STATUS_CD"='N')
  29 - filter("EOH"."GM_EOPF_SOURCE"='E')
  30 - access("EOH"."RUN_CNTL_ID"="EOD"."RUN_CNTL_ID")
  31 - filter("EOD"."RUN_DTTM">"MAX(T1.DATETIME_STAMP)")
  32 - filter(COUNT(*)>0)
  34 - access("T1"."GM_EY_APPRAISAL_ID"="EOH"."GM_EY_APPRAISAL_ID")
  37 - access("X"."EMPLID"(+)="R"."EMPLID" AND "X"."GM_EY_APPRAISAL_ID"(+)="R"."GM_EY_APPRAISAL_ID")
  45 - access("D"."SEQNUM"="MAX(D1.SEQNUM)" AND "ITEM_1"="D"."RUN_CNTL_ID")
  57 - access("H"."RUN_CNTL_ID"="D"."RUN_CNTL_ID")
  58 - filter("H"."GM_EOPF_SOURCE"='E')
  64 - access(SYS_OP_UNDESCEND(SYS_OP_DESCEND("EFFDT"))="MAX(B.EFFDT)" AND SYS_OP_DESCEND("EFFDT")=SYS_OP_DESCEND("MAX(B.EFFDT)") AND 
              "ITEM_4"="A"."EMPLID" AND "ITEM_5"="A"."NAME_TYPE")
  73 - filter("B"."NAME_TYPE"='PRI' AND SYS_OP_UNDESCEND(SYS_OP_DESCEND("EFFDT"))<=TO_DATE(TO_CHAR(SYSDATE@!,'YYYY-MM-DD'),'YYYY-MM-DD'))
  75 - filter("A"."NAME_TYPE"='PRI')
  76 - filter("R"."GM_EY_REVIEWSTATUS"='PYEA' AND "R"."GM_EY_TEMPLATE_ID" LIKE 'DS-7644%')
  77 - access("R"."EMPLID"="A"."EMPLID")
  78 - access("Y"."GM_EY_APPRAISAL_ID"="R"."GM_EY_APPRAISAL_ID" AND "Y"."GM_EY_SECTION_TYPE"='C118')
       filter("Y"."GM_EY_SECTION_TYPE"='C118')
  80 - access("R"."GM_EY_APPRAISAL_ID"="GM_EY_APPRAISAL_ID")
  88 - access("EOD"."SEQNUM"="MAX(EOD1.SEQNUM)" AND "ITEM_7"="EOD"."RUN_CNTL_ID")
  90 - filter("EOD"."RUN_STATUS_CD"='C' OR "EOD"."RUN_STATUS_CD"='I' OR "EOD"."RUN_STATUS_CD"='N')
 100 - filter("EOH"."GM_EOPF_SOURCE"='E')
 101 - access("EOH"."RUN_CNTL_ID"="EOD"."RUN_CNTL_ID")
 102 - filter("EOD"."RUN_DTTM">"MAX(T1.DATETIME_STAMP)")
 103 - filter(COUNT(*)>0)
 105 - access("T1"."GM_EY_APPRAISAL_ID"="EOH"."GM_EY_APPRAISAL_ID")
 108 - access("X"."EMPLID"(+)="R"."EMPLID" AND "X"."GM_EY_APPRAISAL_ID"(+)="R"."GM_EY_APPRAISAL_ID")
 116 - access("D"."SEQNUM"="MAX(D1.SEQNUM)" AND "ITEM_6"="D"."RUN_CNTL_ID")
 128 - access("H"."RUN_CNTL_ID"="D"."RUN_CNTL_ID")
 129 - filter("H"."GM_EOPF_SOURCE"='E')
 135 - access(SYS_OP_UNDESCEND(SYS_OP_DESCEND("EFFDT"))="MAX(B.EFFDT)" AND SYS_OP_DESCEND("EFFDT")=SYS_OP_DESCEND("MAX(B.EFFDT)") AND 
              "ITEM_9"="A"."EMPLID" AND "ITEM_10"="A"."NAME_TYPE")
 144 - filter("B"."NAME_TYPE"='PRI' AND SYS_OP_UNDESCEND(SYS_OP_DESCEND("EFFDT"))<=TO_DATE(TO_CHAR(SYSDATE@!,'YYYY-MM-DD'),'YYYY-MM-DD'))
 146 - filter("A"."NAME_TYPE"='PRI')
 147 - filter("R"."GM_EY_REVIEWSTATUS"='PYEA' AND "R"."GM_EY_TEMPLATE_ID"='DS-5055')
 148 - access("R"."EMPLID"="A"."EMPLID")
 149 - access("Y"."GM_EY_APPRAISAL_ID"="R"."GM_EY_APPRAISAL_ID" AND "Y"."GM_EY_SECTION_TYPE"='FS109')
       filter("Y"."GM_EY_SECTION_TYPE"='FS109')
 151 - access("R"."GM_EY_APPRAISAL_ID"="GM_EY_APPRAISAL_ID")
 157 - access("X"."EMPLID"(+)="R"."EMPLID" AND "X"."GM_EY_APPRAISAL_ID"(+)="R"."GM_EY_APPRAISAL_ID")
 162 - access(SYS_OP_UNDESCEND(SYS_OP_DESCEND("EFFDT"))="MAX(B.EFFDT)" AND SYS_OP_DESCEND("EFFDT")=SYS_OP_DESCEND("MAX(B.EFFDT)") AND 
              "ITEM_14"="A"."EMPLID" AND "ITEM_15"="A"."NAME_TYPE")
 171 - filter("B"."NAME_TYPE"='PRI' AND SYS_OP_UNDESCEND(SYS_OP_DESCEND("EFFDT"))<=TO_DATE(TO_CHAR(SYSDATE@!,'YYYY-MM-DD'),'YYYY-MM-DD'))
 173 - filter("A"."NAME_TYPE"='PRI')
 174 - access("R"."EMPLID"="A"."EMPLID")
 175 - filter("R"."GM_EY_REVIEWSTATUS"='PYEA' AND "R"."GM_EY_TEMPLATE_ID"='DS-1829')
 182 - access("D"."SEQNUM"="MAX(D1.SEQNUM)" AND "ITEM_11"="D"."RUN_CNTL_ID")
 194 - access("H"."RUN_CNTL_ID"="D"."RUN_CNTL_ID")
 195 - filter("H"."GM_EOPF_SOURCE"='E')
 196 - access("Y"."GM_EY_APPRAISAL_ID"="R"."GM_EY_APPRAISAL_ID" AND "Y"."GM_EY_SECTION_TYPE"='FS109')
       filter("Y"."GM_EY_SECTION_TYPE"='FS109')
 204 - access("EOD"."SEQNUM"="MAX(EOD1.SEQNUM)" AND "ITEM_12"="EOD"."RUN_CNTL_ID")
 206 - filter("EOD"."RUN_STATUS_CD"='C' OR "EOD"."RUN_STATUS_CD"='I' OR "EOD"."RUN_STATUS_CD"='N')
 216 - filter("EOH"."GM_EOPF_SOURCE"='E')
 217 - access("EOH"."RUN_CNTL_ID"="EOD"."RUN_CNTL_ID")
 218 - filter("EOD"."RUN_DTTM">"MAX(T1.DATETIME_STAMP)")
 219 - filter(COUNT(*)>0)
 221 - access("T1"."GM_EY_APPRAISAL_ID"="EOH"."GM_EY_APPRAISAL_ID")
 222 - filter( NOT EXISTS (SELECT /*+ OPT_ESTIMATE (@"SEL$31" JOIN ("EOD"@"SEL$31" "EOH"@"SEL$31") SCALE_ROWS=278130.913900 ) OPT_ESTIMATE (@"SEL$31" 
              TABLE "EOH"@"SEL$31" SCALE_ROWS=2.181046 ) */ 0 FROM "SYSADM"."PS_GM_EOPF_DETAIL" "EOD","SYSADM"."PS_GM_EOPF_HEADER" "EOH", (SELECT 
              MAX("EOD1"."SEQNUM") "MAX(EOD1.SEQNUM)" FROM "SYSADM"."PS_GM_EOPF_DETAIL" "EOD1" WHERE "EOD1"."RUN_CNTL_ID"="EOD"."RUN_CNTL_ID" HAVING COUNT(*)>0) 
              "VW_SQ_17", (SELECT MAX("T1"."DATETIME_STAMP") "MAX(T1.DATETIME_STAMP)" FROM "SYSADM"."PS_GM_EY_TRACKING" "T1" WHERE 
              "T1"."GM_EY_APPRAISAL_ID"="EOH"."GM_EY_APPRAISAL_ID" HAVING COUNT(*)>0) "VW_SQ_18" WHERE "EOD"."SEQNUM"="MAX(EOD1.SEQNUM)" AND 
              "EOH"."GM_EY_APPRAISAL_ID"=:B1 AND "EOH"."GM_EOPF_SOURCE"='E' AND "EOH"."RUN_CNTL_ID"="EOD"."RUN_CNTL_ID" AND "EOD"."RUN_DTTM">"MAX(T1.DATETIME_STAMP)" 
              AND ("EOD"."RUN_STATUS_CD"='C' OR "EOD"."RUN_STATUS_CD"='I' OR "EOD"."RUN_STATUS_CD"='N')))
 228 - access("X"."EMPLID"(+)="R"."EMPLID" AND "X"."GM_EY_APPRAISAL_ID"(+)="R"."GM_EY_APPRAISAL_ID")
 233 - access(SYS_OP_UNDESCEND(SYS_OP_DESCEND("EFFDT"))="MAX(B.EFFDT)" AND SYS_OP_DESCEND("EFFDT")=SYS_OP_DESCEND("MAX(B.EFFDT)") AND 
              "ITEM_19"="A"."EMPLID" AND "ITEM_20"="A"."NAME_TYPE")
 242 - filter("B"."NAME_TYPE"='PRI' AND SYS_OP_UNDESCEND(SYS_OP_DESCEND("EFFDT"))<=TO_DATE(TO_CHAR(SYSDATE@!,'YYYY-MM-DD'),'YYYY-MM-DD'))
 244 - filter("A"."NAME_TYPE"='PRI')
 245 - access("R"."EMPLID"="A"."EMPLID")
 246 - filter("R"."GM_EY_REVIEWSTATUS"='PYEA' AND "R"."GM_EY_TEMPLATE_ID"='DS-1811')
 253 - access("D"."SEQNUM"="MAX(D1.SEQNUM)" AND "ITEM_16"="D"."RUN_CNTL_ID")
 265 - access("H"."RUN_CNTL_ID"="D"."RUN_CNTL_ID")
 266 - filter("H"."GM_EOPF_SOURCE"='E')
 267 - access("Y"."GM_EY_APPRAISAL_ID"="R"."GM_EY_APPRAISAL_ID" AND "Y"."GM_EY_SECTION_TYPE"='S102')
       filter("Y"."GM_EY_SECTION_TYPE"='S102')
 272 - filter("EOH"."GM_EY_APPRAISAL_ID"=:B1 AND "EOH"."GM_EOPF_SOURCE"='E')
 274 - filter(COUNT(*)>0)
 276 - access("T1"."GM_EY_APPRAISAL_ID"="EOH"."GM_EY_APPRAISAL_ID")
 277 - filter("EOD"."RUN_DTTM">"MAX(T1.DATETIME_STAMP)" AND ("EOD"."RUN_STATUS_CD"='C' OR "EOD"."RUN_STATUS_CD"='I' OR "EOD"."RUN_STATUS_CD"='N'))
 278 - access("EOH"."RUN_CNTL_ID"="EOD"."RUN_CNTL_ID")
 279 - filter("EOD"."SEQNUM"="MAX(EOD1.SEQNUM)")
 280 - filter(COUNT(*)>0)
 282 - access("EOD1"."RUN_CNTL_ID"="EOD"."RUN_CNTL_ID")
 284 - access("XX"."GM_EY_APPRAISAL_ID"=:B1 AND "XX"."GM_EY_SECTION_TYPE"='S102')
       filter("XX"."GM_EY_SECTION_TYPE"='S102')
 285 - filter( NOT EXISTS (SELECT /*+ OPT_ESTIMATE (@"SEL$40" JOIN ("EOD"@"SEL$40" "EOH"@"SEL$40") SCALE_ROWS=278130.913900 ) OPT_ESTIMATE (@"SEL$40" 
              TABLE "EOH"@"SEL$40" SCALE_ROWS=2.181046 ) */ 0 FROM "SYSADM"."PS_GM_EOPF_DETAIL" "EOD","SYSADM"."PS_GM_EOPF_HEADER" "EOH", (SELECT 
              MAX("EOD1"."SEQNUM") "MAX(EOD1.SEQNUM)" FROM "SYSADM"."PS_GM_EOPF_DETAIL" "EOD1" WHERE "EOD1"."RUN_CNTL_ID"="EOD"."RUN_CNTL_ID" HAVING COUNT(*)>0) 
              "VW_SQ_21", (SELECT MAX("T1"."DATETIME_STAMP") "MAX(T1.DATETIME_STAMP)" FROM "SYSADM"."PS_GM_EY_TRACKING" "T1" WHERE 
              "T1"."GM_EY_APPRAISAL_ID"="EOH"."GM_EY_APPRAISAL_ID" HAVING COUNT(*)>0) "VW_SQ_22" WHERE "EOD"."SEQNUM"="MAX(EOD1.SEQNUM)" AND 
              "EOH"."GM_EY_APPRAISAL_ID"=:B1 AND "EOH"."GM_EOPF_SOURCE"='E' AND "EOH"."RUN_CNTL_ID"="EOD"."RUN_CNTL_ID" AND "EOD"."RUN_DTTM">"MAX(T1.DATETIME_STAMP)" 
              AND ("EOD"."RUN_STATUS_CD"='C' OR "EOD"."RUN_STATUS_CD"='I' OR "EOD"."RUN_STATUS_CD"='N')))
 291 - access("X"."EMPLID"(+)="R"."EMPLID" AND "X"."GM_EY_APPRAISAL_ID"(+)="R"."GM_EY_APPRAISAL_ID")
 296 - access(SYS_OP_UNDESCEND(SYS_OP_DESCEND("EFFDT"))="MAX(B.EFFDT)" AND SYS_OP_DESCEND("EFFDT")=SYS_OP_DESCEND("MAX(B.EFFDT)") AND 
              "ITEM_24"="A"."EMPLID" AND "ITEM_25"="A"."NAME_TYPE")
 305 - filter("B"."NAME_TYPE"='PRI' AND SYS_OP_UNDESCEND(SYS_OP_DESCEND("EFFDT"))<=TO_DATE(TO_CHAR(SYSDATE@!,'YYYY-MM-DD'),'YYYY-MM-DD'))
 307 - filter("A"."NAME_TYPE"='PRI')
 308 - access("R"."EMPLID"="A"."EMPLID")
 309 - filter("R"."GM_EY_REVIEWSTATUS"='PYEA' AND "R"."GM_EY_TEMPLATE_ID"='DS-5121')
 316 - access("D"."SEQNUM"="MAX(D1.SEQNUM)" AND "ITEM_21"="D"."RUN_CNTL_ID")
 328 - access("H"."RUN_CNTL_ID"="D"."RUN_CNTL_ID")
 329 - filter("H"."GM_EOPF_SOURCE"='E')
 330 - access("Y"."GM_EY_APPRAISAL_ID"="R"."GM_EY_APPRAISAL_ID" AND "Y"."GM_EY_SECTION_TYPE"='S130')
       filter("Y"."GM_EY_SECTION_TYPE"='S130')
 335 - filter("EOH"."GM_EY_APPRAISAL_ID"=:B1 AND "EOH"."GM_EOPF_SOURCE"='E')
 337 - filter(COUNT(*)>0)
 339 - access("T1"."GM_EY_APPRAISAL_ID"="EOH"."GM_EY_APPRAISAL_ID")
 340 - filter("EOD"."RUN_DTTM">"MAX(T1.DATETIME_STAMP)" AND ("EOD"."RUN_STATUS_CD"='C' OR "EOD"."RUN_STATUS_CD"='I' OR "EOD"."RUN_STATUS_CD"='N'))
 341 - access("EOH"."RUN_CNTL_ID"="EOD"."RUN_CNTL_ID")
 342 - filter("EOD"."SEQNUM"="MAX(EOD1.SEQNUM)")
 343 - filter(COUNT(*)>0)
 345 - access("EOD1"."RUN_CNTL_ID"="EOD"."RUN_CNTL_ID")
 
Column Projection Information (identified by operation id):
-----------------------------------------------------------
 
   1 - "PS_GM_EY_EOPFQLFYV"."GM_EY_APPRAISAL_ID"[NUMBER,22], "PS_GM_EY_EOPFQLFYV"."EMPLID"[VARCHAR2,44], "PS_GM_EY_EOPFQLFYV"."EMPL_RCD"[NUMBER,22], 
       "PS_GM_EY_EOPFQLFYV"."NAME"[VARCHAR2,200], "PS_GM_EY_EOPFQLFYV"."GM_EY_REVIEWSTATUS"[VARCHAR2,16], "PS_GM_EY_EOPFQLFYV"."DATETIME_STAMP"[VARCHAR2,0], 
       "PS_GM_EY_EOPFQLFYV"."GM_EY_REVIEW_TYPE"[VARCHAR2,32], "PS_GM_EY_EOPFQLFYV"."GM_EY_TEMPLATE_ID"[VARCHAR2,32], 
       "PS_GM_EY_EOPFQLFYV"."PERIOD_BEGIN_DT"[DATE,7], "PS_GM_EY_EOPFQLFYV"."PERIOD_END_DT"[DATE,7], "PS_GM_EY_EOPFQLFYV"."GM_EOPF_STATUS"[VARCHAR2,4], 
       "PS_GM_EY_EOPFQLFYV"."RUN_STATUS_CD"[VARCHAR2,4], "PS_GM_EY_EOPFQLFYV"."RUN_DTTM"[TIMESTAMP,11], "PS_GM_EY_EOPFQLFYV"."REVIEW_RATING"[VARCHAR2,4], 
       "PS_GM_EY_EOPFQLFYV"."DESCR10"[VARCHAR2,7]
   2 - (#keys=0) "PS_GM_EY_EOPFQLFYV"."GM_EY_APPRAISAL_ID"[NUMBER,22], "PS_GM_EY_EOPFQLFYV"."EMPLID"[VARCHAR2,44], 
       "PS_GM_EY_EOPFQLFYV"."EMPL_RCD"[NUMBER,22], "PS_GM_EY_EOPFQLFYV"."NAME"[VARCHAR2,200], "PS_GM_EY_EOPFQLFYV"."GM_EY_REVIEWSTATUS"[VARCHAR2,16], 
       "PS_GM_EY_EOPFQLFYV"."DATETIME_STAMP"[VARCHAR2,0], "PS_GM_EY_EOPFQLFYV"."GM_EY_REVIEW_TYPE"[VARCHAR2,32], 
       "PS_GM_EY_EOPFQLFYV"."GM_EY_TEMPLATE_ID"[VARCHAR2,32], "PS_GM_EY_EOPFQLFYV"."PERIOD_BEGIN_DT"[DATE,7], "PS_GM_EY_EOPFQLFYV"."PERIOD_END_DT"[DATE,7], 
       "PS_GM_EY_EOPFQLFYV"."GM_EOPF_STATUS"[VARCHAR2,4], "PS_GM_EY_EOPFQLFYV"."RUN_STATUS_CD"[VARCHAR2,4], "PS_GM_EY_EOPFQLFYV"."RUN_DTTM"[TIMESTAMP,11], 
       "PS_GM_EY_EOPFQLFYV"."REVIEW_RATING"[VARCHAR2,4], "PS_GM_EY_EOPFQLFYV"."DESCR10"[VARCHAR2,7]
   3 - "PS_GM_EY_EOPFQLFYV"."GM_EY_APPRAISAL_ID"[NUMBER,22], "PS_GM_EY_EOPFQLFYV"."EMPLID"[VARCHAR2,44], "PS_GM_EY_EOPFQLFYV"."EMPL_RCD"[NUMBER,22], 
       "PS_GM_EY_EOPFQLFYV"."NAME"[VARCHAR2,200], "PS_GM_EY_EOPFQLFYV"."GM_EY_REVIEWSTATUS"[VARCHAR2,16], "PS_GM_EY_EOPFQLFYV"."DATETIME_STAMP"[VARCHAR2,0], 
       "PS_GM_EY_EOPFQLFYV"."GM_EY_REVIEW_TYPE"[VARCHAR2,32], "PS_GM_EY_EOPFQLFYV"."GM_EY_TEMPLATE_ID"[VARCHAR2,32], 
       "PS_GM_EY_EOPFQLFYV"."PERIOD_BEGIN_DT"[DATE,7], "PS_GM_EY_EOPFQLFYV"."PERIOD_END_DT"[DATE,7], "PS_GM_EY_EOPFQLFYV"."GM_EOPF_STATUS"[VARCHAR2,4], 
       "PS_GM_EY_EOPFQLFYV"."RUN_STATUS_CD"[VARCHAR2,4], "PS_GM_EY_EOPFQLFYV"."RUN_DTTM"[TIMESTAMP,11], "PS_GM_EY_EOPFQLFYV"."REVIEW_RATING"[VARCHAR2,4], 
       "PS_GM_EY_EOPFQLFYV"."DESCR10"[VARCHAR2,7]
   4 - (#keys=15) STRDEF[22], STRDEF[44], STRDEF[22], STRDEF[200], STRDEF[16], STRDEF[0], STRDEF[32], STRDEF[32], STRDEF[7], STRDEF[7], STRDEF[4], 
       STRDEF[4], STRDEF[11], STRDEF[4], STRDEF[7]
   5 - STRDEF[22], STRDEF[44], STRDEF[22], STRDEF[200], STRDEF[16], STRDEF[0], STRDEF[32], STRDEF[32], STRDEF[7], STRDEF[7], STRDEF[4], STRDEF[4], 
       STRDEF[11], STRDEF[4], STRDEF[7]
   6 - (#keys=15) STRDEF[22], STRDEF[44], STRDEF[22], STRDEF[200], STRDEF[16], STRDEF[0], STRDEF[32], STRDEF[32], STRDEF[7], STRDEF[7], STRDEF[4], 
       STRDEF[4], STRDEF[11], STRDEF[4], STRDEF[7]
   7 - (#keys=0) STRDEF[22], STRDEF[44], STRDEF[22], STRDEF[200], STRDEF[16], STRDEF[0], STRDEF[32], STRDEF[32], STRDEF[7], STRDEF[7], STRDEF[4], 
       STRDEF[4], STRDEF[11], STRDEF[4], STRDEF[7]
   8 - STRDEF[22], STRDEF[44], STRDEF[22], STRDEF[200], STRDEF[16], STRDEF[0], STRDEF[32], STRDEF[32], STRDEF[7], STRDEF[7], STRDEF[4], STRDEF[4], 
       STRDEF[11], STRDEF[4], STRDEF[7]
   9 - (#keys=1) "R"."GM_EY_APPRAISAL_ID"[NUMBER,22], "R"."EMPLID"[VARCHAR2,44], "X"."RUN_STATUS_CD"[VARCHAR2,4], "X"."GM_EOPF_STATUS"[VARCHAR2,4], 
       "X"."RUN_DTTM"[TIMESTAMP,11], "A"."NAME"[VARCHAR2,200], "Y"."REVIEW_RATING"[VARCHAR2,4], "R"."EMPL_RCD"[NUMBER,22], "R"."PERIOD_BEGIN_DT"[DATE,7], 
       "R"."PERIOD_END_DT"[DATE,7], "R"."GM_EY_REVIEW_TYPE"[VARCHAR2,32], "R"."GM_EY_TEMPLATE_ID"[VARCHAR2,32], "R"."GM_EY_REVIEWSTATUS"[VARCHAR2,16]
  10 - (rowset=256) "GM_EY_APPRAISAL_ID"[NUMBER,22]
  11 - (#keys=1) "GM_EY_APPRAISAL_ID"[NUMBER,22]
  12 - "GM_EY_APPRAISAL_ID"[NUMBER,22]
  13 - (#keys=0) "GM_EY_APPRAISAL_ID"[NUMBER,22]
  14 - "GM_EY_APPRAISAL_ID"[NUMBER,22]
  15 - (#keys=0) "EOH"."GM_EY_APPRAISAL_ID"[NUMBER,22]
  16 - (#keys=0) "EOD"."RUN_DTTM"[TIMESTAMP,11], "EOH"."GM_EY_APPRAISAL_ID"[NUMBER,22]
  17 - (#keys=2) "EOD"."RUN_CNTL_ID"[VARCHAR2,120], "EOD"."RUN_DTTM"[TIMESTAMP,11]
  18 - (rowset=256) "EOD"."RUN_CNTL_ID"[VARCHAR2,120], "EOD"."SEQNUM"[NUMBER,22], "EOD"."RUN_DTTM"[TIMESTAMP,11]
  19 - (rowset=256) "EOD"."RUN_CNTL_ID"[VARCHAR2,120], "EOD"."SEQNUM"[NUMBER,22], "EOD"."RUN_DTTM"[TIMESTAMP,11]
  20 - "MAX(EOD1.SEQNUM)"[NUMBER,22], "ITEM_2"[VARCHAR2,120]
  21 - (#keys=0) "MAX(EOD1.SEQNUM)"[NUMBER,22], "ITEM_2"[VARCHAR2,120]
  22 - (rowset=256) "MAX(EOD1.SEQNUM)"[NUMBER,22], "ITEM_2"[VARCHAR2,120]
  23 - (#keys=1; rowset=256) "EOD1"."RUN_CNTL_ID"[VARCHAR2,120], MAX()[22]
  24 - (rowset=256) "EOD1"."RUN_CNTL_ID"[VARCHAR2,120], SYS_OP_MSR()[26]
  25 - (#keys=1) "EOD1"."RUN_CNTL_ID"[VARCHAR2,120], SYS_OP_MSR()[26]
  26 - (#keys=1; rowset=256) "EOD1"."RUN_CNTL_ID"[VARCHAR2,120], SYS_OP_MSR()[26]
  27 - "EOD1"."RUN_CNTL_ID"[VARCHAR2,120], "EOD1"."SEQNUM"[NUMBER,22]
  28 - "EOD1"."RUN_CNTL_ID"[VARCHAR2,120], "EOD1"."SEQNUM"[NUMBER,22]
  29 - "EOH"."GM_EY_APPRAISAL_ID"[NUMBER,22]
  30 - "EOH".ROWID[ROWID,10]
  31 - "MAX(T1.DATETIME_STAMP)"[TIMESTAMP,11]
  32 - MAX("T1"."DATETIME_STAMP")[11]
  33 - (#keys=0) COUNT(*)[22], MAX("T1"."DATETIME_STAMP")[11]
  34 - "T1"."DATETIME_STAMP"[TIMESTAMP,11]
  35 - "R"."GM_EY_APPRAISAL_ID"[NUMBER,22], "R"."EMPLID"[VARCHAR2,44], "X"."RUN_STATUS_CD"[VARCHAR2,4], "X"."GM_EOPF_STATUS"[VARCHAR2,4], 
       "X"."RUN_DTTM"[TIMESTAMP,11], "A"."NAME"[VARCHAR2,200], "Y"."REVIEW_RATING"[VARCHAR2,4], "R"."EMPL_RCD"[NUMBER,22], "R"."PERIOD_BEGIN_DT"[DATE,7], 
       "R"."PERIOD_END_DT"[DATE,7], "R"."GM_EY_REVIEW_TYPE"[VARCHAR2,32], "R"."GM_EY_TEMPLATE_ID"[VARCHAR2,32], "R"."GM_EY_REVIEWSTATUS"[VARCHAR2,16]
  36 - (#keys=1) "R"."GM_EY_APPRAISAL_ID"[NUMBER,22], "R"."EMPLID"[VARCHAR2,44], "X"."RUN_STATUS_CD"[VARCHAR2,4], "X"."GM_EOPF_STATUS"[VARCHAR2,4], 
       "X"."RUN_DTTM"[TIMESTAMP,11], "A"."NAME"[VARCHAR2,200], "Y"."REVIEW_RATING"[VARCHAR2,4], "R"."EMPL_RCD"[NUMBER,22], "R"."PERIOD_BEGIN_DT"[DATE,7], 
       "R"."PERIOD_END_DT"[DATE,7], "R"."GM_EY_REVIEW_TYPE"[VARCHAR2,32], "R"."GM_EY_TEMPLATE_ID"[VARCHAR2,32], "R"."GM_EY_REVIEWSTATUS"[VARCHAR2,16]
  37 - (#keys=2; rowset=256) "R"."EMPLID"[VARCHAR2,44], "R"."GM_EY_APPRAISAL_ID"[NUMBER,22], "X"."RUN_STATUS_CD"[VARCHAR2,4], 
       "X"."GM_EOPF_STATUS"[VARCHAR2,4], "X"."RUN_DTTM"[TIMESTAMP,11], "A"."NAME"[VARCHAR2,200], "Y"."REVIEW_RATING"[VARCHAR2,4], "R"."EMPL_RCD"[NUMBER,22], 
       "R"."PERIOD_BEGIN_DT"[DATE,7], "R"."PERIOD_END_DT"[DATE,7], "R"."GM_EY_REVIEW_TYPE"[VARCHAR2,32], "R"."GM_EY_TEMPLATE_ID"[VARCHAR2,32], 
       "R"."GM_EY_REVIEWSTATUS"[VARCHAR2,16]
  38 - (rowset=256) "X"."EMPLID"[VARCHAR2,44], "X"."GM_EY_APPRAISAL_ID"[NUMBER,22], "X"."RUN_STATUS_CD"[VARCHAR2,4], "X"."GM_EOPF_STATUS"[VARCHAR2,4], 
       "X"."RUN_DTTM"[TIMESTAMP,11]
  39 - (#keys=2) "X"."EMPLID"[VARCHAR2,44], "X"."GM_EY_APPRAISAL_ID"[NUMBER,22], "X"."RUN_STATUS_CD"[VARCHAR2,4], "X"."GM_EOPF_STATUS"[VARCHAR2,4], 
       "X"."RUN_DTTM"[TIMESTAMP,11]
  40 - "X"."EMPLID"[VARCHAR2,44], "X"."GM_EY_APPRAISAL_ID"[NUMBER,22], "X"."RUN_STATUS_CD"[VARCHAR2,4], "X"."GM_EOPF_STATUS"[VARCHAR2,4], 
       "X"."RUN_DTTM"[TIMESTAMP,11]
  41 - (#keys=0) "X"."EMPLID"[VARCHAR2,44], "X"."GM_EY_APPRAISAL_ID"[NUMBER,22], "X"."RUN_STATUS_CD"[VARCHAR2,4], "X"."GM_EOPF_STATUS"[VARCHAR2,4], 
       "X"."RUN_DTTM"[TIMESTAMP,11]
  42 - "X"."EMPLID"[VARCHAR2,44], "X"."GM_EY_APPRAISAL_ID"[NUMBER,22], "X"."RUN_DTTM"[TIMESTAMP,11], "X"."GM_EOPF_STATUS"[VARCHAR2,4], 
       "X"."RUN_STATUS_CD"[VARCHAR2,4]
  43 - (#keys=0) "D"."GM_EOPF_STATUS"[VARCHAR2,4], "D"."RUN_STATUS_CD"[VARCHAR2,4], "D"."RUN_DTTM"[TIMESTAMP,11], "H"."EMPLID"[VARCHAR2,44], 
       "H"."GM_EY_APPRAISAL_ID"[NUMBER,22]
  44 - (#keys=0) "D"."GM_EOPF_STATUS"[VARCHAR2,4], "D"."RUN_STATUS_CD"[VARCHAR2,4], "D"."RUN_DTTM"[TIMESTAMP,11], "H".ROWID[ROWID,10]
  45 - (#keys=2) "D"."RUN_CNTL_ID"[VARCHAR2,120], "D"."GM_EOPF_STATUS"[VARCHAR2,4], "D"."RUN_STATUS_CD"[VARCHAR2,4], "D"."RUN_DTTM"[TIMESTAMP,11]
  46 - (rowset=256) "D"."RUN_CNTL_ID"[VARCHAR2,120], "D"."SEQNUM"[NUMBER,22], "D"."RUN_DTTM"[TIMESTAMP,11], "D"."GM_EOPF_STATUS"[VARCHAR2,4], 
       "D"."RUN_STATUS_CD"[VARCHAR2,4]
  47 - (rowset=256) "D"."RUN_CNTL_ID"[VARCHAR2,120], "D"."SEQNUM"[NUMBER,22], "D"."RUN_DTTM"[TIMESTAMP,11], "D"."GM_EOPF_STATUS"[VARCHAR2,4], 
       "D"."RUN_STATUS_CD"[VARCHAR2,4]
  48 - "MAX(D1.SEQNUM)"[NUMBER,22], "ITEM_1"[VARCHAR2,120]
  49 - (#keys=0) "MAX(D1.SEQNUM)"[NUMBER,22], "ITEM_1"[VARCHAR2,120]
  50 - (rowset=256) "MAX(D1.SEQNUM)"[NUMBER,22], "ITEM_1"[VARCHAR2,120]
  51 - (#keys=1; rowset=256) "D1"."RUN_CNTL_ID"[VARCHAR2,120], MAX()[22]
  52 - (rowset=256) "D1"."RUN_CNTL_ID"[VARCHAR2,120], SYS_OP_MSR()[26]
  53 - (#keys=1) "D1"."RUN_CNTL_ID"[VARCHAR2,120], SYS_OP_MSR()[26]
  54 - (#keys=1; rowset=256) "D1"."RUN_CNTL_ID"[VARCHAR2,120], SYS_OP_MSR()[26]
  55 - "D1"."RUN_CNTL_ID"[VARCHAR2,120], "D1"."SEQNUM"[NUMBER,22]
  56 - "D1"."RUN_CNTL_ID"[VARCHAR2,120], "D1"."SEQNUM"[NUMBER,22]
  57 - "H".ROWID[ROWID,10]
  58 - "H"."EMPLID"[VARCHAR2,44], "H"."GM_EY_APPRAISAL_ID"[NUMBER,22]
  59 - (rowset=256) "R"."EMPLID"[VARCHAR2,44], "R"."GM_EY_APPRAISAL_ID"[NUMBER,22], "A"."NAME"[VARCHAR2,200], "Y"."REVIEW_RATING"[VARCHAR2,4], 
       "R"."EMPL_RCD"[NUMBER,22], "R"."PERIOD_BEGIN_DT"[DATE,7], "R"."PERIOD_END_DT"[DATE,7], "R"."GM_EY_REVIEW_TYPE"[VARCHAR2,32], 
       "R"."GM_EY_TEMPLATE_ID"[VARCHAR2,32], "R"."GM_EY_REVIEWSTATUS"[VARCHAR2,16]
  60 - (#keys=2) "R"."EMPLID"[VARCHAR2,44], "R"."GM_EY_APPRAISAL_ID"[NUMBER,22], "A"."NAME"[VARCHAR2,200], "Y"."REVIEW_RATING"[VARCHAR2,4], 
       "R"."EMPL_RCD"[NUMBER,22], "R"."PERIOD_BEGIN_DT"[DATE,7], "R"."PERIOD_END_DT"[DATE,7], "R"."GM_EY_REVIEW_TYPE"[VARCHAR2,32], 
       "R"."GM_EY_TEMPLATE_ID"[VARCHAR2,32], "R"."GM_EY_REVIEWSTATUS"[VARCHAR2,16]
  61 - (#keys=0) "A"."NAME"[VARCHAR2,200], "R"."GM_EY_APPRAISAL_ID"[NUMBER,22], "R"."EMPLID"[VARCHAR2,44], "R"."EMPL_RCD"[NUMBER,22], 
       "R"."PERIOD_BEGIN_DT"[DATE,7], "R"."PERIOD_END_DT"[DATE,7], "R"."GM_EY_REVIEW_TYPE"[VARCHAR2,32], "R"."GM_EY_TEMPLATE_ID"[VARCHAR2,32], 
       "R"."GM_EY_REVIEWSTATUS"[VARCHAR2,16], "Y"."REVIEW_RATING"[VARCHAR2,4]
  62 - (#keys=0) "A"."NAME"[VARCHAR2,200], "R"."GM_EY_APPRAISAL_ID"[NUMBER,22], "R"."EMPLID"[VARCHAR2,44], "R"."EMPL_RCD"[NUMBER,22], 
       "R"."PERIOD_BEGIN_DT"[DATE,7], "R"."PERIOD_END_DT"[DATE,7], "R"."GM_EY_REVIEW_TYPE"[VARCHAR2,32], "R"."GM_EY_TEMPLATE_ID"[VARCHAR2,32], 
       "R"."GM_EY_REVIEWSTATUS"[VARCHAR2,16], "Y".ROWID[ROWID,10]
  63 - (#keys=0) "A"."NAME"[VARCHAR2,200], "R"."GM_EY_APPRAISAL_ID"[NUMBER,22], "R"."EMPLID"[VARCHAR2,44], "R"."EMPL_RCD"[NUMBER,22], 
       "R"."PERIOD_BEGIN_DT"[DATE,7], "R"."PERIOD_END_DT"[DATE,7], "R"."GM_EY_REVIEW_TYPE"[VARCHAR2,32], "R"."GM_EY_TEMPLATE_ID"[VARCHAR2,32], 
       "R"."GM_EY_REVIEWSTATUS"[VARCHAR2,16]
  64 - (#keys=4) "A"."EMPLID"[VARCHAR2,44], "A"."NAME"[VARCHAR2,200]
  65 - "MAX(B.EFFDT)"[DATE,7], SYS_OP_DESCEND("MAX(B.EFFDT)")[12], "ITEM_4"[VARCHAR2,44], "ITEM_5"[VARCHAR2,12]
  66 - (#keys=0) "MAX(B.EFFDT)"[DATE,7], SYS_OP_DESCEND("MAX(B.EFFDT)")[12], "ITEM_4"[VARCHAR2,44], "ITEM_5"[VARCHAR2,12]
  67 - "MAX(B.EFFDT)"[DATE,7], "ITEM_4"[VARCHAR2,44], "ITEM_5"[VARCHAR2,12]
  68 - (#keys=2) "B"."EMPLID"[VARCHAR2,44], "B"."NAME_TYPE"[VARCHAR2,12], MAX()[7]
  69 - "B"."EMPLID"[VARCHAR2,44], "B"."NAME_TYPE"[VARCHAR2,12], SYS_OP_MSR()[11]
  70 - (#keys=2) "B"."EMPLID"[VARCHAR2,44], "B"."NAME_TYPE"[VARCHAR2,12], SYS_OP_MSR()[11]
  71 - (#keys=2) "B"."EMPLID"[VARCHAR2,44], "B"."NAME_TYPE"[VARCHAR2,12], SYS_OP_MSR()[11]
  72 - "B"."EMPLID"[VARCHAR2,44], "B"."NAME_TYPE"[VARCHAR2,12], SYS_OP_DESCEND("EFFDT")[RAW,12]
  73 - "B"."EMPLID"[VARCHAR2,44], "B"."NAME_TYPE"[VARCHAR2,12], SYS_OP_DESCEND("EFFDT")[RAW,12]
  74 - "A"."EMPLID"[VARCHAR2,44], "A"."NAME_TYPE"[VARCHAR2,12], "A"."NAME"[VARCHAR2,200], SYS_OP_DESCEND("EFFDT")[RAW,12]
  75 - "A"."EMPLID"[VARCHAR2,44], "A"."NAME_TYPE"[VARCHAR2,12], "A"."NAME"[VARCHAR2,200], SYS_OP_DESCEND("EFFDT")[RAW,12]
  76 - "R"."GM_EY_APPRAISAL_ID"[NUMBER,22], "R"."EMPLID"[VARCHAR2,44], "R"."EMPL_RCD"[NUMBER,22], "R"."PERIOD_BEGIN_DT"[DATE,7], 
       "R"."PERIOD_END_DT"[DATE,7], "R"."GM_EY_REVIEW_TYPE"[VARCHAR2,32], "R"."GM_EY_TEMPLATE_ID"[VARCHAR2,32], "R"."GM_EY_REVIEWSTATUS"[VARCHAR2,16]
  77 - "R".ROWID[ROWID,10], "R"."EMPLID"[VARCHAR2,44], "R"."GM_EY_APPRAISAL_ID"[NUMBER,22]
  78 - "Y".ROWID[ROWID,10]
  79 - "Y"."REVIEW_RATING"[VARCHAR2,4]
  80 - (#keys=1) "R"."GM_EY_APPRAISAL_ID"[NUMBER,22], "R"."EMPLID"[VARCHAR2,44], "X"."RUN_STATUS_CD"[VARCHAR2,4], "X"."GM_EOPF_STATUS"[VARCHAR2,4], 
       "X"."RUN_DTTM"[TIMESTAMP,11], "A"."NAME"[VARCHAR2,200], "Y"."REVIEW_RATING"[VARCHAR2,4], "R"."EMPL_RCD"[NUMBER,22], "R"."PERIOD_BEGIN_DT"[DATE,7], 
       "R"."PERIOD_END_DT"[DATE,7], "R"."GM_EY_REVIEW_TYPE"[VARCHAR2,32], "R"."GM_EY_TEMPLATE_ID"[VARCHAR2,32], "R"."GM_EY_REVIEWSTATUS"[VARCHAR2,16]
  81 - (rowset=256) "GM_EY_APPRAISAL_ID"[NUMBER,22]
  82 - (#keys=1) "GM_EY_APPRAISAL_ID"[NUMBER,22]
  83 - "GM_EY_APPRAISAL_ID"[NUMBER,22]
  84 - (#keys=0) "GM_EY_APPRAISAL_ID"[NUMBER,22]
  85 - "GM_EY_APPRAISAL_ID"[NUMBER,22]
  86 - (#keys=0) "EOH"."GM_EY_APPRAISAL_ID"[NUMBER,22]
  87 - (#keys=0) "EOD"."RUN_DTTM"[TIMESTAMP,11], "EOH"."GM_EY_APPRAISAL_ID"[NUMBER,22]
  88 - (#keys=2) "EOD"."RUN_CNTL_ID"[VARCHAR2,120], "EOD"."RUN_DTTM"[TIMESTAMP,11]
  89 - (rowset=256) "EOD"."RUN_CNTL_ID"[VARCHAR2,120], "EOD"."SEQNUM"[NUMBER,22], "EOD"."RUN_DTTM"[TIMESTAMP,11]
  90 - (rowset=256) "EOD"."RUN_CNTL_ID"[VARCHAR2,120], "EOD"."SEQNUM"[NUMBER,22], "EOD"."RUN_DTTM"[TIMESTAMP,11]
  91 - "MAX(EOD1.SEQNUM)"[NUMBER,22], "ITEM_7"[VARCHAR2,120]
  92 - (#keys=0) "MAX(EOD1.SEQNUM)"[NUMBER,22], "ITEM_7"[VARCHAR2,120]
  93 - (rowset=256) "MAX(EOD1.SEQNUM)"[NUMBER,22], "ITEM_7"[VARCHAR2,120]
  94 - (#keys=1; rowset=256) "EOD1"."RUN_CNTL_ID"[VARCHAR2,120], MAX()[22]
  95 - (rowset=256) "EOD1"."RUN_CNTL_ID"[VARCHAR2,120], SYS_OP_MSR()[26]
  96 - (#keys=1) "EOD1"."RUN_CNTL_ID"[VARCHAR2,120], SYS_OP_MSR()[26]
  97 - (#keys=1; rowset=256) "EOD1"."RUN_CNTL_ID"[VARCHAR2,120], SYS_OP_MSR()[26]
  98 - "EOD1"."RUN_CNTL_ID"[VARCHAR2,120], "EOD1"."SEQNUM"[NUMBER,22]
  99 - "EOD1"."RUN_CNTL_ID"[VARCHAR2,120], "EOD1"."SEQNUM"[NUMBER,22]
 100 - "EOH"."GM_EY_APPRAISAL_ID"[NUMBER,22]
 101 - "EOH".ROWID[ROWID,10]
 102 - "MAX(T1.DATETIME_STAMP)"[TIMESTAMP,11]
 103 - MAX("T1"."DATETIME_STAMP")[11]
 104 - (#keys=0) COUNT(*)[22], MAX("T1"."DATETIME_STAMP")[11]
 105 - "T1"."DATETIME_STAMP"[TIMESTAMP,11]
 106 - "R"."GM_EY_APPRAISAL_ID"[NUMBER,22], "R"."EMPLID"[VARCHAR2,44], "X"."RUN_STATUS_CD"[VARCHAR2,4], "X"."GM_EOPF_STATUS"[VARCHAR2,4], 
       "X"."RUN_DTTM"[TIMESTAMP,11], "A"."NAME"[VARCHAR2,200], "Y"."REVIEW_RATING"[VARCHAR2,4], "R"."EMPL_RCD"[NUMBER,22], "R"."PERIOD_BEGIN_DT"[DATE,7], 
       "R"."PERIOD_END_DT"[DATE,7], "R"."GM_EY_REVIEW_TYPE"[VARCHAR2,32], "R"."GM_EY_TEMPLATE_ID"[VARCHAR2,32], "R"."GM_EY_REVIEWSTATUS"[VARCHAR2,16]
 107 - (#keys=1) "R"."GM_EY_APPRAISAL_ID"[NUMBER,22], "R"."EMPLID"[VARCHAR2,44], "X"."RUN_STATUS_CD"[VARCHAR2,4], "X"."GM_EOPF_STATUS"[VARCHAR2,4], 
       "X"."RUN_DTTM"[TIMESTAMP,11], "A"."NAME"[VARCHAR2,200], "Y"."REVIEW_RATING"[VARCHAR2,4], "R"."EMPL_RCD"[NUMBER,22], "R"."PERIOD_BEGIN_DT"[DATE,7], 
       "R"."PERIOD_END_DT"[DATE,7], "R"."GM_EY_REVIEW_TYPE"[VARCHAR2,32], "R"."GM_EY_TEMPLATE_ID"[VARCHAR2,32], "R"."GM_EY_REVIEWSTATUS"[VARCHAR2,16]
 108 - (#keys=2; rowset=256) "R"."EMPLID"[VARCHAR2,44], "R"."GM_EY_APPRAISAL_ID"[NUMBER,22], "X"."RUN_STATUS_CD"[VARCHAR2,4], 
       "X"."GM_EOPF_STATUS"[VARCHAR2,4], "X"."RUN_DTTM"[TIMESTAMP,11], "A"."NAME"[VARCHAR2,200], "Y"."REVIEW_RATING"[VARCHAR2,4], "R"."EMPL_RCD"[NUMBER,22], 
       "R"."PERIOD_BEGIN_DT"[DATE,7], "R"."PERIOD_END_DT"[DATE,7], "R"."GM_EY_REVIEW_TYPE"[VARCHAR2,32], "R"."GM_EY_TEMPLATE_ID"[VARCHAR2,32], 
       "R"."GM_EY_REVIEWSTATUS"[VARCHAR2,16]
 109 - (rowset=256) "X"."EMPLID"[VARCHAR2,44], "X"."GM_EY_APPRAISAL_ID"[NUMBER,22], "X"."RUN_STATUS_CD"[VARCHAR2,4], "X"."GM_EOPF_STATUS"[VARCHAR2,4], 
       "X"."RUN_DTTM"[TIMESTAMP,11]
 110 - (#keys=2) "X"."EMPLID"[VARCHAR2,44], "X"."GM_EY_APPRAISAL_ID"[NUMBER,22], "X"."RUN_STATUS_CD"[VARCHAR2,4], "X"."GM_EOPF_STATUS"[VARCHAR2,4], 
       "X"."RUN_DTTM"[TIMESTAMP,11]
 111 - "X"."EMPLID"[VARCHAR2,44], "X"."GM_EY_APPRAISAL_ID"[NUMBER,22], "X"."RUN_STATUS_CD"[VARCHAR2,4], "X"."GM_EOPF_STATUS"[VARCHAR2,4], 
       "X"."RUN_DTTM"[TIMESTAMP,11]
 112 - (#keys=0) "X"."EMPLID"[VARCHAR2,44], "X"."GM_EY_APPRAISAL_ID"[NUMBER,22], "X"."RUN_STATUS_CD"[VARCHAR2,4], "X"."GM_EOPF_STATUS"[VARCHAR2,4], 
       "X"."RUN_DTTM"[TIMESTAMP,11]
 113 - "X"."EMPLID"[VARCHAR2,44], "X"."GM_EY_APPRAISAL_ID"[NUMBER,22], "X"."RUN_DTTM"[TIMESTAMP,11], "X"."GM_EOPF_STATUS"[VARCHAR2,4], 
       "X"."RUN_STATUS_CD"[VARCHAR2,4]
 114 - (#keys=0) "D"."GM_EOPF_STATUS"[VARCHAR2,4], "D"."RUN_STATUS_CD"[VARCHAR2,4], "D"."RUN_DTTM"[TIMESTAMP,11], "H"."EMPLID"[VARCHAR2,44], 
       "H"."GM_EY_APPRAISAL_ID"[NUMBER,22]
 115 - (#keys=0) "D"."GM_EOPF_STATUS"[VARCHAR2,4], "D"."RUN_STATUS_CD"[VARCHAR2,4], "D"."RUN_DTTM"[TIMESTAMP,11], "H".ROWID[ROWID,10]
 116 - (#keys=2) "D"."RUN_CNTL_ID"[VARCHAR2,120], "D"."GM_EOPF_STATUS"[VARCHAR2,4], "D"."RUN_STATUS_CD"[VARCHAR2,4], "D"."RUN_DTTM"[TIMESTAMP,11]
 117 - (rowset=256) "D"."RUN_CNTL_ID"[VARCHAR2,120], "D"."SEQNUM"[NUMBER,22], "D"."RUN_DTTM"[TIMESTAMP,11], "D"."GM_EOPF_STATUS"[VARCHAR2,4], 
       "D"."RUN_STATUS_CD"[VARCHAR2,4]
 118 - (rowset=256) "D"."RUN_CNTL_ID"[VARCHAR2,120], "D"."SEQNUM"[NUMBER,22], "D"."RUN_DTTM"[TIMESTAMP,11], "D"."GM_EOPF_STATUS"[VARCHAR2,4], 
       "D"."RUN_STATUS_CD"[VARCHAR2,4]
 119 - "MAX(D1.SEQNUM)"[NUMBER,22], "ITEM_6"[VARCHAR2,120]
 120 - (#keys=0) "MAX(D1.SEQNUM)"[NUMBER,22], "ITEM_6"[VARCHAR2,120]
 121 - (rowset=256) "MAX(D1.SEQNUM)"[NUMBER,22], "ITEM_6"[VARCHAR2,120]
 122 - (#keys=1; rowset=256) "D1"."RUN_CNTL_ID"[VARCHAR2,120], MAX()[22]
 123 - (rowset=256) "D1"."RUN_CNTL_ID"[VARCHAR2,120], SYS_OP_MSR()[26]
 124 - (#keys=1) "D1"."RUN_CNTL_ID"[VARCHAR2,120], SYS_OP_MSR()[26]
 125 - (#keys=1; rowset=256) "D1"."RUN_CNTL_ID"[VARCHAR2,120], SYS_OP_MSR()[26]
 126 - "D1"."RUN_CNTL_ID"[VARCHAR2,120], "D1"."SEQNUM"[NUMBER,22]
 127 - "D1"."RUN_CNTL_ID"[VARCHAR2,120], "D1"."SEQNUM"[NUMBER,22]
 128 - "H".ROWID[ROWID,10]
 129 - "H"."EMPLID"[VARCHAR2,44], "H"."GM_EY_APPRAISAL_ID"[NUMBER,22]
 130 - (rowset=256) "R"."EMPLID"[VARCHAR2,44], "R"."GM_EY_APPRAISAL_ID"[NUMBER,22], "A"."NAME"[VARCHAR2,200], "Y"."REVIEW_RATING"[VARCHAR2,4], 
       "R"."EMPL_RCD"[NUMBER,22], "R"."PERIOD_BEGIN_DT"[DATE,7], "R"."PERIOD_END_DT"[DATE,7], "R"."GM_EY_REVIEW_TYPE"[VARCHAR2,32], 
       "R"."GM_EY_TEMPLATE_ID"[VARCHAR2,32], "R"."GM_EY_REVIEWSTATUS"[VARCHAR2,16]
 131 - (#keys=2) "R"."EMPLID"[VARCHAR2,44], "R"."GM_EY_APPRAISAL_ID"[NUMBER,22], "A"."NAME"[VARCHAR2,200], "Y"."REVIEW_RATING"[VARCHAR2,4], 
       "R"."EMPL_RCD"[NUMBER,22], "R"."PERIOD_BEGIN_DT"[DATE,7], "R"."PERIOD_END_DT"[DATE,7], "R"."GM_EY_REVIEW_TYPE"[VARCHAR2,32], 
       "R"."GM_EY_TEMPLATE_ID"[VARCHAR2,32], "R"."GM_EY_REVIEWSTATUS"[VARCHAR2,16]
 132 - (#keys=0) "A"."NAME"[VARCHAR2,200], "R"."GM_EY_APPRAISAL_ID"[NUMBER,22], "R"."EMPLID"[VARCHAR2,44], "R"."EMPL_RCD"[NUMBER,22], 
       "R"."PERIOD_BEGIN_DT"[DATE,7], "R"."PERIOD_END_DT"[DATE,7], "R"."GM_EY_REVIEW_TYPE"[VARCHAR2,32], "R"."GM_EY_TEMPLATE_ID"[VARCHAR2,32], 
       "R"."GM_EY_REVIEWSTATUS"[VARCHAR2,16], "Y"."REVIEW_RATING"[VARCHAR2,4]
 133 - (#keys=0) "A"."NAME"[VARCHAR2,200], "R"."GM_EY_APPRAISAL_ID"[NUMBER,22], "R"."EMPLID"[VARCHAR2,44], "R"."EMPL_RCD"[NUMBER,22], 
       "R"."PERIOD_BEGIN_DT"[DATE,7], "R"."PERIOD_END_DT"[DATE,7], "R"."GM_EY_REVIEW_TYPE"[VARCHAR2,32], "R"."GM_EY_TEMPLATE_ID"[VARCHAR2,32], 
       "R"."GM_EY_REVIEWSTATUS"[VARCHAR2,16], "Y".ROWID[ROWID,10]
 134 - (#keys=0) "A"."NAME"[VARCHAR2,200], "R"."GM_EY_APPRAISAL_ID"[NUMBER,22], "R"."EMPLID"[VARCHAR2,44], "R"."EMPL_RCD"[NUMBER,22], 
       "R"."PERIOD_BEGIN_DT"[DATE,7], "R"."PERIOD_END_DT"[DATE,7], "R"."GM_EY_REVIEW_TYPE"[VARCHAR2,32], "R"."GM_EY_TEMPLATE_ID"[VARCHAR2,32], 
       "R"."GM_EY_REVIEWSTATUS"[VARCHAR2,16]
 135 - (#keys=4) "A"."EMPLID"[VARCHAR2,44], "A"."NAME"[VARCHAR2,200]
 136 - "MAX(B.EFFDT)"[DATE,7], SYS_OP_DESCEND("MAX(B.EFFDT)")[12], "ITEM_9"[VARCHAR2,44], "ITEM_10"[VARCHAR2,12]
 137 - (#keys=0) "MAX(B.EFFDT)"[DATE,7], SYS_OP_DESCEND("MAX(B.EFFDT)")[12], "ITEM_9"[VARCHAR2,44], "ITEM_10"[VARCHAR2,12]
 138 - "MAX(B.EFFDT)"[DATE,7], "ITEM_9"[VARCHAR2,44], "ITEM_10"[VARCHAR2,12]
 139 - (#keys=2) "B"."EMPLID"[VARCHAR2,44], "B"."NAME_TYPE"[VARCHAR2,12], MAX()[7]
 140 - "B"."EMPLID"[VARCHAR2,44], "B"."NAME_TYPE"[VARCHAR2,12], SYS_OP_MSR()[11]
 141 - (#keys=2) "B"."EMPLID"[VARCHAR2,44], "B"."NAME_TYPE"[VARCHAR2,12], SYS_OP_MSR()[11]
 142 - (#keys=2) "B"."EMPLID"[VARCHAR2,44], "B"."NAME_TYPE"[VARCHAR2,12], SYS_OP_MSR()[11]
 143 - "B"."EMPLID"[VARCHAR2,44], "B"."NAME_TYPE"[VARCHAR2,12], SYS_OP_DESCEND("EFFDT")[RAW,12]
 144 - "B"."EMPLID"[VARCHAR2,44], "B"."NAME_TYPE"[VARCHAR2,12], SYS_OP_DESCEND("EFFDT")[RAW,12]
 145 - "A"."EMPLID"[VARCHAR2,44], "A"."NAME_TYPE"[VARCHAR2,12], "A"."NAME"[VARCHAR2,200], SYS_OP_DESCEND("EFFDT")[RAW,12]
 146 - "A"."EMPLID"[VARCHAR2,44], "A"."NAME_TYPE"[VARCHAR2,12], "A"."NAME"[VARCHAR2,200], SYS_OP_DESCEND("EFFDT")[RAW,12]
 147 - "R"."GM_EY_APPRAISAL_ID"[NUMBER,22], "R"."EMPLID"[VARCHAR2,44], "R"."EMPL_RCD"[NUMBER,22], "R"."PERIOD_BEGIN_DT"[DATE,7], 
       "R"."PERIOD_END_DT"[DATE,7], "R"."GM_EY_REVIEW_TYPE"[VARCHAR2,32], "R"."GM_EY_TEMPLATE_ID"[VARCHAR2,32], "R"."GM_EY_REVIEWSTATUS"[VARCHAR2,16]
 148 - "R".ROWID[ROWID,10], "R"."EMPLID"[VARCHAR2,44], "R"."GM_EY_APPRAISAL_ID"[NUMBER,22]
 149 - "Y".ROWID[ROWID,10]
 150 - "Y"."REVIEW_RATING"[VARCHAR2,4]
 151 - (#keys=1) "R"."GM_EY_APPRAISAL_ID"[NUMBER,22], "R"."EMPLID"[VARCHAR2,44], "Y"."REVIEW_RATING"[VARCHAR2,4], "A"."NAME"[VARCHAR2,200], 
       "R"."GM_EY_TEMPLATE_ID"[VARCHAR2,32], "R"."GM_EY_REVIEWSTATUS"[VARCHAR2,16], "R"."EMPL_RCD"[NUMBER,22], "R"."PERIOD_BEGIN_DT"[DATE,7], 
       "R"."PERIOD_END_DT"[DATE,7], "R"."GM_EY_REVIEW_TYPE"[VARCHAR2,32], "X"."RUN_STATUS_CD"[VARCHAR2,4], "X"."GM_EOPF_STATUS"[VARCHAR2,4], 
       "X"."RUN_DTTM"[TIMESTAMP,11]
 152 - (rowset=256) "R"."GM_EY_APPRAISAL_ID"[NUMBER,22], "R"."EMPLID"[VARCHAR2,44], "Y"."REVIEW_RATING"[VARCHAR2,4], "A"."NAME"[VARCHAR2,200], 
       "R"."GM_EY_TEMPLATE_ID"[VARCHAR2,32], "R"."GM_EY_REVIEWSTATUS"[VARCHAR2,16], "R"."EMPL_RCD"[NUMBER,22], "R"."PERIOD_BEGIN_DT"[DATE,7], 
       "R"."PERIOD_END_DT"[DATE,7], "R"."GM_EY_REVIEW_TYPE"[VARCHAR2,32], "X"."RUN_STATUS_CD"[VARCHAR2,4], "X"."GM_EOPF_STATUS"[VARCHAR2,4], 
       "X"."RUN_DTTM"[TIMESTAMP,11]
 153 - (#keys=1) "R"."GM_EY_APPRAISAL_ID"[NUMBER,22], "R"."EMPLID"[VARCHAR2,44], "Y"."REVIEW_RATING"[VARCHAR2,4], "A"."NAME"[VARCHAR2,200], 
       "R"."GM_EY_TEMPLATE_ID"[VARCHAR2,32], "R"."GM_EY_REVIEWSTATUS"[VARCHAR2,16], "R"."EMPL_RCD"[NUMBER,22], "R"."PERIOD_BEGIN_DT"[DATE,7], 
       "R"."PERIOD_END_DT"[DATE,7], "R"."GM_EY_REVIEW_TYPE"[VARCHAR2,32], "X"."RUN_STATUS_CD"[VARCHAR2,4], "X"."GM_EOPF_STATUS"[VARCHAR2,4], 
       "X"."RUN_DTTM"[TIMESTAMP,11]
 154 - (#keys=0; rowset=256) "R"."GM_EY_APPRAISAL_ID"[NUMBER,22], "R"."EMPLID"[VARCHAR2,44], "Y"."REVIEW_RATING"[VARCHAR2,4], "A"."NAME"[VARCHAR2,200], 
       "R"."GM_EY_TEMPLATE_ID"[VARCHAR2,32], "R"."GM_EY_REVIEWSTATUS"[VARCHAR2,16], "R"."EMPL_RCD"[NUMBER,22], "R"."PERIOD_BEGIN_DT"[DATE,7], 
       "R"."PERIOD_END_DT"[DATE,7], "R"."GM_EY_REVIEW_TYPE"[VARCHAR2,32], "X"."RUN_STATUS_CD"[VARCHAR2,4], "X"."GM_EOPF_STATUS"[VARCHAR2,4], 
       "X"."RUN_DTTM"[TIMESTAMP,11]
 155 - (#keys=0) "R"."EMPLID"[VARCHAR2,44], "R"."GM_EY_APPRAISAL_ID"[NUMBER,22], "A"."NAME"[VARCHAR2,200], "R"."GM_EY_TEMPLATE_ID"[VARCHAR2,32], 
       "R"."GM_EY_REVIEWSTATUS"[VARCHAR2,16], "R"."EMPL_RCD"[NUMBER,22], "R"."PERIOD_BEGIN_DT"[DATE,7], "R"."PERIOD_END_DT"[DATE,7], 
       "R"."GM_EY_REVIEW_TYPE"[VARCHAR2,32], "X"."RUN_STATUS_CD"[VARCHAR2,4], "X"."GM_EOPF_STATUS"[VARCHAR2,4], "X"."RUN_DTTM"[TIMESTAMP,11], 
       "Y"."REVIEW_RATING"[VARCHAR2,4]
 156 - (#keys=0) "R"."EMPLID"[VARCHAR2,44], "R"."GM_EY_APPRAISAL_ID"[NUMBER,22], "A"."NAME"[VARCHAR2,200], "R"."GM_EY_TEMPLATE_ID"[VARCHAR2,32], 
       "R"."GM_EY_REVIEWSTATUS"[VARCHAR2,16], "R"."EMPL_RCD"[NUMBER,22], "R"."PERIOD_BEGIN_DT"[DATE,7], "R"."PERIOD_END_DT"[DATE,7], 
       "R"."GM_EY_REVIEW_TYPE"[VARCHAR2,32], "X"."RUN_STATUS_CD"[VARCHAR2,4], "X"."GM_EOPF_STATUS"[VARCHAR2,4], "X"."RUN_DTTM"[TIMESTAMP,11], 
       "Y".ROWID[ROWID,10]
 157 - (#keys=2) "R"."EMPLID"[VARCHAR2,44], "R"."GM_EY_APPRAISAL_ID"[NUMBER,22], "A"."NAME"[VARCHAR2,200], "R"."GM_EY_TEMPLATE_ID"[VARCHAR2,32], 
       "R"."GM_EY_REVIEWSTATUS"[VARCHAR2,16], "R"."EMPL_RCD"[NUMBER,22], "R"."PERIOD_BEGIN_DT"[DATE,7], "R"."PERIOD_END_DT"[DATE,7], 
       "R"."GM_EY_REVIEW_TYPE"[VARCHAR2,32], "X"."RUN_STATUS_CD"[VARCHAR2,4], "X"."GM_EOPF_STATUS"[VARCHAR2,4], "X"."RUN_DTTM"[TIMESTAMP,11]
 158 - (rowset=256) "R"."EMPLID"[VARCHAR2,44], "R"."GM_EY_APPRAISAL_ID"[NUMBER,22], "A"."NAME"[VARCHAR2,200], "R"."GM_EY_TEMPLATE_ID"[VARCHAR2,32], 
       "R"."GM_EY_REVIEWSTATUS"[VARCHAR2,16], "R"."EMPL_RCD"[NUMBER,22], "R"."PERIOD_BEGIN_DT"[DATE,7], "R"."PERIOD_END_DT"[DATE,7], 
       "R"."GM_EY_REVIEW_TYPE"[VARCHAR2,32]
 159 - (#keys=2) "R"."EMPLID"[VARCHAR2,44], "R"."GM_EY_APPRAISAL_ID"[NUMBER,22], "A"."NAME"[VARCHAR2,200], "R"."GM_EY_TEMPLATE_ID"[VARCHAR2,32], 
       "R"."GM_EY_REVIEWSTATUS"[VARCHAR2,16], "R"."EMPL_RCD"[NUMBER,22], "R"."PERIOD_BEGIN_DT"[DATE,7], "R"."PERIOD_END_DT"[DATE,7], 
       "R"."GM_EY_REVIEW_TYPE"[VARCHAR2,32]
 160 - (#keys=0) "A"."NAME"[VARCHAR2,200], "R"."GM_EY_APPRAISAL_ID"[NUMBER,22], "R"."EMPLID"[VARCHAR2,44], "R"."EMPL_RCD"[NUMBER,22], 
       "R"."PERIOD_BEGIN_DT"[DATE,7], "R"."PERIOD_END_DT"[DATE,7], "R"."GM_EY_REVIEW_TYPE"[VARCHAR2,32], "R"."GM_EY_TEMPLATE_ID"[VARCHAR2,32], 
       "R"."GM_EY_REVIEWSTATUS"[VARCHAR2,16]
 161 - (#keys=0) "A"."NAME"[VARCHAR2,200], "R".ROWID[ROWID,10], "R"."EMPLID"[VARCHAR2,44], "R"."GM_EY_APPRAISAL_ID"[NUMBER,22]
 162 - (#keys=4) "A"."EMPLID"[VARCHAR2,44], "A"."NAME"[VARCHAR2,200]
 163 - "MAX(B.EFFDT)"[DATE,7], SYS_OP_DESCEND("MAX(B.EFFDT)")[12], "ITEM_14"[VARCHAR2,44], "ITEM_15"[VARCHAR2,12]
 164 - (#keys=0) "MAX(B.EFFDT)"[DATE,7], SYS_OP_DESCEND("MAX(B.EFFDT)")[12], "ITEM_14"[VARCHAR2,44], "ITEM_15"[VARCHAR2,12]
 165 - "MAX(B.EFFDT)"[DATE,7], "ITEM_14"[VARCHAR2,44], "ITEM_15"[VARCHAR2,12]
 166 - (#keys=2) "B"."EMPLID"[VARCHAR2,44], "B"."NAME_TYPE"[VARCHAR2,12], MAX()[7]
 167 - "B"."EMPLID"[VARCHAR2,44], "B"."NAME_TYPE"[VARCHAR2,12], SYS_OP_MSR()[11]
 168 - (#keys=2) "B"."EMPLID"[VARCHAR2,44], "B"."NAME_TYPE"[VARCHAR2,12], SYS_OP_MSR()[11]
 169 - (#keys=2) "B"."EMPLID"[VARCHAR2,44], "B"."NAME_TYPE"[VARCHAR2,12], SYS_OP_MSR()[11]
 170 - "B"."EMPLID"[VARCHAR2,44], "B"."NAME_TYPE"[VARCHAR2,12], SYS_OP_DESCEND("EFFDT")[RAW,12]
 171 - "B"."EMPLID"[VARCHAR2,44], "B"."NAME_TYPE"[VARCHAR2,12], SYS_OP_DESCEND("EFFDT")[RAW,12]
 172 - "A"."EMPLID"[VARCHAR2,44], "A"."NAME_TYPE"[VARCHAR2,12], "A"."NAME"[VARCHAR2,200], SYS_OP_DESCEND("EFFDT")[RAW,12]
 173 - "A"."EMPLID"[VARCHAR2,44], "A"."NAME_TYPE"[VARCHAR2,12], "A"."NAME"[VARCHAR2,200], SYS_OP_DESCEND("EFFDT")[RAW,12]
 174 - "R".ROWID[ROWID,10], "R"."EMPLID"[VARCHAR2,44], "R"."GM_EY_APPRAISAL_ID"[NUMBER,22]
 175 - "R"."EMPL_RCD"[NUMBER,22], "R"."PERIOD_BEGIN_DT"[DATE,7], "R"."PERIOD_END_DT"[DATE,7], "R"."GM_EY_REVIEW_TYPE"[VARCHAR2,32], 
       "R"."GM_EY_TEMPLATE_ID"[VARCHAR2,32], "R"."GM_EY_REVIEWSTATUS"[VARCHAR2,16]
 176 - "X"."EMPLID"[VARCHAR2,44], "X"."GM_EY_APPRAISAL_ID"[NUMBER,22], "X"."RUN_STATUS_CD"[VARCHAR2,4], "X"."GM_EOPF_STATUS"[VARCHAR2,4], 
       "X"."RUN_DTTM"[TIMESTAMP,11]
 177 - (#keys=2) "X"."EMPLID"[VARCHAR2,44], "X"."GM_EY_APPRAISAL_ID"[NUMBER,22], "X"."RUN_STATUS_CD"[VARCHAR2,4], "X"."GM_EOPF_STATUS"[VARCHAR2,4], 
       "X"."RUN_DTTM"[TIMESTAMP,11]
 178 - (#keys=0; rowset=256) "X"."EMPLID"[VARCHAR2,44], "X"."GM_EY_APPRAISAL_ID"[NUMBER,22], "X"."RUN_STATUS_CD"[VARCHAR2,4], 
       "X"."GM_EOPF_STATUS"[VARCHAR2,4], "X"."RUN_DTTM"[TIMESTAMP,11]
 179 - "X"."EMPLID"[VARCHAR2,44], "X"."GM_EY_APPRAISAL_ID"[NUMBER,22], "X"."RUN_DTTM"[TIMESTAMP,11], "X"."GM_EOPF_STATUS"[VARCHAR2,4], 
       "X"."RUN_STATUS_CD"[VARCHAR2,4]
 180 - (#keys=0) "D"."GM_EOPF_STATUS"[VARCHAR2,4], "D"."RUN_STATUS_CD"[VARCHAR2,4], "D"."RUN_DTTM"[TIMESTAMP,11], "H"."EMPLID"[VARCHAR2,44], 
       "H"."GM_EY_APPRAISAL_ID"[NUMBER,22]
 181 - (#keys=0) "D"."GM_EOPF_STATUS"[VARCHAR2,4], "D"."RUN_STATUS_CD"[VARCHAR2,4], "D"."RUN_DTTM"[TIMESTAMP,11], "H".ROWID[ROWID,10]
 182 - (#keys=2) "D"."RUN_CNTL_ID"[VARCHAR2,120], "D"."GM_EOPF_STATUS"[VARCHAR2,4], "D"."RUN_STATUS_CD"[VARCHAR2,4], "D"."RUN_DTTM"[TIMESTAMP,11]
 183 - (rowset=256) "D"."RUN_CNTL_ID"[VARCHAR2,120], "D"."SEQNUM"[NUMBER,22], "D"."RUN_DTTM"[TIMESTAMP,11], "D"."GM_EOPF_STATUS"[VARCHAR2,4], 
       "D"."RUN_STATUS_CD"[VARCHAR2,4]
 184 - (rowset=256) "D"."RUN_CNTL_ID"[VARCHAR2,120], "D"."SEQNUM"[NUMBER,22], "D"."RUN_DTTM"[TIMESTAMP,11], "D"."GM_EOPF_STATUS"[VARCHAR2,4], 
       "D"."RUN_STATUS_CD"[VARCHAR2,4]
 185 - "MAX(D1.SEQNUM)"[NUMBER,22], "ITEM_11"[VARCHAR2,120]
 186 - (#keys=0) "MAX(D1.SEQNUM)"[NUMBER,22], "ITEM_11"[VARCHAR2,120]
 187 - (rowset=256) "MAX(D1.SEQNUM)"[NUMBER,22], "ITEM_11"[VARCHAR2,120]
 188 - (#keys=1; rowset=256) "D1"."RUN_CNTL_ID"[VARCHAR2,120], MAX()[22]
 189 - (rowset=256) "D1"."RUN_CNTL_ID"[VARCHAR2,120], SYS_OP_MSR()[26]
 190 - (#keys=1) "D1"."RUN_CNTL_ID"[VARCHAR2,120], SYS_OP_MSR()[26]
 191 - (#keys=1; rowset=256) "D1"."RUN_CNTL_ID"[VARCHAR2,120], SYS_OP_MSR()[26]
 192 - "D1"."RUN_CNTL_ID"[VARCHAR2,120], "D1"."SEQNUM"[NUMBER,22]
 193 - "D1"."RUN_CNTL_ID"[VARCHAR2,120], "D1"."SEQNUM"[NUMBER,22]
 194 - "H".ROWID[ROWID,10]
 195 - "H"."EMPLID"[VARCHAR2,44], "H"."GM_EY_APPRAISAL_ID"[NUMBER,22]
 196 - "Y".ROWID[ROWID,10]
 197 - "Y"."REVIEW_RATING"[VARCHAR2,4]
 198 - "GM_EY_APPRAISAL_ID"[NUMBER,22]
 199 - (#keys=1) "GM_EY_APPRAISAL_ID"[NUMBER,22]
 200 - (#keys=0; rowset=256) "GM_EY_APPRAISAL_ID"[NUMBER,22]
 201 - "GM_EY_APPRAISAL_ID"[NUMBER,22]
 202 - (#keys=0) "EOH"."GM_EY_APPRAISAL_ID"[NUMBER,22]
 203 - (#keys=0) "EOD"."RUN_DTTM"[TIMESTAMP,11], "EOH"."GM_EY_APPRAISAL_ID"[NUMBER,22]
 204 - (#keys=2) "EOD"."RUN_CNTL_ID"[VARCHAR2,120], "EOD"."RUN_DTTM"[TIMESTAMP,11]
 205 - (rowset=256) "EOD"."RUN_CNTL_ID"[VARCHAR2,120], "EOD"."SEQNUM"[NUMBER,22], "EOD"."RUN_DTTM"[TIMESTAMP,11]
 206 - (rowset=256) "EOD"."RUN_CNTL_ID"[VARCHAR2,120], "EOD"."SEQNUM"[NUMBER,22], "EOD"."RUN_DTTM"[TIMESTAMP,11]
 207 - "MAX(EOD1.SEQNUM)"[NUMBER,22], "ITEM_12"[VARCHAR2,120]
 208 - (#keys=0) "MAX(EOD1.SEQNUM)"[NUMBER,22], "ITEM_12"[VARCHAR2,120]
 209 - (rowset=256) "MAX(EOD1.SEQNUM)"[NUMBER,22], "ITEM_12"[VARCHAR2,120]
 210 - (#keys=1; rowset=256) "EOD1"."RUN_CNTL_ID"[VARCHAR2,120], MAX()[22]
 211 - (rowset=256) "EOD1"."RUN_CNTL_ID"[VARCHAR2,120], SYS_OP_MSR()[26]
 212 - (#keys=1) "EOD1"."RUN_CNTL_ID"[VARCHAR2,120], SYS_OP_MSR()[26]
 213 - (#keys=1; rowset=256) "EOD1"."RUN_CNTL_ID"[VARCHAR2,120], SYS_OP_MSR()[26]
 214 - "EOD1"."RUN_CNTL_ID"[VARCHAR2,120], "EOD1"."SEQNUM"[NUMBER,22]
 215 - "EOD1"."RUN_CNTL_ID"[VARCHAR2,120], "EOD1"."SEQNUM"[NUMBER,22]
 216 - "EOH"."GM_EY_APPRAISAL_ID"[NUMBER,22]
 217 - "EOH".ROWID[ROWID,10]
 218 - "MAX(T1.DATETIME_STAMP)"[TIMESTAMP,11]
 219 - MAX("T1"."DATETIME_STAMP")[11]
 220 - (#keys=0) COUNT(*)[22], MAX("T1"."DATETIME_STAMP")[11]
 221 - "T1"."DATETIME_STAMP"[TIMESTAMP,11]
 222 - "R"."GM_EY_APPRAISAL_ID"[NUMBER,22], "R"."EMPLID"[VARCHAR2,44], "A"."NAME"[VARCHAR2,200], "R"."GM_EY_TEMPLATE_ID"[VARCHAR2,32], 
       "R"."GM_EY_REVIEWSTATUS"[VARCHAR2,16], "R"."EMPL_RCD"[NUMBER,22], "R"."PERIOD_BEGIN_DT"[DATE,7], "R"."PERIOD_END_DT"[DATE,7], 
       "R"."GM_EY_REVIEW_TYPE"[VARCHAR2,32], "X"."RUN_STATUS_CD"[VARCHAR2,4], "X"."GM_EOPF_STATUS"[VARCHAR2,4], "X"."RUN_DTTM"[TIMESTAMP,11], 
       "Y"."REVIEW_RATING"[VARCHAR2,4]
 223 - "R"."GM_EY_APPRAISAL_ID"[NUMBER,22], "R"."EMPLID"[VARCHAR2,44], "A"."NAME"[VARCHAR2,200], "R"."GM_EY_TEMPLATE_ID"[VARCHAR2,32], 
       "R"."GM_EY_REVIEWSTATUS"[VARCHAR2,16], "R"."EMPL_RCD"[NUMBER,22], "R"."PERIOD_BEGIN_DT"[DATE,7], "R"."PERIOD_END_DT"[DATE,7], 
       "R"."GM_EY_REVIEW_TYPE"[VARCHAR2,32], "X"."RUN_STATUS_CD"[VARCHAR2,4], "X"."GM_EOPF_STATUS"[VARCHAR2,4], "X"."RUN_DTTM"[TIMESTAMP,11], 
       "Y"."REVIEW_RATING"[VARCHAR2,4]
 224 - (#keys=1) "R"."GM_EY_APPRAISAL_ID"[NUMBER,22], "R"."EMPLID"[VARCHAR2,44], "A"."NAME"[VARCHAR2,200], "R"."GM_EY_TEMPLATE_ID"[VARCHAR2,32], 
       "R"."GM_EY_REVIEWSTATUS"[VARCHAR2,16], "R"."EMPL_RCD"[NUMBER,22], "R"."PERIOD_BEGIN_DT"[DATE,7], "R"."PERIOD_END_DT"[DATE,7], 
       "R"."GM_EY_REVIEW_TYPE"[VARCHAR2,32], "X"."RUN_STATUS_CD"[VARCHAR2,4], "X"."GM_EOPF_STATUS"[VARCHAR2,4], "X"."RUN_DTTM"[TIMESTAMP,11], 
       "Y"."REVIEW_RATING"[VARCHAR2,4]
 225 - (#keys=0; rowset=256) "R"."GM_EY_APPRAISAL_ID"[NUMBER,22], "R"."EMPLID"[VARCHAR2,44], "A"."NAME"[VARCHAR2,200], 
       "R"."GM_EY_TEMPLATE_ID"[VARCHAR2,32], "R"."GM_EY_REVIEWSTATUS"[VARCHAR2,16], "R"."EMPL_RCD"[NUMBER,22], "R"."PERIOD_BEGIN_DT"[DATE,7], 
       "R"."PERIOD_END_DT"[DATE,7], "R"."GM_EY_REVIEW_TYPE"[VARCHAR2,32], "X"."RUN_STATUS_CD"[VARCHAR2,4], "X"."GM_EOPF_STATUS"[VARCHAR2,4], 
       "X"."RUN_DTTM"[TIMESTAMP,11], "Y"."REVIEW_RATING"[VARCHAR2,4]
 226 - (#keys=0) "R"."EMPLID"[VARCHAR2,44], "R"."GM_EY_APPRAISAL_ID"[NUMBER,22], "A"."NAME"[VARCHAR2,200], "R"."GM_EY_TEMPLATE_ID"[VARCHAR2,32], 
       "R"."GM_EY_REVIEWSTATUS"[VARCHAR2,16], "R"."EMPL_RCD"[NUMBER,22], "R"."PERIOD_BEGIN_DT"[DATE,7], "R"."PERIOD_END_DT"[DATE,7], 
       "R"."GM_EY_REVIEW_TYPE"[VARCHAR2,32], "X"."RUN_STATUS_CD"[VARCHAR2,4], "X"."GM_EOPF_STATUS"[VARCHAR2,4], "X"."RUN_DTTM"[TIMESTAMP,11], 
       "Y"."REVIEW_RATING"[VARCHAR2,4]
 227 - (#keys=0) "R"."EMPLID"[VARCHAR2,44], "R"."GM_EY_APPRAISAL_ID"[NUMBER,22], "A"."NAME"[VARCHAR2,200], "R"."GM_EY_TEMPLATE_ID"[VARCHAR2,32], 
       "R"."GM_EY_REVIEWSTATUS"[VARCHAR2,16], "R"."EMPL_RCD"[NUMBER,22], "R"."PERIOD_BEGIN_DT"[DATE,7], "R"."PERIOD_END_DT"[DATE,7], 
       "R"."GM_EY_REVIEW_TYPE"[VARCHAR2,32], "X"."RUN_STATUS_CD"[VARCHAR2,4], "X"."GM_EOPF_STATUS"[VARCHAR2,4], "X"."RUN_DTTM"[TIMESTAMP,11], 
       "Y".ROWID[ROWID,10]
 228 - (#keys=2) "R"."EMPLID"[VARCHAR2,44], "R"."GM_EY_APPRAISAL_ID"[NUMBER,22], "A"."NAME"[VARCHAR2,200], "R"."GM_EY_TEMPLATE_ID"[VARCHAR2,32], 
       "R"."GM_EY_REVIEWSTATUS"[VARCHAR2,16], "R"."EMPL_RCD"[NUMBER,22], "R"."PERIOD_BEGIN_DT"[DATE,7], "R"."PERIOD_END_DT"[DATE,7], 
       "R"."GM_EY_REVIEW_TYPE"[VARCHAR2,32], "X"."RUN_STATUS_CD"[VARCHAR2,4], "X"."GM_EOPF_STATUS"[VARCHAR2,4], "X"."RUN_DTTM"[TIMESTAMP,11]
 229 - (rowset=256) "R"."EMPLID"[VARCHAR2,44], "R"."GM_EY_APPRAISAL_ID"[NUMBER,22], "A"."NAME"[VARCHAR2,200], "R"."GM_EY_TEMPLATE_ID"[VARCHAR2,32], 
       "R"."GM_EY_REVIEWSTATUS"[VARCHAR2,16], "R"."EMPL_RCD"[NUMBER,22], "R"."PERIOD_BEGIN_DT"[DATE,7], "R"."PERIOD_END_DT"[DATE,7], 
       "R"."GM_EY_REVIEW_TYPE"[VARCHAR2,32]
 230 - (#keys=2) "R"."EMPLID"[VARCHAR2,44], "R"."GM_EY_APPRAISAL_ID"[NUMBER,22], "A"."NAME"[VARCHAR2,200], "R"."GM_EY_TEMPLATE_ID"[VARCHAR2,32], 
       "R"."GM_EY_REVIEWSTATUS"[VARCHAR2,16], "R"."EMPL_RCD"[NUMBER,22], "R"."PERIOD_BEGIN_DT"[DATE,7], "R"."PERIOD_END_DT"[DATE,7], 
       "R"."GM_EY_REVIEW_TYPE"[VARCHAR2,32]
 231 - (#keys=0) "A"."NAME"[VARCHAR2,200], "R"."GM_EY_APPRAISAL_ID"[NUMBER,22], "R"."EMPLID"[VARCHAR2,44], "R"."EMPL_RCD"[NUMBER,22], 
       "R"."PERIOD_BEGIN_DT"[DATE,7], "R"."PERIOD_END_DT"[DATE,7], "R"."GM_EY_REVIEW_TYPE"[VARCHAR2,32], "R"."GM_EY_TEMPLATE_ID"[VARCHAR2,32], 
       "R"."GM_EY_REVIEWSTATUS"[VARCHAR2,16]
 232 - (#keys=0) "A"."NAME"[VARCHAR2,200], "R".ROWID[ROWID,10], "R"."EMPLID"[VARCHAR2,44], "R"."GM_EY_APPRAISAL_ID"[NUMBER,22]
 233 - (#keys=4) "A"."EMPLID"[VARCHAR2,44], "A"."NAME"[VARCHAR2,200]
 234 - "MAX(B.EFFDT)"[DATE,7], SYS_OP_DESCEND("MAX(B.EFFDT)")[12], "ITEM_19"[VARCHAR2,44], "ITEM_20"[VARCHAR2,12]
 235 - (#keys=0) "MAX(B.EFFDT)"[DATE,7], SYS_OP_DESCEND("MAX(B.EFFDT)")[12], "ITEM_19"[VARCHAR2,44], "ITEM_20"[VARCHAR2,12]
 236 - "MAX(B.EFFDT)"[DATE,7], "ITEM_19"[VARCHAR2,44], "ITEM_20"[VARCHAR2,12]
 237 - (#keys=2) "B"."EMPLID"[VARCHAR2,44], "B"."NAME_TYPE"[VARCHAR2,12], MAX()[7]
 238 - "B"."EMPLID"[VARCHAR2,44], "B"."NAME_TYPE"[VARCHAR2,12], SYS_OP_MSR()[11]
 239 - (#keys=2) "B"."EMPLID"[VARCHAR2,44], "B"."NAME_TYPE"[VARCHAR2,12], SYS_OP_MSR()[11]
 240 - (#keys=2) "B"."EMPLID"[VARCHAR2,44], "B"."NAME_TYPE"[VARCHAR2,12], SYS_OP_MSR()[11]
 241 - "B"."EMPLID"[VARCHAR2,44], "B"."NAME_TYPE"[VARCHAR2,12], SYS_OP_DESCEND("EFFDT")[RAW,12]
 242 - "B"."EMPLID"[VARCHAR2,44], "B"."NAME_TYPE"[VARCHAR2,12], SYS_OP_DESCEND("EFFDT")[RAW,12]
 243 - "A"."EMPLID"[VARCHAR2,44], "A"."NAME_TYPE"[VARCHAR2,12], "A"."NAME"[VARCHAR2,200], SYS_OP_DESCEND("EFFDT")[RAW,12]
 244 - "A"."EMPLID"[VARCHAR2,44], "A"."NAME_TYPE"[VARCHAR2,12], "A"."NAME"[VARCHAR2,200], SYS_OP_DESCEND("EFFDT")[RAW,12]
 245 - "R".ROWID[ROWID,10], "R"."EMPLID"[VARCHAR2,44], "R"."GM_EY_APPRAISAL_ID"[NUMBER,22]
 246 - "R"."EMPL_RCD"[NUMBER,22], "R"."PERIOD_BEGIN_DT"[DATE,7], "R"."PERIOD_END_DT"[DATE,7], "R"."GM_EY_REVIEW_TYPE"[VARCHAR2,32], 
       "R"."GM_EY_TEMPLATE_ID"[VARCHAR2,32], "R"."GM_EY_REVIEWSTATUS"[VARCHAR2,16]
 247 - "X"."EMPLID"[VARCHAR2,44], "X"."GM_EY_APPRAISAL_ID"[NUMBER,22], "X"."RUN_STATUS_CD"[VARCHAR2,4], "X"."GM_EOPF_STATUS"[VARCHAR2,4], 
       "X"."RUN_DTTM"[TIMESTAMP,11]
 248 - (#keys=2) "X"."EMPLID"[VARCHAR2,44], "X"."GM_EY_APPRAISAL_ID"[NUMBER,22], "X"."RUN_STATUS_CD"[VARCHAR2,4], "X"."GM_EOPF_STATUS"[VARCHAR2,4], 
       "X"."RUN_DTTM"[TIMESTAMP,11]
 249 - (#keys=0; rowset=256) "X"."EMPLID"[VARCHAR2,44], "X"."GM_EY_APPRAISAL_ID"[NUMBER,22], "X"."RUN_STATUS_CD"[VARCHAR2,4], 
       "X"."GM_EOPF_STATUS"[VARCHAR2,4], "X"."RUN_DTTM"[TIMESTAMP,11]
 250 - "X"."EMPLID"[VARCHAR2,44], "X"."GM_EY_APPRAISAL_ID"[NUMBER,22], "X"."RUN_DTTM"[TIMESTAMP,11], "X"."GM_EOPF_STATUS"[VARCHAR2,4], 
       "X"."RUN_STATUS_CD"[VARCHAR2,4]
 251 - (#keys=0) "D"."GM_EOPF_STATUS"[VARCHAR2,4], "D"."RUN_STATUS_CD"[VARCHAR2,4], "D"."RUN_DTTM"[TIMESTAMP,11], "H"."EMPLID"[VARCHAR2,44], 
       "H"."GM_EY_APPRAISAL_ID"[NUMBER,22]
 252 - (#keys=0) "D"."GM_EOPF_STATUS"[VARCHAR2,4], "D"."RUN_STATUS_CD"[VARCHAR2,4], "D"."RUN_DTTM"[TIMESTAMP,11], "H".ROWID[ROWID,10]
 253 - (#keys=2) "D"."RUN_CNTL_ID"[VARCHAR2,120], "D"."GM_EOPF_STATUS"[VARCHAR2,4], "D"."RUN_STATUS_CD"[VARCHAR2,4], "D"."RUN_DTTM"[TIMESTAMP,11]
 254 - (rowset=256) "D"."RUN_CNTL_ID"[VARCHAR2,120], "D"."SEQNUM"[NUMBER,22], "D"."RUN_DTTM"[TIMESTAMP,11], "D"."GM_EOPF_STATUS"[VARCHAR2,4], 
       "D"."RUN_STATUS_CD"[VARCHAR2,4]
 255 - (rowset=256) "D"."RUN_CNTL_ID"[VARCHAR2,120], "D"."SEQNUM"[NUMBER,22], "D"."RUN_DTTM"[TIMESTAMP,11], "D"."GM_EOPF_STATUS"[VARCHAR2,4], 
       "D"."RUN_STATUS_CD"[VARCHAR2,4]
 256 - "MAX(D1.SEQNUM)"[NUMBER,22], "ITEM_16"[VARCHAR2,120]
 257 - (#keys=0) "MAX(D1.SEQNUM)"[NUMBER,22], "ITEM_16"[VARCHAR2,120]
 258 - (rowset=256) "MAX(D1.SEQNUM)"[NUMBER,22], "ITEM_16"[VARCHAR2,120]
 259 - (#keys=1; rowset=256) "D1"."RUN_CNTL_ID"[VARCHAR2,120], MAX()[22]
 260 - (rowset=256) "D1"."RUN_CNTL_ID"[VARCHAR2,120], SYS_OP_MSR()[26]
 261 - (#keys=1) "D1"."RUN_CNTL_ID"[VARCHAR2,120], SYS_OP_MSR()[26]
 262 - (#keys=1; rowset=256) "D1"."RUN_CNTL_ID"[VARCHAR2,120], SYS_OP_MSR()[26]
 263 - "D1"."RUN_CNTL_ID"[VARCHAR2,120], "D1"."SEQNUM"[NUMBER,22]
 264 - "D1"."RUN_CNTL_ID"[VARCHAR2,120], "D1"."SEQNUM"[NUMBER,22]
 265 - "H".ROWID[ROWID,10]
 266 - "H"."EMPLID"[VARCHAR2,44], "H"."GM_EY_APPRAISAL_ID"[NUMBER,22]
 267 - "Y".ROWID[ROWID,10]
 268 - "Y"."REVIEW_RATING"[VARCHAR2,4]
 269 - (#keys=0) 
 270 - (#keys=0) "EOD"."RUN_CNTL_ID"[VARCHAR2,120], "EOD"."SEQNUM"[NUMBER,22]
 271 - (#keys=0) "EOH"."RUN_CNTL_ID"[VARCHAR2,120], "MAX(T1.DATETIME_STAMP)"[TIMESTAMP,11]
 272 - "EOH"."RUN_CNTL_ID"[VARCHAR2,120], "EOH"."GM_EY_APPRAISAL_ID"[NUMBER,22]
 273 - "MAX(T1.DATETIME_STAMP)"[TIMESTAMP,11]
 274 - MAX("T1"."DATETIME_STAMP")[11]
 275 - (#keys=0) COUNT(*)[22], MAX("T1"."DATETIME_STAMP")[11]
 276 - "T1"."DATETIME_STAMP"[TIMESTAMP,11]
 277 - "EOD"."RUN_CNTL_ID"[VARCHAR2,120], "EOD"."SEQNUM"[NUMBER,22]
 278 - "EOD".ROWID[ROWID,10], "EOD"."RUN_CNTL_ID"[VARCHAR2,120], "EOD"."SEQNUM"[NUMBER,22]
 279 - "MAX(EOD1.SEQNUM)"[NUMBER,22]
 280 - MAX("EOD1"."SEQNUM")[22]
 281 - (#keys=0) COUNT(*)[22], MAX("EOD1"."SEQNUM")[22]
 282 - "EOD1"."SEQNUM"[NUMBER,22]
 283 - "XX"."REVIEW_RATING"[VARCHAR2,4]
 284 - "XX".ROWID[ROWID,10]
 285 - "R"."GM_EY_APPRAISAL_ID"[NUMBER,22], "R"."EMPLID"[VARCHAR2,44], "A"."NAME"[VARCHAR2,200], "R"."GM_EY_TEMPLATE_ID"[VARCHAR2,32], 
       "R"."GM_EY_REVIEWSTATUS"[VARCHAR2,16], "R"."EMPL_RCD"[NUMBER,22], "R"."PERIOD_BEGIN_DT"[DATE,7], "R"."PERIOD_END_DT"[DATE,7], 
       "R"."GM_EY_REVIEW_TYPE"[VARCHAR2,32], "X"."RUN_STATUS_CD"[VARCHAR2,4], "X"."GM_EOPF_STATUS"[VARCHAR2,4], "X"."RUN_DTTM"[TIMESTAMP,11], 
       "Y"."REVIEW_RATING"[VARCHAR2,4]
 286 - "R"."GM_EY_APPRAISAL_ID"[NUMBER,22], "R"."EMPLID"[VARCHAR2,44], "A"."NAME"[VARCHAR2,200], "R"."GM_EY_TEMPLATE_ID"[VARCHAR2,32], 
       "R"."GM_EY_REVIEWSTATUS"[VARCHAR2,16], "R"."EMPL_RCD"[NUMBER,22], "R"."PERIOD_BEGIN_DT"[DATE,7], "R"."PERIOD_END_DT"[DATE,7], 
       "R"."GM_EY_REVIEW_TYPE"[VARCHAR2,32], "X"."RUN_STATUS_CD"[VARCHAR2,4], "X"."GM_EOPF_STATUS"[VARCHAR2,4], "X"."RUN_DTTM"[TIMESTAMP,11], 
       "Y"."REVIEW_RATING"[VARCHAR2,4]
 287 - (#keys=1) "R"."GM_EY_APPRAISAL_ID"[NUMBER,22], "R"."EMPLID"[VARCHAR2,44], "A"."NAME"[VARCHAR2,200], "R"."GM_EY_TEMPLATE_ID"[VARCHAR2,32], 
       "R"."GM_EY_REVIEWSTATUS"[VARCHAR2,16], "R"."EMPL_RCD"[NUMBER,22], "R"."PERIOD_BEGIN_DT"[DATE,7], "R"."PERIOD_END_DT"[DATE,7], 
       "R"."GM_EY_REVIEW_TYPE"[VARCHAR2,32], "X"."RUN_STATUS_CD"[VARCHAR2,4], "X"."GM_EOPF_STATUS"[VARCHAR2,4], "X"."RUN_DTTM"[TIMESTAMP,11], 
       "Y"."REVIEW_RATING"[VARCHAR2,4]
 288 - (#keys=0; rowset=256) "R"."GM_EY_APPRAISAL_ID"[NUMBER,22], "R"."EMPLID"[VARCHAR2,44], "A"."NAME"[VARCHAR2,200], 
       "R"."GM_EY_TEMPLATE_ID"[VARCHAR2,32], "R"."GM_EY_REVIEWSTATUS"[VARCHAR2,16], "R"."EMPL_RCD"[NUMBER,22], "R"."PERIOD_BEGIN_DT"[DATE,7], 
       "R"."PERIOD_END_DT"[DATE,7], "R"."GM_EY_REVIEW_TYPE"[VARCHAR2,32], "X"."RUN_STATUS_CD"[VARCHAR2,4], "X"."GM_EOPF_STATUS"[VARCHAR2,4], 
       "X"."RUN_DTTM"[TIMESTAMP,11], "Y"."REVIEW_RATING"[VARCHAR2,4]
 289 - (#keys=0) "R"."EMPLID"[VARCHAR2,44], "R"."GM_EY_APPRAISAL_ID"[NUMBER,22], "A"."NAME"[VARCHAR2,200], "R"."GM_EY_TEMPLATE_ID"[VARCHAR2,32], 
       "R"."GM_EY_REVIEWSTATUS"[VARCHAR2,16], "R"."EMPL_RCD"[NUMBER,22], "R"."PERIOD_BEGIN_DT"[DATE,7], "R"."PERIOD_END_DT"[DATE,7], 
       "R"."GM_EY_REVIEW_TYPE"[VARCHAR2,32], "X"."RUN_STATUS_CD"[VARCHAR2,4], "X"."GM_EOPF_STATUS"[VARCHAR2,4], "X"."RUN_DTTM"[TIMESTAMP,11], 
       "Y"."REVIEW_RATING"[VARCHAR2,4]
 290 - (#keys=0) "R"."EMPLID"[VARCHAR2,44], "R"."GM_EY_APPRAISAL_ID"[NUMBER,22], "A"."NAME"[VARCHAR2,200], "R"."GM_EY_TEMPLATE_ID"[VARCHAR2,32], 
       "R"."GM_EY_REVIEWSTATUS"[VARCHAR2,16], "R"."EMPL_RCD"[NUMBER,22], "R"."PERIOD_BEGIN_DT"[DATE,7], "R"."PERIOD_END_DT"[DATE,7], 
       "R"."GM_EY_REVIEW_TYPE"[VARCHAR2,32], "X"."RUN_STATUS_CD"[VARCHAR2,4], "X"."GM_EOPF_STATUS"[VARCHAR2,4], "X"."RUN_DTTM"[TIMESTAMP,11], 
       "Y".ROWID[ROWID,10]
 291 - (#keys=2) "R"."EMPLID"[VARCHAR2,44], "R"."GM_EY_APPRAISAL_ID"[NUMBER,22], "A"."NAME"[VARCHAR2,200], "R"."GM_EY_TEMPLATE_ID"[VARCHAR2,32], 
       "R"."GM_EY_REVIEWSTATUS"[VARCHAR2,16], "R"."EMPL_RCD"[NUMBER,22], "R"."PERIOD_BEGIN_DT"[DATE,7], "R"."PERIOD_END_DT"[DATE,7], 
       "R"."GM_EY_REVIEW_TYPE"[VARCHAR2,32], "X"."RUN_STATUS_CD"[VARCHAR2,4], "X"."GM_EOPF_STATUS"[VARCHAR2,4], "X"."RUN_DTTM"[TIMESTAMP,11]
 292 - (rowset=256) "R"."EMPLID"[VARCHAR2,44], "R"."GM_EY_APPRAISAL_ID"[NUMBER,22], "A"."NAME"[VARCHAR2,200], "R"."GM_EY_TEMPLATE_ID"[VARCHAR2,32], 
       "R"."GM_EY_REVIEWSTATUS"[VARCHAR2,16], "R"."EMPL_RCD"[NUMBER,22], "R"."PERIOD_BEGIN_DT"[DATE,7], "R"."PERIOD_END_DT"[DATE,7], 
       "R"."GM_EY_REVIEW_TYPE"[VARCHAR2,32]
 293 - (#keys=2) "R"."EMPLID"[VARCHAR2,44], "R"."GM_EY_APPRAISAL_ID"[NUMBER,22], "A"."NAME"[VARCHAR2,200], "R"."GM_EY_TEMPLATE_ID"[VARCHAR2,32], 
       "R"."GM_EY_REVIEWSTATUS"[VARCHAR2,16], "R"."EMPL_RCD"[NUMBER,22], "R"."PERIOD_BEGIN_DT"[DATE,7], "R"."PERIOD_END_DT"[DATE,7], 
       "R"."GM_EY_REVIEW_TYPE"[VARCHAR2,32]
 294 - (#keys=0) "A"."NAME"[VARCHAR2,200], "R"."GM_EY_APPRAISAL_ID"[NUMBER,22], "R"."EMPLID"[VARCHAR2,44], "R"."EMPL_RCD"[NUMBER,22], 
       "R"."PERIOD_BEGIN_DT"[DATE,7], "R"."PERIOD_END_DT"[DATE,7], "R"."GM_EY_REVIEW_TYPE"[VARCHAR2,32], "R"."GM_EY_TEMPLATE_ID"[VARCHAR2,32], 
       "R"."GM_EY_REVIEWSTATUS"[VARCHAR2,16]
 295 - (#keys=0) "A"."NAME"[VARCHAR2,200], "R".ROWID[ROWID,10], "R"."EMPLID"[VARCHAR2,44], "R"."GM_EY_APPRAISAL_ID"[NUMBER,22]
 296 - (#keys=4) "A"."EMPLID"[VARCHAR2,44], "A"."NAME"[VARCHAR2,200]
 297 - "MAX(B.EFFDT)"[DATE,7], SYS_OP_DESCEND("MAX(B.EFFDT)")[12], "ITEM_24"[VARCHAR2,44], "ITEM_25"[VARCHAR2,12]
 298 - (#keys=0) "MAX(B.EFFDT)"[DATE,7], SYS_OP_DESCEND("MAX(B.EFFDT)")[12], "ITEM_24"[VARCHAR2,44], "ITEM_25"[VARCHAR2,12]
 299 - "MAX(B.EFFDT)"[DATE,7], "ITEM_24"[VARCHAR2,44], "ITEM_25"[VARCHAR2,12]
 300 - (#keys=2) "B"."EMPLID"[VARCHAR2,44], "B"."NAME_TYPE"[VARCHAR2,12], MAX()[7]
 301 - "B"."EMPLID"[VARCHAR2,44], "B"."NAME_TYPE"[VARCHAR2,12], SYS_OP_MSR()[11]
 302 - (#keys=2) "B"."EMPLID"[VARCHAR2,44], "B"."NAME_TYPE"[VARCHAR2,12], SYS_OP_MSR()[11]
 303 - (#keys=2) "B"."EMPLID"[VARCHAR2,44], "B"."NAME_TYPE"[VARCHAR2,12], SYS_OP_MSR()[11]
 304 - "B"."EMPLID"[VARCHAR2,44], "B"."NAME_TYPE"[VARCHAR2,12], SYS_OP_DESCEND("EFFDT")[RAW,12]
 305 - "B"."EMPLID"[VARCHAR2,44], "B"."NAME_TYPE"[VARCHAR2,12], SYS_OP_DESCEND("EFFDT")[RAW,12]
 306 - "A"."EMPLID"[VARCHAR2,44], "A"."NAME_TYPE"[VARCHAR2,12], "A"."NAME"[VARCHAR2,200], SYS_OP_DESCEND("EFFDT")[RAW,12]
 307 - "A"."EMPLID"[VARCHAR2,44], "A"."NAME_TYPE"[VARCHAR2,12], "A"."NAME"[VARCHAR2,200], SYS_OP_DESCEND("EFFDT")[RAW,12]
 308 - "R".ROWID[ROWID,10], "R"."EMPLID"[VARCHAR2,44], "R"."GM_EY_APPRAISAL_ID"[NUMBER,22]
 309 - "R"."EMPL_RCD"[NUMBER,22], "R"."PERIOD_BEGIN_DT"[DATE,7], "R"."PERIOD_END_DT"[DATE,7], "R"."GM_EY_REVIEW_TYPE"[VARCHAR2,32], 
       "R"."GM_EY_TEMPLATE_ID"[VARCHAR2,32], "R"."GM_EY_REVIEWSTATUS"[VARCHAR2,16]
 310 - "X"."EMPLID"[VARCHAR2,44], "X"."GM_EY_APPRAISAL_ID"[NUMBER,22], "X"."RUN_STATUS_CD"[VARCHAR2,4], "X"."GM_EOPF_STATUS"[VARCHAR2,4], 
       "X"."RUN_DTTM"[TIMESTAMP,11]
 311 - (#keys=2) "X"."EMPLID"[VARCHAR2,44], "X"."GM_EY_APPRAISAL_ID"[NUMBER,22], "X"."RUN_STATUS_CD"[VARCHAR2,4], "X"."GM_EOPF_STATUS"[VARCHAR2,4], 
       "X"."RUN_DTTM"[TIMESTAMP,11]
 312 - (#keys=0; rowset=256) "X"."EMPLID"[VARCHAR2,44], "X"."GM_EY_APPRAISAL_ID"[NUMBER,22], "X"."RUN_STATUS_CD"[VARCHAR2,4], 
       "X"."GM_EOPF_STATUS"[VARCHAR2,4], "X"."RUN_DTTM"[TIMESTAMP,11]
 313 - "X"."EMPLID"[VARCHAR2,44], "X"."GM_EY_APPRAISAL_ID"[NUMBER,22], "X"."RUN_DTTM"[TIMESTAMP,11], "X"."GM_EOPF_STATUS"[VARCHAR2,4], 
       "X"."RUN_STATUS_CD"[VARCHAR2,4]
 314 - (#keys=0) "D"."GM_EOPF_STATUS"[VARCHAR2,4], "D"."RUN_STATUS_CD"[VARCHAR2,4], "D"."RUN_DTTM"[TIMESTAMP,11], "H"."EMPLID"[VARCHAR2,44], 
       "H"."GM_EY_APPRAISAL_ID"[NUMBER,22]
 315 - (#keys=0) "D"."GM_EOPF_STATUS"[VARCHAR2,4], "D"."RUN_STATUS_CD"[VARCHAR2,4], "D"."RUN_DTTM"[TIMESTAMP,11], "H".ROWID[ROWID,10]
 316 - (#keys=2) "D"."RUN_CNTL_ID"[VARCHAR2,120], "D"."GM_EOPF_STATUS"[VARCHAR2,4], "D"."RUN_STATUS_CD"[VARCHAR2,4], "D"."RUN_DTTM"[TIMESTAMP,11]
 317 - (rowset=256) "D"."RUN_CNTL_ID"[VARCHAR2,120], "D"."SEQNUM"[NUMBER,22], "D"."RUN_DTTM"[TIMESTAMP,11], "D"."GM_EOPF_STATUS"[VARCHAR2,4], 
       "D"."RUN_STATUS_CD"[VARCHAR2,4]
 318 - (rowset=256) "D"."RUN_CNTL_ID"[VARCHAR2,120], "D"."SEQNUM"[NUMBER,22], "D"."RUN_DTTM"[TIMESTAMP,11], "D"."GM_EOPF_STATUS"[VARCHAR2,4], 
       "D"."RUN_STATUS_CD"[VARCHAR2,4]
 319 - "MAX(D1.SEQNUM)"[NUMBER,22], "ITEM_21"[VARCHAR2,120]
 320 - (#keys=0) "MAX(D1.SEQNUM)"[NUMBER,22], "ITEM_21"[VARCHAR2,120]
 321 - (rowset=256) "MAX(D1.SEQNUM)"[NUMBER,22], "ITEM_21"[VARCHAR2,120]
 322 - (#keys=1; rowset=256) "D1"."RUN_CNTL_ID"[VARCHAR2,120], MAX()[22]
 323 - (rowset=256) "D1"."RUN_CNTL_ID"[VARCHAR2,120], SYS_OP_MSR()[26]
 324 - (#keys=1) "D1"."RUN_CNTL_ID"[VARCHAR2,120], SYS_OP_MSR()[26]
 325 - (#keys=1; rowset=256) "D1"."RUN_CNTL_ID"[VARCHAR2,120], SYS_OP_MSR()[26]
 326 - "D1"."RUN_CNTL_ID"[VARCHAR2,120], "D1"."SEQNUM"[NUMBER,22]
 327 - "D1"."RUN_CNTL_ID"[VARCHAR2,120], "D1"."SEQNUM"[NUMBER,22]
 328 - "H".ROWID[ROWID,10]
 329 - "H"."EMPLID"[VARCHAR2,44], "H"."GM_EY_APPRAISAL_ID"[NUMBER,22]
 330 - "Y".ROWID[ROWID,10]
 331 - "Y"."REVIEW_RATING"[VARCHAR2,4]
 332 - (#keys=0) 
 333 - (#keys=0) "EOD"."RUN_CNTL_ID"[VARCHAR2,120], "EOD"."SEQNUM"[NUMBER,22]
 334 - (#keys=0) "EOH"."RUN_CNTL_ID"[VARCHAR2,120], "MAX(T1.DATETIME_STAMP)"[TIMESTAMP,11]
 335 - "EOH"."RUN_CNTL_ID"[VARCHAR2,120], "EOH"."GM_EY_APPRAISAL_ID"[NUMBER,22]
 336 - "MAX(T1.DATETIME_STAMP)"[TIMESTAMP,11]
 337 - MAX("T1"."DATETIME_STAMP")[11]
 338 - (#keys=0) COUNT(*)[22], MAX("T1"."DATETIME_STAMP")[11]
 339 - "T1"."DATETIME_STAMP"[TIMESTAMP,11]
 340 - "EOD"."RUN_CNTL_ID"[VARCHAR2,120], "EOD"."SEQNUM"[NUMBER,22]
 341 - "EOD".ROWID[ROWID,10], "EOD"."RUN_CNTL_ID"[VARCHAR2,120], "EOD"."SEQNUM"[NUMBER,22]
 342 - "MAX(EOD1.SEQNUM)"[NUMBER,22]
 343 - MAX("EOD1"."SEQNUM")[22]
 344 - (#keys=0) COUNT(*)[22], MAX("EOD1"."SEQNUM")[22]
 345 - "EOD1"."SEQNUM"[NUMBER,22]
 
Hint Report (identified by operation id / Query Block Name / Object Alias):
Total hints for statement: 2 (U - Unused (1))
---------------------------------------------------------------------------
 
   0 -  STATEMENT
         U -  PARALLEL
           -  OPTIMIZER_FEATURES_ENABLE(default)
 
Note
-----
   - dynamic statistics used: dynamic sampling (level=5)
   - automatic DOP: Computed Degree of Parallelism is 2

-------------------------------------------------------------------------------
ALTERNATIVE PLANS SECTION
-------------------------------------------------------------------------------

Plan 1
------
 
  Plan Origin                 :Cursor Cache                  
  Plan Hash Value             :755003069                     
  Executions                  :1                             
  Elapsed Time                :93.031 sec                    
  CPU Time                    :89.040 sec                    
  Buffer Gets                 :14163581                      
  Disk Reads                  :106551                        
  Disk Writes                 :0                             
 
Notes: 
  1. Statistics shown are averaged over multiple executions.
 
 
--------------------------------------------------------------------------------------------------------------------------
| Id  | Operation                                   | Name               | Rows  | Bytes |TempSpc| Cost (%CPU)| Time     |
--------------------------------------------------------------------------------------------------------------------------
|   0 | SELECT STATEMENT                            |                    |   147 | 36456 |       |  8160K  (1)| 00:05:19 |
|   1 |  VIEW                                       | PS_GM_EY_EOPFQLFYV |   147 | 36456 |       |  8160K  (1)| 00:05:19 |
|   2 |   SORT UNIQUE                               |                    |   147 | 47988 |       |  8160K  (1)| 00:05:19 |
|   3 |    UNION-ALL                                |                    |       |       |       |            |          |
|*  4 |     HASH JOIN ANTI                          |                    |     2 |   414 |       |  4006K  (1)| 00:02:37 |
|   5 |      NESTED LOOPS                           |                    |     2 |   388 |       | 19663   (1)| 00:00:01 |
|   6 |       NESTED LOOPS                          |                    |     2 |   388 |       | 19663   (1)| 00:00:01 |
|*  7 |        HASH JOIN RIGHT OUTER                |                    |     1 |   181 |       | 19660   (1)| 00:00:01 |
|   8 |         VIEW                                | PS_GM_EOPF_H_D_VW  |     1 |    58 |       | 11430   (1)| 00:00:01 |
|*  9 |          HASH JOIN                          |                    |     1 |   157 |       | 11430   (1)| 00:00:01 |
|* 10 |           HASH JOIN SEMI                    |                    |     1 |   116 |    17M| 10081   (1)| 00:00:01 |
|  11 |            TABLE ACCESS FULL                | PS_GM_EOPF_DETAIL  |   352K|    13M|       |  4415   (1)| 00:00:01 |
|  12 |            VIEW                             | VW_SQ_1            |   334K|    23M|       |  3402   (1)| 00:00:01 |
|  13 |             HASH GROUP BY                   |                    |   334K|    10M|       |  3402   (1)| 00:00:01 |
|  14 |              INDEX FULL SCAN                | PS_GM_EOPF_DETAIL  |   352K|    10M|       |  3402   (1)| 00:00:01 |
|* 15 |           TABLE ACCESS FULL                 | PS_GM_EOPF_HEADER  |   111K|  4460K|       |  1348   (1)| 00:00:01 |
|  16 |         NESTED LOOPS                        |                    |     1 |   123 |       |  8230   (2)| 00:00:01 |
|  17 |          NESTED LOOPS                       |                    |  1066 |   123 |       |  8230   (2)| 00:00:01 |
|* 18 |           HASH JOIN RIGHT SEMI              |                    |    82 |  6478 |  2952K|  7537   (3)| 00:00:01 |
|  19 |            VIEW                             | VW_SQ_4            | 56978 |  2281K|       |  3446   (5)| 00:00:01 |
|  20 |             HASH GROUP BY                   |                    | 56978 |  1112K|    28M|  3446   (5)| 00:00:01 |
|* 21 |              INDEX FAST FULL SCAN           | PS_NAMES           |   929K|    17M|       |  1203   (9)| 00:00:01 |
|* 22 |            INDEX FAST FULL SCAN             | PS0NAMES           |   929K|    33M|       |  1741   (1)| 00:00:01 |
|* 23 |           INDEX RANGE SCAN                  | PS0GM_EY_MAIN      |    13 |       |       |     2   (0)| 00:00:01 |
|* 24 |          TABLE ACCESS BY INDEX ROWID        | PS_GM_EY_MAIN      |     1 |    44 |       |    15   (0)| 00:00:01 |
|* 25 |        INDEX RANGE SCAN                     | PS_GM_EY_SECTION   |     1 |       |       |     2   (0)| 00:00:01 |
|  26 |       TABLE ACCESS BY INDEX ROWID           | PS_GM_EY_SECTION   |     1 |    13 |       |     3   (0)| 00:00:01 |
|  27 |      VIEW                                   | VW_NSO_3           |     1 |    13 |       |  3987K  (1)| 00:02:36 |
|* 28 |       FILTER                                |                    |       |       |       |            |          |
|  29 |        HASH GROUP BY                        |                    |     1 |   115 |   169M|  3987K  (1)| 00:02:36 |
|* 30 |         FILTER                              |                    |       |       |       |            |          |
|* 31 |          HASH JOIN                          |                    |  1321K|   144M|    15M| 27093   (1)| 00:00:02 |
|* 32 |           TABLE ACCESS FULL                 | PS_GM_EOPF_DETAIL  |   254K|    12M|       |  4416   (1)| 00:00:01 |
|* 33 |           HASH JOIN                         |                    |  1285K|    77M|  6424K| 17335   (1)| 00:00:01 |
|* 34 |            TABLE ACCESS FULL                | PS_GM_EOPF_HEADER  |   111K|  5113K|       |  1348   (1)| 00:00:01 |
|  35 |            INDEX FAST FULL SCAN             | PS_GM_EY_TRACKING  |  5918K|    90M|       |  7783   (1)| 00:00:01 |
|  36 |          SORT AGGREGATE                     |                    |     1 |    32 |       |            |          |
|  37 |           FIRST ROW                         |                    |     1 |    32 |       |     3   (0)| 00:00:01 |
|* 38 |            INDEX RANGE SCAN (MIN/MAX)       | PS_GM_EOPF_DETAIL  |     1 |    32 |       |     3   (0)| 00:00:01 |
|* 39 |     HASH JOIN RIGHT ANTI                    |                    |     2 |   414 |       |  4006K  (1)| 00:02:37 |
|  40 |      VIEW                                   | VW_NSO_7           |     1 |    13 |       |  3987K  (1)| 00:02:36 |
|* 41 |       FILTER                                |                    |       |       |       |            |          |
|  42 |        HASH GROUP BY                        |                    |     1 |   115 |   169M|  3987K  (1)| 00:02:36 |
|* 43 |         FILTER                              |                    |       |       |       |            |          |
|* 44 |          HASH JOIN                          |                    |  1321K|   144M|    15M| 27093   (1)| 00:00:02 |
|* 45 |           TABLE ACCESS FULL                 | PS_GM_EOPF_DETAIL  |   254K|    12M|       |  4416   (1)| 00:00:01 |
|* 46 |           HASH JOIN                         |                    |  1285K|    77M|  6424K| 17335   (1)| 00:00:01 |
|* 47 |            TABLE ACCESS FULL                | PS_GM_EOPF_HEADER  |   111K|  5113K|       |  1348   (1)| 00:00:01 |
|  48 |            INDEX FAST FULL SCAN             | PS_GM_EY_TRACKING  |  5918K|    90M|       |  7783   (1)| 00:00:01 |
|  49 |          SORT AGGREGATE                     |                    |     1 |    32 |       |            |          |
|  50 |           FIRST ROW                         |                    |     1 |    32 |       |     3   (0)| 00:00:01 |
|* 51 |            INDEX RANGE SCAN (MIN/MAX)       | PS_GM_EOPF_DETAIL  |     1 |    32 |       |     3   (0)| 00:00:01 |
|  52 |      NESTED LOOPS                           |                    |     2 |   388 |       | 19663   (1)| 00:00:01 |
|  53 |       NESTED LOOPS                          |                    |     2 |   388 |       | 19663   (1)| 00:00:01 |
|* 54 |        HASH JOIN RIGHT OUTER                |                    |     1 |   181 |       | 19660   (1)| 00:00:01 |
|  55 |         VIEW                                | PS_GM_EOPF_H_D_VW  |     1 |    58 |       | 11430   (1)| 00:00:01 |
|* 56 |          HASH JOIN                          |                    |     1 |   157 |       | 11430   (1)| 00:00:01 |
|* 57 |           HASH JOIN SEMI                    |                    |     1 |   116 |    17M| 10081   (1)| 00:00:01 |
|  58 |            TABLE ACCESS FULL                | PS_GM_EOPF_DETAIL  |   352K|    13M|       |  4415   (1)| 00:00:01 |
|  59 |            VIEW                             | VW_SQ_5            |   334K|    23M|       |  3402   (1)| 00:00:01 |
|  60 |             HASH GROUP BY                   |                    |   334K|    10M|       |  3402   (1)| 00:00:01 |
|  61 |              INDEX FULL SCAN                | PS_GM_EOPF_DETAIL  |   352K|    10M|       |  3402   (1)| 00:00:01 |
|* 62 |           TABLE ACCESS FULL                 | PS_GM_EOPF_HEADER  |   111K|  4460K|       |  1348   (1)| 00:00:01 |
|  63 |         NESTED LOOPS                        |                    |     1 |   123 |       |  8230   (2)| 00:00:01 |
|  64 |          NESTED LOOPS                       |                    |  1066 |   123 |       |  8230   (2)| 00:00:01 |
|* 65 |           HASH JOIN RIGHT SEMI              |                    |    82 |  6478 |  2952K|  7537   (3)| 00:00:01 |
|  66 |            VIEW                             | VW_SQ_8            | 56978 |  2281K|       |  3446   (5)| 00:00:01 |
|  67 |             HASH GROUP BY                   |                    | 56978 |  1112K|    28M|  3446   (5)| 00:00:01 |
|* 68 |              INDEX FAST FULL SCAN           | PS_NAMES           |   929K|    17M|       |  1203   (9)| 00:00:01 |
|* 69 |            INDEX FAST FULL SCAN             | PS0NAMES           |   929K|    33M|       |  1741   (1)| 00:00:01 |
|* 70 |           INDEX RANGE SCAN                  | PS0GM_EY_MAIN      |    13 |       |       |     2   (0)| 00:00:01 |
|* 71 |          TABLE ACCESS BY INDEX ROWID        | PS_GM_EY_MAIN      |     1 |    44 |       |    15   (0)| 00:00:01 |
|* 72 |        INDEX RANGE SCAN                     | PS_GM_EY_SECTION   |     1 |       |       |     2   (0)| 00:00:01 |
|  73 |       TABLE ACCESS BY INDEX ROWID           | PS_GM_EY_SECTION   |     1 |    13 |       |     3   (0)| 00:00:01 |
|  74 |     NESTED LOOPS                            |                    |    53 |  8586 |       | 18087   (1)| 00:00:01 |
|  75 |      NESTED LOOPS                           |                    |    53 |  8586 |       | 18087   (1)| 00:00:01 |
|* 76 |       HASH JOIN RIGHT OUTER                 |                    |    45 |  6705 |       | 17952   (1)| 00:00:01 |
|  77 |        VIEW                                 | PS_GM_EOPF_H_D_VW  |     1 |    58 |       | 11430   (1)| 00:00:01 |
|* 78 |         HASH JOIN                           |                    |     1 |   157 |       | 11430   (1)| 00:00:01 |
|* 79 |          HASH JOIN SEMI                     |                    |     1 |   116 |    17M| 10081   (1)| 00:00:01 |
|  80 |           TABLE ACCESS FULL                 | PS_GM_EOPF_DETAIL  |   352K|    13M|       |  4415   (1)| 00:00:01 |
|  81 |           VIEW                              | VW_SQ_9            |   334K|    23M|       |  3402   (1)| 00:00:01 |
|  82 |            HASH GROUP BY                    |                    |   334K|    10M|       |  3402   (1)| 00:00:01 |
|  83 |             INDEX FULL SCAN                 | PS_GM_EOPF_DETAIL  |   352K|    10M|       |  3402   (1)| 00:00:01 |
|* 84 |          TABLE ACCESS FULL                  | PS_GM_EOPF_HEADER  |   111K|  4460K|       |  1348   (1)| 00:00:01 |
|  85 |        NESTED LOOPS                         |                    |    45 |  4095 |       |  6522   (1)| 00:00:01 |
|* 86 |         HASH JOIN                           |                    |   734 | 60188 |       |  4319   (1)| 00:00:01 |
|  87 |          TABLE ACCESS BY INDEX ROWID BATCHED| PS_GM_EY_MAIN      |    64 |  2816 |       |  2574   (1)| 00:00:01 |
|* 88 |           INDEX SKIP SCAN                   | PSAGM_EY_MAIN      |    64 |       |       |  2540   (1)| 00:00:01 |
|* 89 |            FILTER                           |                    |       |       |       |            |          |
|  90 |             HASH GROUP BY                   |                    |     1 |   115 |       |  1359   (1)| 00:00:01 |
|  91 |              NESTED LOOPS                   |                    |     1 |   115 |       |  1355   (1)| 00:00:01 |
|  92 |               NESTED LOOPS                  |                    |     1 |   115 |       |  1355   (1)| 00:00:01 |
|  93 |                NESTED LOOPS                 |                    |     1 |    63 |       |  1352   (1)| 00:00:01 |
|* 94 |                 TABLE ACCESS FULL           | PS_GM_EOPF_HEADER  |     1 |    47 |       |  1350   (1)| 00:00:01 |
|* 95 |                 INDEX RANGE SCAN            | PS_GM_EY_TRACKING  |     1 |    16 |       |     2   (0)| 00:00:01 |
|* 96 |                INDEX RANGE SCAN             | PS_GM_EOPF_DETAIL  |     1 |       |       |     2   (0)| 00:00:01 |
|  97 |                 SORT AGGREGATE              |                    |     1 |    32 |       |            |          |
|  98 |                  FIRST ROW                  |                    |     1 |    32 |       |     3   (0)| 00:00:01 |
|* 99 |                   INDEX RANGE SCAN (MIN/MAX)| PS_GM_EOPF_DETAIL  |     1 |    32 |       |     3   (0)| 00:00:01 |
|*100 |               TABLE ACCESS BY INDEX ROWID   | PS_GM_EOPF_DETAIL  |     1 |    52 |       |     3   (0)| 00:00:01 |
|*101 |          INDEX FAST FULL SCAN               | PS0NAMES           |   929K|    33M|       |  1741   (1)| 00:00:01 |
|*102 |         VIEW PUSHED PREDICATE               | VW_SQ_11           |     1 |     9 |       |     3   (0)| 00:00:01 |
|*103 |          FILTER                             |                    |       |       |       |            |          |
| 104 |           SORT AGGREGATE                    |                    |     1 |    20 |       |            |          |
|*105 |            INDEX RANGE SCAN                 | PS_NAMES           |     2 |    40 |       |     3   (0)| 00:00:01 |
|*106 |       INDEX RANGE SCAN                      | PS_GM_EY_SECTION   |     1 |       |       |     2   (0)| 00:00:01 |
| 107 |      TABLE ACCESS BY INDEX ROWID            | PS_GM_EY_SECTION   |     1 |    13 |       |     3   (0)| 00:00:01 |
| 108 |     NESTED LOOPS                            |                    |    45 |  7290 |       | 15635   (1)| 00:00:01 |
| 109 |      NESTED LOOPS                           |                    |    45 |  7290 |       | 15635   (1)| 00:00:01 |
|*110 |       HASH JOIN OUTER                       |                    |    45 |  6705 |       | 15500   (1)| 00:00:01 |
| 111 |        NESTED LOOPS                         |                    |    45 |  4095 |       |  5417   (1)| 00:00:01 |
| 112 |         NESTED LOOPS                        |                    |   734 | 60188 |       |  3214   (1)| 00:00:01 |
| 113 |          TABLE ACCESS BY INDEX ROWID BATCHED| PS_GM_EY_MAIN      |    64 |  2816 |       |  2574   (1)| 00:00:01 |
|*114 |           INDEX SKIP SCAN                   | PSAGM_EY_MAIN      |    64 |       |       |  2540   (1)| 00:00:01 |
|*115 |            FILTER                           |                    |       |       |       |            |          |
| 116 |             HASH GROUP BY                   |                    |     1 |   115 |       |  1359   (1)| 00:00:01 |
| 117 |              NESTED LOOPS                   |                    |     1 |   115 |       |  1355   (1)| 00:00:01 |
| 118 |               NESTED LOOPS                  |                    |     1 |   115 |       |  1355   (1)| 00:00:01 |
| 119 |                NESTED LOOPS                 |                    |     1 |    63 |       |  1352   (1)| 00:00:01 |
|*120 |                 TABLE ACCESS FULL           | PS_GM_EOPF_HEADER  |     1 |    47 |       |  1350   (1)| 00:00:01 |
|*121 |                 INDEX RANGE SCAN            | PS_GM_EY_TRACKING  |     1 |    16 |       |     2   (0)| 00:00:01 |
|*122 |                INDEX RANGE SCAN             | PS_GM_EOPF_DETAIL  |     1 |       |       |     2   (0)| 00:00:01 |
| 123 |                 SORT AGGREGATE              |                    |     1 |    32 |       |            |          |
| 124 |                  FIRST ROW                  |                    |     1 |    32 |       |     3   (0)| 00:00:01 |
|*125 |                   INDEX RANGE SCAN (MIN/MAX)| PS_GM_EOPF_DETAIL  |     1 |    32 |       |     3   (0)| 00:00:01 |
|*126 |               TABLE ACCESS BY INDEX ROWID   | PS_GM_EOPF_DETAIL  |     1 |    52 |       |     3   (0)| 00:00:01 |
| 127 |          TABLE ACCESS BY INDEX ROWID BATCHED| PS_NAMES           |    12 |   456 |       |    10   (0)| 00:00:01 |
|*128 |           INDEX RANGE SCAN                  | PS_NAMES           |    12 |       |       |     2   (0)| 00:00:01 |
|*129 |         VIEW PUSHED PREDICATE               | VW_SQ_14           |     1 |     9 |       |     3   (0)| 00:00:01 |
|*130 |          FILTER                             |                    |       |       |       |            |          |
| 131 |           SORT AGGREGATE                    |                    |     1 |    20 |       |            |          |
|*132 |            INDEX RANGE SCAN                 | PS_NAMES           |     2 |    40 |       |     3   (0)| 00:00:01 |
| 133 |        VIEW                                 | PS_GM_EOPF_H_D_VW  |     1 |    58 |       | 10083   (1)| 00:00:01 |
| 134 |         NESTED LOOPS                        |                    |     1 |   157 |       | 10083   (1)| 00:00:01 |
| 135 |          NESTED LOOPS                       |                    |     1 |   157 |       | 10083   (1)| 00:00:01 |
|*136 |           HASH JOIN SEMI                    |                    |     1 |   116 |    17M| 10081   (1)| 00:00:01 |
| 137 |            TABLE ACCESS FULL                | PS_GM_EOPF_DETAIL  |   352K|    13M|       |  4415   (1)| 00:00:01 |
| 138 |            VIEW                             | VW_SQ_12           |   334K|    23M|       |  3402   (1)| 00:00:01 |
| 139 |             HASH GROUP BY                   |                    |   334K|    10M|       |  3402   (1)| 00:00:01 |
| 140 |              INDEX FULL SCAN                | PS_GM_EOPF_DETAIL  |   352K|    10M|       |  3402   (1)| 00:00:01 |
|*141 |           INDEX UNIQUE SCAN                 | PS_GM_EOPF_HEADER  |     1 |       |       |     1   (0)| 00:00:01 |
|*142 |          TABLE ACCESS BY INDEX ROWID        | PS_GM_EOPF_HEADER  |     1 |    41 |       |     2   (0)| 00:00:01 |
|*143 |       INDEX RANGE SCAN                      | PS_GM_EY_SECTION   |     1 |       |       |     2   (0)| 00:00:01 |
| 144 |      TABLE ACCESS BY INDEX ROWID            | PS_GM_EY_SECTION   |     1 |    13 |       |     3   (0)| 00:00:01 |
| 145 |     TABLE ACCESS BY INDEX ROWID BATCHED     | PS_GM_EY_SECTION   |     1 |    13 |       |     4   (0)| 00:00:01 |
|*146 |      INDEX RANGE SCAN                       | PS_GM_EY_SECTION   |     1 |       |       |     3   (0)| 00:00:01 |
| 147 |     NESTED LOOPS                            |                    |    45 |  7290 |       | 15635   (1)| 00:00:01 |
| 148 |      NESTED LOOPS                           |                    |    45 |  7290 |       | 15635   (1)| 00:00:01 |
|*149 |       HASH JOIN OUTER                       |                    |    45 |  6705 |       | 15500   (1)| 00:00:01 |
| 150 |        NESTED LOOPS                         |                    |    45 |  4095 |       |  5417   (1)| 00:00:01 |
| 151 |         NESTED LOOPS                        |                    |   734 | 60188 |       |  3214   (1)| 00:00:01 |
| 152 |          TABLE ACCESS BY INDEX ROWID BATCHED| PS_GM_EY_MAIN      |    64 |  2816 |       |  2574   (1)| 00:00:01 |
|*153 |           INDEX SKIP SCAN                   | PSAGM_EY_MAIN      |    64 |       |       |  2540   (1)| 00:00:01 |
|*154 |            FILTER                           |                    |       |       |       |            |          |
| 155 |             HASH GROUP BY                   |                    |     1 |   115 |       |  1359   (1)| 00:00:01 |
| 156 |              NESTED LOOPS                   |                    |     1 |   115 |       |  1355   (1)| 00:00:01 |
| 157 |               NESTED LOOPS                  |                    |     1 |   115 |       |  1355   (1)| 00:00:01 |
| 158 |                NESTED LOOPS                 |                    |     1 |    63 |       |  1352   (1)| 00:00:01 |
|*159 |                 TABLE ACCESS FULL           | PS_GM_EOPF_HEADER  |     1 |    47 |       |  1350   (1)| 00:00:01 |
|*160 |                 INDEX RANGE SCAN            | PS_GM_EY_TRACKING  |     1 |    16 |       |     2   (0)| 00:00:01 |
|*161 |                INDEX RANGE SCAN             | PS_GM_EOPF_DETAIL  |     1 |       |       |     2   (0)| 00:00:01 |
| 162 |                 SORT AGGREGATE              |                    |     1 |    32 |       |            |          |
| 163 |                  FIRST ROW                  |                    |     1 |    32 |       |     3   (0)| 00:00:01 |
|*164 |                   INDEX RANGE SCAN (MIN/MAX)| PS_GM_EOPF_DETAIL  |     1 |    32 |       |     3   (0)| 00:00:01 |
|*165 |               TABLE ACCESS BY INDEX ROWID   | PS_GM_EOPF_DETAIL  |     1 |    52 |       |     3   (0)| 00:00:01 |
| 166 |          TABLE ACCESS BY INDEX ROWID BATCHED| PS_NAMES           |    12 |   456 |       |    10   (0)| 00:00:01 |
|*167 |           INDEX RANGE SCAN                  | PS_NAMES           |    12 |       |       |     2   (0)| 00:00:01 |
|*168 |         VIEW PUSHED PREDICATE               | VW_SQ_17           |     1 |     9 |       |     3   (0)| 00:00:01 |
|*169 |          FILTER                             |                    |       |       |       |            |          |
| 170 |           SORT AGGREGATE                    |                    |     1 |    20 |       |            |          |
|*171 |            INDEX RANGE SCAN                 | PS_NAMES           |     2 |    40 |       |     3   (0)| 00:00:01 |
| 172 |        VIEW                                 | PS_GM_EOPF_H_D_VW  |     1 |    58 |       | 10083   (1)| 00:00:01 |
| 173 |         NESTED LOOPS                        |                    |     1 |   157 |       | 10083   (1)| 00:00:01 |
| 174 |          NESTED LOOPS                       |                    |     1 |   157 |       | 10083   (1)| 00:00:01 |
|*175 |           HASH JOIN SEMI                    |                    |     1 |   116 |    17M| 10081   (1)| 00:00:01 |
| 176 |            TABLE ACCESS FULL                | PS_GM_EOPF_DETAIL  |   352K|    13M|       |  4415   (1)| 00:00:01 |
| 177 |            VIEW                             | VW_SQ_15           |   334K|    23M|       |  3402   (1)| 00:00:01 |
| 178 |             HASH GROUP BY                   |                    |   334K|    10M|       |  3402   (1)| 00:00:01 |
| 179 |              INDEX FULL SCAN                | PS_GM_EOPF_DETAIL  |   352K|    10M|       |  3402   (1)| 00:00:01 |
|*180 |           INDEX UNIQUE SCAN                 | PS_GM_EOPF_HEADER  |     1 |       |       |     1   (0)| 00:00:01 |
|*181 |          TABLE ACCESS BY INDEX ROWID        | PS_GM_EOPF_HEADER  |     1 |    41 |       |     2   (0)| 00:00:01 |
|*182 |       INDEX RANGE SCAN                      | PS_GM_EY_SECTION   |     1 |       |       |     2   (0)| 00:00:01 |
| 183 |      TABLE ACCESS BY INDEX ROWID            | PS_GM_EY_SECTION   |     1 |    13 |       |     3   (0)| 00:00:01 |
--------------------------------------------------------------------------------------------------------------------------
 
Query Block Name / Object Alias (identified by operation id):
-------------------------------------------------------------
 
   1 - SET$1        / PS_GM_EY_EOPFQLFYV@SEL$1
   2 - SET$1       
   4 - SEL$0F723D08
   8 - SEL$0CEE953B / X@SEL$2
   9 - SEL$0CEE953B
  11 - SEL$0CEE953B / D@SEL$3
  12 - SEL$8F9407EC / VW_SQ_1@SEL$2F12090E
  13 - SEL$8F9407EC
  14 - SEL$8F9407EC / D1@SEL$4
  15 - SEL$0CEE953B / H@SEL$3
  19 - SEL$CE1D94FA / VW_SQ_4@SEL$76E18DF5
  20 - SEL$CE1D94FA
  21 - SEL$CE1D94FA / B@SEL$6
  22 - SEL$0F723D08 / A@SEL$5
  23 - SEL$0F723D08 / R@SEL$2
  24 - SEL$0F723D08 / R@SEL$2
  25 - SEL$0F723D08 / Y@SEL$2
  26 - SEL$0F723D08 / Y@SEL$2
  27 - SEL$936B1782 / VW_NSO_3@SEL$76E18DF5
  28 - SEL$936B1782
  32 - SEL$936B1782 / EOD@SEL$7
  34 - SEL$936B1782 / EOH@SEL$7
  35 - SEL$936B1782 / T1@SEL$9
  36 - SEL$8       
  38 - SEL$8        / EOD1@SEL$8
  39 - SEL$5992609B
  40 - SEL$48186789 / VW_NSO_7@SEL$45C01FEC
  41 - SEL$48186789
  45 - SEL$48186789 / EOD@SEL$15
  47 - SEL$48186789 / EOH@SEL$15
  48 - SEL$48186789 / T1@SEL$17
  49 - SEL$16      
  51 - SEL$16       / EOD1@SEL$16
  55 - SEL$E6A22765 / X@SEL$10
  56 - SEL$E6A22765
  58 - SEL$E6A22765 / D@SEL$11
  59 - SEL$32487103 / VW_SQ_5@SEL$ACC926E7
  60 - SEL$32487103
  61 - SEL$32487103 / D1@SEL$12
  62 - SEL$E6A22765 / H@SEL$11
  66 - SEL$AD4650EE / VW_SQ_8@SEL$45C01FEC
  67 - SEL$AD4650EE
  68 - SEL$AD4650EE / B@SEL$14
  69 - SEL$5992609B / A@SEL$13
  70 - SEL$5992609B / R@SEL$10
  71 - SEL$5992609B / R@SEL$10
  72 - SEL$5992609B / Y@SEL$10
  73 - SEL$5992609B / Y@SEL$10
  74 - SEL$94209614
  77 - SEL$2FE1CE8E / X@SEL$18
  78 - SEL$2FE1CE8E
  80 - SEL$2FE1CE8E / D@SEL$19
  81 - SEL$A5A27A5E / VW_SQ_9@SEL$ABE7439A
  82 - SEL$A5A27A5E
  83 - SEL$A5A27A5E / D1@SEL$20
  84 - SEL$2FE1CE8E / H@SEL$19
  87 - SEL$94209614 / R@SEL$18
  88 - SEL$94209614 / R@SEL$18
  89 - SEL$6D8683D1
  94 - SEL$6D8683D1 / EOH@SEL$23
  95 - SEL$6D8683D1 / T1@SEL$25
  96 - SEL$6D8683D1 / EOD@SEL$23
  97 - SEL$24      
  99 - SEL$24       / EOD1@SEL$24
 100 - SEL$6D8683D1 / EOD@SEL$23
 101 - SEL$94209614 / A@SEL$21
 102 - SEL$4C168B2C / VW_SQ_11@SEL$45BA535B
 103 - SEL$4C168B2C
 105 - SEL$4C168B2C / B@SEL$22
 106 - SEL$94209614 / Y@SEL$18
 107 - SEL$94209614 / Y@SEL$18
 108 - SEL$6EEDCEC9
 113 - SEL$6EEDCEC9 / R@SEL$26
 114 - SEL$6EEDCEC9 / R@SEL$26
 115 - SEL$8965B0CC
 120 - SEL$8965B0CC / EOH@SEL$31
 121 - SEL$8965B0CC / T1@SEL$33
 122 - SEL$8965B0CC / EOD@SEL$31
 123 - SEL$32      
 125 - SEL$32       / EOD1@SEL$32
 126 - SEL$8965B0CC / EOD@SEL$31
 127 - SEL$6EEDCEC9 / A@SEL$29
 128 - SEL$6EEDCEC9 / A@SEL$29
 129 - SEL$3AC98675 / VW_SQ_14@SEL$37259D26
 130 - SEL$3AC98675
 132 - SEL$3AC98675 / B@SEL$30
 133 - SEL$8B57B9B5 / X@SEL$26
 134 - SEL$8B57B9B5
 137 - SEL$8B57B9B5 / D@SEL$27
 138 - SEL$388B6510 / VW_SQ_12@SEL$CEA746A7
 139 - SEL$388B6510
 140 - SEL$388B6510 / D1@SEL$28
 141 - SEL$8B57B9B5 / H@SEL$27
 142 - SEL$8B57B9B5 / H@SEL$27
 143 - SEL$6EEDCEC9 / Y@SEL$26
 144 - SEL$6EEDCEC9 / Y@SEL$26
 145 - SEL$35       / XX@SEL$35
 146 - SEL$35       / XX@SEL$35
 147 - SEL$5B6E65D5
 152 - SEL$5B6E65D5 / R@SEL$34
 153 - SEL$5B6E65D5 / R@SEL$34
 154 - SEL$D46879CB
 159 - SEL$D46879CB / EOH@SEL$40
 160 - SEL$D46879CB / T1@SEL$42
 161 - SEL$D46879CB / EOD@SEL$40
 162 - SEL$41      
 164 - SEL$41       / EOD1@SEL$41
 165 - SEL$D46879CB / EOD@SEL$40
 166 - SEL$5B6E65D5 / A@SEL$38
 167 - SEL$5B6E65D5 / A@SEL$38
 168 - SEL$FA4453CC / VW_SQ_17@SEL$805D0274
 169 - SEL$FA4453CC
 171 - SEL$FA4453CC / B@SEL$39
 172 - SEL$7DA3F960 / X@SEL$34
 173 - SEL$7DA3F960
 176 - SEL$7DA3F960 / D@SEL$36
 177 - SEL$ECB20165 / VW_SQ_15@SEL$412B809B
 178 - SEL$ECB20165
 179 - SEL$ECB20165 / D1@SEL$37
 180 - SEL$7DA3F960 / H@SEL$36
 181 - SEL$7DA3F960 / H@SEL$36
 182 - SEL$5B6E65D5 / Y@SEL$34
 183 - SEL$5B6E65D5 / Y@SEL$34
 
Predicate Information (identified by operation id):
---------------------------------------------------
 
   4 - access("R"."GM_EY_APPRAISAL_ID"="GM_EY_APPRAISAL_ID")
   7 - access("X"."EMPLID"(+)="R"."EMPLID" AND "X"."GM_EY_APPRAISAL_ID"(+)="R"."GM_EY_APPRAISAL_ID")
   9 - access("H"."RUN_CNTL_ID"="D"."RUN_CNTL_ID")
  10 - access("D"."SEQNUM"="MAX(D1.SEQNUM)" AND "ITEM_1"="D"."RUN_CNTL_ID")
  15 - filter("H"."GM_EOPF_SOURCE"='E')
  18 - access(SYS_OP_UNDESCEND(SYS_OP_DESCEND("EFFDT"))="MAX(B.EFFDT)" AND 
              SYS_OP_DESCEND("EFFDT")=SYS_OP_DESCEND("MAX(B.EFFDT)") AND "ITEM_3"="A"."EMPLID" AND "ITEM_4"="A"."NAME_TYPE")
  21 - filter("B"."NAME_TYPE"='PRI' AND SYS_OP_UNDESCEND(SYS_OP_DESCEND("EFFDT"))<=TO_DATE(TO_CHAR(SYSDATE@!,'YYYY
              -MM-DD'),'YYYY-MM-DD'))
  22 - filter("A"."NAME_TYPE"='PRI')
  23 - access("R"."EMPLID"="A"."EMPLID")
  24 - filter("R"."GM_EY_REVIEWSTATUS"='PYEA' AND "R"."GM_EY_TEMPLATE_ID" LIKE 'DS-7644%')
  25 - access("Y"."GM_EY_APPRAISAL_ID"="R"."GM_EY_APPRAISAL_ID" AND "Y"."GM_EY_SECTION_TYPE"='C118')
       filter("Y"."GM_EY_SECTION_TYPE"='C118')
  28 - filter("EOD"."RUN_DTTM">MAX("T1"."DATETIME_STAMP"))
  30 - filter("EOD"."SEQNUM"= (SELECT /*+ INDEX ("EOD1" "PS_GM_EOPF_DETAIL") */ MAX("EOD1"."SEQNUM") FROM 
              "SYSADM"."PS_GM_EOPF_DETAIL" "EOD1" WHERE "EOD1"."RUN_CNTL_ID"=:B1))
  31 - access("EOH"."RUN_CNTL_ID"="EOD"."RUN_CNTL_ID")
  32 - filter("EOD"."RUN_STATUS_CD"='C' OR "EOD"."RUN_STATUS_CD"='I' OR "EOD"."RUN_STATUS_CD"='N')
  33 - access("T1"."GM_EY_APPRAISAL_ID"="EOH"."GM_EY_APPRAISAL_ID")
  34 - filter("EOH"."GM_EOPF_SOURCE"='E')
  38 - access("EOD1"."RUN_CNTL_ID"=:B1)
  39 - access("R"."GM_EY_APPRAISAL_ID"="GM_EY_APPRAISAL_ID")
  41 - filter("EOD"."RUN_DTTM">MAX("T1"."DATETIME_STAMP"))
  43 - filter("EOD"."SEQNUM"= (SELECT /*+ INDEX ("EOD1" "PS_GM_EOPF_DETAIL") */ MAX("EOD1"."SEQNUM") FROM 
              "SYSADM"."PS_GM_EOPF_DETAIL" "EOD1" WHERE "EOD1"."RUN_CNTL_ID"=:B1))
  44 - access("EOH"."RUN_CNTL_ID"="EOD"."RUN_CNTL_ID")
  45 - filter("EOD"."RUN_STATUS_CD"='C' OR "EOD"."RUN_STATUS_CD"='I' OR "EOD"."RUN_STATUS_CD"='N')
  46 - access("T1"."GM_EY_APPRAISAL_ID"="EOH"."GM_EY_APPRAISAL_ID")
  47 - filter("EOH"."GM_EOPF_SOURCE"='E')
  51 - access("EOD1"."RUN_CNTL_ID"=:B1)
  54 - access("X"."EMPLID"(+)="R"."EMPLID" AND "X"."GM_EY_APPRAISAL_ID"(+)="R"."GM_EY_APPRAISAL_ID")
  56 - access("H"."RUN_CNTL_ID"="D"."RUN_CNTL_ID")
  57 - access("D"."SEQNUM"="MAX(D1.SEQNUM)" AND "ITEM_5"="D"."RUN_CNTL_ID")
  62 - filter("H"."GM_EOPF_SOURCE"='E')
  65 - access(SYS_OP_UNDESCEND(SYS_OP_DESCEND("EFFDT"))="MAX(B.EFFDT)" AND 
              SYS_OP_DESCEND("EFFDT")=SYS_OP_DESCEND("MAX(B.EFFDT)") AND "ITEM_7"="A"."EMPLID" AND "ITEM_8"="A"."NAME_TYPE")
  68 - filter("B"."NAME_TYPE"='PRI' AND SYS_OP_UNDESCEND(SYS_OP_DESCEND("EFFDT"))<=TO_DATE(TO_CHAR(SYSDATE@!,'YYYY
              -MM-DD'),'YYYY-MM-DD'))
  69 - filter("A"."NAME_TYPE"='PRI')
  70 - access("R"."EMPLID"="A"."EMPLID")
  71 - filter("R"."GM_EY_REVIEWSTATUS"='PYEA' AND "R"."GM_EY_TEMPLATE_ID"='DS-5055')
  72 - access("Y"."GM_EY_APPRAISAL_ID"="R"."GM_EY_APPRAISAL_ID" AND "Y"."GM_EY_SECTION_TYPE"='FS109')
       filter("Y"."GM_EY_SECTION_TYPE"='FS109')
  76 - access("X"."EMPLID"(+)="R"."EMPLID" AND "X"."GM_EY_APPRAISAL_ID"(+)="R"."GM_EY_APPRAISAL_ID")
  78 - access("H"."RUN_CNTL_ID"="D"."RUN_CNTL_ID")
  79 - access("D"."SEQNUM"="MAX(D1.SEQNUM)" AND "ITEM_9"="D"."RUN_CNTL_ID")
  84 - filter("H"."GM_EOPF_SOURCE"='E')
  86 - access("R"."EMPLID"="A"."EMPLID")
  88 - access("R"."GM_EY_REVIEWSTATUS"='PYEA' AND "R"."GM_EY_TEMPLATE_ID"='DS-1829')
       filter("R"."GM_EY_REVIEWSTATUS"='PYEA' AND "R"."GM_EY_TEMPLATE_ID"='DS-1829' AND  NOT EXISTS (SELECT /*+ 
              USE_HASH_AGGREGATION PUSH_SUBQ UNNEST LEADING ("EOH" "T1" "EOD") USE_NL ("EOD") INDEX ("EOD" "PS_GM_EOPF_DETAIL") 
              FULL ("EOH") USE_NL ("T1") INDEX ("T1" "PS_GM_EY_TRACKING") */ 0 FROM "SYSADM"."PS_GM_EOPF_DETAIL" 
              "EOD","SYSADM"."PS_GM_EOPF_HEADER" "EOH","SYSADM"."PS_GM_EY_TRACKING" "T1" WHERE "T1"."GM_EY_APPRAISAL_ID"=:B1 
              AND "T1"."GM_EY_APPRAISAL_ID"="EOH"."GM_EY_APPRAISAL_ID" AND "EOH"."GM_EY_APPRAISAL_ID"=:B2 AND 
              "EOH"."GM_EOPF_SOURCE"='E' AND "EOH"."RUN_CNTL_ID"="EOD"."RUN_CNTL_ID" AND ("EOD"."RUN_STATUS_CD"='C' OR 
              "EOD"."RUN_STATUS_CD"='I' OR "EOD"."RUN_STATUS_CD"='N') AND "EOD"."SEQNUM"= (SELECT /*+ PUSH_SUBQ INDEX ("EOD1" 
              "PS_GM_EOPF_DETAIL") */ MAX("EOD1"."SEQNUM") FROM "SYSADM"."PS_GM_EOPF_DETAIL" "EOD1" WHERE 
              "EOD1"."RUN_CNTL_ID"=:B3) GROUP BY "T1"."GM_EY_APPRAISAL_ID",ROWID,ROWID,"EOD"."RUN_DTTM" HAVING 
              "EOD"."RUN_DTTM">MAX("T1"."DATETIME_STAMP")))
  89 - filter("EOD"."RUN_DTTM">MAX("T1"."DATETIME_STAMP"))
  94 - filter("EOH"."GM_EY_APPRAISAL_ID"=:B1 AND "EOH"."GM_EOPF_SOURCE"='E')
  95 - access("T1"."GM_EY_APPRAISAL_ID"=:B1)
       filter("T1"."GM_EY_APPRAISAL_ID"="EOH"."GM_EY_APPRAISAL_ID")
  96 - access("EOH"."RUN_CNTL_ID"="EOD"."RUN_CNTL_ID")
       filter("EOD"."SEQNUM"= (SELECT /*+ PUSH_SUBQ INDEX ("EOD1" "PS_GM_EOPF_DETAIL") */ MAX("EOD1"."SEQNUM") 
              FROM "SYSADM"."PS_GM_EOPF_DETAIL" "EOD1" WHERE "EOD1"."RUN_CNTL_ID"=:B1))
  99 - access("EOD1"."RUN_CNTL_ID"=:B1)
 100 - filter("EOD"."RUN_STATUS_CD"='C' OR "EOD"."RUN_STATUS_CD"='I' OR "EOD"."RUN_STATUS_CD"='N')
 101 - filter("A"."NAME_TYPE"='PRI')
 102 - filter(SYS_OP_UNDESCEND(SYS_OP_DESCEND("EFFDT"))="MAX(B.EFFDT)")
 103 - filter(COUNT(*)>0)
 105 - access("B"."EMPLID"="A"."EMPLID" AND "B"."NAME_TYPE"="A"."NAME_TYPE" AND 
              SYS_OP_DESCEND("EFFDT")>=SYS_OP_DESCEND(TO_DATE(TO_CHAR(SYSDATE@!,'YYYY-MM-DD'),'YYYY-MM-DD')) AND 
              SYS_OP_DESCEND("EFFDT") IS NOT NULL)
       filter(SYS_OP_UNDESCEND(SYS_OP_DESCEND("EFFDT"))<=TO_DATE(TO_CHAR(SYSDATE@!,'YYYY-MM-DD'),'YYYY-MM-DD'))
 106 - access("Y"."GM_EY_APPRAISAL_ID"="R"."GM_EY_APPRAISAL_ID" AND "Y"."GM_EY_SECTION_TYPE"='FS109')
       filter("Y"."GM_EY_SECTION_TYPE"='FS109')
 110 - access("X"."EMPLID"(+)="R"."EMPLID" AND "X"."GM_EY_APPRAISAL_ID"(+)="R"."GM_EY_APPRAISAL_ID")
 114 - access("R"."GM_EY_REVIEWSTATUS"='PYEA' AND "R"."GM_EY_TEMPLATE_ID"='DS-1811')
       filter("R"."GM_EY_REVIEWSTATUS"='PYEA' AND "R"."GM_EY_TEMPLATE_ID"='DS-1811' AND  NOT EXISTS (SELECT /*+ 
              USE_HASH_AGGREGATION PUSH_SUBQ UNNEST LEADING ("EOH" "T1" "EOD") USE_NL ("EOD") INDEX ("EOD" "PS_GM_EOPF_DETAIL") 
              FULL ("EOH") USE_NL ("T1") INDEX ("T1" "PS_GM_EY_TRACKING") */ 0 FROM "SYSADM"."PS_GM_EOPF_DETAIL" 
              "EOD","SYSADM"."PS_GM_EOPF_HEADER" "EOH","SYSADM"."PS_GM_EY_TRACKING" "T1" WHERE "T1"."GM_EY_APPRAISAL_ID"=:B1 
              AND "T1"."GM_EY_APPRAISAL_ID"="EOH"."GM_EY_APPRAISAL_ID" AND "EOH"."GM_EY_APPRAISAL_ID"=:B2 AND 
              "EOH"."GM_EOPF_SOURCE"='E' AND "EOH"."RUN_CNTL_ID"="EOD"."RUN_CNTL_ID" AND ("EOD"."RUN_STATUS_CD"='C' OR 
              "EOD"."RUN_STATUS_CD"='I' OR "EOD"."RUN_STATUS_CD"='N') AND "EOD"."SEQNUM"= (SELECT /*+ PUSH_SUBQ INDEX ("EOD1" 
              "PS_GM_EOPF_DETAIL") */ MAX("EOD1"."SEQNUM") FROM "SYSADM"."PS_GM_EOPF_DETAIL" "EOD1" WHERE 
              "EOD1"."RUN_CNTL_ID"=:B3) GROUP BY "T1"."GM_EY_APPRAISAL_ID",ROWID,ROWID,"EOD"."RUN_DTTM" HAVING 
              "EOD"."RUN_DTTM">MAX("T1"."DATETIME_STAMP")))
 115 - filter("EOD"."RUN_DTTM">MAX("T1"."DATETIME_STAMP"))
 120 - filter("EOH"."GM_EY_APPRAISAL_ID"=:B1 AND "EOH"."GM_EOPF_SOURCE"='E')
 121 - access("T1"."GM_EY_APPRAISAL_ID"=:B1)
       filter("T1"."GM_EY_APPRAISAL_ID"="EOH"."GM_EY_APPRAISAL_ID")
 122 - access("EOH"."RUN_CNTL_ID"="EOD"."RUN_CNTL_ID")
       filter("EOD"."SEQNUM"= (SELECT /*+ PUSH_SUBQ INDEX ("EOD1" "PS_GM_EOPF_DETAIL") */ MAX("EOD1"."SEQNUM") 
              FROM "SYSADM"."PS_GM_EOPF_DETAIL" "EOD1" WHERE "EOD1"."RUN_CNTL_ID"=:B1))
 125 - access("EOD1"."RUN_CNTL_ID"=:B1)
 126 - filter("EOD"."RUN_STATUS_CD"='C' OR "EOD"."RUN_STATUS_CD"='I' OR "EOD"."RUN_STATUS_CD"='N')
 128 - access("R"."EMPLID"="A"."EMPLID" AND "A"."NAME_TYPE"='PRI')
 129 - filter(SYS_OP_UNDESCEND(SYS_OP_DESCEND("EFFDT"))="MAX(B.EFFDT)")
 130 - filter(COUNT(*)>0)
 132 - access("B"."EMPLID"="A"."EMPLID" AND "B"."NAME_TYPE"="A"."NAME_TYPE" AND 
              SYS_OP_DESCEND("EFFDT")>=SYS_OP_DESCEND(TO_DATE(TO_CHAR(SYSDATE@!,'YYYY-MM-DD'),'YYYY-MM-DD')) AND 
              SYS_OP_DESCEND("EFFDT") IS NOT NULL)
       filter(SYS_OP_UNDESCEND(SYS_OP_DESCEND("EFFDT"))<=TO_DATE(TO_CHAR(SYSDATE@!,'YYYY-MM-DD'),'YYYY-MM-DD'))
 136 - access("D"."SEQNUM"="MAX(D1.SEQNUM)" AND "ITEM_13"="D"."RUN_CNTL_ID")
 141 - access("H"."RUN_CNTL_ID"="D"."RUN_CNTL_ID")
 142 - filter("H"."GM_EOPF_SOURCE"='E')
 143 - access("Y"."GM_EY_APPRAISAL_ID"="R"."GM_EY_APPRAISAL_ID" AND "Y"."GM_EY_SECTION_TYPE"='S102')
       filter("Y"."GM_EY_SECTION_TYPE"='S102')
 146 - access("XX"."GM_EY_APPRAISAL_ID"=:B1 AND "XX"."GM_EY_SECTION_TYPE"='S102')
       filter("XX"."GM_EY_SECTION_TYPE"='S102')
 149 - access("X"."EMPLID"(+)="R"."EMPLID" AND "X"."GM_EY_APPRAISAL_ID"(+)="R"."GM_EY_APPRAISAL_ID")
 153 - access("R"."GM_EY_REVIEWSTATUS"='PYEA' AND "R"."GM_EY_TEMPLATE_ID"='DS-5121')
       filter("R"."GM_EY_REVIEWSTATUS"='PYEA' AND "R"."GM_EY_TEMPLATE_ID"='DS-5121' AND  NOT EXISTS (SELECT /*+ 
              USE_HASH_AGGREGATION PUSH_SUBQ UNNEST LEADING ("EOH" "T1" "EOD") USE_NL ("EOD") INDEX ("EOD" "PS_GM_EOPF_DETAIL") 
              FULL ("EOH") USE_NL ("T1") INDEX ("T1" "PS_GM_EY_TRACKING") */ 0 FROM "SYSADM"."PS_GM_EOPF_DETAIL" 
              "EOD","SYSADM"."PS_GM_EOPF_HEADER" "EOH","SYSADM"."PS_GM_EY_TRACKING" "T1" WHERE "T1"."GM_EY_APPRAISAL_ID"=:B1 
              AND "T1"."GM_EY_APPRAISAL_ID"="EOH"."GM_EY_APPRAISAL_ID" AND "EOH"."GM_EY_APPRAISAL_ID"=:B2 AND 
              "EOH"."GM_EOPF_SOURCE"='E' AND "EOH"."RUN_CNTL_ID"="EOD"."RUN_CNTL_ID" AND ("EOD"."RUN_STATUS_CD"='C' OR 
              "EOD"."RUN_STATUS_CD"='I' OR "EOD"."RUN_STATUS_CD"='N') AND "EOD"."SEQNUM"= (SELECT /*+ PUSH_SUBQ INDEX ("EOD1" 
              "PS_GM_EOPF_DETAIL") */ MAX("EOD1"."SEQNUM") FROM "SYSADM"."PS_GM_EOPF_DETAIL" "EOD1" WHERE 
              "EOD1"."RUN_CNTL_ID"=:B3) GROUP BY "T1"."GM_EY_APPRAISAL_ID",ROWID,ROWID,"EOD"."RUN_DTTM" HAVING 
              "EOD"."RUN_DTTM">MAX("T1"."DATETIME_STAMP")))
 154 - filter("EOD"."RUN_DTTM">MAX("T1"."DATETIME_STAMP"))
 159 - filter("EOH"."GM_EY_APPRAISAL_ID"=:B1 AND "EOH"."GM_EOPF_SOURCE"='E')
 160 - access("T1"."GM_EY_APPRAISAL_ID"=:B1)
       filter("T1"."GM_EY_APPRAISAL_ID"="EOH"."GM_EY_APPRAISAL_ID")
 161 - access("EOH"."RUN_CNTL_ID"="EOD"."RUN_CNTL_ID")
       filter("EOD"."SEQNUM"= (SELECT /*+ PUSH_SUBQ INDEX ("EOD1" "PS_GM_EOPF_DETAIL") */ MAX("EOD1"."SEQNUM") 
              FROM "SYSADM"."PS_GM_EOPF_DETAIL" "EOD1" WHERE "EOD1"."RUN_CNTL_ID"=:B1))
 164 - access("EOD1"."RUN_CNTL_ID"=:B1)
 165 - filter("EOD"."RUN_STATUS_CD"='C' OR "EOD"."RUN_STATUS_CD"='I' OR "EOD"."RUN_STATUS_CD"='N')
 167 - access("R"."EMPLID"="A"."EMPLID" AND "A"."NAME_TYPE"='PRI')
 168 - filter(SYS_OP_UNDESCEND(SYS_OP_DESCEND("EFFDT"))="MAX(B.EFFDT)")
 169 - filter(COUNT(*)>0)
 171 - access("B"."EMPLID"="A"."EMPLID" AND "B"."NAME_TYPE"="A"."NAME_TYPE" AND 
              SYS_OP_DESCEND("EFFDT")>=SYS_OP_DESCEND(TO_DATE(TO_CHAR(SYSDATE@!,'YYYY-MM-DD'),'YYYY-MM-DD')) AND 
              SYS_OP_DESCEND("EFFDT") IS NOT NULL)
       filter(SYS_OP_UNDESCEND(SYS_OP_DESCEND("EFFDT"))<=TO_DATE(TO_CHAR(SYSDATE@!,'YYYY-MM-DD'),'YYYY-MM-DD'))
 175 - access("D"."SEQNUM"="MAX(D1.SEQNUM)" AND "ITEM_17"="D"."RUN_CNTL_ID")
 180 - access("H"."RUN_CNTL_ID"="D"."RUN_CNTL_ID")
 181 - filter("H"."GM_EOPF_SOURCE"='E')
 182 - access("Y"."GM_EY_APPRAISAL_ID"="R"."GM_EY_APPRAISAL_ID" AND "Y"."GM_EY_SECTION_TYPE"='S130')
       filter("Y"."GM_EY_SECTION_TYPE"='S130')
 
Column Projection Information (identified by operation id):
-----------------------------------------------------------
 
   1 - "PS_GM_EY_EOPFQLFYV"."GM_EY_APPRAISAL_ID"[NUMBER,22], "PS_GM_EY_EOPFQLFYV"."EMPLID"[VARCHAR2,44], 
       "PS_GM_EY_EOPFQLFYV"."EMPL_RCD"[NUMBER,22], "PS_GM_EY_EOPFQLFYV"."NAME"[VARCHAR2,200], 
       "PS_GM_EY_EOPFQLFYV"."GM_EY_REVIEWSTATUS"[VARCHAR2,16], "PS_GM_EY_EOPFQLFYV"."DATETIME_STAMP"[VARCHAR2,0], 
       "PS_GM_EY_EOPFQLFYV"."GM_EY_REVIEW_TYPE"[VARCHAR2,32], "PS_GM_EY_EOPFQLFYV"."GM_EY_TEMPLATE_ID"[VARCHAR2,32], 
       "PS_GM_EY_EOPFQLFYV"."PERIOD_BEGIN_DT"[DATE,7], "PS_GM_EY_EOPFQLFYV"."PERIOD_END_DT"[DATE,7], 
       "PS_GM_EY_EOPFQLFYV"."GM_EOPF_STATUS"[VARCHAR2,4], "PS_GM_EY_EOPFQLFYV"."RUN_STATUS_CD"[VARCHAR2,4], 
       "PS_GM_EY_EOPFQLFYV"."RUN_DTTM"[TIMESTAMP,11], "PS_GM_EY_EOPFQLFYV"."REVIEW_RATING"[VARCHAR2,4], 
       "PS_GM_EY_EOPFQLFYV"."DESCR10"[VARCHAR2,7]
   2 - (#keys=15) STRDEF[22], STRDEF[44], STRDEF[22], STRDEF[200], STRDEF[16], STRDEF[0], STRDEF[32], STRDEF[32], 
       STRDEF[7], STRDEF[7], STRDEF[4], STRDEF[4], STRDEF[11], STRDEF[4], STRDEF[7]
   3 - STRDEF[22], STRDEF[44], STRDEF[22], STRDEF[200], STRDEF[16], STRDEF[0], STRDEF[32], STRDEF[32], STRDEF[7], 
       STRDEF[7], STRDEF[4], STRDEF[4], STRDEF[11], STRDEF[4], STRDEF[7]
   4 - (#keys=1) "R"."GM_EY_APPRAISAL_ID"[NUMBER,22], "R"."EMPLID"[VARCHAR2,44], "Y"."REVIEW_RATING"[VARCHAR2,4], 
       "X"."RUN_STATUS_CD"[VARCHAR2,4], "X"."GM_EOPF_STATUS"[VARCHAR2,4], "X"."RUN_DTTM"[TIMESTAMP,11], 
       "A"."NAME"[VARCHAR2,200], "R"."GM_EY_TEMPLATE_ID"[VARCHAR2,32], "R"."GM_EY_REVIEWSTATUS"[VARCHAR2,16], 
       "R"."EMPL_RCD"[NUMBER,22], "R"."PERIOD_BEGIN_DT"[DATE,7], "R"."PERIOD_END_DT"[DATE,7], 
       "R"."GM_EY_REVIEW_TYPE"[VARCHAR2,32]
   5 - (#keys=0) "R"."EMPLID"[VARCHAR2,44], "R"."GM_EY_APPRAISAL_ID"[NUMBER,22], "X"."RUN_STATUS_CD"[VARCHAR2,4], 
       "X"."GM_EOPF_STATUS"[VARCHAR2,4], "X"."RUN_DTTM"[TIMESTAMP,11], "A"."NAME"[VARCHAR2,200], 
       "R"."GM_EY_TEMPLATE_ID"[VARCHAR2,32], "R"."GM_EY_REVIEWSTATUS"[VARCHAR2,16], "R"."EMPL_RCD"[NUMBER,22], 
       "R"."PERIOD_BEGIN_DT"[DATE,7], "R"."PERIOD_END_DT"[DATE,7], "R"."GM_EY_REVIEW_TYPE"[VARCHAR2,32], 
       "Y"."REVIEW_RATING"[VARCHAR2,4]
   6 - (#keys=0) "R"."EMPLID"[VARCHAR2,44], "R"."GM_EY_APPRAISAL_ID"[NUMBER,22], "X"."RUN_STATUS_CD"[VARCHAR2,4], 
       "X"."GM_EOPF_STATUS"[VARCHAR2,4], "X"."RUN_DTTM"[TIMESTAMP,11], "A"."NAME"[VARCHAR2,200], 
       "R"."GM_EY_TEMPLATE_ID"[VARCHAR2,32], "R"."GM_EY_REVIEWSTATUS"[VARCHAR2,16], "R"."EMPL_RCD"[NUMBER,22], 
       "R"."PERIOD_BEGIN_DT"[DATE,7], "R"."PERIOD_END_DT"[DATE,7], "R"."GM_EY_REVIEW_TYPE"[VARCHAR2,32], 
       "Y".ROWID[ROWID,10]
   7 - (#keys=2) "R"."EMPLID"[VARCHAR2,44], "R"."GM_EY_APPRAISAL_ID"[NUMBER,22], "X"."RUN_STATUS_CD"[VARCHAR2,4], 
       "X"."GM_EOPF_STATUS"[VARCHAR2,4], "X"."RUN_DTTM"[TIMESTAMP,11], "A"."NAME"[VARCHAR2,200], 
       "R"."GM_EY_TEMPLATE_ID"[VARCHAR2,32], "R"."GM_EY_REVIEWSTATUS"[VARCHAR2,16], "R"."EMPL_RCD"[NUMBER,22], 
       "R"."PERIOD_BEGIN_DT"[DATE,7], "R"."PERIOD_END_DT"[DATE,7], "R"."GM_EY_REVIEW_TYPE"[VARCHAR2,32]
   8 - (rowset=256) "X"."EMPLID"[VARCHAR2,44], "X"."GM_EY_APPRAISAL_ID"[NUMBER,22], "X"."RUN_DTTM"[TIMESTAMP,11], 
       "X"."GM_EOPF_STATUS"[VARCHAR2,4], "X"."RUN_STATUS_CD"[VARCHAR2,4]
   9 - (#keys=1; rowset=256) "D"."RUN_DTTM"[TIMESTAMP,11], "D"."GM_EOPF_STATUS"[VARCHAR2,4], 
       "D"."RUN_STATUS_CD"[VARCHAR2,4], "H"."GM_EY_APPRAISAL_ID"[NUMBER,22], "H"."EMPLID"[VARCHAR2,44]
  10 - (#keys=2; rowset=256) "D"."RUN_CNTL_ID"[VARCHAR2,120], "D"."GM_EOPF_STATUS"[VARCHAR2,4], 
       "D"."RUN_STATUS_CD"[VARCHAR2,4], "D"."RUN_DTTM"[TIMESTAMP,11]
  11 - (rowset=256) "D"."RUN_CNTL_ID"[VARCHAR2,120], "D"."SEQNUM"[NUMBER,22], "D"."RUN_DTTM"[TIMESTAMP,11], 
       "D"."GM_EOPF_STATUS"[VARCHAR2,4], "D"."RUN_STATUS_CD"[VARCHAR2,4]
  12 - (rowset=256) "MAX(D1.SEQNUM)"[NUMBER,22], "ITEM_1"[VARCHAR2,120]
  13 - (#keys=1; rowset=256) "D1"."RUN_CNTL_ID"[VARCHAR2,120], MAX("D1"."SEQNUM")[22]
  14 - "D1"."RUN_CNTL_ID"[VARCHAR2,120], "D1"."SEQNUM"[NUMBER,22]
  15 - (rowset=256) "H"."RUN_CNTL_ID"[VARCHAR2,120], "H"."EMPLID"[VARCHAR2,44], 
       "H"."GM_EY_APPRAISAL_ID"[NUMBER,22]
  16 - (#keys=0) "A"."NAME"[VARCHAR2,200], "R"."GM_EY_APPRAISAL_ID"[NUMBER,22], "R"."EMPLID"[VARCHAR2,44], 
       "R"."EMPL_RCD"[NUMBER,22], "R"."PERIOD_BEGIN_DT"[DATE,7], "R"."PERIOD_END_DT"[DATE,7], 
       "R"."GM_EY_REVIEW_TYPE"[VARCHAR2,32], "R"."GM_EY_TEMPLATE_ID"[VARCHAR2,32], "R"."GM_EY_REVIEWSTATUS"[VARCHAR2,16]
  17 - (#keys=0) "A"."NAME"[VARCHAR2,200], "R".ROWID[ROWID,10], "R"."EMPLID"[VARCHAR2,44], 
       "R"."GM_EY_APPRAISAL_ID"[NUMBER,22]
  18 - (#keys=4) "A"."EMPLID"[VARCHAR2,44], "A"."NAME"[VARCHAR2,200]
  19 - "MAX(B.EFFDT)"[DATE,7], "ITEM_3"[VARCHAR2,44], "ITEM_4"[VARCHAR2,12]
  20 - (#keys=2) "B"."EMPLID"[VARCHAR2,44], "B"."NAME_TYPE"[VARCHAR2,12], 
       MAX(SYS_OP_UNDESCEND(SYS_OP_DESCEND("EFFDT")))[7]
  21 - "B"."EMPLID"[VARCHAR2,44], "B"."NAME_TYPE"[VARCHAR2,12], SYS_OP_DESCEND("EFFDT")[RAW,12]
  22 - "A"."EMPLID"[VARCHAR2,44], "A"."NAME_TYPE"[VARCHAR2,12], "A"."NAME"[VARCHAR2,200], 
       SYS_OP_DESCEND("EFFDT")[RAW,12]
  23 - "R".ROWID[ROWID,10], "R"."EMPLID"[VARCHAR2,44], "R"."GM_EY_APPRAISAL_ID"[NUMBER,22]
  24 - "R"."EMPL_RCD"[NUMBER,22], "R"."PERIOD_BEGIN_DT"[DATE,7], "R"."PERIOD_END_DT"[DATE,7], 
       "R"."GM_EY_REVIEW_TYPE"[VARCHAR2,32], "R"."GM_EY_TEMPLATE_ID"[VARCHAR2,32], "R"."GM_EY_REVIEWSTATUS"[VARCHAR2,16]
  25 - "Y".ROWID[ROWID,10]
  26 - "Y"."REVIEW_RATING"[VARCHAR2,4]
  27 - "GM_EY_APPRAISAL_ID"[NUMBER,22]
  28 - "EOH"."GM_EY_APPRAISAL_ID"[NUMBER,22]
  29 - (#keys=5) "T1"."GM_EY_APPRAISAL_ID"[NUMBER,22], ROWID[ROWID,10], ROWID[ROWID,10], 
       "EOD"."RUN_DTTM"[TIMESTAMP,11], "EOH"."GM_EY_APPRAISAL_ID"[NUMBER,22], MAX("T1"."DATETIME_STAMP")[11]
  30 - ROWID[ROWID,10], "EOD"."RUN_DTTM"[TIMESTAMP,11], "EOH"."GM_EY_APPRAISAL_ID"[NUMBER,22], 
       "T1"."GM_EY_APPRAISAL_ID"[NUMBER,22], ROWID[ROWID,10], "T1"."DATETIME_STAMP"[TIMESTAMP,11]
  31 - (#keys=1) "EOD"."RUN_CNTL_ID"[VARCHAR2,120], ROWID[ROWID,10], "EOD"."SEQNUM"[NUMBER,22], 
       "EOD"."RUN_DTTM"[TIMESTAMP,11], "EOH"."GM_EY_APPRAISAL_ID"[NUMBER,22], "T1"."GM_EY_APPRAISAL_ID"[NUMBER,22], 
       ROWID[ROWID,10], "T1"."DATETIME_STAMP"[TIMESTAMP,11]
  32 - (rowset=256) ROWID[ROWID,10], "EOD"."RUN_CNTL_ID"[VARCHAR2,120], "EOD"."SEQNUM"[NUMBER,22], 
       "EOD"."RUN_DTTM"[TIMESTAMP,11]
  33 - (#keys=1) "EOH"."GM_EY_APPRAISAL_ID"[NUMBER,22], "T1"."GM_EY_APPRAISAL_ID"[NUMBER,22], ROWID[ROWID,10], 
       "EOH"."RUN_CNTL_ID"[VARCHAR2,120], "T1"."DATETIME_STAMP"[TIMESTAMP,11]
  34 - (rowset=256) ROWID[ROWID,10], "EOH"."RUN_CNTL_ID"[VARCHAR2,120], "EOH"."GM_EY_APPRAISAL_ID"[NUMBER,22]
  35 - "T1"."GM_EY_APPRAISAL_ID"[NUMBER,22], "T1"."DATETIME_STAMP"[TIMESTAMP,11]
  36 - (#keys=0) MAX("EOD1"."SEQNUM")[22]
  37 - "EOD1"."SEQNUM"[NUMBER,22]
  38 - "EOD1"."SEQNUM"[NUMBER,22]
  39 - (#keys=1) "R"."GM_EY_APPRAISAL_ID"[NUMBER,22], "R"."EMPLID"[VARCHAR2,44], "Y"."REVIEW_RATING"[VARCHAR2,4], 
       "X"."RUN_STATUS_CD"[VARCHAR2,4], "X"."GM_EOPF_STATUS"[VARCHAR2,4], "X"."RUN_DTTM"[TIMESTAMP,11], 
       "A"."NAME"[VARCHAR2,200], "R"."GM_EY_TEMPLATE_ID"[VARCHAR2,32], "R"."GM_EY_REVIEWSTATUS"[VARCHAR2,16], 
       "R"."EMPL_RCD"[NUMBER,22], "R"."PERIOD_BEGIN_DT"[DATE,7], "R"."PERIOD_END_DT"[DATE,7], 
       "R"."GM_EY_REVIEW_TYPE"[VARCHAR2,32]
  40 - (rowset=256) "GM_EY_APPRAISAL_ID"[NUMBER,22]
  41 - (rowset=256) "EOH"."GM_EY_APPRAISAL_ID"[NUMBER,22]
  42 - (#keys=5; rowset=256) "T1"."GM_EY_APPRAISAL_ID"[NUMBER,22], ROWID[ROWID,10], ROWID[ROWID,10], 
       "EOD"."RUN_DTTM"[TIMESTAMP,11], "EOH"."GM_EY_APPRAISAL_ID"[NUMBER,22], MAX("T1"."DATETIME_STAMP")[11]
  43 - ROWID[ROWID,10], "EOD"."RUN_DTTM"[TIMESTAMP,11], "EOH"."GM_EY_APPRAISAL_ID"[NUMBER,22], 
       "T1"."GM_EY_APPRAISAL_ID"[NUMBER,22], ROWID[ROWID,10], "T1"."DATETIME_STAMP"[TIMESTAMP,11]
  44 - (#keys=1) "EOD"."RUN_CNTL_ID"[VARCHAR2,120], ROWID[ROWID,10], "EOD"."SEQNUM"[NUMBER,22], 
       "EOD"."RUN_DTTM"[TIMESTAMP,11], "EOH"."GM_EY_APPRAISAL_ID"[NUMBER,22], "T1"."GM_EY_APPRAISAL_ID"[NUMBER,22], 
       ROWID[ROWID,10], "T1"."DATETIME_STAMP"[TIMESTAMP,11]
  45 - (rowset=256) ROWID[ROWID,10], "EOD"."RUN_CNTL_ID"[VARCHAR2,120], "EOD"."SEQNUM"[NUMBER,22], 
       "EOD"."RUN_DTTM"[TIMESTAMP,11]
  46 - (#keys=1) "EOH"."GM_EY_APPRAISAL_ID"[NUMBER,22], "T1"."GM_EY_APPRAISAL_ID"[NUMBER,22], ROWID[ROWID,10], 
       "EOH"."RUN_CNTL_ID"[VARCHAR2,120], "T1"."DATETIME_STAMP"[TIMESTAMP,11]
  47 - (rowset=256) ROWID[ROWID,10], "EOH"."RUN_CNTL_ID"[VARCHAR2,120], "EOH"."GM_EY_APPRAISAL_ID"[NUMBER,22]
  48 - "T1"."GM_EY_APPRAISAL_ID"[NUMBER,22], "T1"."DATETIME_STAMP"[TIMESTAMP,11]
  49 - (#keys=0) MAX("EOD1"."SEQNUM")[22]
  50 - "EOD1"."SEQNUM"[NUMBER,22]
  51 - "EOD1"."SEQNUM"[NUMBER,22]
  52 - (#keys=0) "R"."EMPLID"[VARCHAR2,44], "R"."GM_EY_APPRAISAL_ID"[NUMBER,22], "X"."RUN_STATUS_CD"[VARCHAR2,4], 
       "X"."GM_EOPF_STATUS"[VARCHAR2,4], "X"."RUN_DTTM"[TIMESTAMP,11], "A"."NAME"[VARCHAR2,200], 
       "R"."GM_EY_TEMPLATE_ID"[VARCHAR2,32], "R"."GM_EY_REVIEWSTATUS"[VARCHAR2,16], "R"."EMPL_RCD"[NUMBER,22], 
       "R"."PERIOD_BEGIN_DT"[DATE,7], "R"."PERIOD_END_DT"[DATE,7], "R"."GM_EY_REVIEW_TYPE"[VARCHAR2,32], 
       "Y"."REVIEW_RATING"[VARCHAR2,4]
  53 - (#keys=0) "R"."EMPLID"[VARCHAR2,44], "R"."GM_EY_APPRAISAL_ID"[NUMBER,22], "X"."RUN_STATUS_CD"[VARCHAR2,4], 
       "X"."GM_EOPF_STATUS"[VARCHAR2,4], "X"."RUN_DTTM"[TIMESTAMP,11], "A"."NAME"[VARCHAR2,200], 
       "R"."GM_EY_TEMPLATE_ID"[VARCHAR2,32], "R"."GM_EY_REVIEWSTATUS"[VARCHAR2,16], "R"."EMPL_RCD"[NUMBER,22], 
       "R"."PERIOD_BEGIN_DT"[DATE,7], "R"."PERIOD_END_DT"[DATE,7], "R"."GM_EY_REVIEW_TYPE"[VARCHAR2,32], 
       "Y".ROWID[ROWID,10]
  54 - (#keys=2) "R"."EMPLID"[VARCHAR2,44], "R"."GM_EY_APPRAISAL_ID"[NUMBER,22], "X"."RUN_STATUS_CD"[VARCHAR2,4], 
       "X"."GM_EOPF_STATUS"[VARCHAR2,4], "X"."RUN_DTTM"[TIMESTAMP,11], "A"."NAME"[VARCHAR2,200], 
       "R"."GM_EY_TEMPLATE_ID"[VARCHAR2,32], "R"."GM_EY_REVIEWSTATUS"[VARCHAR2,16], "R"."EMPL_RCD"[NUMBER,22], 
       "R"."PERIOD_BEGIN_DT"[DATE,7], "R"."PERIOD_END_DT"[DATE,7], "R"."GM_EY_REVIEW_TYPE"[VARCHAR2,32]
  55 - (rowset=256) "X"."EMPLID"[VARCHAR2,44], "X"."GM_EY_APPRAISAL_ID"[NUMBER,22], "X"."RUN_DTTM"[TIMESTAMP,11], 
       "X"."GM_EOPF_STATUS"[VARCHAR2,4], "X"."RUN_STATUS_CD"[VARCHAR2,4]
  56 - (#keys=1; rowset=256) "D"."RUN_DTTM"[TIMESTAMP,11], "D"."GM_EOPF_STATUS"[VARCHAR2,4], 
       "D"."RUN_STATUS_CD"[VARCHAR2,4], "H"."GM_EY_APPRAISAL_ID"[NUMBER,22], "H"."EMPLID"[VARCHAR2,44]
  57 - (#keys=2; rowset=256) "D"."RUN_CNTL_ID"[VARCHAR2,120], "D"."GM_EOPF_STATUS"[VARCHAR2,4], 
       "D"."RUN_STATUS_CD"[VARCHAR2,4], "D"."RUN_DTTM"[TIMESTAMP,11]
  58 - (rowset=256) "D"."RUN_CNTL_ID"[VARCHAR2,120], "D"."SEQNUM"[NUMBER,22], "D"."RUN_DTTM"[TIMESTAMP,11], 
       "D"."GM_EOPF_STATUS"[VARCHAR2,4], "D"."RUN_STATUS_CD"[VARCHAR2,4]
  59 - (rowset=256) "MAX(D1.SEQNUM)"[NUMBER,22], "ITEM_5"[VARCHAR2,120]
  60 - (#keys=1; rowset=256) "D1"."RUN_CNTL_ID"[VARCHAR2,120], MAX("D1"."SEQNUM")[22]
  61 - "D1"."RUN_CNTL_ID"[VARCHAR2,120], "D1"."SEQNUM"[NUMBER,22]
  62 - (rowset=256) "H"."RUN_CNTL_ID"[VARCHAR2,120], "H"."EMPLID"[VARCHAR2,44], 
       "H"."GM_EY_APPRAISAL_ID"[NUMBER,22]
  63 - (#keys=0) "A"."NAME"[VARCHAR2,200], "R"."GM_EY_APPRAISAL_ID"[NUMBER,22], "R"."EMPLID"[VARCHAR2,44], 
       "R"."EMPL_RCD"[NUMBER,22], "R"."PERIOD_BEGIN_DT"[DATE,7], "R"."PERIOD_END_DT"[DATE,7], 
       "R"."GM_EY_REVIEW_TYPE"[VARCHAR2,32], "R"."GM_EY_TEMPLATE_ID"[VARCHAR2,32], "R"."GM_EY_REVIEWSTATUS"[VARCHAR2,16]
  64 - (#keys=0) "A"."NAME"[VARCHAR2,200], "R".ROWID[ROWID,10], "R"."EMPLID"[VARCHAR2,44], 
       "R"."GM_EY_APPRAISAL_ID"[NUMBER,22]
  65 - (#keys=4) "A"."EMPLID"[VARCHAR2,44], "A"."NAME"[VARCHAR2,200]
  66 - "MAX(B.EFFDT)"[DATE,7], "ITEM_7"[VARCHAR2,44], "ITEM_8"[VARCHAR2,12]
  67 - (#keys=2) "B"."EMPLID"[VARCHAR2,44], "B"."NAME_TYPE"[VARCHAR2,12], 
       MAX(SYS_OP_UNDESCEND(SYS_OP_DESCEND("EFFDT")))[7]
  68 - "B"."EMPLID"[VARCHAR2,44], "B"."NAME_TYPE"[VARCHAR2,12], SYS_OP_DESCEND("EFFDT")[RAW,12]
  69 - "A"."EMPLID"[VARCHAR2,44], "A"."NAME_TYPE"[VARCHAR2,12], "A"."NAME"[VARCHAR2,200], 
       SYS_OP_DESCEND("EFFDT")[RAW,12]
  70 - "R".ROWID[ROWID,10], "R"."EMPLID"[VARCHAR2,44], "R"."GM_EY_APPRAISAL_ID"[NUMBER,22]
  71 - "R"."EMPL_RCD"[NUMBER,22], "R"."PERIOD_BEGIN_DT"[DATE,7], "R"."PERIOD_END_DT"[DATE,7], 
       "R"."GM_EY_REVIEW_TYPE"[VARCHAR2,32], "R"."GM_EY_TEMPLATE_ID"[VARCHAR2,32], "R"."GM_EY_REVIEWSTATUS"[VARCHAR2,16]
  72 - "Y".ROWID[ROWID,10]
  73 - "Y"."REVIEW_RATING"[VARCHAR2,4]
  74 - (#keys=0) "R"."EMPLID"[VARCHAR2,44], "R"."GM_EY_APPRAISAL_ID"[NUMBER,22], "X"."RUN_STATUS_CD"[VARCHAR2,4], 
       "X"."GM_EOPF_STATUS"[VARCHAR2,4], "X"."RUN_DTTM"[TIMESTAMP,11], "A"."NAME"[VARCHAR2,200], 
       "R"."GM_EY_REVIEWSTATUS"[VARCHAR2,16], "R"."EMPL_RCD"[NUMBER,22], "R"."PERIOD_BEGIN_DT"[DATE,7], 
       "R"."PERIOD_END_DT"[DATE,7], "R"."GM_EY_REVIEW_TYPE"[VARCHAR2,32], "R"."GM_EY_TEMPLATE_ID"[VARCHAR2,32], 
       "Y"."REVIEW_RATING"[VARCHAR2,4]
  75 - (#keys=0) "R"."EMPLID"[VARCHAR2,44], "R"."GM_EY_APPRAISAL_ID"[NUMBER,22], "X"."RUN_STATUS_CD"[VARCHAR2,4], 
       "X"."GM_EOPF_STATUS"[VARCHAR2,4], "X"."RUN_DTTM"[TIMESTAMP,11], "A"."NAME"[VARCHAR2,200], 
       "R"."GM_EY_REVIEWSTATUS"[VARCHAR2,16], "R"."EMPL_RCD"[NUMBER,22], "R"."PERIOD_BEGIN_DT"[DATE,7], 
       "R"."PERIOD_END_DT"[DATE,7], "R"."GM_EY_REVIEW_TYPE"[VARCHAR2,32], "R"."GM_EY_TEMPLATE_ID"[VARCHAR2,32], 
       "Y".ROWID[ROWID,10]
  76 - (#keys=2) "R"."EMPLID"[VARCHAR2,44], "R"."GM_EY_APPRAISAL_ID"[NUMBER,22], "X"."RUN_STATUS_CD"[VARCHAR2,4], 
       "X"."GM_EOPF_STATUS"[VARCHAR2,4], "X"."RUN_DTTM"[TIMESTAMP,11], "A"."NAME"[VARCHAR2,200], 
       "R"."GM_EY_REVIEWSTATUS"[VARCHAR2,16], "R"."EMPL_RCD"[NUMBER,22], "R"."PERIOD_BEGIN_DT"[DATE,7], 
       "R"."PERIOD_END_DT"[DATE,7], "R"."GM_EY_REVIEW_TYPE"[VARCHAR2,32], "R"."GM_EY_TEMPLATE_ID"[VARCHAR2,32]
  77 - (rowset=256) "X"."EMPLID"[VARCHAR2,44], "X"."GM_EY_APPRAISAL_ID"[NUMBER,22], "X"."RUN_DTTM"[TIMESTAMP,11], 
       "X"."GM_EOPF_STATUS"[VARCHAR2,4], "X"."RUN_STATUS_CD"[VARCHAR2,4]
  78 - (#keys=1; rowset=256) "D"."RUN_DTTM"[TIMESTAMP,11], "D"."GM_EOPF_STATUS"[VARCHAR2,4], 
       "D"."RUN_STATUS_CD"[VARCHAR2,4], "H"."GM_EY_APPRAISAL_ID"[NUMBER,22], "H"."EMPLID"[VARCHAR2,44]
  79 - (#keys=2; rowset=256) "D"."RUN_CNTL_ID"[VARCHAR2,120], "D"."GM_EOPF_STATUS"[VARCHAR2,4], 
       "D"."RUN_STATUS_CD"[VARCHAR2,4], "D"."RUN_DTTM"[TIMESTAMP,11]
  80 - (rowset=256) "D"."RUN_CNTL_ID"[VARCHAR2,120], "D"."SEQNUM"[NUMBER,22], "D"."RUN_DTTM"[TIMESTAMP,11], 
       "D"."GM_EOPF_STATUS"[VARCHAR2,4], "D"."RUN_STATUS_CD"[VARCHAR2,4]
  81 - (rowset=256) "MAX(D1.SEQNUM)"[NUMBER,22], "ITEM_9"[VARCHAR2,120]
  82 - (#keys=1; rowset=256) "D1"."RUN_CNTL_ID"[VARCHAR2,120], MAX("D1"."SEQNUM")[22]
  83 - "D1"."RUN_CNTL_ID"[VARCHAR2,120], "D1"."SEQNUM"[NUMBER,22]
  84 - (rowset=256) "H"."RUN_CNTL_ID"[VARCHAR2,120], "H"."EMPLID"[VARCHAR2,44], 
       "H"."GM_EY_APPRAISAL_ID"[NUMBER,22]
  85 - (#keys=0) "R"."EMPLID"[VARCHAR2,44], "R"."GM_EY_APPRAISAL_ID"[NUMBER,22], 
       "R"."GM_EY_REVIEWSTATUS"[VARCHAR2,16], "R"."EMPL_RCD"[NUMBER,22], "R"."PERIOD_BEGIN_DT"[DATE,7], 
       "R"."PERIOD_END_DT"[DATE,7], "R"."GM_EY_REVIEW_TYPE"[VARCHAR2,32], "R"."GM_EY_TEMPLATE_ID"[VARCHAR2,32], 
       "A"."NAME"[VARCHAR2,200]
  86 - (#keys=1) "R"."EMPLID"[VARCHAR2,44], "A"."EMPLID"[VARCHAR2,44], "R"."GM_EY_APPRAISAL_ID"[NUMBER,22], 
       "R"."GM_EY_REVIEWSTATUS"[VARCHAR2,16], "R"."EMPL_RCD"[NUMBER,22], "R"."PERIOD_BEGIN_DT"[DATE,7], 
       "R"."PERIOD_END_DT"[DATE,7], "R"."GM_EY_REVIEW_TYPE"[VARCHAR2,32], "R"."GM_EY_TEMPLATE_ID"[VARCHAR2,32], 
       SYS_OP_DESCEND("EFFDT")[RAW,12], "A"."NAME_TYPE"[VARCHAR2,12], "A"."NAME"[VARCHAR2,200]
  87 - "R"."GM_EY_APPRAISAL_ID"[NUMBER,22], "R"."EMPLID"[VARCHAR2,44], "R"."EMPL_RCD"[NUMBER,22], 
       "R"."PERIOD_BEGIN_DT"[DATE,7], "R"."PERIOD_END_DT"[DATE,7], "R"."GM_EY_REVIEW_TYPE"[VARCHAR2,32], 
       "R"."GM_EY_TEMPLATE_ID"[VARCHAR2,32], "R"."GM_EY_REVIEWSTATUS"[VARCHAR2,16]
  88 - "R".ROWID[ROWID,10], "R"."GM_EY_APPRAISAL_ID"[NUMBER,22], "R"."EMPLID"[VARCHAR2,44], 
       "R"."GM_EY_REVIEWSTATUS"[VARCHAR2,16], "R"."GM_EY_TEMPLATE_ID"[VARCHAR2,32]
  90 - (#keys=4) "T1"."GM_EY_APPRAISAL_ID"[NUMBER,22], ROWID[ROWID,10], ROWID[ROWID,10], 
       "EOD"."RUN_DTTM"[TIMESTAMP,11], MAX("T1"."DATETIME_STAMP")[11]
  91 - (#keys=0) ROWID[ROWID,10], "T1"."GM_EY_APPRAISAL_ID"[NUMBER,22], "T1"."DATETIME_STAMP"[TIMESTAMP,11], 
       ROWID[ROWID,10], "EOD"."RUN_DTTM"[TIMESTAMP,11]
  92 - (#keys=0) ROWID[ROWID,10], "T1"."GM_EY_APPRAISAL_ID"[NUMBER,22], "T1"."DATETIME_STAMP"[TIMESTAMP,11], 
       ROWID[ROWID,10]
  93 - (#keys=0) ROWID[ROWID,10], "EOH"."RUN_CNTL_ID"[VARCHAR2,120], "T1"."GM_EY_APPRAISAL_ID"[NUMBER,22], 
       "T1"."DATETIME_STAMP"[TIMESTAMP,11]
  94 - ROWID[ROWID,10], "EOH"."RUN_CNTL_ID"[VARCHAR2,120], "EOH"."GM_EY_APPRAISAL_ID"[NUMBER,22]
  95 - "T1"."GM_EY_APPRAISAL_ID"[NUMBER,22], "T1"."DATETIME_STAMP"[TIMESTAMP,11]
  96 - ROWID[ROWID,10]
  97 - (#keys=0) MAX("EOD1"."SEQNUM")[22]
  98 - "EOD1"."SEQNUM"[NUMBER,22]
  99 - "EOD1"."SEQNUM"[NUMBER,22]
 100 - ROWID[ROWID,10], "EOD"."RUN_DTTM"[TIMESTAMP,11]
 101 - "A"."EMPLID"[VARCHAR2,44], "A"."NAME_TYPE"[VARCHAR2,12], "A"."NAME"[VARCHAR2,200], 
       SYS_OP_DESCEND("EFFDT")[RAW,12]
 102 - "MAX(B.EFFDT)"[DATE,7]
 103 - MAX(SYS_OP_UNDESCEND(SYS_OP_DESCEND("EFFDT")))[7]
 104 - (#keys=0) COUNT(*)[22], MAX(SYS_OP_UNDESCEND(SYS_OP_DESCEND("EFFDT")))[7]
 105 - SYS_OP_DESCEND("EFFDT")[RAW,12]
 106 - "Y".ROWID[ROWID,10]
 107 - "Y"."REVIEW_RATING"[VARCHAR2,4]
 108 - (#keys=0) "R"."EMPLID"[VARCHAR2,44], "R"."GM_EY_APPRAISAL_ID"[NUMBER,22], "R"."EMPL_RCD"[NUMBER,22], 
       "R"."PERIOD_BEGIN_DT"[DATE,7], "R"."PERIOD_END_DT"[DATE,7], "R"."GM_EY_REVIEW_TYPE"[VARCHAR2,32], 
       "R"."GM_EY_TEMPLATE_ID"[VARCHAR2,32], "R"."GM_EY_REVIEWSTATUS"[VARCHAR2,16], "A"."NAME"[VARCHAR2,200], 
       "X"."RUN_STATUS_CD"[VARCHAR2,4], "X"."GM_EOPF_STATUS"[VARCHAR2,4], "X"."RUN_DTTM"[TIMESTAMP,11], 
       "Y"."REVIEW_RATING"[VARCHAR2,4]
 109 - (#keys=0) "R"."EMPLID"[VARCHAR2,44], "R"."GM_EY_APPRAISAL_ID"[NUMBER,22], "R"."EMPL_RCD"[NUMBER,22], 
       "R"."PERIOD_BEGIN_DT"[DATE,7], "R"."PERIOD_END_DT"[DATE,7], "R"."GM_EY_REVIEW_TYPE"[VARCHAR2,32], 
       "R"."GM_EY_TEMPLATE_ID"[VARCHAR2,32], "R"."GM_EY_REVIEWSTATUS"[VARCHAR2,16], "A"."NAME"[VARCHAR2,200], 
       "X"."RUN_STATUS_CD"[VARCHAR2,4], "X"."GM_EOPF_STATUS"[VARCHAR2,4], "X"."RUN_DTTM"[TIMESTAMP,11], 
       "Y".ROWID[ROWID,10]
 110 - (#keys=2) "R"."EMPLID"[VARCHAR2,44], "R"."GM_EY_APPRAISAL_ID"[NUMBER,22], "R"."EMPL_RCD"[NUMBER,22], 
       "R"."PERIOD_BEGIN_DT"[DATE,7], "R"."PERIOD_END_DT"[DATE,7], "R"."GM_EY_REVIEW_TYPE"[VARCHAR2,32], 
       "R"."GM_EY_TEMPLATE_ID"[VARCHAR2,32], "R"."GM_EY_REVIEWSTATUS"[VARCHAR2,16], "A"."NAME"[VARCHAR2,200], 
       "X"."RUN_STATUS_CD"[VARCHAR2,4], "X"."GM_EOPF_STATUS"[VARCHAR2,4], "X"."RUN_DTTM"[TIMESTAMP,11]
 111 - (#keys=0) "R"."GM_EY_APPRAISAL_ID"[NUMBER,22], "R"."EMPLID"[VARCHAR2,44], "R"."EMPL_RCD"[NUMBER,22], 
       "R"."PERIOD_BEGIN_DT"[DATE,7], "R"."PERIOD_END_DT"[DATE,7], "R"."GM_EY_REVIEW_TYPE"[VARCHAR2,32], 
       "R"."GM_EY_TEMPLATE_ID"[VARCHAR2,32], "R"."GM_EY_REVIEWSTATUS"[VARCHAR2,16], "A"."NAME"[VARCHAR2,200]
 112 - (#keys=0) "R"."GM_EY_APPRAISAL_ID"[NUMBER,22], "R"."EMPLID"[VARCHAR2,44], "R"."EMPL_RCD"[NUMBER,22], 
       "R"."PERIOD_BEGIN_DT"[DATE,7], "R"."PERIOD_END_DT"[DATE,7], "R"."GM_EY_REVIEW_TYPE"[VARCHAR2,32], 
       "R"."GM_EY_TEMPLATE_ID"[VARCHAR2,32], "R"."GM_EY_REVIEWSTATUS"[VARCHAR2,16], "A"."EMPLID"[VARCHAR2,44], 
       "A"."NAME_TYPE"[VARCHAR2,12], "A"."NAME"[VARCHAR2,200], SYS_OP_DESCEND("EFFDT")[RAW,12]
 113 - "R"."GM_EY_APPRAISAL_ID"[NUMBER,22], "R"."EMPLID"[VARCHAR2,44], "R"."EMPL_RCD"[NUMBER,22], 
       "R"."PERIOD_BEGIN_DT"[DATE,7], "R"."PERIOD_END_DT"[DATE,7], "R"."GM_EY_REVIEW_TYPE"[VARCHAR2,32], 
       "R"."GM_EY_TEMPLATE_ID"[VARCHAR2,32], "R"."GM_EY_REVIEWSTATUS"[VARCHAR2,16]
 114 - "R".ROWID[ROWID,10], "R"."GM_EY_APPRAISAL_ID"[NUMBER,22], "R"."EMPLID"[VARCHAR2,44], 
       "R"."GM_EY_REVIEWSTATUS"[VARCHAR2,16], "R"."GM_EY_TEMPLATE_ID"[VARCHAR2,32]
 116 - (#keys=4) "T1"."GM_EY_APPRAISAL_ID"[NUMBER,22], ROWID[ROWID,10], ROWID[ROWID,10], 
       "EOD"."RUN_DTTM"[TIMESTAMP,11], MAX("T1"."DATETIME_STAMP")[11]
 117 - (#keys=0) ROWID[ROWID,10], "T1"."GM_EY_APPRAISAL_ID"[NUMBER,22], "T1"."DATETIME_STAMP"[TIMESTAMP,11], 
       ROWID[ROWID,10], "EOD"."RUN_DTTM"[TIMESTAMP,11]
 118 - (#keys=0) ROWID[ROWID,10], "T1"."GM_EY_APPRAISAL_ID"[NUMBER,22], "T1"."DATETIME_STAMP"[TIMESTAMP,11], 
       ROWID[ROWID,10]
 119 - (#keys=0) ROWID[ROWID,10], "EOH"."RUN_CNTL_ID"[VARCHAR2,120], "T1"."GM_EY_APPRAISAL_ID"[NUMBER,22], 
       "T1"."DATETIME_STAMP"[TIMESTAMP,11]
 120 - ROWID[ROWID,10], "EOH"."RUN_CNTL_ID"[VARCHAR2,120], "EOH"."GM_EY_APPRAISAL_ID"[NUMBER,22]
 121 - "T1"."GM_EY_APPRAISAL_ID"[NUMBER,22], "T1"."DATETIME_STAMP"[TIMESTAMP,11]
 122 - ROWID[ROWID,10]
 123 - (#keys=0) MAX("EOD1"."SEQNUM")[22]
 124 - "EOD1"."SEQNUM"[NUMBER,22]
 125 - "EOD1"."SEQNUM"[NUMBER,22]
 126 - ROWID[ROWID,10], "EOD"."RUN_DTTM"[TIMESTAMP,11]
 127 - "A"."EMPLID"[VARCHAR2,44], "A"."NAME_TYPE"[VARCHAR2,12], "A"."NAME"[VARCHAR2,200], 
       SYS_OP_DESCEND("EFFDT")[RAW,12]
 128 - "A".ROWID[ROWID,10], "A"."EMPLID"[VARCHAR2,44], "A"."NAME_TYPE"[VARCHAR2,12], 
       SYS_OP_DESCEND("EFFDT")[RAW,12]
 129 - "MAX(B.EFFDT)"[DATE,7]
 130 - MAX(SYS_OP_UNDESCEND(SYS_OP_DESCEND("EFFDT")))[7]
 131 - (#keys=0) COUNT(*)[22], MAX(SYS_OP_UNDESCEND(SYS_OP_DESCEND("EFFDT")))[7]
 132 - SYS_OP_DESCEND("EFFDT")[RAW,12]
 133 - "X"."EMPLID"[VARCHAR2,44], "X"."GM_EY_APPRAISAL_ID"[NUMBER,22], "X"."RUN_DTTM"[TIMESTAMP,11], 
       "X"."GM_EOPF_STATUS"[VARCHAR2,4], "X"."RUN_STATUS_CD"[VARCHAR2,4]
 134 - (#keys=0) "D"."GM_EOPF_STATUS"[VARCHAR2,4], "D"."RUN_STATUS_CD"[VARCHAR2,4], "D"."RUN_DTTM"[TIMESTAMP,11], 
       "H"."EMPLID"[VARCHAR2,44], "H"."GM_EY_APPRAISAL_ID"[NUMBER,22]
 135 - (#keys=0) "D"."GM_EOPF_STATUS"[VARCHAR2,4], "D"."RUN_STATUS_CD"[VARCHAR2,4], "D"."RUN_DTTM"[TIMESTAMP,11], 
       "H".ROWID[ROWID,10]
 136 - (#keys=2) "D"."RUN_CNTL_ID"[VARCHAR2,120], "D"."GM_EOPF_STATUS"[VARCHAR2,4], 
       "D"."RUN_STATUS_CD"[VARCHAR2,4], "D"."RUN_DTTM"[TIMESTAMP,11]
 137 - (rowset=256) "D"."RUN_CNTL_ID"[VARCHAR2,120], "D"."SEQNUM"[NUMBER,22], "D"."RUN_DTTM"[TIMESTAMP,11], 
       "D"."GM_EOPF_STATUS"[VARCHAR2,4], "D"."RUN_STATUS_CD"[VARCHAR2,4]
 138 - "MAX(D1.SEQNUM)"[NUMBER,22], "ITEM_13"[VARCHAR2,120]
 139 - (#keys=1) "D1"."RUN_CNTL_ID"[VARCHAR2,120], MAX("D1"."SEQNUM")[22]
 140 - "D1"."RUN_CNTL_ID"[VARCHAR2,120], "D1"."SEQNUM"[NUMBER,22]
 141 - "H".ROWID[ROWID,10]
 142 - "H"."EMPLID"[VARCHAR2,44], "H"."GM_EY_APPRAISAL_ID"[NUMBER,22]
 143 - "Y".ROWID[ROWID,10]
 144 - "Y"."REVIEW_RATING"[VARCHAR2,4]
 145 - "XX"."REVIEW_RATING"[VARCHAR2,4]
 146 - "XX".ROWID[ROWID,10]
 147 - (#keys=0) "R"."EMPLID"[VARCHAR2,44], "R"."GM_EY_APPRAISAL_ID"[NUMBER,22], "R"."EMPL_RCD"[NUMBER,22], 
       "R"."PERIOD_BEGIN_DT"[DATE,7], "R"."PERIOD_END_DT"[DATE,7], "R"."GM_EY_REVIEW_TYPE"[VARCHAR2,32], 
       "R"."GM_EY_TEMPLATE_ID"[VARCHAR2,32], "R"."GM_EY_REVIEWSTATUS"[VARCHAR2,16], "A"."NAME"[VARCHAR2,200], 
       "X"."RUN_STATUS_CD"[VARCHAR2,4], "X"."GM_EOPF_STATUS"[VARCHAR2,4], "X"."RUN_DTTM"[TIMESTAMP,11], 
       "Y"."REVIEW_RATING"[VARCHAR2,4]
 148 - (#keys=0) "R"."EMPLID"[VARCHAR2,44], "R"."GM_EY_APPRAISAL_ID"[NUMBER,22], "R"."EMPL_RCD"[NUMBER,22], 
       "R"."PERIOD_BEGIN_DT"[DATE,7], "R"."PERIOD_END_DT"[DATE,7], "R"."GM_EY_REVIEW_TYPE"[VARCHAR2,32], 
       "R"."GM_EY_TEMPLATE_ID"[VARCHAR2,32], "R"."GM_EY_REVIEWSTATUS"[VARCHAR2,16], "A"."NAME"[VARCHAR2,200], 
       "X"."RUN_STATUS_CD"[VARCHAR2,4], "X"."GM_EOPF_STATUS"[VARCHAR2,4], "X"."RUN_DTTM"[TIMESTAMP,11], 
       "Y".ROWID[ROWID,10]
 149 - (#keys=2) "R"."EMPLID"[VARCHAR2,44], "R"."GM_EY_APPRAISAL_ID"[NUMBER,22], "R"."EMPL_RCD"[NUMBER,22], 
       "R"."PERIOD_BEGIN_DT"[DATE,7], "R"."PERIOD_END_DT"[DATE,7], "R"."GM_EY_REVIEW_TYPE"[VARCHAR2,32], 
       "R"."GM_EY_TEMPLATE_ID"[VARCHAR2,32], "R"."GM_EY_REVIEWSTATUS"[VARCHAR2,16], "A"."NAME"[VARCHAR2,200], 
       "X"."RUN_STATUS_CD"[VARCHAR2,4], "X"."GM_EOPF_STATUS"[VARCHAR2,4], "X"."RUN_DTTM"[TIMESTAMP,11]
 150 - (#keys=0) "R"."GM_EY_APPRAISAL_ID"[NUMBER,22], "R"."EMPLID"[VARCHAR2,44], "R"."EMPL_RCD"[NUMBER,22], 
       "R"."PERIOD_BEGIN_DT"[DATE,7], "R"."PERIOD_END_DT"[DATE,7], "R"."GM_EY_REVIEW_TYPE"[VARCHAR2,32], 
       "R"."GM_EY_TEMPLATE_ID"[VARCHAR2,32], "R"."GM_EY_REVIEWSTATUS"[VARCHAR2,16], "A"."NAME"[VARCHAR2,200]
 151 - (#keys=0) "R"."GM_EY_APPRAISAL_ID"[NUMBER,22], "R"."EMPLID"[VARCHAR2,44], "R"."EMPL_RCD"[NUMBER,22], 
       "R"."PERIOD_BEGIN_DT"[DATE,7], "R"."PERIOD_END_DT"[DATE,7], "R"."GM_EY_REVIEW_TYPE"[VARCHAR2,32], 
       "R"."GM_EY_TEMPLATE_ID"[VARCHAR2,32], "R"."GM_EY_REVIEWSTATUS"[VARCHAR2,16], "A"."EMPLID"[VARCHAR2,44], 
       "A"."NAME_TYPE"[VARCHAR2,12], "A"."NAME"[VARCHAR2,200], SYS_OP_DESCEND("EFFDT")[RAW,12]
 152 - "R"."GM_EY_APPRAISAL_ID"[NUMBER,22], "R"."EMPLID"[VARCHAR2,44], "R"."EMPL_RCD"[NUMBER,22], 
       "R"."PERIOD_BEGIN_DT"[DATE,7], "R"."PERIOD_END_DT"[DATE,7], "R"."GM_EY_REVIEW_TYPE"[VARCHAR2,32], 
       "R"."GM_EY_TEMPLATE_ID"[VARCHAR2,32], "R"."GM_EY_REVIEWSTATUS"[VARCHAR2,16]
 153 - "R".ROWID[ROWID,10], "R"."GM_EY_APPRAISAL_ID"[NUMBER,22], "R"."EMPLID"[VARCHAR2,44], 
       "R"."GM_EY_REVIEWSTATUS"[VARCHAR2,16], "R"."GM_EY_TEMPLATE_ID"[VARCHAR2,32]
 155 - (#keys=4) "T1"."GM_EY_APPRAISAL_ID"[NUMBER,22], ROWID[ROWID,10], ROWID[ROWID,10], 
       "EOD"."RUN_DTTM"[TIMESTAMP,11], MAX("T1"."DATETIME_STAMP")[11]
 156 - (#keys=0) ROWID[ROWID,10], "T1"."GM_EY_APPRAISAL_ID"[NUMBER,22], "T1"."DATETIME_STAMP"[TIMESTAMP,11], 
       ROWID[ROWID,10], "EOD"."RUN_DTTM"[TIMESTAMP,11]
 157 - (#keys=0) ROWID[ROWID,10], "T1"."GM_EY_APPRAISAL_ID"[NUMBER,22], "T1"."DATETIME_STAMP"[TIMESTAMP,11], 
       ROWID[ROWID,10]
 158 - (#keys=0) ROWID[ROWID,10], "EOH"."RUN_CNTL_ID"[VARCHAR2,120], "T1"."GM_EY_APPRAISAL_ID"[NUMBER,22], 
       "T1"."DATETIME_STAMP"[TIMESTAMP,11]
 159 - ROWID[ROWID,10], "EOH"."RUN_CNTL_ID"[VARCHAR2,120], "EOH"."GM_EY_APPRAISAL_ID"[NUMBER,22]
 160 - "T1"."GM_EY_APPRAISAL_ID"[NUMBER,22], "T1"."DATETIME_STAMP"[TIMESTAMP,11]
 161 - ROWID[ROWID,10]
 162 - (#keys=0) MAX("EOD1"."SEQNUM")[22]
 163 - "EOD1"."SEQNUM"[NUMBER,22]
 164 - "EOD1"."SEQNUM"[NUMBER,22]
 165 - ROWID[ROWID,10], "EOD"."RUN_DTTM"[TIMESTAMP,11]
 166 - "A"."EMPLID"[VARCHAR2,44], "A"."NAME_TYPE"[VARCHAR2,12], "A"."NAME"[VARCHAR2,200], 
       SYS_OP_DESCEND("EFFDT")[RAW,12]
 167 - "A".ROWID[ROWID,10], "A"."EMPLID"[VARCHAR2,44], "A"."NAME_TYPE"[VARCHAR2,12], 
       SYS_OP_DESCEND("EFFDT")[RAW,12]
 168 - "MAX(B.EFFDT)"[DATE,7]
 169 - MAX(SYS_OP_UNDESCEND(SYS_OP_DESCEND("EFFDT")))[7]
 170 - (#keys=0) COUNT(*)[22], MAX(SYS_OP_UNDESCEND(SYS_OP_DESCEND("EFFDT")))[7]
 171 - SYS_OP_DESCEND("EFFDT")[RAW,12]
 172 - "X"."EMPLID"[VARCHAR2,44], "X"."GM_EY_APPRAISAL_ID"[NUMBER,22], "X"."RUN_DTTM"[TIMESTAMP,11], 
       "X"."GM_EOPF_STATUS"[VARCHAR2,4], "X"."RUN_STATUS_CD"[VARCHAR2,4]
 173 - (#keys=0) "D"."GM_EOPF_STATUS"[VARCHAR2,4], "D"."RUN_STATUS_CD"[VARCHAR2,4], "D"."RUN_DTTM"[TIMESTAMP,11], 
       "H"."EMPLID"[VARCHAR2,44], "H"."GM_EY_APPRAISAL_ID"[NUMBER,22]
 174 - (#keys=0) "D"."GM_EOPF_STATUS"[VARCHAR2,4], "D"."RUN_STATUS_CD"[VARCHAR2,4], "D"."RUN_DTTM"[TIMESTAMP,11], 
       "H".ROWID[ROWID,10]
 175 - (#keys=2) "D"."RUN_CNTL_ID"[VARCHAR2,120], "D"."GM_EOPF_STATUS"[VARCHAR2,4], 
       "D"."RUN_STATUS_CD"[VARCHAR2,4], "D"."RUN_DTTM"[TIMESTAMP,11]
 176 - (rowset=256) "D"."RUN_CNTL_ID"[VARCHAR2,120], "D"."SEQNUM"[NUMBER,22], "D"."RUN_DTTM"[TIMESTAMP,11], 
       "D"."GM_EOPF_STATUS"[VARCHAR2,4], "D"."RUN_STATUS_CD"[VARCHAR2,4]
 177 - "MAX(D1.SEQNUM)"[NUMBER,22], "ITEM_17"[VARCHAR2,120]
 178 - (#keys=1) "D1"."RUN_CNTL_ID"[VARCHAR2,120], MAX("D1"."SEQNUM")[22]
 179 - "D1"."RUN_CNTL_ID"[VARCHAR2,120], "D1"."SEQNUM"[NUMBER,22]
 180 - "H".ROWID[ROWID,10]
 181 - "H"."EMPLID"[VARCHAR2,44], "H"."GM_EY_APPRAISAL_ID"[NUMBER,22]
 182 - "Y".ROWID[ROWID,10]
 183 - "Y"."REVIEW_RATING"[VARCHAR2,4]
 
Hint Report (identified by operation id / Query Block Name / Object Alias):
Total hints for statement: 189
---------------------------------------------------------------------------
 
   0 -  STATEMENT
           -  ALL_ROWS
           -  DB_VERSION('19.1.0')
           -  IGNORE_OPTIM_EMBEDDED_HINTS
           -  OPTIMIZER_FEATURES_ENABLE('19.1.0')
 
   0 -  SEL$13
           -  MERGE(@"SEL$13" >"SEL$10")
 
   0 -  SEL$21
           -  MERGE(@"SEL$21" >"SEL$18")
 
   0 -  SEL$29
           -  MERGE(@"SEL$29" >"SEL$26")
 
   0 -  SEL$38
           -  MERGE(@"SEL$38" >"SEL$34")
 
   0 -  SEL$397A3B9A
           -  MERGE(@"SEL$397A3B9A" >"SEL$AB11A1DC")
 
   0 -  SEL$48C21128
           -  MERGE(@"SEL$48C21128" >"SEL$507BC2A1")
 
   0 -  SEL$5
           -  MERGE(@"SEL$5" >"SEL$2")
 
   0 -  SEL$5613BB3F
           -  MERGE(@"SEL$5613BB3F" >"SEL$D3B00D5D")
 
   0 -  SEL$A9DBB1CB
           -  MERGE(@"SEL$A9DBB1CB" >"SEL$5F3523B4")
 
   0 -  SEL$B2DAC886
           -  MERGE(@"SEL$B2DAC886" >"SEL$EDBDD53B")
 
   4 -  SEL$0F723D08
           -  LEADING(@"SEL$0F723D08" "A"@"SEL$5" "VW_SQ_4"@"SEL$76E18DF5" "R"@"SEL$2" "X"@"SEL$2" "Y"@"SEL$2" "VW_NSO_3"@"SEL$76E18DF5")
 
   4 -  SEL$0F723D08 / VW_NSO_3@SEL$76E18DF5
           -  USE_HASH(@"SEL$0F723D08" "VW_NSO_3"@"SEL$76E18DF5")
 
   4 -  SEL$0F723D08 / VW_SQ_4@SEL$76E18DF5
           -  PARTIAL_JOIN(@"SEL$0F723D08" "VW_SQ_4"@"SEL$76E18DF5")
           -  SWAP_JOIN_INPUTS(@"SEL$0F723D08" "VW_SQ_4"@"SEL$76E18DF5")
           -  USE_HASH(@"SEL$0F723D08" "VW_SQ_4"@"SEL$76E18DF5")
 
   4 -  SEL$0F723D08 / X@SEL$2
           -  SWAP_JOIN_INPUTS(@"SEL$0F723D08" "X"@"SEL$2")
           -  USE_HASH(@"SEL$0F723D08" "X"@"SEL$2")
 
   8 -  SEL$0CEE953B / VW_SQ_1@SEL$2F12090E
           -  PARTIAL_JOIN(@"SEL$0CEE953B" "VW_SQ_1"@"SEL$2F12090E")
           -  USE_HASH(@"SEL$0CEE953B" "VW_SQ_1"@"SEL$2F12090E")
 
   9 -  SEL$0CEE953B
           -  LEADING(@"SEL$0CEE953B" "D"@"SEL$3" "VW_SQ_1"@"SEL$2F12090E" "H"@"SEL$3")
 
  11 -  SEL$0CEE953B / D@SEL$3
           -  FULL(@"SEL$0CEE953B" "D"@"SEL$3")
 
  13 -  SEL$8F9407EC
           -  UNNEST(@"SEL$4")
 
  14 -  SEL$8F9407EC / D1@SEL$4
           -  INDEX(@"SEL$8F9407EC" "D1"@"SEL$4" ("PS_GM_EOPF_DETAIL"."RUN_CNTL_ID" "PS_GM_EOPF_DETAIL"."SEQNUM"))
 
  15 -  SEL$0CEE953B / H@SEL$3
           -  FULL(@"SEL$0CEE953B" "H"@"SEL$3")
           -  USE_HASH(@"SEL$0CEE953B" "H"@"SEL$3")
 
  20 -  SEL$CE1D94FA
           -  UNNEST(@"SEL$6")
 
  21 -  SEL$CE1D94FA / B@SEL$6
           -  INDEX_FFS(@"SEL$CE1D94FA" "B"@"SEL$6" "PS_NAMES")
 
  22 -  SEL$0F723D08 / A@SEL$5
           -  INDEX_FFS(@"SEL$0F723D08" "A"@"SEL$5" "PS0NAMES")
 
  23 -  SEL$0F723D08 / R@SEL$2
           -  INDEX(@"SEL$0F723D08" "R"@"SEL$2" ("PS_GM_EY_MAIN"."EMPLID" "PS_GM_EY_MAIN"."GM_EY_APPRAISAL_ID"))
           -  NLJ_BATCHING(@"SEL$0F723D08" "R"@"SEL$2")
           -  USE_NL(@"SEL$0F723D08" "R"@"SEL$2")
 
  25 -  SEL$0F723D08 / Y@SEL$2
           -  INDEX(@"SEL$0F723D08" "Y"@"SEL$2" ("PS_GM_EY_SECTION"."GM_EY_APPRAISAL_ID" "PS_GM_EY_SECTION"."GM_EY_ROLE" "PS_GM_EY_SECTION"."GM_EY_REVIEWER_ID" "PS_GM_EY_SECTION"."GM_EY_SECTION_TYPE"))
           -  NLJ_BATCHING(@"SEL$0F723D08" "Y"@"SEL$2")
           -  USE_NL(@"SEL$0F723D08" "Y"@"SEL$2")
 
  28 -  SEL$936B1782
           -  LEADING(@"SEL$936B1782" "EOH"@"SEL$7" "T1"@"SEL$9" "EOD"@"SEL$7")
           -  UNNEST(@"SEL$9")
           -  UNNEST(@"SEL$F730EC21")
 
  32 -  SEL$936B1782 / EOD@SEL$7
           -  FULL(@"SEL$936B1782" "EOD"@"SEL$7")
           -  SWAP_JOIN_INPUTS(@"SEL$936B1782" "EOD"@"SEL$7")
           -  USE_HASH(@"SEL$936B1782" "EOD"@"SEL$7")
 
  34 -  SEL$936B1782 / EOH@SEL$7
           -  FULL(@"SEL$936B1782" "EOH"@"SEL$7")
 
  35 -  SEL$936B1782 / T1@SEL$9
           -  INDEX_FFS(@"SEL$936B1782" "T1"@"SEL$9" ("PS_GM_EY_TRACKING"."GM_EY_APPRAISAL_ID" "PS_GM_EY_TRACKING"."DATETIME_STAMP" "PS_GM_EY_TRACKING"."STEP" "PS_GM_EY_TRACKING"."GM_EY_SECTION_TYPE"))
           -  USE_HASH(@"SEL$936B1782" "T1"@"SEL$9")
 
  38 -  SEL$8 / EOD1@SEL$8
           -  INDEX(@"SEL$8" "EOD1"@"SEL$8" ("PS_GM_EOPF_DETAIL"."RUN_CNTL_ID" "PS_GM_EOPF_DETAIL"."SEQNUM"))
 
  39 -  SEL$5992609B
           -  LEADING(@"SEL$5992609B" "A"@"SEL$13" "VW_SQ_8"@"SEL$45C01FEC" "R"@"SEL$10" "X"@"SEL$10" "Y"@"SEL$10" "VW_NSO_7"@"SEL$45C01FEC")
 
  39 -  SEL$5992609B / VW_NSO_7@SEL$45C01FEC
           -  SWAP_JOIN_INPUTS(@"SEL$5992609B" "VW_NSO_7"@"SEL$45C01FEC")
           -  USE_HASH(@"SEL$5992609B" "VW_NSO_7"@"SEL$45C01FEC")
 
  39 -  SEL$5992609B / VW_SQ_8@SEL$45C01FEC
           -  PARTIAL_JOIN(@"SEL$5992609B" "VW_SQ_8"@"SEL$45C01FEC")
           -  SWAP_JOIN_INPUTS(@"SEL$5992609B" "VW_SQ_8"@"SEL$45C01FEC")
           -  USE_HASH(@"SEL$5992609B" "VW_SQ_8"@"SEL$45C01FEC")
 
  39 -  SEL$5992609B / X@SEL$10
           -  SWAP_JOIN_INPUTS(@"SEL$5992609B" "X"@"SEL$10")
           -  USE_HASH(@"SEL$5992609B" "X"@"SEL$10")
 
  41 -  SEL$48186789
           -  LEADING(@"SEL$48186789" "EOH"@"SEL$15" "T1"@"SEL$17" "EOD"@"SEL$15")
           -  UNNEST(@"SEL$17")
           -  UNNEST(@"SEL$1A1000FF")
 
  45 -  SEL$48186789 / EOD@SEL$15
           -  FULL(@"SEL$48186789" "EOD"@"SEL$15")
           -  SWAP_JOIN_INPUTS(@"SEL$48186789" "EOD"@"SEL$15")
           -  USE_HASH(@"SEL$48186789" "EOD"@"SEL$15")
 
  47 -  SEL$48186789 / EOH@SEL$15
           -  FULL(@"SEL$48186789" "EOH"@"SEL$15")
 
  48 -  SEL$48186789 / T1@SEL$17
           -  INDEX_FFS(@"SEL$48186789" "T1"@"SEL$17" ("PS_GM_EY_TRACKING"."GM_EY_APPRAISAL_ID" "PS_GM_EY_TRACKING"."DATETIME_STAMP" "PS_GM_EY_TRACKING"."STEP" "PS_GM_EY_TRACKING"."GM_EY_SECTION_TYPE"))
           -  USE_HASH(@"SEL$48186789" "T1"@"SEL$17")
 
  51 -  SEL$16 / EOD1@SEL$16
           -  INDEX(@"SEL$16" "EOD1"@"SEL$16" ("PS_GM_EOPF_DETAIL"."RUN_CNTL_ID" "PS_GM_EOPF_DETAIL"."SEQNUM"))
 
  55 -  SEL$E6A22765 / VW_SQ_5@SEL$ACC926E7
           -  PARTIAL_JOIN(@"SEL$E6A22765" "VW_SQ_5"@"SEL$ACC926E7")
           -  USE_HASH(@"SEL$E6A22765" "VW_SQ_5"@"SEL$ACC926E7")
 
  56 -  SEL$E6A22765
           -  LEADING(@"SEL$E6A22765" "D"@"SEL$11" "VW_SQ_5"@"SEL$ACC926E7" "H"@"SEL$11")
 
  58 -  SEL$E6A22765 / D@SEL$11
           -  FULL(@"SEL$E6A22765" "D"@"SEL$11")
 
  60 -  SEL$32487103
           -  UNNEST(@"SEL$12")
 
  61 -  SEL$32487103 / D1@SEL$12
           -  INDEX(@"SEL$32487103" "D1"@"SEL$12" ("PS_GM_EOPF_DETAIL"."RUN_CNTL_ID" "PS_GM_EOPF_DETAIL"."SEQNUM"))
 
  62 -  SEL$E6A22765 / H@SEL$11
           -  FULL(@"SEL$E6A22765" "H"@"SEL$11")
           -  USE_HASH(@"SEL$E6A22765" "H"@"SEL$11")
 
  67 -  SEL$AD4650EE
           -  UNNEST(@"SEL$14")
 
  68 -  SEL$AD4650EE / B@SEL$14
           -  INDEX_FFS(@"SEL$AD4650EE" "B"@"SEL$14" "PS_NAMES")
 
  69 -  SEL$5992609B / A@SEL$13
           -  INDEX_FFS(@"SEL$5992609B" "A"@"SEL$13" "PS0NAMES")
 
  70 -  SEL$5992609B / R@SEL$10
           -  INDEX(@"SEL$5992609B" "R"@"SEL$10" ("PS_GM_EY_MAIN"."EMPLID" "PS_GM_EY_MAIN"."GM_EY_APPRAISAL_ID"))
           -  NLJ_BATCHING(@"SEL$5992609B" "R"@"SEL$10")
           -  USE_NL(@"SEL$5992609B" "R"@"SEL$10")
 
  72 -  SEL$5992609B / Y@SEL$10
           -  INDEX(@"SEL$5992609B" "Y"@"SEL$10" ("PS_GM_EY_SECTION"."GM_EY_APPRAISAL_ID" "PS_GM_EY_SECTION"."GM_EY_ROLE" "PS_GM_EY_SECTION"."GM_EY_REVIEWER_ID" "PS_GM_EY_SECTION"."GM_EY_SECTION_TYPE"))
           -  NLJ_BATCHING(@"SEL$5992609B" "Y"@"SEL$10")
           -  USE_NL(@"SEL$5992609B" "Y"@"SEL$10")
 
  74 -  SEL$94209614
           -  LEADING(@"SEL$94209614" "R"@"SEL$18" "A"@"SEL$21" "VW_SQ_11"@"SEL$45BA535B" "X"@"SEL$18" "Y"@"SEL$18")
 
  74 -  SEL$94209614 / VW_SQ_11@SEL$45BA535B
           -  PUSH_PRED(@"SEL$94209614" "VW_SQ_11"@"SEL$45BA535B" 12 11)
           -  PUSH_PRED(@"SEL$94209614" "VW_SQ_11"@"SEL$45BA535B" 12 11)
           -  USE_NL(@"SEL$94209614" "VW_SQ_11"@"SEL$45BA535B")
 
  74 -  SEL$94209614 / X@SEL$18
           -  SWAP_JOIN_INPUTS(@"SEL$94209614" "X"@"SEL$18")
           -  USE_HASH(@"SEL$94209614" "X"@"SEL$18")
 
  77 -  SEL$2FE1CE8E / VW_SQ_9@SEL$ABE7439A
           -  PARTIAL_JOIN(@"SEL$2FE1CE8E" "VW_SQ_9"@"SEL$ABE7439A")
           -  USE_HASH(@"SEL$2FE1CE8E" "VW_SQ_9"@"SEL$ABE7439A")
 
  78 -  SEL$2FE1CE8E
           -  LEADING(@"SEL$2FE1CE8E" "D"@"SEL$19" "VW_SQ_9"@"SEL$ABE7439A" "H"@"SEL$19")
 
  80 -  SEL$2FE1CE8E / D@SEL$19
           -  FULL(@"SEL$2FE1CE8E" "D"@"SEL$19")
 
  82 -  SEL$A5A27A5E
           -  UNNEST(@"SEL$20")
 
  83 -  SEL$A5A27A5E / D1@SEL$20
           -  INDEX(@"SEL$A5A27A5E" "D1"@"SEL$20" ("PS_GM_EOPF_DETAIL"."RUN_CNTL_ID" "PS_GM_EOPF_DETAIL"."SEQNUM"))
 
  84 -  SEL$2FE1CE8E / H@SEL$19
           -  FULL(@"SEL$2FE1CE8E" "H"@"SEL$19")
           -  USE_HASH(@"SEL$2FE1CE8E" "H"@"SEL$19")
 
  87 -  SEL$94209614 / R@SEL$18
           -  BATCH_TABLE_ACCESS_BY_ROWID(@"SEL$94209614" "R"@"SEL$18")
           -  INDEX_SS(@"SEL$94209614" "R"@"SEL$18" ("PS_GM_EY_MAIN"."GM_EY_APPRAISAL_ID" "PS_GM_EY_MAIN"."EMPLID" "PS_GM_EY_MAIN"."GM_EY_REVIEWSTATUS" "PS_GM_EY_MAIN"."GM_EY_TEMPLATE_ID"))
 
  89 -  SEL$6D8683D1
           -  LEADING(@"SEL$6D8683D1" "EOH"@"SEL$23" "T1"@"SEL$25" "EOD"@"SEL$23")
           -  PUSH_SUBQ(@"SEL$6D8683D1")
           -  UNNEST(@"SEL$25")
 
  94 -  SEL$6D8683D1 / EOH@SEL$23
           -  FULL(@"SEL$6D8683D1" "EOH"@"SEL$23")
 
  95 -  SEL$6D8683D1 / T1@SEL$25
           -  INDEX(@"SEL$6D8683D1" "T1"@"SEL$25" ("PS_GM_EY_TRACKING"."GM_EY_APPRAISAL_ID" "PS_GM_EY_TRACKING"."DATETIME_STAMP" "PS_GM_EY_TRACKING"."STEP" "PS_GM_EY_TRACKING"."GM_EY_SECTION_TYPE"))
           -  USE_NL(@"SEL$6D8683D1" "T1"@"SEL$25")
 
  96 -  SEL$6D8683D1 / EOD@SEL$23
           -  INDEX(@"SEL$6D8683D1" "EOD"@"SEL$23" ("PS_GM_EOPF_DETAIL"."RUN_CNTL_ID" "PS_GM_EOPF_DETAIL"."SEQNUM"))
           -  NLJ_BATCHING(@"SEL$6D8683D1" "EOD"@"SEL$23")
           -  USE_NL(@"SEL$6D8683D1" "EOD"@"SEL$23")
 
  97 -  SEL$24
           -  PUSH_SUBQ(@"SEL$24")
 
  99 -  SEL$24 / EOD1@SEL$24
           -  INDEX(@"SEL$24" "EOD1"@"SEL$24" ("PS_GM_EOPF_DETAIL"."RUN_CNTL_ID" "PS_GM_EOPF_DETAIL"."SEQNUM"))
 
 101 -  SEL$94209614 / A@SEL$21
           -  INDEX_FFS(@"SEL$94209614" "A"@"SEL$21" "PS0NAMES")
           -  USE_HASH(@"SEL$94209614" "A"@"SEL$21")
 
 103 -  SEL$4C168B2C
           -  UNNEST(@"SEL$22")
 
 105 -  SEL$4C168B2C / B@SEL$22
           -  INDEX(@"SEL$4C168B2C" "B"@"SEL$22" "PS_NAMES")
 
 106 -  SEL$94209614 / Y@SEL$18
           -  INDEX(@"SEL$94209614" "Y"@"SEL$18" ("PS_GM_EY_SECTION"."GM_EY_APPRAISAL_ID" "PS_GM_EY_SECTION"."GM_EY_ROLE" "PS_GM_EY_SECTION"."GM_EY_REVIEWER_ID" "PS_GM_EY_SECTION"."GM_EY_SECTION_TYPE"))
           -  NLJ_BATCHING(@"SEL$94209614" "Y"@"SEL$18")
           -  USE_NL(@"SEL$94209614" "Y"@"SEL$18")
 
 108 -  SEL$6EEDCEC9
           -  LEADING(@"SEL$6EEDCEC9" "R"@"SEL$26" "A"@"SEL$29" "VW_SQ_14"@"SEL$37259D26" "X"@"SEL$26" "Y"@"SEL$26")
 
 108 -  SEL$6EEDCEC9 / VW_SQ_14@SEL$37259D26
           -  PUSH_PRED(@"SEL$6EEDCEC9" "VW_SQ_14"@"SEL$37259D26" 12 11)
           -  PUSH_PRED(@"SEL$6EEDCEC9" "VW_SQ_14"@"SEL$37259D26" 12 11)
           -  USE_NL(@"SEL$6EEDCEC9" "VW_SQ_14"@"SEL$37259D26")
 
 108 -  SEL$6EEDCEC9 / X@SEL$26
           -  USE_HASH(@"SEL$6EEDCEC9" "X"@"SEL$26")
 
 113 -  SEL$6EEDCEC9 / R@SEL$26
           -  BATCH_TABLE_ACCESS_BY_ROWID(@"SEL$6EEDCEC9" "R"@"SEL$26")
           -  INDEX_SS(@"SEL$6EEDCEC9" "R"@"SEL$26" ("PS_GM_EY_MAIN"."GM_EY_APPRAISAL_ID" "PS_GM_EY_MAIN"."EMPLID" "PS_GM_EY_MAIN"."GM_EY_REVIEWSTATUS" "PS_GM_EY_MAIN"."GM_EY_TEMPLATE_ID"))
 
 115 -  SEL$8965B0CC
           -  LEADING(@"SEL$8965B0CC" "EOH"@"SEL$31" "T1"@"SEL$33" "EOD"@"SEL$31")
           -  PUSH_SUBQ(@"SEL$8965B0CC")
           -  UNNEST(@"SEL$33")
 
 120 -  SEL$8965B0CC / EOH@SEL$31
           -  FULL(@"SEL$8965B0CC" "EOH"@"SEL$31")
 
 121 -  SEL$8965B0CC / T1@SEL$33
           -  INDEX(@"SEL$8965B0CC" "T1"@"SEL$33" ("PS_GM_EY_TRACKING"."GM_EY_APPRAISAL_ID" "PS_GM_EY_TRACKING"."DATETIME_STAMP" "PS_GM_EY_TRACKING"."STEP" "PS_GM_EY_TRACKING"."GM_EY_SECTION_TYPE"))
           -  USE_NL(@"SEL$8965B0CC" "T1"@"SEL$33")
 
 122 -  SEL$8965B0CC / EOD@SEL$31
           -  INDEX(@"SEL$8965B0CC" "EOD"@"SEL$31" ("PS_GM_EOPF_DETAIL"."RUN_CNTL_ID" "PS_GM_EOPF_DETAIL"."SEQNUM"))
           -  NLJ_BATCHING(@"SEL$8965B0CC" "EOD"@"SEL$31")
           -  USE_NL(@"SEL$8965B0CC" "EOD"@"SEL$31")
 
 123 -  SEL$32
           -  PUSH_SUBQ(@"SEL$32")
 
 125 -  SEL$32 / EOD1@SEL$32
           -  INDEX(@"SEL$32" "EOD1"@"SEL$32" ("PS_GM_EOPF_DETAIL"."RUN_CNTL_ID" "PS_GM_EOPF_DETAIL"."SEQNUM"))
 
 127 -  SEL$6EEDCEC9 / A@SEL$29
           -  BATCH_TABLE_ACCESS_BY_ROWID(@"SEL$6EEDCEC9" "A"@"SEL$29")
           -  INDEX_RS_ASC(@"SEL$6EEDCEC9" "A"@"SEL$29" "PS_NAMES")
           -  USE_NL(@"SEL$6EEDCEC9" "A"@"SEL$29")
 
 130 -  SEL$3AC98675
           -  UNNEST(@"SEL$30")
 
 132 -  SEL$3AC98675 / B@SEL$30
           -  INDEX(@"SEL$3AC98675" "B"@"SEL$30" "PS_NAMES")
 
 133 -  SEL$8B57B9B5 / VW_SQ_12@SEL$CEA746A7
           -  PARTIAL_JOIN(@"SEL$8B57B9B5" "VW_SQ_12"@"SEL$CEA746A7")
           -  USE_HASH(@"SEL$8B57B9B5" "VW_SQ_12"@"SEL$CEA746A7")
 
 134 -  SEL$8B57B9B5
           -  LEADING(@"SEL$8B57B9B5" "D"@"SEL$27" "VW_SQ_12"@"SEL$CEA746A7" "H"@"SEL$27")
 
 137 -  SEL$8B57B9B5 / D@SEL$27
           -  FULL(@"SEL$8B57B9B5" "D"@"SEL$27")
 
 139 -  SEL$388B6510
           -  UNNEST(@"SEL$28")
 
 140 -  SEL$388B6510 / D1@SEL$28
           -  INDEX(@"SEL$388B6510" "D1"@"SEL$28" ("PS_GM_EOPF_DETAIL"."RUN_CNTL_ID" "PS_GM_EOPF_DETAIL"."SEQNUM"))
 
 141 -  SEL$8B57B9B5 / H@SEL$27
           -  INDEX(@"SEL$8B57B9B5" "H"@"SEL$27" ("PS_GM_EOPF_HEADER"."RUN_CNTL_ID"))
           -  NLJ_BATCHING(@"SEL$8B57B9B5" "H"@"SEL$27")
           -  USE_NL(@"SEL$8B57B9B5" "H"@"SEL$27")
 
 143 -  SEL$6EEDCEC9 / Y@SEL$26
           -  INDEX(@"SEL$6EEDCEC9" "Y"@"SEL$26" ("PS_GM_EY_SECTION"."GM_EY_APPRAISAL_ID" "PS_GM_EY_SECTION"."GM_EY_ROLE" "PS_GM_EY_SECTION"."GM_EY_REVIEWER_ID" "PS_GM_EY_SECTION"."GM_EY_SECTION_TYPE"))
           -  NLJ_BATCHING(@"SEL$6EEDCEC9" "Y"@"SEL$26")
           -  USE_NL(@"SEL$6EEDCEC9" "Y"@"SEL$26")
 
 145 -  SEL$35 / XX@SEL$35
           -  BATCH_TABLE_ACCESS_BY_ROWID(@"SEL$35" "XX"@"SEL$35")
           -  INDEX_RS_ASC(@"SEL$35" "XX"@"SEL$35" ("PS_GM_EY_SECTION"."GM_EY_APPRAISAL_ID" "PS_GM_EY_SECTION"."GM_EY_ROLE" "PS_GM_EY_SECTION"."GM_EY_REVIEWER_ID" "PS_GM_EY_SECTION"."GM_EY_SECTION_TYPE"))
 
 147 -  SEL$5B6E65D5
           -  LEADING(@"SEL$5B6E65D5" "R"@"SEL$34" "A"@"SEL$38" "VW_SQ_17"@"SEL$805D0274" "X"@"SEL$34" "Y"@"SEL$34")
 
 147 -  SEL$5B6E65D5 / VW_SQ_17@SEL$805D0274
           -  PUSH_PRED(@"SEL$5B6E65D5" "VW_SQ_17"@"SEL$805D0274" 12 11)
           -  PUSH_PRED(@"SEL$5B6E65D5" "VW_SQ_17"@"SEL$805D0274" 12 11)
           -  USE_NL(@"SEL$5B6E65D5" "VW_SQ_17"@"SEL$805D0274")
 
 147 -  SEL$5B6E65D5 / X@SEL$34
           -  USE_HASH(@"SEL$5B6E65D5" "X"@"SEL$34")
 
 152 -  SEL$5B6E65D5 / R@SEL$34
           -  BATCH_TABLE_ACCESS_BY_ROWID(@"SEL$5B6E65D5" "R"@"SEL$34")
           -  INDEX_SS(@"SEL$5B6E65D5" "R"@"SEL$34" ("PS_GM_EY_MAIN"."GM_EY_APPRAISAL_ID" "PS_GM_EY_MAIN"."EMPLID" "PS_GM_EY_MAIN"."GM_EY_REVIEWSTATUS" "PS_GM_EY_MAIN"."GM_EY_TEMPLATE_ID"))
 
 154 -  SEL$D46879CB
           -  LEADING(@"SEL$D46879CB" "EOH"@"SEL$40" "T1"@"SEL$42" "EOD"@"SEL$40")
           -  PUSH_SUBQ(@"SEL$D46879CB")
           -  UNNEST(@"SEL$42")
 
 159 -  SEL$D46879CB / EOH@SEL$40
           -  FULL(@"SEL$D46879CB" "EOH"@"SEL$40")
 
 160 -  SEL$D46879CB / T1@SEL$42
           -  INDEX(@"SEL$D46879CB" "T1"@"SEL$42" ("PS_GM_EY_TRACKING"."GM_EY_APPRAISAL_ID" "PS_GM_EY_TRACKING"."DATETIME_STAMP" "PS_GM_EY_TRACKING"."STEP" "PS_GM_EY_TRACKING"."GM_EY_SECTION_TYPE"))
           -  USE_NL(@"SEL$D46879CB" "T1"@"SEL$42")
 
 161 -  SEL$D46879CB / EOD@SEL$40
           -  INDEX(@"SEL$D46879CB" "EOD"@"SEL$40" ("PS_GM_EOPF_DETAIL"."RUN_CNTL_ID" "PS_GM_EOPF_DETAIL"."SEQNUM"))
           -  NLJ_BATCHING(@"SEL$D46879CB" "EOD"@"SEL$40")
           -  USE_NL(@"SEL$D46879CB" "EOD"@"SEL$40")
 
 162 -  SEL$41
           -  PUSH_SUBQ(@"SEL$41")
 
 164 -  SEL$41 / EOD1@SEL$41
           -  INDEX(@"SEL$41" "EOD1"@"SEL$41" ("PS_GM_EOPF_DETAIL"."RUN_CNTL_ID" "PS_GM_EOPF_DETAIL"."SEQNUM"))
 
 166 -  SEL$5B6E65D5 / A@SEL$38
           -  BATCH_TABLE_ACCESS_BY_ROWID(@"SEL$5B6E65D5" "A"@"SEL$38")
           -  INDEX_RS_ASC(@"SEL$5B6E65D5" "A"@"SEL$38" "PS_NAMES")
           -  USE_NL(@"SEL$5B6E65D5" "A"@"SEL$38")
 
 169 -  SEL$FA4453CC
           -  UNNEST(@"SEL$39")
 
 171 -  SEL$FA4453CC / B@SEL$39
           -  INDEX(@"SEL$FA4453CC" "B"@"SEL$39" "PS_NAMES")
 
 172 -  SEL$7DA3F960 / VW_SQ_15@SEL$412B809B
           -  PARTIAL_JOIN(@"SEL$7DA3F960" "VW_SQ_15"@"SEL$412B809B")
           -  USE_HASH(@"SEL$7DA3F960" "VW_SQ_15"@"SEL$412B809B")
 
 173 -  SEL$7DA3F960
           -  LEADING(@"SEL$7DA3F960" "D"@"SEL$36" "VW_SQ_15"@"SEL$412B809B" "H"@"SEL$36")
 
 176 -  SEL$7DA3F960 / D@SEL$36
           -  FULL(@"SEL$7DA3F960" "D"@"SEL$36")
 
 178 -  SEL$ECB20165
           -  UNNEST(@"SEL$37")
 
 179 -  SEL$ECB20165 / D1@SEL$37
           -  INDEX(@"SEL$ECB20165" "D1"@"SEL$37" ("PS_GM_EOPF_DETAIL"."RUN_CNTL_ID" "PS_GM_EOPF_DETAIL"."SEQNUM"))
 
 180 -  SEL$7DA3F960 / H@SEL$36
           -  INDEX(@"SEL$7DA3F960" "H"@"SEL$36" ("PS_GM_EOPF_HEADER"."RUN_CNTL_ID"))
           -  NLJ_BATCHING(@"SEL$7DA3F960" "H"@"SEL$36")
           -  USE_NL(@"SEL$7DA3F960" "H"@"SEL$36")
 
 182 -  SEL$5B6E65D5 / Y@SEL$34
           -  INDEX(@"SEL$5B6E65D5" "Y"@"SEL$34" ("PS_GM_EY_SECTION"."GM_EY_APPRAISAL_ID" "PS_GM_EY_SECTION"."GM_EY_ROLE" "PS_GM_EY_SECTION"."GM_EY_REVIEWER_ID" "PS_GM_EY_SECTION"."GM_EY_SECTION_TYPE"))
           -  NLJ_BATCHING(@"SEL$5B6E65D5" "Y"@"SEL$34")
           -  USE_NL(@"SEL$5B6E65D5" "Y"@"SEL$34")

-------------------------------------------------------------------------------
